2014-10-20 16:22:45,575   [WARN] org.springframework.security.config.http.MatcherType - 'path-type' is deprecated. Please use 'request-matcher' instead.
2014-10-20 16:22:45,591   [WARN] org.springframework.security.config.http.MatcherType - 'path-type' is deprecated. Please use 'request-matcher' instead.
2014-10-20 16:22:47,094   [WARN] com.fortify.systemspec - ========================== Fortify Context Startup =============================
2014-10-20 16:22:47,104   [DEBUG] com.fortify.systemspec - 
Version:4.20.0098
------------------------- Runtime Information -------------------------------
Fortify Runtime Properties
com.fortify.AuthenticationKey=${win32.LocalAppdata}/Fortify/config/tools
com.fortify.Core=/prod/msp/app/acap_apps/msp_acap_ccloud-linux01234_01/ssc/WEB-INF/Core
com.fortify.InstallationUserName=jmacap
com.fortify.SCAExecutablePath=
com.fortify.VS.RequireASPPrecompilation=true
com.fortify.WorkingDirectory=${win32.LocalAppdata}/Fortify
com.fortify.locale=en
com.fortify.search.defaultSyntaxVer=2
max.file.path.length=255

System Runtime Properties
TCA.dir=/prod/msp/domains/acap_domains/msp_acap_ccloud-linux01234_01/appConfig/trafficcontrol
awt.toolkit=sun.awt.X11.XToolkit
catalina.base=/prod/msp/domains/acap_domains/msp_acap_ccloud-linux01234_01
catalina.home=/opt/beasys/tomcat/apache-tomcat
catalina.useNaming=true
com.fortify.DisableDescriptionXMLEscaping=true
com.fortify.DisableJNI=true
com.fortify.InstallRoot=/prod/msp/app/acap_apps/msp_acap_ccloud-linux01234_01/ssc/WEB-INF
com.fortify.LicenseFile=/prod/msp/app/acap_apps/msp_acap_ccloud-linux01234_01/ssc/WEB-INF/classes/fortify.license
com.fortify.LoadFPropsFromCP=true
com.fortify.StoreOriginalDescriptions=true
com.fortify.model.DisableProgramInfo=true
com.fortify.model.DisableSnippets=true
common.loader=${catalina.base}/lib,${catalina.base}/lib/*.jar,${catalina.home}/lib,${catalina.home}/lib/*.jar
file.encoding=UTF-8
file.encoding.pkg=sun.io
file.separator=/
java.awt.graphicsenv=sun.awt.X11GraphicsEnvironment
java.awt.printerjob=sun.print.PSPrinterJob
java.class.path=/opt/beasys/tomcat/apache-tomcat/bin/bootstrap.jar:/opt/beasys/tomcat/apache-tomcat/bin/tomcat-juli.jar
java.class.version=51.0
java.endorsed.dirs=/opt/beasys/tomcat/apache-tomcat/endorsed
java.ext.dirs=/opt/beasys/tomcat7042/jdk1.7.0_51/jre/lib/ext:/usr/java/packages/lib/ext
java.home=/opt/beasys/tomcat7042/jdk1.7.0_51/jre
java.io.tmpdir=/prod/msp/domains/acap_domains/msp_acap_ccloud-linux01234_01/temp
java.library.path=/usr/java/packages/lib/amd64:/usr/lib64:/lib64:/lib:/usr/lib
java.naming.factory.initial=org.apache.naming.java.javaURLContextFactory
java.naming.factory.url.pkgs=org.apache.naming
java.runtime.name=Java(TM) SE Runtime Environment
java.runtime.version=1.7.0_51-b13
java.specification.name=Java Platform API Specification
java.specification.vendor=Oracle Corporation
java.specification.version=1.7
java.util.logging.config.file=/prod/msp/domains/acap_domains/msp_acap_ccloud-linux01234_01/conf/logging.properties
java.util.logging.manager=org.apache.juli.ClassLoaderLogManager
java.vendor=Oracle Corporation
java.vendor.url=http://java.oracle.com/
java.vendor.url.bug=http://bugreport.sun.com/bugreport/
java.version=1.7.0_51
java.vm.info=mixed mode
java.vm.name=Java HotSpot(TM) 64-Bit Server VM
java.vm.specification.name=Java Virtual Machine Specification
java.vm.specification.vendor=Oracle Corporation
java.vm.specification.version=1.7
java.vm.vendor=Oracle Corporation
java.vm.version=24.51-b03
line.separator=

org.apache.catalina.startup.ContextConfig.jarsToSkip=
org.apache.catalina.startup.TldConfig.jarsToSkip=
os.arch=amd64
os.name=Linux
os.version=2.6.32-431.20.3.el6.x86_64
package.access=sun.,org.apache.catalina.,org.apache.coyote.,org.apache.tomcat.,org.apache.jasper.
package.definition=sun.,java.,org.apache.catalina.,org.apache.coyote.,org.apache.tomcat.,org.apache.jasper.
path.separator=:
server.loader=
shared.loader=
sun.arch.data.model=64
sun.boot.class.path=/opt/beasys/tomcat7042/jdk1.7.0_51/jre/lib/resources.jar:/opt/beasys/tomcat7042/jdk1.7.0_51/jre/lib/rt.jar:/opt/beasys/tomcat7042/jdk1.7.0_51/jre/lib/sunrsasign.jar:/opt/beasys/tomcat7042/jdk1.7.0_51/jre/lib/jsse.jar:/opt/beasys/tomcat7042/jdk1.7.0_51/jre/lib/jce.jar:/opt/beasys/tomcat7042/jdk1.7.0_51/jre/lib/charsets.jar:/opt/beasys/tomcat7042/jdk1.7.0_51/jre/lib/jfr.jar:/opt/beasys/tomcat7042/jdk1.7.0_51/jre/classes
sun.boot.library.path=/opt/beasys/tomcat7042/jdk1.7.0_51/jre/lib/amd64
sun.cpu.endian=little
sun.cpu.isalist=
sun.io.unicode.encoding=UnicodeLittle
sun.java.command=org.apache.catalina.startup.Bootstrap start
sun.java.launcher=SUN_STANDARD
sun.jnu.encoding=UTF-8
sun.management.compiler=HotSpot 64-Bit Tiered Compilers
sun.os.patch.level=unknown
tomcat.util.buf.StringCache.byte.enabled=true
tomcat.util.scan.DefaultJarScanner.jarsToSkip=bootstrap.jar,commons-daemon.jar,tomcat-juli.jar,annotations-api.jar,el-api.jar,jsp-api.jar,servlet-api.jar,catalina.jar,catalina-ant.jar,catalina-ha.jar,catalina-tribes.jar,jasper.jar,jasper-el.jar,ecj-*.jar,tomcat-api.jar,tomcat-util.jar,tomcat-coyote.jar,tomcat-dbcp.jar,tomcat-jni.jar,tomcat-spdy.jar,tomcat-i18n-en.jar,tomcat-i18n-es.jar,tomcat-i18n-fr.jar,tomcat-i18n-ja.jar,tomcat-juli-adapters.jar,catalina-jmx-remote.jar,catalina-ws.jar,tomcat-jdbc.jar,tools.jar,commons-beanutils*.jar,commons-codec*.jar,commons-collections*.jar,commons-dbcp*.jar,commons-digester*.jar,commons-fileupload*.jar,commons-httpclient*.jar,commons-io*.jar,commons-lang*.jar,commons-logging*.jar,commons-math*.jar,commons-pool*.jar,jstl.jar,geronimo-spec-jaxrpc*.jar,wsdl4j*.jar,ant.jar,ant-junit*.jar,aspectj*.jar,jmx.jar,h2*.jar,hibernate*.jar,httpclient*.jar,jmx-tools.jar,jta*.jar,log4j*.jar,mail*.jar,slf4j*.jar,xercesImpl.jar,xmlParserAPIs.jar,xml-apis.jar,junit.jar,junit-*.jar,ant-launcher.jar
user.country=US
user.dir=/prod/msp/domains/acap_domains/msp_acap_ccloud-linux01234_01/bin
user.home=/prod/users/gjmacap/jmacap
user.language=en
user.name=jmacap
user.timezone=America/New_York
websphere.node.server=msp_acap_ccloud-linux01234_01

VM Info
OperatingSystemMXBean: Linux
  Arch: amd64
  AvailableProcessors: 4
  CommittedVirtualMemorySize: 6334279680
  FreePhysicalMemorySize: 672112640
  FreeSwapSpaceSize: 8579416064
  MaxFileDescriptorCount: 65534
  OpenFileDescriptorCount: 346
  ProcessCpuLoad: 3.313114334527404E-6
  ProcessCpuTime: 41150000000
  SystemCpuLoad: 0.003065555049901041
  SystemLoadAverage: 0.64
  TotalPhysicalMemorySize: 8246886400
  TotalSwapSpaceSize: 8589926400
  Version: 2.6.32-431.20.3.el6.x86_64
RuntimeMXBean: 64237@ccloud-linux01234.kdc.capitalone.com
  BootClassPath: /opt/beasys/tomcat7042/jdk1.7.0_51/jre/lib/resources.jar:/opt/beasys/tomcat7042/jdk1.7.0_51/jre/lib/rt.jar:/opt/beasys/tomcat7042/jdk1.7.0_51/jre/lib/sunrsasign.jar:/opt/beasys/tomcat7042/jdk1.7.0_51/jre/lib/jsse.jar:/opt/beasys/tomcat7042/jdk1.7.0_51/jre/lib/jce.jar:/opt/beasys/tomcat7042/jdk1.7.0_51/jre/lib/charsets.jar:/opt/beasys/tomcat7042/jdk1.7.0_51/jre/lib/jfr.jar:/opt/beasys/tomcat7042/jdk1.7.0_51/jre/classes
  BootClassPathSupported: true
  ClassPath: /opt/beasys/tomcat/apache-tomcat/bin/bootstrap.jar:/opt/beasys/tomcat/apache-tomcat/bin/tomcat-juli.jar
  LibraryPath: /usr/java/packages/lib/amd64:/usr/lib64:/lib64:/lib:/usr/lib
  ManagementSpecVersion: 1.2
  SpecName: Java Virtual Machine Specification
  SpecVendor: Oracle Corporation
  SpecVersion: 1.7
  StartTime: 1413836545392
  Uptime: 21711
  VmName: Java HotSpot(TM) 64-Bit Server VM
  VmVendor: Oracle Corporation
  VmVersion: 24.51-b03
-----------------------------------------------------------------------------
2014-10-20 16:22:52,944   [WARN] com.fortify.manager.service.EmailServiceImpl - Exception loading certificates keystore as JKS: /prod/msp/app/acap_apps/msp_acap_ccloud-linux01234_01/ssc/WEB-INF/Core/config/certificates/keystore (No such file or directory)
2014-10-20 16:22:52,944   [WARN] com.fortify.manager.service.EmailServiceImpl - Exception loading certificates keystore as PKCS12: /prod/msp/app/acap_apps/msp_acap_ccloud-linux01234_01/ssc/WEB-INF/Core/config/certificates/keystore (No such file or directory)
2014-10-20 16:22:52,944   [WARN] com.fortify.manager.service.EmailServiceImpl - S/MIME messages cannot be sent from this server
2014-10-20 16:23:10,933   [INFO] com.fortify.manager.service.runtime.RuntimeControllerConnectionConfiguration - Initializing runtime event handlers: [10234]
2014-10-20 16:23:10,933   [WARN] com.fortify.manager.service.runtime.RuntimeControllerConnectionConfiguration - Runtime integration disabled
2014-10-20 16:23:37,454   [WARN] org.hibernate.engine.jdbc.spi.SqlExceptionHelper - SQL Error: 547, SQLState: 23000
2014-10-20 16:23:37,454   [ERROR] org.hibernate.engine.jdbc.spi.SqlExceptionHelper - The DELETE statement conflicted with the REFERENCE constraint "RefMVProjSelMVProj". The conflict occurred in database "HPFDBDEV", table "dbo.metavalueselectionproject", column 'projectMetaValue_id'.
2014-10-20 16:23:37,459   [ERROR] com.fortify.manager.DAL.impl.ProjectVersionLiteManagerImpl - Delete project failed
org.hibernate.exception.ConstraintViolationException: could not execute statement
	at org.hibernate.exception.internal.SQLStateConversionDelegate.convert(SQLStateConversionDelegate.java:129)
	at org.hibernate.exception.internal.StandardSQLExceptionConverter.convert(StandardSQLExceptionConverter.java:49)
	at org.hibernate.engine.jdbc.spi.SqlExceptionHelper.convert(SqlExceptionHelper.java:125)
	at org.hibernate.engine.jdbc.spi.SqlExceptionHelper.convert(SqlExceptionHelper.java:110)
	at org.hibernate.engine.jdbc.internal.ResultSetReturnImpl.executeUpdate(ResultSetReturnImpl.java:136)
	at org.hibernate.hql.internal.ast.exec.BasicExecutor.execute(BasicExecutor.java:103)
	at org.hibernate.hql.internal.ast.QueryTranslatorImpl.executeUpdate(QueryTranslatorImpl.java:414)
	at org.hibernate.engine.query.spi.HQLQueryPlan.performExecuteUpdate(HQLQueryPlan.java:282)
	at org.hibernate.internal.SessionImpl.executeUpdate(SessionImpl.java:1290)
	at org.hibernate.internal.QueryImpl.executeUpdate(QueryImpl.java:116)
	at com.fortify.manager.DAL.HibernateDatabaseInterface$2.doInHibernate(HibernateDatabaseInterface.java:803)
	at com.fortify.manager.DAL.HibernateDatabaseInterface$2.doInHibernate(HibernateDatabaseInterface.java:789)
	at com.fortify.manager.DAL.HibernateDatabaseInterface.executeUpdateQuery(HibernateDatabaseInterface.java:438)
	at com.fortify.manager.DAL.HibernateDatabaseInterface.executeUpdateQuery(HibernateDatabaseInterface.java:431)
	at com.fortify.manager.DAL.impl.ProjectVersionLiteManagerImpl.delete(ProjectVersionLiteManagerImpl.java:2099)
	at com.fortify.manager.DAL.impl.ProjectVersionLiteManagerImpl.deleteProjectVersions(ProjectVersionLiteManagerImpl.java:1671)
	at com.fortify.manager.DAL.impl.ProjectVersionLiteManagerImpl$$FastClassByCGLIB$$5af4917c.invoke(<generated>)
	at org.springframework.cglib.proxy.MethodProxy.invoke(MethodProxy.java:204)
	at org.springframework.aop.framework.CglibAopProxy$CglibMethodInvocation.invokeJoinpoint(CglibAopProxy.java:698)
	at org.springframework.aop.framework.ReflectiveMethodInvocation.proceed(ReflectiveMethodInvocation.java:150)
	at org.springframework.dao.support.PersistenceExceptionTranslationInterceptor.invoke(PersistenceExceptionTranslationInterceptor.java:155)
	at org.springframework.aop.framework.ReflectiveMethodInvocation.proceed(ReflectiveMethodInvocation.java:172)
	at org.springframework.aop.aspectj.MethodInvocationProceedingJoinPoint.proceed(MethodInvocationProceedingJoinPoint.java:80)
	at com.fortify.manager.DAL.support.FMDALExceptionTranslationInterceptor.aroundRepositoryMethod(FMDALExceptionTranslationInterceptor.java:21)
	at sun.reflect.GeneratedMethodAccessor76.invoke(Unknown Source)
	at sun.reflect.DelegatingMethodAccessorImpl.invoke(DelegatingMethodAccessorImpl.java:43)
	at java.lang.reflect.Method.invoke(Method.java:606)
	at org.springframework.aop.aspectj.AbstractAspectJAdvice.invokeAdviceMethodWithGivenArgs(AbstractAspectJAdvice.java:621)
	at org.springframework.aop.aspectj.AbstractAspectJAdvice.invokeAdviceMethod(AbstractAspectJAdvice.java:610)
	at org.springframework.aop.aspectj.AspectJAroundAdvice.invoke(AspectJAroundAdvice.java:65)
	at org.springframework.aop.framework.ReflectiveMethodInvocation.proceed(ReflectiveMethodInvocation.java:161)
	at org.springframework.transaction.interceptor.TransactionInterceptor$1.proceedWithInvocation(TransactionInterceptor.java:96)
	at org.springframework.transaction.interceptor.TransactionAspectSupport.invokeWithinTransaction(TransactionAspectSupport.java:260)
	at org.springframework.transaction.interceptor.TransactionInterceptor.invoke(TransactionInterceptor.java:94)
	at org.springframework.aop.framework.ReflectiveMethodInvocation.proceed(ReflectiveMethodInvocation.java:172)
	at org.springframework.aop.interceptor.ExposeInvocationInterceptor.invoke(ExposeInvocationInterceptor.java:91)
	at org.springframework.aop.framework.ReflectiveMethodInvocation.proceed(ReflectiveMethodInvocation.java:172)
	at org.springframework.aop.framework.CglibAopProxy$DynamicAdvisedInterceptor.intercept(CglibAopProxy.java:631)
	at com.fortify.manager.DAL.impl.ProjectVersionLiteManagerImpl$$EnhancerByCGLIB$$b75e88b2.deleteProjectVersions(<generated>)
	at com.fortify.manager.BLL.impl.ProjectVersionLiteBLLImpl.deleteProjectVersions(ProjectVersionLiteBLLImpl.java:1442)
	at com.fortify.manager.BLL.impl.ProjectVersionLiteBLLImpl$$FastClassByCGLIB$$2eea03fe.invoke(<generated>)
	at org.springframework.cglib.proxy.MethodProxy.invoke(MethodProxy.java:204)
	at org.springframework.aop.framework.CglibAopProxy$CglibMethodInvocation.invokeJoinpoint(CglibAopProxy.java:698)
	at org.springframework.aop.framework.ReflectiveMethodInvocation.proceed(ReflectiveMethodInvocation.java:150)
	at org.springframework.aop.aspectj.MethodInvocationProceedingJoinPoint.proceed(MethodInvocationProceedingJoinPoint.java:80)
	at com.fortify.manager.logging.ExceptionInterceptor.aroundBll(ExceptionInterceptor.java:49)
	at sun.reflect.GeneratedMethodAccessor183.invoke(Unknown Source)
	at sun.reflect.DelegatingMethodAccessorImpl.invoke(DelegatingMethodAccessorImpl.java:43)
	at java.lang.reflect.Method.invoke(Method.java:606)
	at org.springframework.aop.aspectj.AbstractAspectJAdvice.invokeAdviceMethodWithGivenArgs(AbstractAspectJAdvice.java:621)
	at org.springframework.aop.aspectj.AbstractAspectJAdvice.invokeAdviceMethod(AbstractAspectJAdvice.java:610)
	at org.springframework.aop.aspectj.AspectJAroundAdvice.invoke(AspectJAroundAdvice.java:65)
	at org.springframework.aop.framework.ReflectiveMethodInvocation.proceed(ReflectiveMethodInvocation.java:172)
	at org.springframework.security.access.intercept.aopalliance.MethodSecurityInterceptor.invoke(MethodSecurityInterceptor.java:64)
	at com.fortify.manager.security.FmMethodSecurityInteceptor.invoke(FmMethodSecurityInteceptor.java:29)
	at org.springframework.aop.framework.ReflectiveMethodInvocation.proceed(ReflectiveMethodInvocation.java:172)
	at org.springframework.aop.interceptor.ExposeInvocationInterceptor.invoke(ExposeInvocationInterceptor.java:91)
	at org.springframework.aop.framework.ReflectiveMethodInvocation.proceed(ReflectiveMethodInvocation.java:172)
	at org.springframework.aop.framework.CglibAopProxy$DynamicAdvisedInterceptor.intercept(CglibAopProxy.java:631)
	at com.fortify.manager.BLL.impl.ProjectVersionLiteBLLImpl$$EnhancerByCGLIB$$c2914c38.deleteProjectVersions(<generated>)
	at com.fortify.manager.BlazeEndpoint.ProjectVersionBlazeEndpoint.deleteProjectVersions(ProjectVersionBlazeEndpoint.java:421)
	at com.fortify.manager.BlazeEndpoint.ProjectVersionBlazeEndpoint$$FastClassByCGLIB$$3b5a8076.invoke(<generated>)
	at org.springframework.cglib.proxy.MethodProxy.invoke(MethodProxy.java:204)
	at org.springframework.aop.framework.CglibAopProxy$CglibMethodInvocation.invokeJoinpoint(CglibAopProxy.java:698)
	at org.springframework.aop.framework.ReflectiveMethodInvocation.proceed(ReflectiveMethodInvocation.java:150)
	at org.springframework.aop.aspectj.MethodInvocationProceedingJoinPoint.proceed(MethodInvocationProceedingJoinPoint.java:91)
	at com.fortify.manager.web.BlazeDsAdvisor.advise(BlazeDsAdvisor.java:70)
	at sun.reflect.GeneratedMethodAccessor192.invoke(Unknown Source)
	at sun.reflect.DelegatingMethodAccessorImpl.invoke(DelegatingMethodAccessorImpl.java:43)
	at java.lang.reflect.Method.invoke(Method.java:606)
	at org.springframework.aop.aspectj.AbstractAspectJAdvice.invokeAdviceMethodWithGivenArgs(AbstractAspectJAdvice.java:621)
	at org.springframework.aop.aspectj.AbstractAspectJAdvice.invokeAdviceMethod(AbstractAspectJAdvice.java:610)
	at org.springframework.aop.aspectj.AspectJAroundAdvice.invoke(AspectJAroundAdvice.java:65)
	at org.springframework.aop.framework.ReflectiveMethodInvocation.proceed(ReflectiveMethodInvocation.java:172)
	at org.springframework.aop.aspectj.AspectJAfterThrowingAdvice.invoke(AspectJAfterThrowingAdvice.java:55)
	at org.springframework.aop.framework.ReflectiveMethodInvocation.proceed(ReflectiveMethodInvocation.java:172)
	at org.springframework.aop.interceptor.ExposeInvocationInterceptor.invoke(ExposeInvocationInterceptor.java:91)
	at org.springframework.aop.framework.ReflectiveMethodInvocation.proceed(ReflectiveMethodInvocation.java:172)
	at org.springframework.aop.framework.CglibAopProxy$DynamicAdvisedInterceptor.intercept(CglibAopProxy.java:631)
	at com.fortify.manager.BlazeEndpoint.ProjectVersionBlazeEndpoint$$EnhancerByCGLIB$$1b550ce.deleteProjectVersions(<generated>)
	at sun.reflect.NativeMethodAccessorImpl.invoke0(Native Method)
	at sun.reflect.NativeMethodAccessorImpl.invoke(NativeMethodAccessorImpl.java:57)
	at sun.reflect.DelegatingMethodAccessorImpl.invoke(DelegatingMethodAccessorImpl.java:43)
	at java.lang.reflect.Method.invoke(Method.java:606)
	at flex.messaging.services.remoting.adapters.JavaAdapter.invoke(JavaAdapter.java:418)
	at flex.messaging.services.RemotingService.serviceMessage(RemotingService.java:183)
	at flex.messaging.MessageBroker.routeMessageToService(MessageBroker.java:1400)
	at flex.messaging.endpoints.AbstractEndpoint.serviceMessage(AbstractEndpoint.java:1011)
	at flex.messaging.endpoints.AbstractEndpoint$$FastClassByCGLIB$$1a3ef066.invoke(<generated>)
	at org.springframework.cglib.proxy.MethodProxy.invoke(MethodProxy.java:204)
	at org.springframework.aop.framework.CglibAopProxy$CglibMethodInvocation.invokeJoinpoint(CglibAopProxy.java:698)
	at org.springframework.aop.framework.ReflectiveMethodInvocation.proceed(ReflectiveMethodInvocation.java:150)
	at org.springframework.flex.core.MessageInterceptionAdvice.invoke(MessageInterceptionAdvice.java:66)
	at org.springframework.aop.framework.ReflectiveMethodInvocation.proceed(ReflectiveMethodInvocation.java:172)
	at org.springframework.aop.framework.adapter.ThrowsAdviceInterceptor.invoke(ThrowsAdviceInterceptor.java:124)
	at org.springframework.aop.framework.ReflectiveMethodInvocation.proceed(ReflectiveMethodInvocation.java:172)
	at org.springframework.aop.framework.CglibAopProxy$FixedChainStaticTargetInterceptor.intercept(CglibAopProxy.java:582)
	at flex.messaging.endpoints.AMFEndpoint$$EnhancerByCGLIB$$6ad0f647.serviceMessage(<generated>)
	at flex.messaging.endpoints.amf.MessageBrokerFilter.invoke(MessageBrokerFilter.java:103)
	at flex.messaging.endpoints.amf.LegacyFilter.invoke(LegacyFilter.java:158)
	at flex.messaging.endpoints.amf.SessionFilter.invoke(SessionFilter.java:44)
	at flex.messaging.endpoints.amf.BatchProcessFilter.invoke(BatchProcessFilter.java:67)
	at flex.messaging.endpoints.amf.SerializationFilter.invoke(SerializationFilter.java:166)
	at flex.messaging.endpoints.BaseHTTPEndpoint.service(BaseHTTPEndpoint.java:291)
	at flex.messaging.endpoints.AMFEndpoint$$EnhancerByCGLIB$$6ad0f647.service(<generated>)
	at org.springframework.flex.servlet.MessageBrokerHandlerAdapter.handle(MessageBrokerHandlerAdapter.java:101)
	at org.springframework.web.servlet.DispatcherServlet.doDispatch(DispatcherServlet.java:925)
	at org.springframework.web.servlet.DispatcherServlet.doService(DispatcherServlet.java:856)
	at org.springframework.web.servlet.FrameworkServlet.processRequest(FrameworkServlet.java:936)
	at org.springframework.web.servlet.FrameworkServlet.doPost(FrameworkServlet.java:838)
	at javax.servlet.http.HttpServlet.service(HttpServlet.java:647)
	at org.springframework.web.servlet.FrameworkServlet.service(FrameworkServlet.java:812)
	at javax.servlet.http.HttpServlet.service(HttpServlet.java:728)
	at org.apache.catalina.core.ApplicationFilterChain.internalDoFilter(ApplicationFilterChain.java:305)
	at org.apache.catalina.core.ApplicationFilterChain.doFilter(ApplicationFilterChain.java:210)
	at org.springframework.security.web.FilterChainProxy$VirtualFilterChain.doFilter(FilterChainProxy.java:330)
	at org.springframework.security.web.access.intercept.FilterSecurityInterceptor.invoke(FilterSecurityInterceptor.java:118)
	at org.springframework.security.web.access.intercept.FilterSecurityInterceptor.doFilter(FilterSecurityInterceptor.java:84)
	at org.springframework.security.web.FilterChainProxy$VirtualFilterChain.doFilter(FilterChainProxy.java:342)
	at org.springframework.security.web.access.ExceptionTranslationFilter.doFilter(ExceptionTranslationFilter.java:113)
	at org.springframework.security.web.FilterChainProxy$VirtualFilterChain.doFilter(FilterChainProxy.java:342)
	at org.springframework.security.web.authentication.AnonymousAuthenticationFilter.doFilter(AnonymousAuthenticationFilter.java:113)
	at org.springframework.security.web.FilterChainProxy$VirtualFilterChain.doFilter(FilterChainProxy.java:342)
	at org.springframework.security.web.authentication.AbstractAuthenticationProcessingFilter.doFilter(AbstractAuthenticationProcessingFilter.java:183)
	at org.springframework.security.web.FilterChainProxy$VirtualFilterChain.doFilter(FilterChainProxy.java:342)
	at org.springframework.security.web.authentication.AbstractAuthenticationProcessingFilter.doFilter(AbstractAuthenticationProcessingFilter.java:183)
	at org.springframework.security.web.FilterChainProxy$VirtualFilterChain.doFilter(FilterChainProxy.java:342)
	at com.fortify.manager.web.security.auth.FmWebUiAuthenticationMethodSettingFilter.doFilter(FmWebUiAuthenticationMethodSettingFilter.java:19)
	at org.springframework.security.web.FilterChainProxy$VirtualFilterChain.doFilter(FilterChainProxy.java:342)
	at com.fortify.manager.web.filters.ChangePasswordFilter.doFilterInternal(ChangePasswordFilter.java:129)
	at org.springframework.web.filter.OncePerRequestFilter.doFilter(OncePerRequestFilter.java:107)
	at org.springframework.security.web.FilterChainProxy$VirtualFilterChain.doFilter(FilterChainProxy.java:342)
	at com.fortify.manager.web.security.sso.SsoFilter.doFilter(SsoFilter.java:72)
	at org.springframework.security.web.FilterChainProxy$VirtualFilterChain.doFilter(FilterChainProxy.java:342)
	at org.springframework.security.web.context.SecurityContextPersistenceFilter.doFilter(SecurityContextPersistenceFilter.java:87)
	at org.springframework.security.web.FilterChainProxy$VirtualFilterChain.doFilter(FilterChainProxy.java:342)
	at org.springframework.security.web.session.ConcurrentSessionFilter.doFilter(ConcurrentSessionFilter.java:125)
	at org.springframework.security.web.FilterChainProxy$VirtualFilterChain.doFilter(FilterChainProxy.java:342)
	at org.springframework.security.web.FilterChainProxy.doFilterInternal(FilterChainProxy.java:192)
	at org.springframework.security.web.FilterChainProxy.doFilter(FilterChainProxy.java:160)
	at org.springframework.web.filter.DelegatingFilterProxy.invokeDelegate(DelegatingFilterProxy.java:346)
	at org.springframework.web.filter.DelegatingFilterProxy.doFilter(DelegatingFilterProxy.java:259)
	at org.apache.catalina.core.ApplicationFilterChain.internalDoFilter(ApplicationFilterChain.java:243)
	at org.apache.catalina.core.ApplicationFilterChain.doFilter(ApplicationFilterChain.java:210)
	at com.fortify.manager.web.filters.WebRequestFilter.doFilter(WebRequestFilter.java:53)
	at org.apache.catalina.core.ApplicationFilterChain.internalDoFilter(ApplicationFilterChain.java:243)
	at org.apache.catalina.core.ApplicationFilterChain.doFilter(ApplicationFilterChain.java:210)
	at org.springframework.web.filter.RequestContextFilter.doFilterInternal(RequestContextFilter.java:99)
	at org.springframework.web.filter.OncePerRequestFilter.doFilter(OncePerRequestFilter.java:107)
	at org.apache.catalina.core.ApplicationFilterChain.internalDoFilter(ApplicationFilterChain.java:243)
	at org.apache.catalina.core.ApplicationFilterChain.doFilter(ApplicationFilterChain.java:210)
	at com.fortify.manager.web.filters.SessionTimeoutFilter.doFilterInternal(SessionTimeoutFilter.java:57)
	at org.springframework.web.filter.OncePerRequestFilter.doFilter(OncePerRequestFilter.java:107)
	at org.apache.catalina.core.ApplicationFilterChain.internalDoFilter(ApplicationFilterChain.java:243)
	at org.apache.catalina.core.ApplicationFilterChain.doFilter(ApplicationFilterChain.java:210)
	at org.apache.catalina.core.StandardWrapperValve.invoke(StandardWrapperValve.java:222)
	at org.apache.catalina.core.StandardContextValve.invoke(StandardContextValve.java:123)
	at org.apache.catalina.authenticator.AuthenticatorBase.invoke(AuthenticatorBase.java:502)
	at org.apache.catalina.core.StandardHostValve.invoke(StandardHostValve.java:171)
	at org.apache.catalina.valves.ErrorReportValve.invoke(ErrorReportValve.java:99)
	at org.apache.catalina.valves.AccessLogValve.invoke(AccessLogValve.java:953)
	at org.apache.catalina.core.StandardEngineValve.invoke(StandardEngineValve.java:118)
	at org.apache.catalina.connector.CoyoteAdapter.service(CoyoteAdapter.java:408)
	at org.apache.coyote.http11.AbstractHttp11Processor.process(AbstractHttp11Processor.java:1023)
	at org.apache.coyote.AbstractProtocol$AbstractConnectionHandler.process(AbstractProtocol.java:589)
	at org.apache.tomcat.util.net.JIoEndpoint$SocketProcessor.run(JIoEndpoint.java:312)
	at java.util.concurrent.ThreadPoolExecutor.runWorker(ThreadPoolExecutor.java:1145)
	at java.util.concurrent.ThreadPoolExecutor$Worker.run(ThreadPoolExecutor.java:615)
	at java.lang.Thread.run(Thread.java:744)
Caused by: com.microsoft.sqlserver.jdbc.SQLServerException: The DELETE statement conflicted with the REFERENCE constraint "RefMVProjSelMVProj". The conflict occurred in database "HPFDBDEV", table "dbo.metavalueselectionproject", column 'projectMetaValue_id'.
	at com.microsoft.sqlserver.jdbc.SQLServerException.makeFromDatabaseError(SQLServerException.java:216)
	at com.microsoft.sqlserver.jdbc.SQLServerStatement.getNextResult(SQLServerStatement.java:1515)
	at com.microsoft.sqlserver.jdbc.SQLServerPreparedStatement.doExecutePreparedStatement(SQLServerPreparedStatement.java:404)
	at com.microsoft.sqlserver.jdbc.SQLServerPreparedStatement$PrepStmtExecCmd.doExecute(SQLServerPreparedStatement.java:350)
	at com.microsoft.sqlserver.jdbc.TDSCommand.execute(IOBuffer.java:5696)
	at com.microsoft.sqlserver.jdbc.SQLServerConnection.executeCommand(SQLServerConnection.java:1715)
	at com.microsoft.sqlserver.jdbc.SQLServerStatement.executeCommand(SQLServerStatement.java:180)
	at com.microsoft.sqlserver.jdbc.SQLServerStatement.executeStatement(SQLServerStatement.java:155)
	at com.microsoft.sqlserver.jdbc.SQLServerPreparedStatement.executeUpdate(SQLServerPreparedStatement.java:314)
	at org.apache.commons.dbcp.DelegatingPreparedStatement.executeUpdate(DelegatingPreparedStatement.java:105)
	at org.apache.commons.dbcp.DelegatingPreparedStatement.executeUpdate(DelegatingPreparedStatement.java:105)
	at org.hibernate.engine.jdbc.internal.ResultSetReturnImpl.executeUpdate(ResultSetReturnImpl.java:133)
	... 164 more
2014-10-20 16:23:37,477   [ERROR] com.fortify.manager.logging.ExceptionInterceptor - Intercepted exception of type [org.springframework.transaction.UnexpectedRollbackException] thrown by target class [com.fortify.manager.BLL.impl.ProjectVersionLiteBLLImpl] and method [public int com.fortify.manager.BLL.impl.ProjectVersionLiteBLLImpl.deleteProjectVersions(java.util.List)]
org.springframework.transaction.UnexpectedRollbackException: Transaction rolled back because it has been marked as rollback-only
	at org.springframework.transaction.support.AbstractPlatformTransactionManager.commit(AbstractPlatformTransactionManager.java:718)
	at org.springframework.transaction.interceptor.TransactionAspectSupport.commitTransactionAfterReturning(TransactionAspectSupport.java:475)
	at org.springframework.transaction.interceptor.TransactionAspectSupport.invokeWithinTransaction(TransactionAspectSupport.java:270)
	at org.springframework.transaction.interceptor.TransactionInterceptor.invoke(TransactionInterceptor.java:94)
	at org.springframework.aop.framework.ReflectiveMethodInvocation.proceed(ReflectiveMethodInvocation.java:172)
	at org.springframework.aop.interceptor.ExposeInvocationInterceptor.invoke(ExposeInvocationInterceptor.java:91)
	at org.springframework.aop.framework.ReflectiveMethodInvocation.proceed(ReflectiveMethodInvocation.java:172)
	at org.springframework.aop.framework.CglibAopProxy$DynamicAdvisedInterceptor.intercept(CglibAopProxy.java:631)
	at com.fortify.manager.DAL.impl.ProjectVersionLiteManagerImpl$$EnhancerByCGLIB$$b75e88b2.deleteProjectVersions(<generated>)
	at com.fortify.manager.BLL.impl.ProjectVersionLiteBLLImpl.deleteProjectVersions(ProjectVersionLiteBLLImpl.java:1442)
	at com.fortify.manager.BLL.impl.ProjectVersionLiteBLLImpl$$FastClassByCGLIB$$2eea03fe.invoke(<generated>)
	at org.springframework.cglib.proxy.MethodProxy.invoke(MethodProxy.java:204)
	at org.springframework.aop.framework.CglibAopProxy$CglibMethodInvocation.invokeJoinpoint(CglibAopProxy.java:698)
	at org.springframework.aop.framework.ReflectiveMethodInvocation.proceed(ReflectiveMethodInvocation.java:150)
	at org.springframework.aop.aspectj.MethodInvocationProceedingJoinPoint.proceed(MethodInvocationProceedingJoinPoint.java:80)
	at com.fortify.manager.logging.ExceptionInterceptor.aroundBll(ExceptionInterceptor.java:49)
	at sun.reflect.GeneratedMethodAccessor183.invoke(Unknown Source)
	at sun.reflect.DelegatingMethodAccessorImpl.invoke(DelegatingMethodAccessorImpl.java:43)
	at java.lang.reflect.Method.invoke(Method.java:606)
	at org.springframework.aop.aspectj.AbstractAspectJAdvice.invokeAdviceMethodWithGivenArgs(AbstractAspectJAdvice.java:621)
	at org.springframework.aop.aspectj.AbstractAspectJAdvice.invokeAdviceMethod(AbstractAspectJAdvice.java:610)
	at org.springframework.aop.aspectj.AspectJAroundAdvice.invoke(AspectJAroundAdvice.java:65)
	at org.springframework.aop.framework.ReflectiveMethodInvocation.proceed(ReflectiveMethodInvocation.java:172)
	at org.springframework.security.access.intercept.aopalliance.MethodSecurityInterceptor.invoke(MethodSecurityInterceptor.java:64)
	at com.fortify.manager.security.FmMethodSecurityInteceptor.invoke(FmMethodSecurityInteceptor.java:29)
	at org.springframework.aop.framework.ReflectiveMethodInvocation.proceed(ReflectiveMethodInvocation.java:172)
	at org.springframework.aop.interceptor.ExposeInvocationInterceptor.invoke(ExposeInvocationInterceptor.java:91)
	at org.springframework.aop.framework.ReflectiveMethodInvocation.proceed(ReflectiveMethodInvocation.java:172)
	at org.springframework.aop.framework.CglibAopProxy$DynamicAdvisedInterceptor.intercept(CglibAopProxy.java:631)
	at com.fortify.manager.BLL.impl.ProjectVersionLiteBLLImpl$$EnhancerByCGLIB$$c2914c38.deleteProjectVersions(<generated>)
	at com.fortify.manager.BlazeEndpoint.ProjectVersionBlazeEndpoint.deleteProjectVersions(ProjectVersionBlazeEndpoint.java:421)
	at com.fortify.manager.BlazeEndpoint.ProjectVersionBlazeEndpoint$$FastClassByCGLIB$$3b5a8076.invoke(<generated>)
	at org.springframework.cglib.proxy.MethodProxy.invoke(MethodProxy.java:204)
	at org.springframework.aop.framework.CglibAopProxy$CglibMethodInvocation.invokeJoinpoint(CglibAopProxy.java:698)
	at org.springframework.aop.framework.ReflectiveMethodInvocation.proceed(ReflectiveMethodInvocation.java:150)
	at org.springframework.aop.aspectj.MethodInvocationProceedingJoinPoint.proceed(MethodInvocationProceedingJoinPoint.java:91)
	at com.fortify.manager.web.BlazeDsAdvisor.advise(BlazeDsAdvisor.java:70)
	at sun.reflect.GeneratedMethodAccessor192.invoke(Unknown Source)
	at sun.reflect.DelegatingMethodAccessorImpl.invoke(DelegatingMethodAccessorImpl.java:43)
	at java.lang.reflect.Method.invoke(Method.java:606)
	at org.springframework.aop.aspectj.AbstractAspectJAdvice.invokeAdviceMethodWithGivenArgs(AbstractAspectJAdvice.java:621)
	at org.springframework.aop.aspectj.AbstractAspectJAdvice.invokeAdviceMethod(AbstractAspectJAdvice.java:610)
	at org.springframework.aop.aspectj.AspectJAroundAdvice.invoke(AspectJAroundAdvice.java:65)
	at org.springframework.aop.framework.ReflectiveMethodInvocation.proceed(ReflectiveMethodInvocation.java:172)
	at org.springframework.aop.aspectj.AspectJAfterThrowingAdvice.invoke(AspectJAfterThrowingAdvice.java:55)
	at org.springframework.aop.framework.ReflectiveMethodInvocation.proceed(ReflectiveMethodInvocation.java:172)
	at org.springframework.aop.interceptor.ExposeInvocationInterceptor.invoke(ExposeInvocationInterceptor.java:91)
	at org.springframework.aop.framework.ReflectiveMethodInvocation.proceed(ReflectiveMethodInvocation.java:172)
	at org.springframework.aop.framework.CglibAopProxy$DynamicAdvisedInterceptor.intercept(CglibAopProxy.java:631)
	at com.fortify.manager.BlazeEndpoint.ProjectVersionBlazeEndpoint$$EnhancerByCGLIB$$1b550ce.deleteProjectVersions(<generated>)
	at sun.reflect.NativeMethodAccessorImpl.invoke0(Native Method)
	at sun.reflect.NativeMethodAccessorImpl.invoke(NativeMethodAccessorImpl.java:57)
	at sun.reflect.DelegatingMethodAccessorImpl.invoke(DelegatingMethodAccessorImpl.java:43)
	at java.lang.reflect.Method.invoke(Method.java:606)
	at flex.messaging.services.remoting.adapters.JavaAdapter.invoke(JavaAdapter.java:418)
	at flex.messaging.services.RemotingService.serviceMessage(RemotingService.java:183)
	at flex.messaging.MessageBroker.routeMessageToService(MessageBroker.java:1400)
	at flex.messaging.endpoints.AbstractEndpoint.serviceMessage(AbstractEndpoint.java:1011)
	at flex.messaging.endpoints.AbstractEndpoint$$FastClassByCGLIB$$1a3ef066.invoke(<generated>)
	at org.springframework.cglib.proxy.MethodProxy.invoke(MethodProxy.java:204)
	at org.springframework.aop.framework.CglibAopProxy$CglibMethodInvocation.invokeJoinpoint(CglibAopProxy.java:698)
	at org.springframework.aop.framework.ReflectiveMethodInvocation.proceed(ReflectiveMethodInvocation.java:150)
	at org.springframework.flex.core.MessageInterceptionAdvice.invoke(MessageInterceptionAdvice.java:66)
	at org.springframework.aop.framework.ReflectiveMethodInvocation.proceed(ReflectiveMethodInvocation.java:172)
	at org.springframework.aop.framework.adapter.ThrowsAdviceInterceptor.invoke(ThrowsAdviceInterceptor.java:124)
	at org.springframework.aop.framework.ReflectiveMethodInvocation.proceed(ReflectiveMethodInvocation.java:172)
	at org.springframework.aop.framework.CglibAopProxy$FixedChainStaticTargetInterceptor.intercept(CglibAopProxy.java:582)
	at flex.messaging.endpoints.AMFEndpoint$$EnhancerByCGLIB$$6ad0f647.serviceMessage(<generated>)
	at flex.messaging.endpoints.amf.MessageBrokerFilter.invoke(MessageBrokerFilter.java:103)
	at flex.messaging.endpoints.amf.LegacyFilter.invoke(LegacyFilter.java:158)
	at flex.messaging.endpoints.amf.SessionFilter.invoke(SessionFilter.java:44)
	at flex.messaging.endpoints.amf.BatchProcessFilter.invoke(BatchProcessFilter.java:67)
	at flex.messaging.endpoints.amf.SerializationFilter.invoke(SerializationFilter.java:166)
	at flex.messaging.endpoints.BaseHTTPEndpoint.service(BaseHTTPEndpoint.java:291)
	at flex.messaging.endpoints.AMFEndpoint$$EnhancerByCGLIB$$6ad0f647.service(<generated>)
	at org.springframework.flex.servlet.MessageBrokerHandlerAdapter.handle(MessageBrokerHandlerAdapter.java:101)
	at org.springframework.web.servlet.DispatcherServlet.doDispatch(DispatcherServlet.java:925)
	at org.springframework.web.servlet.DispatcherServlet.doService(DispatcherServlet.java:856)
	at org.springframework.web.servlet.FrameworkServlet.processRequest(FrameworkServlet.java:936)
	at org.springframework.web.servlet.FrameworkServlet.doPost(FrameworkServlet.java:838)
	at javax.servlet.http.HttpServlet.service(HttpServlet.java:647)
	at org.springframework.web.servlet.FrameworkServlet.service(FrameworkServlet.java:812)
	at javax.servlet.http.HttpServlet.service(HttpServlet.java:728)
	at org.apache.catalina.core.ApplicationFilterChain.internalDoFilter(ApplicationFilterChain.java:305)
	at org.apache.catalina.core.ApplicationFilterChain.doFilter(ApplicationFilterChain.java:210)
	at org.springframework.security.web.FilterChainProxy$VirtualFilterChain.doFilter(FilterChainProxy.java:330)
	at org.springframework.security.web.access.intercept.FilterSecurityInterceptor.invoke(FilterSecurityInterceptor.java:118)
	at org.springframework.security.web.access.intercept.FilterSecurityInterceptor.doFilter(FilterSecurityInterceptor.java:84)
	at org.springframework.security.web.FilterChainProxy$VirtualFilterChain.doFilter(FilterChainProxy.java:342)
	at org.springframework.security.web.access.ExceptionTranslationFilter.doFilter(ExceptionTranslationFilter.java:113)
	at org.springframework.security.web.FilterChainProxy$VirtualFilterChain.doFilter(FilterChainProxy.java:342)
	at org.springframework.security.web.authentication.AnonymousAuthenticationFilter.doFilter(AnonymousAuthenticationFilter.java:113)
	at org.springframework.security.web.FilterChainProxy$VirtualFilterChain.doFilter(FilterChainProxy.java:342)
	at org.springframework.security.web.authentication.AbstractAuthenticationProcessingFilter.doFilter(AbstractAuthenticationProcessingFilter.java:183)
	at org.springframework.security.web.FilterChainProxy$VirtualFilterChain.doFilter(FilterChainProxy.java:342)
	at org.springframework.security.web.authentication.AbstractAuthenticationProcessingFilter.doFilter(AbstractAuthenticationProcessingFilter.java:183)
	at org.springframework.security.web.FilterChainProxy$VirtualFilterChain.doFilter(FilterChainProxy.java:342)
	at com.fortify.manager.web.security.auth.FmWebUiAuthenticationMethodSettingFilter.doFilter(FmWebUiAuthenticationMethodSettingFilter.java:19)
	at org.springframework.security.web.FilterChainProxy$VirtualFilterChain.doFilter(FilterChainProxy.java:342)
	at com.fortify.manager.web.filters.ChangePasswordFilter.doFilterInternal(ChangePasswordFilter.java:129)
	at org.springframework.web.filter.OncePerRequestFilter.doFilter(OncePerRequestFilter.java:107)
	at org.springframework.security.web.FilterChainProxy$VirtualFilterChain.doFilter(FilterChainProxy.java:342)
	at com.fortify.manager.web.security.sso.SsoFilter.doFilter(SsoFilter.java:72)
	at org.springframework.security.web.FilterChainProxy$VirtualFilterChain.doFilter(FilterChainProxy.java:342)
	at org.springframework.security.web.context.SecurityContextPersistenceFilter.doFilter(SecurityContextPersistenceFilter.java:87)
	at org.springframework.security.web.FilterChainProxy$VirtualFilterChain.doFilter(FilterChainProxy.java:342)
	at org.springframework.security.web.session.ConcurrentSessionFilter.doFilter(ConcurrentSessionFilter.java:125)
	at org.springframework.security.web.FilterChainProxy$VirtualFilterChain.doFilter(FilterChainProxy.java:342)
	at org.springframework.security.web.FilterChainProxy.doFilterInternal(FilterChainProxy.java:192)
	at org.springframework.security.web.FilterChainProxy.doFilter(FilterChainProxy.java:160)
	at org.springframework.web.filter.DelegatingFilterProxy.invokeDelegate(DelegatingFilterProxy.java:346)
	at org.springframework.web.filter.DelegatingFilterProxy.doFilter(DelegatingFilterProxy.java:259)
	at org.apache.catalina.core.ApplicationFilterChain.internalDoFilter(ApplicationFilterChain.java:243)
	at org.apache.catalina.core.ApplicationFilterChain.doFilter(ApplicationFilterChain.java:210)
	at com.fortify.manager.web.filters.WebRequestFilter.doFilter(WebRequestFilter.java:53)
	at org.apache.catalina.core.ApplicationFilterChain.internalDoFilter(ApplicationFilterChain.java:243)
	at org.apache.catalina.core.ApplicationFilterChain.doFilter(ApplicationFilterChain.java:210)
	at org.springframework.web.filter.RequestContextFilter.doFilterInternal(RequestContextFilter.java:99)
	at org.springframework.web.filter.OncePerRequestFilter.doFilter(OncePerRequestFilter.java:107)
	at org.apache.catalina.core.ApplicationFilterChain.internalDoFilter(ApplicationFilterChain.java:243)
	at org.apache.catalina.core.ApplicationFilterChain.doFilter(ApplicationFilterChain.java:210)
	at com.fortify.manager.web.filters.SessionTimeoutFilter.doFilterInternal(SessionTimeoutFilter.java:57)
	at org.springframework.web.filter.OncePerRequestFilter.doFilter(OncePerRequestFilter.java:107)
	at org.apache.catalina.core.ApplicationFilterChain.internalDoFilter(ApplicationFilterChain.java:243)
	at org.apache.catalina.core.ApplicationFilterChain.doFilter(ApplicationFilterChain.java:210)
	at org.apache.catalina.core.StandardWrapperValve.invoke(StandardWrapperValve.java:222)
	at org.apache.catalina.core.StandardContextValve.invoke(StandardContextValve.java:123)
	at org.apache.catalina.authenticator.AuthenticatorBase.invoke(AuthenticatorBase.java:502)
	at org.apache.catalina.core.StandardHostValve.invoke(StandardHostValve.java:171)
	at org.apache.catalina.valves.ErrorReportValve.invoke(ErrorReportValve.java:99)
	at org.apache.catalina.valves.AccessLogValve.invoke(AccessLogValve.java:953)
	at org.apache.catalina.core.StandardEngineValve.invoke(StandardEngineValve.java:118)
	at org.apache.catalina.connector.CoyoteAdapter.service(CoyoteAdapter.java:408)
	at org.apache.coyote.http11.AbstractHttp11Processor.process(AbstractHttp11Processor.java:1023)
	at org.apache.coyote.AbstractProtocol$AbstractConnectionHandler.process(AbstractProtocol.java:589)
	at org.apache.tomcat.util.net.JIoEndpoint$SocketProcessor.run(JIoEndpoint.java:312)
	at java.util.concurrent.ThreadPoolExecutor.runWorker(ThreadPoolExecutor.java:1145)
	at java.util.concurrent.ThreadPoolExecutor$Worker.run(ThreadPoolExecutor.java:615)
	at java.lang.Thread.run(Thread.java:744)