2016-02-16 09:22:40,078   [ERROR] com.fortify.manager.controller.RulepackDistributorController - RulepackUpdateServlet: Error getting rulepacks for download
org.apache.catalina.connector.ClientAbortException: java.io.IOException: Broken pipe
	at org.apache.catalina.connector.OutputBuffer.realWriteBytes(OutputBuffer.java:393) ~[catalina.jar:8.0.28]
	at org.apache.tomcat.util.buf.ByteChunk.append(ByteChunk.java:344) ~[tomcat-util.jar:8.0.28]
	at org.apache.catalina.connector.OutputBuffer.writeBytes(OutputBuffer.java:418) ~[catalina.jar:8.0.28]
	at org.apache.catalina.connector.OutputBuffer.write(OutputBuffer.java:406) ~[catalina.jar:8.0.28]
	at org.apache.catalina.connector.CoyoteOutputStream.write(CoyoteOutputStream.java:97) ~[catalina.jar:8.0.28]
	at org.apache.catalina.connector.CoyoteOutputStream.write(CoyoteOutputStream.java:90) ~[catalina.jar:8.0.28]
	at org.springframework.security.web.context.SaveContextOnUpdateOrErrorResponseWrapper$SaveContextServletOutputStream.write(SaveContextOnUpdateOrErrorResponseWrapper.java:431) ~[spring-security-web-3.1.3.RELEASE.jar:3.1.3.RELEASE]
	at com.fortify.manager.web.util.HttpUtil.writeFileToResponse(HttpUtil.java:27) ~[ssc-web.jar:?]
	at com.fortify.manager.controller.RulepackDistributorController.doWork(RulepackDistributorController.java:73) [ssc-web.jar:?]
	at com.fortify.manager.controller.RulepackDistributorController.handleRequest(RulepackDistributorController.java:40) [ssc-web.jar:?]
	at sun.reflect.GeneratedMethodAccessor2304.invoke(Unknown Source) ~[?:?]
	at sun.reflect.DelegatingMethodAccessorImpl.invoke(DelegatingMethodAccessorImpl.java:43) ~[?:1.8.0_66]
	at java.lang.reflect.Method.invoke(Method.java:497) ~[?:1.8.0_66]
	at org.springframework.web.method.support.InvocableHandlerMethod.invoke(InvocableHandlerMethod.java:215) [spring-web-3.2.10.RELEASE.jar:3.2.10.RELEASE]
	at org.springframework.web.method.support.InvocableHandlerMethod.invokeForRequest(InvocableHandlerMethod.java:132) [spring-web-3.2.10.RELEASE.jar:3.2.10.RELEASE]
	at org.springframework.web.servlet.mvc.method.annotation.ServletInvocableHandlerMethod.invokeAndHandle(ServletInvocableHandlerMethod.java:104) [spring-webmvc-3.2.10.RELEASE.jar:3.2.10.RELEASE]
	at org.springframework.web.servlet.mvc.method.annotation.RequestMappingHandlerAdapter.invokeHandleMethod(RequestMappingHandlerAdapter.java:745) [spring-webmvc-3.2.10.RELEASE.jar:3.2.10.RELEASE]
	at org.springframework.web.servlet.mvc.method.annotation.RequestMappingHandlerAdapter.handleInternal(RequestMappingHandlerAdapter.java:685) [spring-webmvc-3.2.10.RELEASE.jar:3.2.10.RELEASE]
	at org.springframework.web.servlet.mvc.method.AbstractHandlerMethodAdapter.handle(AbstractHandlerMethodAdapter.java:80) [spring-webmvc-3.2.10.RELEASE.jar:3.2.10.RELEASE]
	at org.springframework.web.servlet.DispatcherServlet.doDispatch(DispatcherServlet.java:919) [spring-webmvc-3.2.10.RELEASE.jar:3.2.10.RELEASE]
	at org.springframework.web.servlet.DispatcherServlet.doService(DispatcherServlet.java:851) [spring-webmvc-3.2.10.RELEASE.jar:3.2.10.RELEASE]
	at org.springframework.web.servlet.FrameworkServlet.processRequest(FrameworkServlet.java:953) [spring-webmvc-3.2.10.RELEASE.jar:3.2.10.RELEASE]
	at org.springframework.web.servlet.FrameworkServlet.doPost(FrameworkServlet.java:855) [spring-webmvc-3.2.10.RELEASE.jar:3.2.10.RELEASE]
	at javax.servlet.http.HttpServlet.service(HttpServlet.java:648) [servlet-api.jar:?]
	at org.springframework.web.servlet.FrameworkServlet.service(FrameworkServlet.java:829) [spring-webmvc-3.2.10.RELEASE.jar:3.2.10.RELEASE]
	at javax.servlet.http.HttpServlet.service(HttpServlet.java:729) [servlet-api.jar:?]
	at org.apache.catalina.core.ApplicationFilterChain.internalDoFilter(ApplicationFilterChain.java:291) [catalina.jar:8.0.28]
	at org.apache.catalina.core.ApplicationFilterChain.doFilter(ApplicationFilterChain.java:206) [catalina.jar:8.0.28]
	at org.apache.tomcat.websocket.server.WsFilter.doFilter(WsFilter.java:52) [tomcat-websocket.jar:8.0.28]
	at org.apache.catalina.core.ApplicationFilterChain.internalDoFilter(ApplicationFilterChain.java:239) [catalina.jar:8.0.28]
	at org.apache.catalina.core.ApplicationFilterChain.doFilter(ApplicationFilterChain.java:206) [catalina.jar:8.0.28]
	at org.springframework.security.web.FilterChainProxy$VirtualFilterChain.doFilter(FilterChainProxy.java:330) [spring-security-web-3.1.3.RELEASE.jar:3.1.3.RELEASE]
	at org.springframework.security.web.access.intercept.FilterSecurityInterceptor.invoke(FilterSecurityInterceptor.java:118) [spring-security-web-3.1.3.RELEASE.jar:3.1.3.RELEASE]
	at org.springframework.security.web.access.intercept.FilterSecurityInterceptor.doFilter(FilterSecurityInterceptor.java:84) [spring-security-web-3.1.3.RELEASE.jar:3.1.3.RELEASE]
	at org.springframework.security.web.FilterChainProxy$VirtualFilterChain.doFilter(FilterChainProxy.java:342) [spring-security-web-3.1.3.RELEASE.jar:3.1.3.RELEASE]
	at org.springframework.security.web.access.ExceptionTranslationFilter.doFilter(ExceptionTranslationFilter.java:113) [spring-security-web-3.1.3.RELEASE.jar:3.1.3.RELEASE]
	at org.springframework.security.web.FilterChainProxy$VirtualFilterChain.doFilter(FilterChainProxy.java:342) [spring-security-web-3.1.3.RELEASE.jar:3.1.3.RELEASE]
	at org.springframework.security.web.authentication.AnonymousAuthenticationFilter.doFilter(AnonymousAuthenticationFilter.java:113) [spring-security-web-3.1.3.RELEASE.jar:3.1.3.RELEASE]
	at org.springframework.security.web.FilterChainProxy$VirtualFilterChain.doFilter(FilterChainProxy.java:342) [spring-security-web-3.1.3.RELEASE.jar:3.1.3.RELEASE]
	at org.springframework.security.web.authentication.AbstractAuthenticationProcessingFilter.doFilter(AbstractAuthenticationProcessingFilter.java:183) [spring-security-web-3.1.3.RELEASE.jar:3.1.3.RELEASE]
	at org.springframework.security.web.FilterChainProxy$VirtualFilterChain.doFilter(FilterChainProxy.java:342) [spring-security-web-3.1.3.RELEASE.jar:3.1.3.RELEASE]
	at com.fortify.manager.web.security.auth.FmWebUiAuthenticationMethodSettingFilter.doFilter(FmWebUiAuthenticationMethodSettingFilter.java:19) [ssc-web.jar:?]
	at org.springframework.security.web.FilterChainProxy$VirtualFilterChain.doFilter(FilterChainProxy.java:342) [spring-security-web-3.1.3.RELEASE.jar:3.1.3.RELEASE]
	at com.fortify.manager.web.filters.ChangePasswordFilter.doFilterInternal(ChangePasswordFilter.java:129) [ssc-web.jar:?]
	at org.springframework.web.filter.OncePerRequestFilter.doFilter(OncePerRequestFilter.java:106) [spring-web-3.2.10.RELEASE.jar:3.2.10.RELEASE]
	at org.springframework.security.web.FilterChainProxy$VirtualFilterChain.doFilter(FilterChainProxy.java:342) [spring-security-web-3.1.3.RELEASE.jar:3.1.3.RELEASE]
	at org.springframework.security.web.authentication.AbstractAuthenticationProcessingFilter.doFilter(AbstractAuthenticationProcessingFilter.java:183) [spring-security-web-3.1.3.RELEASE.jar:3.1.3.RELEASE]
	at org.springframework.security.web.FilterChainProxy$VirtualFilterChain.doFilter(FilterChainProxy.java:342) [spring-security-web-3.1.3.RELEASE.jar:3.1.3.RELEASE]
	at com.fortify.manager.web.security.auth.SamlMetadataGeneratorFilter.doFilter(SamlMetadataGeneratorFilter.java:42) [ssc-web.jar:?]
	at org.springframework.security.web.FilterChainProxy$VirtualFilterChain.doFilter(FilterChainProxy.java:342) [spring-security-web-3.1.3.RELEASE.jar:3.1.3.RELEASE]
	at org.springframework.security.web.context.SecurityContextPersistenceFilter.doFilter(SecurityContextPersistenceFilter.java:87) [spring-security-web-3.1.3.RELEASE.jar:3.1.3.RELEASE]
	at org.springframework.security.web.FilterChainProxy$VirtualFilterChain.doFilter(FilterChainProxy.java:342) [spring-security-web-3.1.3.RELEASE.jar:3.1.3.RELEASE]
	at org.springframework.security.web.session.ConcurrentSessionFilter.doFilter(ConcurrentSessionFilter.java:125) [spring-security-web-3.1.3.RELEASE.jar:3.1.3.RELEASE]
	at org.springframework.security.web.FilterChainProxy$VirtualFilterChain.doFilter(FilterChainProxy.java:342) [spring-security-web-3.1.3.RELEASE.jar:3.1.3.RELEASE]
	at org.springframework.security.web.FilterChainProxy.doFilterInternal(FilterChainProxy.java:192) [spring-security-web-3.1.3.RELEASE.jar:3.1.3.RELEASE]
	at org.springframework.security.web.FilterChainProxy.doFilter(FilterChainProxy.java:160) [spring-security-web-3.1.3.RELEASE.jar:3.1.3.RELEASE]
	at org.springframework.web.filter.DelegatingFilterProxy.invokeDelegate(DelegatingFilterProxy.java:343) [spring-web-3.2.10.RELEASE.jar:3.2.10.RELEASE]
	at org.springframework.web.filter.DelegatingFilterProxy.doFilter(DelegatingFilterProxy.java:260) [spring-web-3.2.10.RELEASE.jar:3.2.10.RELEASE]
	at org.apache.catalina.core.ApplicationFilterChain.internalDoFilter(ApplicationFilterChain.java:239) [catalina.jar:8.0.28]
	at org.apache.catalina.core.ApplicationFilterChain.doFilter(ApplicationFilterChain.java:206) [catalina.jar:8.0.28]
	at com.fortify.manager.web.filters.WebRequestFilter.doFilter(WebRequestFilter.java:54) [ssc-web.jar:?]
	at org.apache.catalina.core.ApplicationFilterChain.internalDoFilter(ApplicationFilterChain.java:239) [catalina.jar:8.0.28]
	at org.apache.catalina.core.ApplicationFilterChain.doFilter(ApplicationFilterChain.java:206) [catalina.jar:8.0.28]
	at org.springframework.web.filter.RequestContextFilter.doFilterInternal(RequestContextFilter.java:99) [spring-web-3.2.10.RELEASE.jar:3.2.10.RELEASE]
	at org.springframework.web.filter.OncePerRequestFilter.doFilter(OncePerRequestFilter.java:106) [spring-web-3.2.10.RELEASE.jar:3.2.10.RELEASE]
	at org.apache.catalina.core.ApplicationFilterChain.internalDoFilter(ApplicationFilterChain.java:239) [catalina.jar:8.0.28]
	at org.apache.catalina.core.ApplicationFilterChain.doFilter(ApplicationFilterChain.java:206) [catalina.jar:8.0.28]
	at com.fortify.manager.web.filters.SessionTimeoutFilter.doFilterInternal(SessionTimeoutFilter.java:65) [ssc-web.jar:?]
	at org.springframework.web.filter.OncePerRequestFilter.doFilter(OncePerRequestFilter.java:106) [spring-web-3.2.10.RELEASE.jar:3.2.10.RELEASE]
	at org.springframework.web.filter.DelegatingFilterProxy.invokeDelegate(DelegatingFilterProxy.java:343) [spring-web-3.2.10.RELEASE.jar:3.2.10.RELEASE]
	at org.springframework.web.filter.DelegatingFilterProxy.doFilter(DelegatingFilterProxy.java:260) [spring-web-3.2.10.RELEASE.jar:3.2.10.RELEASE]
	at org.apache.catalina.core.ApplicationFilterChain.internalDoFilter(ApplicationFilterChain.java:239) [catalina.jar:8.0.28]
	at org.apache.catalina.core.ApplicationFilterChain.doFilter(ApplicationFilterChain.java:206) [catalina.jar:8.0.28]
	at org.apache.catalina.core.StandardWrapperValve.invoke(StandardWrapperValve.java:217) [catalina.jar:8.0.28]
	at org.apache.catalina.core.StandardContextValve.invoke(StandardContextValve.java:106) [catalina.jar:8.0.28]
	at org.apache.catalina.authenticator.AuthenticatorBase.invoke(AuthenticatorBase.java:502) [catalina.jar:8.0.28]
	at org.apache.catalina.core.StandardHostValve.invoke(StandardHostValve.java:142) [catalina.jar:8.0.28]
	at org.apache.catalina.valves.ErrorReportValve.invoke(ErrorReportValve.java:79) [catalina.jar:8.0.28]
	at org.apache.catalina.valves.AbstractAccessLogValve.invoke(AbstractAccessLogValve.java:616) [catalina.jar:8.0.28]
	at org.apache.catalina.core.StandardEngineValve.invoke(StandardEngineValve.java:88) [catalina.jar:8.0.28]
	at org.apache.catalina.connector.CoyoteAdapter.service(CoyoteAdapter.java:518) [catalina.jar:8.0.28]
	at org.apache.coyote.http11.AbstractHttp11Processor.process(AbstractHttp11Processor.java:1091) [tomcat-coyote.jar:8.0.28]
	at org.apache.coyote.AbstractProtocol$AbstractConnectionHandler.process(AbstractProtocol.java:673) [tomcat-coyote.jar:8.0.28]
	at org.apache.tomcat.util.net.NioEndpoint$SocketProcessor.doRun(NioEndpoint.java:1500) [tomcat-coyote.jar:8.0.28]
	at org.apache.tomcat.util.net.NioEndpoint$SocketProcessor.run(NioEndpoint.java:1456) [tomcat-coyote.jar:8.0.28]
	at java.util.concurrent.ThreadPoolExecutor.runWorker(ThreadPoolExecutor.java:1142) [?:1.8.0_66]
	at java.util.concurrent.ThreadPoolExecutor$Worker.run(ThreadPoolExecutor.java:617) [?:1.8.0_66]
	at org.apache.tomcat.util.threads.TaskThread$WrappingRunnable.run(TaskThread.java:61) [tomcat-util.jar:8.0.28]
	at java.lang.Thread.run(Thread.java:745) [?:1.8.0_66]
Caused by: java.io.IOException: Broken pipe
	at sun.nio.ch.FileDispatcherImpl.write0(Native Method) ~[?:1.8.0_66]
	at sun.nio.ch.SocketDispatcher.write(SocketDispatcher.java:47) ~[?:1.8.0_66]
	at sun.nio.ch.IOUtil.writeFromNativeBuffer(IOUtil.java:93) ~[?:1.8.0_66]
	at sun.nio.ch.IOUtil.write(IOUtil.java:51) ~[?:1.8.0_66]
	at sun.nio.ch.SocketChannelImpl.write(SocketChannelImpl.java:471) ~[?:1.8.0_66]
	at org.apache.tomcat.util.net.SecureNioChannel.write(SecureNioChannel.java:494) ~[tomcat-coyote.jar:8.0.28]
	at org.apache.tomcat.util.net.NioBlockingSelector.write(NioBlockingSelector.java:101) ~[tomcat-coyote.jar:8.0.28]
	at org.apache.tomcat.util.net.NioSelectorPool.write(NioSelectorPool.java:172) ~[tomcat-coyote.jar:8.0.28]
	at org.apache.tomcat.util.net.SecureNioChannel.flush(SecureNioChannel.java:126) ~[tomcat-coyote.jar:8.0.28]
	at org.apache.coyote.http11.InternalNioOutputBuffer.writeToSocket(InternalNioOutputBuffer.java:142) ~[tomcat-coyote.jar:8.0.28]
	at org.apache.coyote.http11.InternalNioOutputBuffer.addToBB(InternalNioOutputBuffer.java:197) ~[tomcat-coyote.jar:8.0.28]
	at org.apache.coyote.http11.InternalNioOutputBuffer.access$000(InternalNioOutputBuffer.java:41) ~[tomcat-coyote.jar:8.0.28]
	at org.apache.coyote.http11.InternalNioOutputBuffer$SocketOutputBuffer.doWrite(InternalNioOutputBuffer.java:320) ~[tomcat-coyote.jar:8.0.28]
	at org.apache.coyote.http11.filters.IdentityOutputFilter.doWrite(IdentityOutputFilter.java:84) ~[tomcat-coyote.jar:8.0.28]
	at org.apache.coyote.http11.AbstractOutputBuffer.doWrite(AbstractOutputBuffer.java:256) ~[tomcat-coyote.jar:8.0.28]
	at org.apache.coyote.Response.doWrite(Response.java:501) ~[tomcat-coyote.jar:8.0.28]
	at org.apache.catalina.connector.OutputBuffer.realWriteBytes(OutputBuffer.java:388) ~[catalina.jar:8.0.28]
	... 88 more
2016-02-16 09:22:40,086   [ERROR] com.fortify.manager.controller.RulepackDistributorController - RulepackUpdateServlet: Error getting rulepacks for download
org.apache.catalina.connector.ClientAbortException: java.io.IOException: Broken pipe
	at org.apache.catalina.connector.OutputBuffer.realWriteBytes(OutputBuffer.java:393) ~[catalina.jar:8.0.28]
	at org.apache.tomcat.util.buf.ByteChunk.append(ByteChunk.java:344) ~[tomcat-util.jar:8.0.28]
	at org.apache.catalina.connector.OutputBuffer.writeBytes(OutputBuffer.java:418) ~[catalina.jar:8.0.28]
	at org.apache.catalina.connector.OutputBuffer.write(OutputBuffer.java:406) ~[catalina.jar:8.0.28]
	at org.apache.catalina.connector.CoyoteOutputStream.write(CoyoteOutputStream.java:97) ~[catalina.jar:8.0.28]
	at org.apache.catalina.connector.CoyoteOutputStream.write(CoyoteOutputStream.java:90) ~[catalina.jar:8.0.28]
	at org.springframework.security.web.context.SaveContextOnUpdateOrErrorResponseWrapper$SaveContextServletOutputStream.write(SaveContextOnUpdateOrErrorResponseWrapper.java:431) ~[spring-security-web-3.1.3.RELEASE.jar:3.1.3.RELEASE]
	at com.fortify.manager.web.util.HttpUtil.writeFileToResponse(HttpUtil.java:27) ~[ssc-web.jar:?]
	at com.fortify.manager.controller.RulepackDistributorController.doWork(RulepackDistributorController.java:73) [ssc-web.jar:?]
	at com.fortify.manager.controller.RulepackDistributorController.handleRequest(RulepackDistributorController.java:40) [ssc-web.jar:?]
	at sun.reflect.GeneratedMethodAccessor2304.invoke(Unknown Source) ~[?:?]
	at sun.reflect.DelegatingMethodAccessorImpl.invoke(DelegatingMethodAccessorImpl.java:43) ~[?:1.8.0_66]
	at java.lang.reflect.Method.invoke(Method.java:497) ~[?:1.8.0_66]
	at org.springframework.web.method.support.InvocableHandlerMethod.invoke(InvocableHandlerMethod.java:215) [spring-web-3.2.10.RELEASE.jar:3.2.10.RELEASE]
	at org.springframework.web.method.support.InvocableHandlerMethod.invokeForRequest(InvocableHandlerMethod.java:132) [spring-web-3.2.10.RELEASE.jar:3.2.10.RELEASE]
	at org.springframework.web.servlet.mvc.method.annotation.ServletInvocableHandlerMethod.invokeAndHandle(ServletInvocableHandlerMethod.java:104) [spring-webmvc-3.2.10.RELEASE.jar:3.2.10.RELEASE]
	at org.springframework.web.servlet.mvc.method.annotation.RequestMappingHandlerAdapter.invokeHandleMethod(RequestMappingHandlerAdapter.java:745) [spring-webmvc-3.2.10.RELEASE.jar:3.2.10.RELEASE]
	at org.springframework.web.servlet.mvc.method.annotation.RequestMappingHandlerAdapter.handleInternal(RequestMappingHandlerAdapter.java:685) [spring-webmvc-3.2.10.RELEASE.jar:3.2.10.RELEASE]
	at org.springframework.web.servlet.mvc.method.AbstractHandlerMethodAdapter.handle(AbstractHandlerMethodAdapter.java:80) [spring-webmvc-3.2.10.RELEASE.jar:3.2.10.RELEASE]
	at org.springframework.web.servlet.DispatcherServlet.doDispatch(DispatcherServlet.java:919) [spring-webmvc-3.2.10.RELEASE.jar:3.2.10.RELEASE]
	at org.springframework.web.servlet.DispatcherServlet.doService(DispatcherServlet.java:851) [spring-webmvc-3.2.10.RELEASE.jar:3.2.10.RELEASE]
	at org.springframework.web.servlet.FrameworkServlet.processRequest(FrameworkServlet.java:953) [spring-webmvc-3.2.10.RELEASE.jar:3.2.10.RELEASE]
	at org.springframework.web.servlet.FrameworkServlet.doPost(FrameworkServlet.java:855) [spring-webmvc-3.2.10.RELEASE.jar:3.2.10.RELEASE]
	at javax.servlet.http.HttpServlet.service(HttpServlet.java:648) [servlet-api.jar:?]
	at org.springframework.web.servlet.FrameworkServlet.service(FrameworkServlet.java:829) [spring-webmvc-3.2.10.RELEASE.jar:3.2.10.RELEASE]
	at javax.servlet.http.HttpServlet.service(HttpServlet.java:729) [servlet-api.jar:?]
	at org.apache.catalina.core.ApplicationFilterChain.internalDoFilter(ApplicationFilterChain.java:291) [catalina.jar:8.0.28]
	at org.apache.catalina.core.ApplicationFilterChain.doFilter(ApplicationFilterChain.java:206) [catalina.jar:8.0.28]
	at org.apache.tomcat.websocket.server.WsFilter.doFilter(WsFilter.java:52) [tomcat-websocket.jar:8.0.28]
	at org.apache.catalina.core.ApplicationFilterChain.internalDoFilter(ApplicationFilterChain.java:239) [catalina.jar:8.0.28]
	at org.apache.catalina.core.ApplicationFilterChain.doFilter(ApplicationFilterChain.java:206) [catalina.jar:8.0.28]
	at org.springframework.security.web.FilterChainProxy$VirtualFilterChain.doFilter(FilterChainProxy.java:330) [spring-security-web-3.1.3.RELEASE.jar:3.1.3.RELEASE]
	at org.springframework.security.web.access.intercept.FilterSecurityInterceptor.invoke(FilterSecurityInterceptor.java:118) [spring-security-web-3.1.3.RELEASE.jar:3.1.3.RELEASE]
	at org.springframework.security.web.access.intercept.FilterSecurityInterceptor.doFilter(FilterSecurityInterceptor.java:84) [spring-security-web-3.1.3.RELEASE.jar:3.1.3.RELEASE]
	at org.springframework.security.web.FilterChainProxy$VirtualFilterChain.doFilter(FilterChainProxy.java:342) [spring-security-web-3.1.3.RELEASE.jar:3.1.3.RELEASE]
	at org.springframework.security.web.access.ExceptionTranslationFilter.doFilter(ExceptionTranslationFilter.java:113) [spring-security-web-3.1.3.RELEASE.jar:3.1.3.RELEASE]
	at org.springframework.security.web.FilterChainProxy$VirtualFilterChain.doFilter(FilterChainProxy.java:342) [spring-security-web-3.1.3.RELEASE.jar:3.1.3.RELEASE]
	at org.springframework.security.web.authentication.AnonymousAuthenticationFilter.doFilter(AnonymousAuthenticationFilter.java:113) [spring-security-web-3.1.3.RELEASE.jar:3.1.3.RELEASE]
	at org.springframework.security.web.FilterChainProxy$VirtualFilterChain.doFilter(FilterChainProxy.java:342) [spring-security-web-3.1.3.RELEASE.jar:3.1.3.RELEASE]
	at org.springframework.security.web.authentication.AbstractAuthenticationProcessingFilter.doFilter(AbstractAuthenticationProcessingFilter.java:183) [spring-security-web-3.1.3.RELEASE.jar:3.1.3.RELEASE]
	at org.springframework.security.web.FilterChainProxy$VirtualFilterChain.doFilter(FilterChainProxy.java:342) [spring-security-web-3.1.3.RELEASE.jar:3.1.3.RELEASE]
	at com.fortify.manager.web.security.auth.FmWebUiAuthenticationMethodSettingFilter.doFilter(FmWebUiAuthenticationMethodSettingFilter.java:19) [ssc-web.jar:?]
	at org.springframework.security.web.FilterChainProxy$VirtualFilterChain.doFilter(FilterChainProxy.java:342) [spring-security-web-3.1.3.RELEASE.jar:3.1.3.RELEASE]
	at com.fortify.manager.web.filters.ChangePasswordFilter.doFilterInternal(ChangePasswordFilter.java:129) [ssc-web.jar:?]
	at org.springframework.web.filter.OncePerRequestFilter.doFilter(OncePerRequestFilter.java:106) [spring-web-3.2.10.RELEASE.jar:3.2.10.RELEASE]
	at org.springframework.security.web.FilterChainProxy$VirtualFilterChain.doFilter(FilterChainProxy.java:342) [spring-security-web-3.1.3.RELEASE.jar:3.1.3.RELEASE]
	at org.springframework.security.web.authentication.AbstractAuthenticationProcessingFilter.doFilter(AbstractAuthenticationProcessingFilter.java:183) [spring-security-web-3.1.3.RELEASE.jar:3.1.3.RELEASE]
	at org.springframework.security.web.FilterChainProxy$VirtualFilterChain.doFilter(FilterChainProxy.java:342) [spring-security-web-3.1.3.RELEASE.jar:3.1.3.RELEASE]
	at com.fortify.manager.web.security.auth.SamlMetadataGeneratorFilter.doFilter(SamlMetadataGeneratorFilter.java:42) [ssc-web.jar:?]
	at org.springframework.security.web.FilterChainProxy$VirtualFilterChain.doFilter(FilterChainProxy.java:342) [spring-security-web-3.1.3.RELEASE.jar:3.1.3.RELEASE]
	at org.springframework.security.web.context.SecurityContextPersistenceFilter.doFilter(SecurityContextPersistenceFilter.java:87) [spring-security-web-3.1.3.RELEASE.jar:3.1.3.RELEASE]
	at org.springframework.security.web.FilterChainProxy$VirtualFilterChain.doFilter(FilterChainProxy.java:342) [spring-security-web-3.1.3.RELEASE.jar:3.1.3.RELEASE]
	at org.springframework.security.web.session.ConcurrentSessionFilter.doFilter(ConcurrentSessionFilter.java:125) [spring-security-web-3.1.3.RELEASE.jar:3.1.3.RELEASE]
	at org.springframework.security.web.FilterChainProxy$VirtualFilterChain.doFilter(FilterChainProxy.java:342) [spring-security-web-3.1.3.RELEASE.jar:3.1.3.RELEASE]
	at org.springframework.security.web.FilterChainProxy.doFilterInternal(FilterChainProxy.java:192) [spring-security-web-3.1.3.RELEASE.jar:3.1.3.RELEASE]
	at org.springframework.security.web.FilterChainProxy.doFilter(FilterChainProxy.java:160) [spring-security-web-3.1.3.RELEASE.jar:3.1.3.RELEASE]
	at org.springframework.web.filter.DelegatingFilterProxy.invokeDelegate(DelegatingFilterProxy.java:343) [spring-web-3.2.10.RELEASE.jar:3.2.10.RELEASE]
	at org.springframework.web.filter.DelegatingFilterProxy.doFilter(DelegatingFilterProxy.java:260) [spring-web-3.2.10.RELEASE.jar:3.2.10.RELEASE]
	at org.apache.catalina.core.ApplicationFilterChain.internalDoFilter(ApplicationFilterChain.java:239) [catalina.jar:8.0.28]
	at org.apache.catalina.core.ApplicationFilterChain.doFilter(ApplicationFilterChain.java:206) [catalina.jar:8.0.28]
	at com.fortify.manager.web.filters.WebRequestFilter.doFilter(WebRequestFilter.java:54) [ssc-web.jar:?]
	at org.apache.catalina.core.ApplicationFilterChain.internalDoFilter(ApplicationFilterChain.java:239) [catalina.jar:8.0.28]
	at org.apache.catalina.core.ApplicationFilterChain.doFilter(ApplicationFilterChain.java:206) [catalina.jar:8.0.28]
	at org.springframework.web.filter.RequestContextFilter.doFilterInternal(RequestContextFilter.java:99) [spring-web-3.2.10.RELEASE.jar:3.2.10.RELEASE]
	at org.springframework.web.filter.OncePerRequestFilter.doFilter(OncePerRequestFilter.java:106) [spring-web-3.2.10.RELEASE.jar:3.2.10.RELEASE]
	at org.apache.catalina.core.ApplicationFilterChain.internalDoFilter(ApplicationFilterChain.java:239) [catalina.jar:8.0.28]
	at org.apache.catalina.core.ApplicationFilterChain.doFilter(ApplicationFilterChain.java:206) [catalina.jar:8.0.28]
	at com.fortify.manager.web.filters.SessionTimeoutFilter.doFilterInternal(SessionTimeoutFilter.java:65) [ssc-web.jar:?]
	at org.springframework.web.filter.OncePerRequestFilter.doFilter(OncePerRequestFilter.java:106) [spring-web-3.2.10.RELEASE.jar:3.2.10.RELEASE]
	at org.springframework.web.filter.DelegatingFilterProxy.invokeDelegate(DelegatingFilterProxy.java:343) [spring-web-3.2.10.RELEASE.jar:3.2.10.RELEASE]
	at org.springframework.web.filter.DelegatingFilterProxy.doFilter(DelegatingFilterProxy.java:260) [spring-web-3.2.10.RELEASE.jar:3.2.10.RELEASE]
	at org.apache.catalina.core.ApplicationFilterChain.internalDoFilter(ApplicationFilterChain.java:239) [catalina.jar:8.0.28]
	at org.apache.catalina.core.ApplicationFilterChain.doFilter(ApplicationFilterChain.java:206) [catalina.jar:8.0.28]
	at org.apache.catalina.core.StandardWrapperValve.invoke(StandardWrapperValve.java:217) [catalina.jar:8.0.28]
	at org.apache.catalina.core.StandardContextValve.invoke(StandardContextValve.java:106) [catalina.jar:8.0.28]
	at org.apache.catalina.authenticator.AuthenticatorBase.invoke(AuthenticatorBase.java:502) [catalina.jar:8.0.28]
	at org.apache.catalina.core.StandardHostValve.invoke(StandardHostValve.java:142) [catalina.jar:8.0.28]
	at org.apache.catalina.valves.ErrorReportValve.invoke(ErrorReportValve.java:79) [catalina.jar:8.0.28]
	at org.apache.catalina.valves.AbstractAccessLogValve.invoke(AbstractAccessLogValve.java:616) [catalina.jar:8.0.28]
	at org.apache.catalina.core.StandardEngineValve.invoke(StandardEngineValve.java:88) [catalina.jar:8.0.28]
	at org.apache.catalina.connector.CoyoteAdapter.service(CoyoteAdapter.java:518) [catalina.jar:8.0.28]
	at org.apache.coyote.http11.AbstractHttp11Processor.process(AbstractHttp11Processor.java:1091) [tomcat-coyote.jar:8.0.28]
	at org.apache.coyote.AbstractProtocol$AbstractConnectionHandler.process(AbstractProtocol.java:673) [tomcat-coyote.jar:8.0.28]
	at org.apache.tomcat.util.net.NioEndpoint$SocketProcessor.doRun(NioEndpoint.java:1500) [tomcat-coyote.jar:8.0.28]
	at org.apache.tomcat.util.net.NioEndpoint$SocketProcessor.run(NioEndpoint.java:1456) [tomcat-coyote.jar:8.0.28]
	at java.util.concurrent.ThreadPoolExecutor.runWorker(ThreadPoolExecutor.java:1142) [?:1.8.0_66]
	at java.util.concurrent.ThreadPoolExecutor$Worker.run(ThreadPoolExecutor.java:617) [?:1.8.0_66]
	at org.apache.tomcat.util.threads.TaskThread$WrappingRunnable.run(TaskThread.java:61) [tomcat-util.jar:8.0.28]
	at java.lang.Thread.run(Thread.java:745) [?:1.8.0_66]
Caused by: java.io.IOException: Broken pipe
	at sun.nio.ch.FileDispatcherImpl.write0(Native Method) ~[?:1.8.0_66]
	at sun.nio.ch.SocketDispatcher.write(SocketDispatcher.java:47) ~[?:1.8.0_66]
	at sun.nio.ch.IOUtil.writeFromNativeBuffer(IOUtil.java:93) ~[?:1.8.0_66]
	at sun.nio.ch.IOUtil.write(IOUtil.java:51) ~[?:1.8.0_66]
	at sun.nio.ch.SocketChannelImpl.write(SocketChannelImpl.java:471) ~[?:1.8.0_66]
	at org.apache.tomcat.util.net.SecureNioChannel.write(SecureNioChannel.java:494) ~[tomcat-coyote.jar:8.0.28]
	at org.apache.tomcat.util.net.NioBlockingSelector.write(NioBlockingSelector.java:101) ~[tomcat-coyote.jar:8.0.28]
	at org.apache.tomcat.util.net.NioSelectorPool.write(NioSelectorPool.java:172) ~[tomcat-coyote.jar:8.0.28]
	at org.apache.tomcat.util.net.SecureNioChannel.flush(SecureNioChannel.java:126) ~[tomcat-coyote.jar:8.0.28]
	at org.apache.coyote.http11.InternalNioOutputBuffer.writeToSocket(InternalNioOutputBuffer.java:142) ~[tomcat-coyote.jar:8.0.28]
	at org.apache.coyote.http11.InternalNioOutputBuffer.addToBB(InternalNioOutputBuffer.java:197) ~[tomcat-coyote.jar:8.0.28]
	at org.apache.coyote.http11.InternalNioOutputBuffer.access$000(InternalNioOutputBuffer.java:41) ~[tomcat-coyote.jar:8.0.28]
	at org.apache.coyote.http11.InternalNioOutputBuffer$SocketOutputBuffer.doWrite(InternalNioOutputBuffer.java:320) ~[tomcat-coyote.jar:8.0.28]
	at org.apache.coyote.http11.filters.IdentityOutputFilter.doWrite(IdentityOutputFilter.java:84) ~[tomcat-coyote.jar:8.0.28]
	at org.apache.coyote.http11.AbstractOutputBuffer.doWrite(AbstractOutputBuffer.java:256) ~[tomcat-coyote.jar:8.0.28]
	at org.apache.coyote.Response.doWrite(Response.java:501) ~[tomcat-coyote.jar:8.0.28]
	at org.apache.catalina.connector.OutputBuffer.realWriteBytes(OutputBuffer.java:388) ~[catalina.jar:8.0.28]
	... 88 more
2016-02-16 09:22:40,086   [ERROR] com.fortify.manager.controller.RulepackDistributorController - RulepackUpdateServlet: Error getting rulepacks for download
org.apache.catalina.connector.ClientAbortException: java.io.IOException: Broken pipe
	at org.apache.catalina.connector.OutputBuffer.realWriteBytes(OutputBuffer.java:393) ~[catalina.jar:8.0.28]
	at org.apache.tomcat.util.buf.ByteChunk.append(ByteChunk.java:344) ~[tomcat-util.jar:8.0.28]
	at org.apache.catalina.connector.OutputBuffer.writeBytes(OutputBuffer.java:418) ~[catalina.jar:8.0.28]
	at org.apache.catalina.connector.OutputBuffer.write(OutputBuffer.java:406) ~[catalina.jar:8.0.28]
	at org.apache.catalina.connector.CoyoteOutputStream.write(CoyoteOutputStream.java:97) ~[catalina.jar:8.0.28]
	at org.apache.catalina.connector.CoyoteOutputStream.write(CoyoteOutputStream.java:90) ~[catalina.jar:8.0.28]
	at org.springframework.security.web.context.SaveContextOnUpdateOrErrorResponseWrapper$SaveContextServletOutputStream.write(SaveContextOnUpdateOrErrorResponseWrapper.java:431) ~[spring-security-web-3.1.3.RELEASE.jar:3.1.3.RELEASE]
	at com.fortify.manager.web.util.HttpUtil.writeFileToResponse(HttpUtil.java:27) ~[ssc-web.jar:?]
	at com.fortify.manager.controller.RulepackDistributorController.doWork(RulepackDistributorController.java:73) [ssc-web.jar:?]
	at com.fortify.manager.controller.RulepackDistributorController.handleRequest(RulepackDistributorController.java:40) [ssc-web.jar:?]
	at sun.reflect.GeneratedMethodAccessor2304.invoke(Unknown Source) ~[?:?]
	at sun.reflect.DelegatingMethodAccessorImpl.invoke(DelegatingMethodAccessorImpl.java:43) ~[?:1.8.0_66]
	at java.lang.reflect.Method.invoke(Method.java:497) ~[?:1.8.0_66]
	at org.springframework.web.method.support.InvocableHandlerMethod.invoke(InvocableHandlerMethod.java:215) [spring-web-3.2.10.RELEASE.jar:3.2.10.RELEASE]
	at org.springframework.web.method.support.InvocableHandlerMethod.invokeForRequest(InvocableHandlerMethod.java:132) [spring-web-3.2.10.RELEASE.jar:3.2.10.RELEASE]
	at org.springframework.web.servlet.mvc.method.annotation.ServletInvocableHandlerMethod.invokeAndHandle(ServletInvocableHandlerMethod.java:104) [spring-webmvc-3.2.10.RELEASE.jar:3.2.10.RELEASE]
	at org.springframework.web.servlet.mvc.method.annotation.RequestMappingHandlerAdapter.invokeHandleMethod(RequestMappingHandlerAdapter.java:745) [spring-webmvc-3.2.10.RELEASE.jar:3.2.10.RELEASE]
	at org.springframework.web.servlet.mvc.method.annotation.RequestMappingHandlerAdapter.handleInternal(RequestMappingHandlerAdapter.java:685) [spring-webmvc-3.2.10.RELEASE.jar:3.2.10.RELEASE]
	at org.springframework.web.servlet.mvc.method.AbstractHandlerMethodAdapter.handle(AbstractHandlerMethodAdapter.java:80) [spring-webmvc-3.2.10.RELEASE.jar:3.2.10.RELEASE]
	at org.springframework.web.servlet.DispatcherServlet.doDispatch(DispatcherServlet.java:919) [spring-webmvc-3.2.10.RELEASE.jar:3.2.10.RELEASE]
	at org.springframework.web.servlet.DispatcherServlet.doService(DispatcherServlet.java:851) [spring-webmvc-3.2.10.RELEASE.jar:3.2.10.RELEASE]
	at org.springframework.web.servlet.FrameworkServlet.processRequest(FrameworkServlet.java:953) [spring-webmvc-3.2.10.RELEASE.jar:3.2.10.RELEASE]
	at org.springframework.web.servlet.FrameworkServlet.doPost(FrameworkServlet.java:855) [spring-webmvc-3.2.10.RELEASE.jar:3.2.10.RELEASE]
	at javax.servlet.http.HttpServlet.service(HttpServlet.java:648) [servlet-api.jar:?]
	at org.springframework.web.servlet.FrameworkServlet.service(FrameworkServlet.java:829) [spring-webmvc-3.2.10.RELEASE.jar:3.2.10.RELEASE]
	at javax.servlet.http.HttpServlet.service(HttpServlet.java:729) [servlet-api.jar:?]
	at org.apache.catalina.core.ApplicationFilterChain.internalDoFilter(ApplicationFilterChain.java:291) [catalina.jar:8.0.28]
	at org.apache.catalina.core.ApplicationFilterChain.doFilter(ApplicationFilterChain.java:206) [catalina.jar:8.0.28]
	at org.apache.tomcat.websocket.server.WsFilter.doFilter(WsFilter.java:52) [tomcat-websocket.jar:8.0.28]
	at org.apache.catalina.core.ApplicationFilterChain.internalDoFilter(ApplicationFilterChain.java:239) [catalina.jar:8.0.28]
	at org.apache.catalina.core.ApplicationFilterChain.doFilter(ApplicationFilterChain.java:206) [catalina.jar:8.0.28]
	at org.springframework.security.web.FilterChainProxy$VirtualFilterChain.doFilter(FilterChainProxy.java:330) [spring-security-web-3.1.3.RELEASE.jar:3.1.3.RELEASE]
	at org.springframework.security.web.access.intercept.FilterSecurityInterceptor.invoke(FilterSecurityInterceptor.java:118) [spring-security-web-3.1.3.RELEASE.jar:3.1.3.RELEASE]
	at org.springframework.security.web.access.intercept.FilterSecurityInterceptor.doFilter(FilterSecurityInterceptor.java:84) [spring-security-web-3.1.3.RELEASE.jar:3.1.3.RELEASE]
	at org.springframework.security.web.FilterChainProxy$VirtualFilterChain.doFilter(FilterChainProxy.java:342) [spring-security-web-3.1.3.RELEASE.jar:3.1.3.RELEASE]
	at org.springframework.security.web.access.ExceptionTranslationFilter.doFilter(ExceptionTranslationFilter.java:113) [spring-security-web-3.1.3.RELEASE.jar:3.1.3.RELEASE]
	at org.springframework.security.web.FilterChainProxy$VirtualFilterChain.doFilter(FilterChainProxy.java:342) [spring-security-web-3.1.3.RELEASE.jar:3.1.3.RELEASE]
	at org.springframework.security.web.authentication.AnonymousAuthenticationFilter.doFilter(AnonymousAuthenticationFilter.java:113) [spring-security-web-3.1.3.RELEASE.jar:3.1.3.RELEASE]
	at org.springframework.security.web.FilterChainProxy$VirtualFilterChain.doFilter(FilterChainProxy.java:342) [spring-security-web-3.1.3.RELEASE.jar:3.1.3.RELEASE]
	at org.springframework.security.web.authentication.AbstractAuthenticationProcessingFilter.doFilter(AbstractAuthenticationProcessingFilter.java:183) [spring-security-web-3.1.3.RELEASE.jar:3.1.3.RELEASE]
	at org.springframework.security.web.FilterChainProxy$VirtualFilterChain.doFilter(FilterChainProxy.java:342) [spring-security-web-3.1.3.RELEASE.jar:3.1.3.RELEASE]
	at com.fortify.manager.web.security.auth.FmWebUiAuthenticationMethodSettingFilter.doFilter(FmWebUiAuthenticationMethodSettingFilter.java:19) [ssc-web.jar:?]
	at org.springframework.security.web.FilterChainProxy$VirtualFilterChain.doFilter(FilterChainProxy.java:342) [spring-security-web-3.1.3.RELEASE.jar:3.1.3.RELEASE]
	at com.fortify.manager.web.filters.ChangePasswordFilter.doFilterInternal(ChangePasswordFilter.java:129) [ssc-web.jar:?]
	at org.springframework.web.filter.OncePerRequestFilter.doFilter(OncePerRequestFilter.java:106) [spring-web-3.2.10.RELEASE.jar:3.2.10.RELEASE]
	at org.springframework.security.web.FilterChainProxy$VirtualFilterChain.doFilter(FilterChainProxy.java:342) [spring-security-web-3.1.3.RELEASE.jar:3.1.3.RELEASE]
	at org.springframework.security.web.authentication.AbstractAuthenticationProcessingFilter.doFilter(AbstractAuthenticationProcessingFilter.java:183) [spring-security-web-3.1.3.RELEASE.jar:3.1.3.RELEASE]
	at org.springframework.security.web.FilterChainProxy$VirtualFilterChain.doFilter(FilterChainProxy.java:342) [spring-security-web-3.1.3.RELEASE.jar:3.1.3.RELEASE]
	at com.fortify.manager.web.security.auth.SamlMetadataGeneratorFilter.doFilter(SamlMetadataGeneratorFilter.java:42) [ssc-web.jar:?]
	at org.springframework.security.web.FilterChainProxy$VirtualFilterChain.doFilter(FilterChainProxy.java:342) [spring-security-web-3.1.3.RELEASE.jar:3.1.3.RELEASE]
	at org.springframework.security.web.context.SecurityContextPersistenceFilter.doFilter(SecurityContextPersistenceFilter.java:87) [spring-security-web-3.1.3.RELEASE.jar:3.1.3.RELEASE]
	at org.springframework.security.web.FilterChainProxy$VirtualFilterChain.doFilter(FilterChainProxy.java:342) [spring-security-web-3.1.3.RELEASE.jar:3.1.3.RELEASE]
	at org.springframework.security.web.session.ConcurrentSessionFilter.doFilter(ConcurrentSessionFilter.java:125) [spring-security-web-3.1.3.RELEASE.jar:3.1.3.RELEASE]
	at org.springframework.security.web.FilterChainProxy$VirtualFilterChain.doFilter(FilterChainProxy.java:342) [spring-security-web-3.1.3.RELEASE.jar:3.1.3.RELEASE]
	at org.springframework.security.web.FilterChainProxy.doFilterInternal(FilterChainProxy.java:192) [spring-security-web-3.1.3.RELEASE.jar:3.1.3.RELEASE]
	at org.springframework.security.web.FilterChainProxy.doFilter(FilterChainProxy.java:160) [spring-security-web-3.1.3.RELEASE.jar:3.1.3.RELEASE]
	at org.springframework.web.filter.DelegatingFilterProxy.invokeDelegate(DelegatingFilterProxy.java:343) [spring-web-3.2.10.RELEASE.jar:3.2.10.RELEASE]
	at org.springframework.web.filter.DelegatingFilterProxy.doFilter(DelegatingFilterProxy.java:260) [spring-web-3.2.10.RELEASE.jar:3.2.10.RELEASE]
	at org.apache.catalina.core.ApplicationFilterChain.internalDoFilter(ApplicationFilterChain.java:239) [catalina.jar:8.0.28]
	at org.apache.catalina.core.ApplicationFilterChain.doFilter(ApplicationFilterChain.java:206) [catalina.jar:8.0.28]
	at com.fortify.manager.web.filters.WebRequestFilter.doFilter(WebRequestFilter.java:54) [ssc-web.jar:?]
	at org.apache.catalina.core.ApplicationFilterChain.internalDoFilter(ApplicationFilterChain.java:239) [catalina.jar:8.0.28]
	at org.apache.catalina.core.ApplicationFilterChain.doFilter(ApplicationFilterChain.java:206) [catalina.jar:8.0.28]
	at org.springframework.web.filter.RequestContextFilter.doFilterInternal(RequestContextFilter.java:99) [spring-web-3.2.10.RELEASE.jar:3.2.10.RELEASE]
	at org.springframework.web.filter.OncePerRequestFilter.doFilter(OncePerRequestFilter.java:106) [spring-web-3.2.10.RELEASE.jar:3.2.10.RELEASE]
	at org.apache.catalina.core.ApplicationFilterChain.internalDoFilter(ApplicationFilterChain.java:239) [catalina.jar:8.0.28]
	at org.apache.catalina.core.ApplicationFilterChain.doFilter(ApplicationFilterChain.java:206) [catalina.jar:8.0.28]
	at com.fortify.manager.web.filters.SessionTimeoutFilter.doFilterInternal(SessionTimeoutFilter.java:65) [ssc-web.jar:?]
	at org.springframework.web.filter.OncePerRequestFilter.doFilter(OncePerRequestFilter.java:106) [spring-web-3.2.10.RELEASE.jar:3.2.10.RELEASE]
	at org.springframework.web.filter.DelegatingFilterProxy.invokeDelegate(DelegatingFilterProxy.java:343) [spring-web-3.2.10.RELEASE.jar:3.2.10.RELEASE]
	at org.springframework.web.filter.DelegatingFilterProxy.doFilter(DelegatingFilterProxy.java:260) [spring-web-3.2.10.RELEASE.jar:3.2.10.RELEASE]
	at org.apache.catalina.core.ApplicationFilterChain.internalDoFilter(ApplicationFilterChain.java:239) [catalina.jar:8.0.28]
	at org.apache.catalina.core.ApplicationFilterChain.doFilter(ApplicationFilterChain.java:206) [catalina.jar:8.0.28]
	at org.apache.catalina.core.StandardWrapperValve.invoke(StandardWrapperValve.java:217) [catalina.jar:8.0.28]
	at org.apache.catalina.core.StandardContextValve.invoke(StandardContextValve.java:106) [catalina.jar:8.0.28]
	at org.apache.catalina.authenticator.AuthenticatorBase.invoke(AuthenticatorBase.java:502) [catalina.jar:8.0.28]
	at org.apache.catalina.core.StandardHostValve.invoke(StandardHostValve.java:142) [catalina.jar:8.0.28]
	at org.apache.catalina.valves.ErrorReportValve.invoke(ErrorReportValve.java:79) [catalina.jar:8.0.28]
	at org.apache.catalina.valves.AbstractAccessLogValve.invoke(AbstractAccessLogValve.java:616) [catalina.jar:8.0.28]
	at org.apache.catalina.core.StandardEngineValve.invoke(StandardEngineValve.java:88) [catalina.jar:8.0.28]
	at org.apache.catalina.connector.CoyoteAdapter.service(CoyoteAdapter.java:518) [catalina.jar:8.0.28]
	at org.apache.coyote.http11.AbstractHttp11Processor.process(AbstractHttp11Processor.java:1091) [tomcat-coyote.jar:8.0.28]
	at org.apache.coyote.AbstractProtocol$AbstractConnectionHandler.process(AbstractProtocol.java:673) [tomcat-coyote.jar:8.0.28]
	at org.apache.tomcat.util.net.NioEndpoint$SocketProcessor.doRun(NioEndpoint.java:1500) [tomcat-coyote.jar:8.0.28]
	at org.apache.tomcat.util.net.NioEndpoint$SocketProcessor.run(NioEndpoint.java:1456) [tomcat-coyote.jar:8.0.28]
	at java.util.concurrent.ThreadPoolExecutor.runWorker(ThreadPoolExecutor.java:1142) [?:1.8.0_66]
	at java.util.concurrent.ThreadPoolExecutor$Worker.run(ThreadPoolExecutor.java:617) [?:1.8.0_66]
	at org.apache.tomcat.util.threads.TaskThread$WrappingRunnable.run(TaskThread.java:61) [tomcat-util.jar:8.0.28]
	at java.lang.Thread.run(Thread.java:745) [?:1.8.0_66]
Caused by: java.io.IOException: Broken pipe
	at sun.nio.ch.FileDispatcherImpl.write0(Native Method) ~[?:1.8.0_66]
	at sun.nio.ch.SocketDispatcher.write(SocketDispatcher.java:47) ~[?:1.8.0_66]
	at sun.nio.ch.IOUtil.writeFromNativeBuffer(IOUtil.java:93) ~[?:1.8.0_66]
	at sun.nio.ch.IOUtil.write(IOUtil.java:51) ~[?:1.8.0_66]
	at sun.nio.ch.SocketChannelImpl.write(SocketChannelImpl.java:471) ~[?:1.8.0_66]
	at org.apache.tomcat.util.net.SecureNioChannel.write(SecureNioChannel.java:494) ~[tomcat-coyote.jar:8.0.28]
	at org.apache.tomcat.util.net.NioBlockingSelector.write(NioBlockingSelector.java:101) ~[tomcat-coyote.jar:8.0.28]
	at org.apache.tomcat.util.net.NioSelectorPool.write(NioSelectorPool.java:172) ~[tomcat-coyote.jar:8.0.28]
	at org.apache.tomcat.util.net.SecureNioChannel.flush(SecureNioChannel.java:126) ~[tomcat-coyote.jar:8.0.28]
	at org.apache.coyote.http11.InternalNioOutputBuffer.writeToSocket(InternalNioOutputBuffer.java:142) ~[tomcat-coyote.jar:8.0.28]
	at org.apache.coyote.http11.InternalNioOutputBuffer.addToBB(InternalNioOutputBuffer.java:197) ~[tomcat-coyote.jar:8.0.28]
	at org.apache.coyote.http11.InternalNioOutputBuffer.access$000(InternalNioOutputBuffer.java:41) ~[tomcat-coyote.jar:8.0.28]
	at org.apache.coyote.http11.InternalNioOutputBuffer$SocketOutputBuffer.doWrite(InternalNioOutputBuffer.java:320) ~[tomcat-coyote.jar:8.0.28]
	at org.apache.coyote.http11.filters.IdentityOutputFilter.doWrite(IdentityOutputFilter.java:84) ~[tomcat-coyote.jar:8.0.28]
	at org.apache.coyote.http11.AbstractOutputBuffer.doWrite(AbstractOutputBuffer.java:256) ~[tomcat-coyote.jar:8.0.28]
	at org.apache.coyote.Response.doWrite(Response.java:501) ~[tomcat-coyote.jar:8.0.28]
	at org.apache.catalina.connector.OutputBuffer.realWriteBytes(OutputBuffer.java:388) ~[catalina.jar:8.0.28]
	... 88 more
2016-02-16 09:22:40,097   [ERROR] org.apache.catalina.core.ContainerBase.[Catalina].[localhost].[/ssc].[controller] - Servlet.service() for servlet [controller] in context with path [&#x2F;ssc] threw exception [Request processing failed; nested exception is java.lang.IllegalStateException: Cannot call sendError() after the response has been committed] with root cause
java.lang.IllegalStateException: Cannot call sendError() after the response has been committed
	at org.apache.catalina.connector.ResponseFacade.sendError(ResponseFacade.java:462) ~[catalina.jar:8.0.28]
	at javax.servlet.http.HttpServletResponseWrapper.sendError(HttpServletResponseWrapper.java:120) ~[servlet-api.jar:?]
	at javax.servlet.http.HttpServletResponseWrapper.sendError(HttpServletResponseWrapper.java:120) ~[servlet-api.jar:?]
	at org.springframework.security.web.context.SaveContextOnUpdateOrErrorResponseWrapper.sendError(SaveContextOnUpdateOrErrorResponseWrapper.java:81) ~[spring-security-web-3.1.3.RELEASE.jar:3.1.3.RELEASE]
	at com.fortify.manager.controller.RulepackDistributorController.handleRequest(RulepackDistributorController.java:44) ~[ssc-web.jar:?]
	at sun.reflect.GeneratedMethodAccessor2304.invoke(Unknown Source) ~[?:?]
	at sun.reflect.DelegatingMethodAccessorImpl.invoke(DelegatingMethodAccessorImpl.java:43) ~[?:1.8.0_66]
	at java.lang.reflect.Method.invoke(Method.java:497) ~[?:1.8.0_66]
	at org.springframework.web.method.support.InvocableHandlerMethod.invoke(InvocableHandlerMethod.java:215) ~[spring-web-3.2.10.RELEASE.jar:3.2.10.RELEASE]
	at org.springframework.web.method.support.InvocableHandlerMethod.invokeForRequest(InvocableHandlerMethod.java:132) ~[spring-web-3.2.10.RELEASE.jar:3.2.10.RELEASE]
	at org.springframework.web.servlet.mvc.method.annotation.ServletInvocableHandlerMethod.invokeAndHandle(ServletInvocableHandlerMethod.java:104) ~[spring-webmvc-3.2.10.RELEASE.jar:3.2.10.RELEASE]
	at org.springframework.web.servlet.mvc.method.annotation.RequestMappingHandlerAdapter.invokeHandleMethod(RequestMappingHandlerAdapter.java:745) ~[spring-webmvc-3.2.10.RELEASE.jar:3.2.10.RELEASE]
	at org.springframework.web.servlet.mvc.method.annotation.RequestMappingHandlerAdapter.handleInternal(RequestMappingHandlerAdapter.java:685) ~[spring-webmvc-3.2.10.RELEASE.jar:3.2.10.RELEASE]
	at org.springframework.web.servlet.mvc.method.AbstractHandlerMethodAdapter.handle(AbstractHandlerMethodAdapter.java:80) ~[spring-webmvc-3.2.10.RELEASE.jar:3.2.10.RELEASE]
	at org.springframework.web.servlet.DispatcherServlet.doDispatch(DispatcherServlet.java:919) ~[spring-webmvc-3.2.10.RELEASE.jar:3.2.10.RELEASE]
	at org.springframework.web.servlet.DispatcherServlet.doService(DispatcherServlet.java:851) ~[spring-webmvc-3.2.10.RELEASE.jar:3.2.10.RELEASE]
	at org.springframework.web.servlet.FrameworkServlet.processRequest(FrameworkServlet.java:953) ~[spring-webmvc-3.2.10.RELEASE.jar:3.2.10.RELEASE]
	at org.springframework.web.servlet.FrameworkServlet.doPost(FrameworkServlet.java:855) ~[spring-webmvc-3.2.10.RELEASE.jar:3.2.10.RELEASE]
	at javax.servlet.http.HttpServlet.service(HttpServlet.java:648) ~[servlet-api.jar:?]
	at org.springframework.web.servlet.FrameworkServlet.service(FrameworkServlet.java:829) ~[spring-webmvc-3.2.10.RELEASE.jar:3.2.10.RELEASE]
	at javax.servlet.http.HttpServlet.service(HttpServlet.java:729) ~[servlet-api.jar:?]
	at org.apache.catalina.core.ApplicationFilterChain.internalDoFilter(ApplicationFilterChain.java:291) ~[catalina.jar:8.0.28]
	at org.apache.catalina.core.ApplicationFilterChain.doFilter(ApplicationFilterChain.java:206) ~[catalina.jar:8.0.28]
	at org.apache.tomcat.websocket.server.WsFilter.doFilter(WsFilter.java:52) ~[tomcat-websocket.jar:8.0.28]
	at org.apache.catalina.core.ApplicationFilterChain.internalDoFilter(ApplicationFilterChain.java:239) ~[catalina.jar:8.0.28]
	at org.apache.catalina.core.ApplicationFilterChain.doFilter(ApplicationFilterChain.java:206) ~[catalina.jar:8.0.28]
	at org.springframework.security.web.FilterChainProxy$VirtualFilterChain.doFilter(FilterChainProxy.java:330) ~[spring-security-web-3.1.3.RELEASE.jar:3.1.3.RELEASE]
	at org.springframework.security.web.access.intercept.FilterSecurityInterceptor.invoke(FilterSecurityInterceptor.java:118) ~[spring-security-web-3.1.3.RELEASE.jar:3.1.3.RELEASE]
	at org.springframework.security.web.access.intercept.FilterSecurityInterceptor.doFilter(FilterSecurityInterceptor.java:84) ~[spring-security-web-3.1.3.RELEASE.jar:3.1.3.RELEASE]
	at org.springframework.security.web.FilterChainProxy$VirtualFilterChain.doFilter(FilterChainProxy.java:342) ~[spring-security-web-3.1.3.RELEASE.jar:3.1.3.RELEASE]
	at org.springframework.security.web.access.ExceptionTranslationFilter.doFilter(ExceptionTranslationFilter.java:113) ~[spring-security-web-3.1.3.RELEASE.jar:3.1.3.RELEASE]
	at org.springframework.security.web.FilterChainProxy$VirtualFilterChain.doFilter(FilterChainProxy.java:342) ~[spring-security-web-3.1.3.RELEASE.jar:3.1.3.RELEASE]
	at org.springframework.security.web.authentication.AnonymousAuthenticationFilter.doFilter(AnonymousAuthenticationFilter.java:113) ~[spring-security-web-3.1.3.RELEASE.jar:3.1.3.RELEASE]
	at org.springframework.security.web.FilterChainProxy$VirtualFilterChain.doFilter(FilterChainProxy.java:342) ~[spring-security-web-3.1.3.RELEASE.jar:3.1.3.RELEASE]
	at org.springframework.security.web.authentication.AbstractAuthenticationProcessingFilter.doFilter(AbstractAuthenticationProcessingFilter.java:183) ~[spring-security-web-3.1.3.RELEASE.jar:3.1.3.RELEASE]
	at org.springframework.security.web.FilterChainProxy$VirtualFilterChain.doFilter(FilterChainProxy.java:342) ~[spring-security-web-3.1.3.RELEASE.jar:3.1.3.RELEASE]
	at com.fortify.manager.web.security.auth.FmWebUiAuthenticationMethodSettingFilter.doFilter(FmWebUiAuthenticationMethodSettingFilter.java:19) ~[ssc-web.jar:?]
	at org.springframework.security.web.FilterChainProxy$VirtualFilterChain.doFilter(FilterChainProxy.java:342) ~[spring-security-web-3.1.3.RELEASE.jar:3.1.3.RELEASE]
	at com.fortify.manager.web.filters.ChangePasswordFilter.doFilterInternal(ChangePasswordFilter.java:129) ~[ssc-web.jar:?]
	at org.springframework.web.filter.OncePerRequestFilter.doFilter(OncePerRequestFilter.java:106) ~[spring-web-3.2.10.RELEASE.jar:3.2.10.RELEASE]
	at org.springframework.security.web.FilterChainProxy$VirtualFilterChain.doFilter(FilterChainProxy.java:342) ~[spring-security-web-3.1.3.RELEASE.jar:3.1.3.RELEASE]
	at org.springframework.security.web.authentication.AbstractAuthenticationProcessingFilter.doFilter(AbstractAuthenticationProcessingFilter.java:183) ~[spring-security-web-3.1.3.RELEASE.jar:3.1.3.RELEASE]
	at org.springframework.security.web.FilterChainProxy$VirtualFilterChain.doFilter(FilterChainProxy.java:342) ~[spring-security-web-3.1.3.RELEASE.jar:3.1.3.RELEASE]
	at com.fortify.manager.web.security.auth.SamlMetadataGeneratorFilter.doFilter(SamlMetadataGeneratorFilter.java:42) ~[ssc-web.jar:?]
	at org.springframework.security.web.FilterChainProxy$VirtualFilterChain.doFilter(FilterChainProxy.java:342) ~[spring-security-web-3.1.3.RELEASE.jar:3.1.3.RELEASE]
	at org.springframework.security.web.context.SecurityContextPersistenceFilter.doFilter(SecurityContextPersistenceFilter.java:87) ~[spring-security-web-3.1.3.RELEASE.jar:3.1.3.RELEASE]
	at org.springframework.security.web.FilterChainProxy$VirtualFilterChain.doFilter(FilterChainProxy.java:342) ~[spring-security-web-3.1.3.RELEASE.jar:3.1.3.RELEASE]
	at org.springframework.security.web.session.ConcurrentSessionFilter.doFilter(ConcurrentSessionFilter.java:125) ~[spring-security-web-3.1.3.RELEASE.jar:3.1.3.RELEASE]
	at org.springframework.security.web.FilterChainProxy$VirtualFilterChain.doFilter(FilterChainProxy.java:342) ~[spring-security-web-3.1.3.RELEASE.jar:3.1.3.RELEASE]
	at org.springframework.security.web.FilterChainProxy.doFilterInternal(FilterChainProxy.java:192) ~[spring-security-web-3.1.3.RELEASE.jar:3.1.3.RELEASE]
	at org.springframework.security.web.FilterChainProxy.doFilter(FilterChainProxy.java:160) ~[spring-security-web-3.1.3.RELEASE.jar:3.1.3.RELEASE]
	at org.springframework.web.filter.DelegatingFilterProxy.invokeDelegate(DelegatingFilterProxy.java:343) ~[spring-web-3.2.10.RELEASE.jar:3.2.10.RELEASE]
	at org.springframework.web.filter.DelegatingFilterProxy.doFilter(DelegatingFilterProxy.java:260) ~[spring-web-3.2.10.RELEASE.jar:3.2.10.RELEASE]
	at org.apache.catalina.core.ApplicationFilterChain.internalDoFilter(ApplicationFilterChain.java:239) ~[catalina.jar:8.0.28]
	at org.apache.catalina.core.ApplicationFilterChain.doFilter(ApplicationFilterChain.java:206) ~[catalina.jar:8.0.28]
	at com.fortify.manager.web.filters.WebRequestFilter.doFilter(WebRequestFilter.java:54) ~[ssc-web.jar:?]
	at org.apache.catalina.core.ApplicationFilterChain.internalDoFilter(ApplicationFilterChain.java:239) ~[catalina.jar:8.0.28]
	at org.apache.catalina.core.ApplicationFilterChain.doFilter(ApplicationFilterChain.java:206) ~[catalina.jar:8.0.28]
	at org.springframework.web.filter.RequestContextFilter.doFilterInternal(RequestContextFilter.java:99) ~[spring-web-3.2.10.RELEASE.jar:3.2.10.RELEASE]
	at org.springframework.web.filter.OncePerRequestFilter.doFilter(OncePerRequestFilter.java:106) ~[spring-web-3.2.10.RELEASE.jar:3.2.10.RELEASE]
	at org.apache.catalina.core.ApplicationFilterChain.internalDoFilter(ApplicationFilterChain.java:239) ~[catalina.jar:8.0.28]
	at org.apache.catalina.core.ApplicationFilterChain.doFilter(ApplicationFilterChain.java:206) ~[catalina.jar:8.0.28]
	at com.fortify.manager.web.filters.SessionTimeoutFilter.doFilterInternal(SessionTimeoutFilter.java:65) ~[ssc-web.jar:?]
	at org.springframework.web.filter.OncePerRequestFilter.doFilter(OncePerRequestFilter.java:106) ~[spring-web-3.2.10.RELEASE.jar:3.2.10.RELEASE]
	at org.springframework.web.filter.DelegatingFilterProxy.invokeDelegate(DelegatingFilterProxy.java:343) ~[spring-web-3.2.10.RELEASE.jar:3.2.10.RELEASE]
	at org.springframework.web.filter.DelegatingFilterProxy.doFilter(DelegatingFilterProxy.java:260) ~[spring-web-3.2.10.RELEASE.jar:3.2.10.RELEASE]
	at org.apache.catalina.core.ApplicationFilterChain.internalDoFilter(ApplicationFilterChain.java:239) ~[catalina.jar:8.0.28]
	at org.apache.catalina.core.ApplicationFilterChain.doFilter(ApplicationFilterChain.java:206) ~[catalina.jar:8.0.28]
	at org.apache.catalina.core.StandardWrapperValve.invoke(StandardWrapperValve.java:217) [catalina.jar:8.0.28]
	at org.apache.catalina.core.StandardContextValve.invoke(StandardContextValve.java:106) [catalina.jar:8.0.28]
	at org.apache.catalina.authenticator.AuthenticatorBase.invoke(AuthenticatorBase.java:502) [catalina.jar:8.0.28]
	at org.apache.catalina.core.StandardHostValve.invoke(StandardHostValve.java:142) [catalina.jar:8.0.28]
	at org.apache.catalina.valves.ErrorReportValve.invoke(ErrorReportValve.java:79) [catalina.jar:8.0.28]
	at org.apache.catalina.valves.AbstractAccessLogValve.invoke(AbstractAccessLogValve.java:616) [catalina.jar:8.0.28]
	at org.apache.catalina.core.StandardEngineValve.invoke(StandardEngineValve.java:88) [catalina.jar:8.0.28]
	at org.apache.catalina.connector.CoyoteAdapter.service(CoyoteAdapter.java:518) [catalina.jar:8.0.28]
	at org.apache.coyote.http11.AbstractHttp11Processor.process(AbstractHttp11Processor.java:1091) [tomcat-coyote.jar:8.0.28]
	at org.apache.coyote.AbstractProtocol$AbstractConnectionHandler.process(AbstractProtocol.java:673) [tomcat-coyote.jar:8.0.28]
	at org.apache.tomcat.util.net.NioEndpoint$SocketProcessor.doRun(NioEndpoint.java:1500) [tomcat-coyote.jar:8.0.28]
	at org.apache.tomcat.util.net.NioEndpoint$SocketProcessor.run(NioEndpoint.java:1456) [tomcat-coyote.jar:8.0.28]
	at java.util.concurrent.ThreadPoolExecutor.runWorker(ThreadPoolExecutor.java:1142) [?:1.8.0_66]
	at java.util.concurrent.ThreadPoolExecutor$Worker.run(ThreadPoolExecutor.java:617) [?:1.8.0_66]
	at org.apache.tomcat.util.threads.TaskThread$WrappingRunnable.run(TaskThread.java:61) [tomcat-util.jar:8.0.28]
	at java.lang.Thread.run(Thread.java:745) [?:1.8.0_66]
2016-02-16 09:22:40,097   [ERROR] org.apache.catalina.core.ContainerBase.[Catalina].[localhost].[/ssc].[controller] - Servlet.service() for servlet [controller] in context with path [&#x2F;ssc] threw exception [Request processing failed; nested exception is java.lang.IllegalStateException: Cannot call sendError() after the response has been committed] with root cause
java.lang.IllegalStateException: Cannot call sendError() after the response has been committed
	at org.apache.catalina.connector.ResponseFacade.sendError(ResponseFacade.java:462) ~[catalina.jar:8.0.28]
	at javax.servlet.http.HttpServletResponseWrapper.sendError(HttpServletResponseWrapper.java:120) ~[servlet-api.jar:?]
	at javax.servlet.http.HttpServletResponseWrapper.sendError(HttpServletResponseWrapper.java:120) ~[servlet-api.jar:?]
	at org.springframework.security.web.context.SaveContextOnUpdateOrErrorResponseWrapper.sendError(SaveContextOnUpdateOrErrorResponseWrapper.java:81) ~[spring-security-web-3.1.3.RELEASE.jar:3.1.3.RELEASE]
	at com.fortify.manager.controller.RulepackDistributorController.handleRequest(RulepackDistributorController.java:44) ~[ssc-web.jar:?]
	at sun.reflect.GeneratedMethodAccessor2304.invoke(Unknown Source) ~[?:?]
	at sun.reflect.DelegatingMethodAccessorImpl.invoke(DelegatingMethodAccessorImpl.java:43) ~[?:1.8.0_66]
	at java.lang.reflect.Method.invoke(Method.java:497) ~[?:1.8.0_66]
	at org.springframework.web.method.support.InvocableHandlerMethod.invoke(InvocableHandlerMethod.java:215) ~[spring-web-3.2.10.RELEASE.jar:3.2.10.RELEASE]
	at org.springframework.web.method.support.InvocableHandlerMethod.invokeForRequest(InvocableHandlerMethod.java:132) ~[spring-web-3.2.10.RELEASE.jar:3.2.10.RELEASE]
	at org.springframework.web.servlet.mvc.method.annotation.ServletInvocableHandlerMethod.invokeAndHandle(ServletInvocableHandlerMethod.java:104) ~[spring-webmvc-3.2.10.RELEASE.jar:3.2.10.RELEASE]
	at org.springframework.web.servlet.mvc.method.annotation.RequestMappingHandlerAdapter.invokeHandleMethod(RequestMappingHandlerAdapter.java:745) ~[spring-webmvc-3.2.10.RELEASE.jar:3.2.10.RELEASE]
	at org.springframework.web.servlet.mvc.method.annotation.RequestMappingHandlerAdapter.handleInternal(RequestMappingHandlerAdapter.java:685) ~[spring-webmvc-3.2.10.RELEASE.jar:3.2.10.RELEASE]
	at org.springframework.web.servlet.mvc.method.AbstractHandlerMethodAdapter.handle(AbstractHandlerMethodAdapter.java:80) ~[spring-webmvc-3.2.10.RELEASE.jar:3.2.10.RELEASE]
	at org.springframework.web.servlet.DispatcherServlet.doDispatch(DispatcherServlet.java:919) ~[spring-webmvc-3.2.10.RELEASE.jar:3.2.10.RELEASE]
	at org.springframework.web.servlet.DispatcherServlet.doService(DispatcherServlet.java:851) ~[spring-webmvc-3.2.10.RELEASE.jar:3.2.10.RELEASE]
	at org.springframework.web.servlet.FrameworkServlet.processRequest(FrameworkServlet.java:953) ~[spring-webmvc-3.2.10.RELEASE.jar:3.2.10.RELEASE]
	at org.springframework.web.servlet.FrameworkServlet.doPost(FrameworkServlet.java:855) ~[spring-webmvc-3.2.10.RELEASE.jar:3.2.10.RELEASE]
	at javax.servlet.http.HttpServlet.service(HttpServlet.java:648) ~[servlet-api.jar:?]
	at org.springframework.web.servlet.FrameworkServlet.service(FrameworkServlet.java:829) ~[spring-webmvc-3.2.10.RELEASE.jar:3.2.10.RELEASE]
	at javax.servlet.http.HttpServlet.service(HttpServlet.java:729) ~[servlet-api.jar:?]
	at org.apache.catalina.core.ApplicationFilterChain.internalDoFilter(ApplicationFilterChain.java:291) ~[catalina.jar:8.0.28]
	at org.apache.catalina.core.ApplicationFilterChain.doFilter(ApplicationFilterChain.java:206) ~[catalina.jar:8.0.28]
	at org.apache.tomcat.websocket.server.WsFilter.doFilter(WsFilter.java:52) ~[tomcat-websocket.jar:8.0.28]
	at org.apache.catalina.core.ApplicationFilterChain.internalDoFilter(ApplicationFilterChain.java:239) ~[catalina.jar:8.0.28]
	at org.apache.catalina.core.ApplicationFilterChain.doFilter(ApplicationFilterChain.java:206) ~[catalina.jar:8.0.28]
	at org.springframework.security.web.FilterChainProxy$VirtualFilterChain.doFilter(FilterChainProxy.java:330) ~[spring-security-web-3.1.3.RELEASE.jar:3.1.3.RELEASE]
	at org.springframework.security.web.access.intercept.FilterSecurityInterceptor.invoke(FilterSecurityInterceptor.java:118) ~[spring-security-web-3.1.3.RELEASE.jar:3.1.3.RELEASE]
	at org.springframework.security.web.access.intercept.FilterSecurityInterceptor.doFilter(FilterSecurityInterceptor.java:84) ~[spring-security-web-3.1.3.RELEASE.jar:3.1.3.RELEASE]
	at org.springframework.security.web.FilterChainProxy$VirtualFilterChain.doFilter(FilterChainProxy.java:342) ~[spring-security-web-3.1.3.RELEASE.jar:3.1.3.RELEASE]
	at org.springframework.security.web.access.ExceptionTranslationFilter.doFilter(ExceptionTranslationFilter.java:113) ~[spring-security-web-3.1.3.RELEASE.jar:3.1.3.RELEASE]
	at org.springframework.security.web.FilterChainProxy$VirtualFilterChain.doFilter(FilterChainProxy.java:342) ~[spring-security-web-3.1.3.RELEASE.jar:3.1.3.RELEASE]
	at org.springframework.security.web.authentication.AnonymousAuthenticationFilter.doFilter(AnonymousAuthenticationFilter.java:113) ~[spring-security-web-3.1.3.RELEASE.jar:3.1.3.RELEASE]
	at org.springframework.security.web.FilterChainProxy$VirtualFilterChain.doFilter(FilterChainProxy.java:342) ~[spring-security-web-3.1.3.RELEASE.jar:3.1.3.RELEASE]
	at org.springframework.security.web.authentication.AbstractAuthenticationProcessingFilter.doFilter(AbstractAuthenticationProcessingFilter.java:183) ~[spring-security-web-3.1.3.RELEASE.jar:3.1.3.RELEASE]
	at org.springframework.security.web.FilterChainProxy$VirtualFilterChain.doFilter(FilterChainProxy.java:342) ~[spring-security-web-3.1.3.RELEASE.jar:3.1.3.RELEASE]
	at com.fortify.manager.web.security.auth.FmWebUiAuthenticationMethodSettingFilter.doFilter(FmWebUiAuthenticationMethodSettingFilter.java:19) ~[ssc-web.jar:?]
	at org.springframework.security.web.FilterChainProxy$VirtualFilterChain.doFilter(FilterChainProxy.java:342) ~[spring-security-web-3.1.3.RELEASE.jar:3.1.3.RELEASE]
	at com.fortify.manager.web.filters.ChangePasswordFilter.doFilterInternal(ChangePasswordFilter.java:129) ~[ssc-web.jar:?]
	at org.springframework.web.filter.OncePerRequestFilter.doFilter(OncePerRequestFilter.java:106) ~[spring-web-3.2.10.RELEASE.jar:3.2.10.RELEASE]
	at org.springframework.security.web.FilterChainProxy$VirtualFilterChain.doFilter(FilterChainProxy.java:342) ~[spring-security-web-3.1.3.RELEASE.jar:3.1.3.RELEASE]
	at org.springframework.security.web.authentication.AbstractAuthenticationProcessingFilter.doFilter(AbstractAuthenticationProcessingFilter.java:183) ~[spring-security-web-3.1.3.RELEASE.jar:3.1.3.RELEASE]
	at org.springframework.security.web.FilterChainProxy$VirtualFilterChain.doFilter(FilterChainProxy.java:342) ~[spring-security-web-3.1.3.RELEASE.jar:3.1.3.RELEASE]
	at com.fortify.manager.web.security.auth.SamlMetadataGeneratorFilter.doFilter(SamlMetadataGeneratorFilter.java:42) ~[ssc-web.jar:?]
	at org.springframework.security.web.FilterChainProxy$VirtualFilterChain.doFilter(FilterChainProxy.java:342) ~[spring-security-web-3.1.3.RELEASE.jar:3.1.3.RELEASE]
	at org.springframework.security.web.context.SecurityContextPersistenceFilter.doFilter(SecurityContextPersistenceFilter.java:87) ~[spring-security-web-3.1.3.RELEASE.jar:3.1.3.RELEASE]
	at org.springframework.security.web.FilterChainProxy$VirtualFilterChain.doFilter(FilterChainProxy.java:342) ~[spring-security-web-3.1.3.RELEASE.jar:3.1.3.RELEASE]
	at org.springframework.security.web.session.ConcurrentSessionFilter.doFilter(ConcurrentSessionFilter.java:125) ~[spring-security-web-3.1.3.RELEASE.jar:3.1.3.RELEASE]
	at org.springframework.security.web.FilterChainProxy$VirtualFilterChain.doFilter(FilterChainProxy.java:342) ~[spring-security-web-3.1.3.RELEASE.jar:3.1.3.RELEASE]
	at org.springframework.security.web.FilterChainProxy.doFilterInternal(FilterChainProxy.java:192) ~[spring-security-web-3.1.3.RELEASE.jar:3.1.3.RELEASE]
	at org.springframework.security.web.FilterChainProxy.doFilter(FilterChainProxy.java:160) ~[spring-security-web-3.1.3.RELEASE.jar:3.1.3.RELEASE]
	at org.springframework.web.filter.DelegatingFilterProxy.invokeDelegate(DelegatingFilterProxy.java:343) ~[spring-web-3.2.10.RELEASE.jar:3.2.10.RELEASE]
	at org.springframework.web.filter.DelegatingFilterProxy.doFilter(DelegatingFilterProxy.java:260) ~[spring-web-3.2.10.RELEASE.jar:3.2.10.RELEASE]
	at org.apache.catalina.core.ApplicationFilterChain.internalDoFilter(ApplicationFilterChain.java:239) ~[catalina.jar:8.0.28]
	at org.apache.catalina.core.ApplicationFilterChain.doFilter(ApplicationFilterChain.java:206) ~[catalina.jar:8.0.28]
	at com.fortify.manager.web.filters.WebRequestFilter.doFilter(WebRequestFilter.java:54) ~[ssc-web.jar:?]
	at org.apache.catalina.core.ApplicationFilterChain.internalDoFilter(ApplicationFilterChain.java:239) ~[catalina.jar:8.0.28]
	at org.apache.catalina.core.ApplicationFilterChain.doFilter(ApplicationFilterChain.java:206) ~[catalina.jar:8.0.28]
	at org.springframework.web.filter.RequestContextFilter.doFilterInternal(RequestContextFilter.java:99) ~[spring-web-3.2.10.RELEASE.jar:3.2.10.RELEASE]
	at org.springframework.web.filter.OncePerRequestFilter.doFilter(OncePerRequestFilter.java:106) ~[spring-web-3.2.10.RELEASE.jar:3.2.10.RELEASE]
	at org.apache.catalina.core.ApplicationFilterChain.internalDoFilter(ApplicationFilterChain.java:239) ~[catalina.jar:8.0.28]
	at org.apache.catalina.core.ApplicationFilterChain.doFilter(ApplicationFilterChain.java:206) ~[catalina.jar:8.0.28]
	at com.fortify.manager.web.filters.SessionTimeoutFilter.doFilterInternal(SessionTimeoutFilter.java:65) ~[ssc-web.jar:?]
	at org.springframework.web.filter.OncePerRequestFilter.doFilter(OncePerRequestFilter.java:106) ~[spring-web-3.2.10.RELEASE.jar:3.2.10.RELEASE]
	at org.springframework.web.filter.DelegatingFilterProxy.invokeDelegate(DelegatingFilterProxy.java:343) ~[spring-web-3.2.10.RELEASE.jar:3.2.10.RELEASE]
	at org.springframework.web.filter.DelegatingFilterProxy.doFilter(DelegatingFilterProxy.java:260) ~[spring-web-3.2.10.RELEASE.jar:3.2.10.RELEASE]
	at org.apache.catalina.core.ApplicationFilterChain.internalDoFilter(ApplicationFilterChain.java:239) ~[catalina.jar:8.0.28]
	at org.apache.catalina.core.ApplicationFilterChain.doFilter(ApplicationFilterChain.java:206) ~[catalina.jar:8.0.28]
	at org.apache.catalina.core.StandardWrapperValve.invoke(StandardWrapperValve.java:217) [catalina.jar:8.0.28]
	at org.apache.catalina.core.StandardContextValve.invoke(StandardContextValve.java:106) [catalina.jar:8.0.28]
	at org.apache.catalina.authenticator.AuthenticatorBase.invoke(AuthenticatorBase.java:502) [catalina.jar:8.0.28]
	at org.apache.catalina.core.StandardHostValve.invoke(StandardHostValve.java:142) [catalina.jar:8.0.28]
	at org.apache.catalina.valves.ErrorReportValve.invoke(ErrorReportValve.java:79) [catalina.jar:8.0.28]
	at org.apache.catalina.valves.AbstractAccessLogValve.invoke(AbstractAccessLogValve.java:616) [catalina.jar:8.0.28]
	at org.apache.catalina.core.StandardEngineValve.invoke(StandardEngineValve.java:88) [catalina.jar:8.0.28]
	at org.apache.catalina.connector.CoyoteAdapter.service(CoyoteAdapter.java:518) [catalina.jar:8.0.28]
	at org.apache.coyote.http11.AbstractHttp11Processor.process(AbstractHttp11Processor.java:1091) [tomcat-coyote.jar:8.0.28]
	at org.apache.coyote.AbstractProtocol$AbstractConnectionHandler.process(AbstractProtocol.java:673) [tomcat-coyote.jar:8.0.28]
	at org.apache.tomcat.util.net.NioEndpoint$SocketProcessor.doRun(NioEndpoint.java:1500) [tomcat-coyote.jar:8.0.28]
	at org.apache.tomcat.util.net.NioEndpoint$SocketProcessor.run(NioEndpoint.java:1456) [tomcat-coyote.jar:8.0.28]
	at java.util.concurrent.ThreadPoolExecutor.runWorker(ThreadPoolExecutor.java:1142) [?:1.8.0_66]
	at java.util.concurrent.ThreadPoolExecutor$Worker.run(ThreadPoolExecutor.java:617) [?:1.8.0_66]
	at org.apache.tomcat.util.threads.TaskThread$WrappingRunnable.run(TaskThread.java:61) [tomcat-util.jar:8.0.28]
	at java.lang.Thread.run(Thread.java:745) [?:1.8.0_66]
2016-02-16 09:22:40,109   [ERROR] org.apache.catalina.core.ContainerBase.[Catalina].[localhost].[/ssc].[jsp] - Servlet.service() for servlet jsp threw exception
java.lang.IllegalStateException: Cannot create a session after the response has been committed
	at org.apache.catalina.connector.Request.doGetSession(Request.java:2886) ~[catalina.jar:8.0.28]
	at org.apache.catalina.connector.Request.getSession(Request.java:2256) ~[catalina.jar:8.0.28]
	at org.apache.catalina.connector.RequestFacade.getSession(RequestFacade.java:895) ~[catalina.jar:8.0.28]
	at javax.servlet.http.HttpServletRequestWrapper.getSession(HttpServletRequestWrapper.java:231) ~[servlet-api.jar:?]
	at org.apache.catalina.core.ApplicationHttpRequest.getSession(ApplicationHttpRequest.java:568) ~[catalina.jar:8.0.28]
	at org.apache.catalina.core.ApplicationHttpRequest.getSession(ApplicationHttpRequest.java:513) ~[catalina.jar:8.0.28]
	at org.apache.jasper.runtime.PageContextImpl.initialize(PageContextImpl.java:137) ~[jasper.jar:8.0.28]
	at org.apache.jasper.runtime.JspFactoryImpl.internalGetPageContext(JspFactoryImpl.java:109) ~[jasper.jar:8.0.28]
	at org.apache.jasper.runtime.JspFactoryImpl.getPageContext(JspFactoryImpl.java:60) ~[jasper.jar:8.0.28]
	at org.apache.jsp.error_jsp._jspService(error_jsp.java:125) ~[?:?]
	at org.apache.jasper.runtime.HttpJspBase.service(HttpJspBase.java:70) ~[jasper.jar:8.0.28]
	at javax.servlet.http.HttpServlet.service(HttpServlet.java:729) ~[servlet-api.jar:?]
	at org.apache.jasper.servlet.JspServletWrapper.service(JspServletWrapper.java:438) ~[jasper.jar:8.0.28]
	at org.apache.jasper.servlet.JspServlet.serviceJspFile(JspServlet.java:396) ~[jasper.jar:8.0.28]
	at org.apache.jasper.servlet.JspServlet.service(JspServlet.java:340) ~[jasper.jar:8.0.28]
	at javax.servlet.http.HttpServlet.service(HttpServlet.java:729) ~[servlet-api.jar:?]
	at org.apache.catalina.core.ApplicationFilterChain.internalDoFilter(ApplicationFilterChain.java:291) ~[catalina.jar:8.0.28]
	at org.apache.catalina.core.ApplicationFilterChain.doFilter(ApplicationFilterChain.java:206) ~[catalina.jar:8.0.28]
	at org.apache.catalina.core.ApplicationDispatcher.invoke(ApplicationDispatcher.java:720) [catalina.jar:8.0.28]
	at org.apache.catalina.core.ApplicationDispatcher.doInclude(ApplicationDispatcher.java:584) [catalina.jar:8.0.28]
	at org.apache.catalina.core.ApplicationDispatcher.include(ApplicationDispatcher.java:523) [catalina.jar:8.0.28]
	at org.apache.catalina.core.StandardHostValve.custom(StandardHostValve.java:433) [catalina.jar:8.0.28]
	at org.apache.catalina.core.StandardHostValve.throwable(StandardHostValve.java:382) [catalina.jar:8.0.28]
	at org.apache.catalina.core.StandardHostValve.invoke(StandardHostValve.java:180) [catalina.jar:8.0.28]
	at org.apache.catalina.valves.ErrorReportValve.invoke(ErrorReportValve.java:79) [catalina.jar:8.0.28]
	at org.apache.catalina.valves.AbstractAccessLogValve.invoke(AbstractAccessLogValve.java:616) [catalina.jar:8.0.28]
	at org.apache.catalina.core.StandardEngineValve.invoke(StandardEngineValve.java:88) [catalina.jar:8.0.28]
	at org.apache.catalina.connector.CoyoteAdapter.service(CoyoteAdapter.java:518) [catalina.jar:8.0.28]
	at org.apache.coyote.http11.AbstractHttp11Processor.process(AbstractHttp11Processor.java:1091) [tomcat-coyote.jar:8.0.28]
	at org.apache.coyote.AbstractProtocol$AbstractConnectionHandler.process(AbstractProtocol.java:673) [tomcat-coyote.jar:8.0.28]
	at org.apache.tomcat.util.net.NioEndpoint$SocketProcessor.doRun(NioEndpoint.java:1500) [tomcat-coyote.jar:8.0.28]
	at org.apache.tomcat.util.net.NioEndpoint$SocketProcessor.run(NioEndpoint.java:1456) [tomcat-coyote.jar:8.0.28]
	at java.util.concurrent.ThreadPoolExecutor.runWorker(ThreadPoolExecutor.java:1142) [?:1.8.0_66]
	at java.util.concurrent.ThreadPoolExecutor$Worker.run(ThreadPoolExecutor.java:617) [?:1.8.0_66]
	at org.apache.tomcat.util.threads.TaskThread$WrappingRunnable.run(TaskThread.java:61) [tomcat-util.jar:8.0.28]
	at java.lang.Thread.run(Thread.java:745) [?:1.8.0_66]
2016-02-16 09:22:40,110   [ERROR] org.apache.catalina.core.ContainerBase.[Catalina].[localhost].[/ssc].[jsp] - Servlet.service() for servlet jsp threw exception
java.lang.IllegalStateException: Cannot create a session after the response has been committed
	at org.apache.catalina.connector.Request.doGetSession(Request.java:2886) ~[catalina.jar:8.0.28]
	at org.apache.catalina.connector.Request.getSession(Request.java:2256) ~[catalina.jar:8.0.28]
	at org.apache.catalina.connector.RequestFacade.getSession(RequestFacade.java:895) ~[catalina.jar:8.0.28]
	at javax.servlet.http.HttpServletRequestWrapper.getSession(HttpServletRequestWrapper.java:231) ~[servlet-api.jar:?]
	at org.apache.catalina.core.ApplicationHttpRequest.getSession(ApplicationHttpRequest.java:568) ~[catalina.jar:8.0.28]
	at org.apache.catalina.core.ApplicationHttpRequest.getSession(ApplicationHttpRequest.java:513) ~[catalina.jar:8.0.28]
	at org.apache.jasper.runtime.PageContextImpl.initialize(PageContextImpl.java:137) ~[jasper.jar:8.0.28]
	at org.apache.jasper.runtime.JspFactoryImpl.internalGetPageContext(JspFactoryImpl.java:109) ~[jasper.jar:8.0.28]
	at org.apache.jasper.runtime.JspFactoryImpl.getPageContext(JspFactoryImpl.java:60) ~[jasper.jar:8.0.28]
	at org.apache.jsp.error_jsp._jspService(error_jsp.java:125) ~[?:?]
	at org.apache.jasper.runtime.HttpJspBase.service(HttpJspBase.java:70) ~[jasper.jar:8.0.28]
	at javax.servlet.http.HttpServlet.service(HttpServlet.java:729) ~[servlet-api.jar:?]
	at org.apache.jasper.servlet.JspServletWrapper.service(JspServletWrapper.java:438) ~[jasper.jar:8.0.28]
	at org.apache.jasper.servlet.JspServlet.serviceJspFile(JspServlet.java:396) ~[jasper.jar:8.0.28]
	at org.apache.jasper.servlet.JspServlet.service(JspServlet.java:340) ~[jasper.jar:8.0.28]
	at javax.servlet.http.HttpServlet.service(HttpServlet.java:729) ~[servlet-api.jar:?]
	at org.apache.catalina.core.ApplicationFilterChain.internalDoFilter(ApplicationFilterChain.java:291) ~[catalina.jar:8.0.28]
	at org.apache.catalina.core.ApplicationFilterChain.doFilter(ApplicationFilterChain.java:206) ~[catalina.jar:8.0.28]
	at org.apache.catalina.core.ApplicationDispatcher.invoke(ApplicationDispatcher.java:720) [catalina.jar:8.0.28]
	at org.apache.catalina.core.ApplicationDispatcher.doInclude(ApplicationDispatcher.java:584) [catalina.jar:8.0.28]
	at org.apache.catalina.core.ApplicationDispatcher.include(ApplicationDispatcher.java:523) [catalina.jar:8.0.28]
	at org.apache.catalina.core.StandardHostValve.custom(StandardHostValve.java:433) [catalina.jar:8.0.28]
	at org.apache.catalina.core.StandardHostValve.throwable(StandardHostValve.java:382) [catalina.jar:8.0.28]
	at org.apache.catalina.core.StandardHostValve.invoke(StandardHostValve.java:180) [catalina.jar:8.0.28]
	at org.apache.catalina.valves.ErrorReportValve.invoke(ErrorReportValve.java:79) [catalina.jar:8.0.28]
	at org.apache.catalina.valves.AbstractAccessLogValve.invoke(AbstractAccessLogValve.java:616) [catalina.jar:8.0.28]
	at org.apache.catalina.core.StandardEngineValve.invoke(StandardEngineValve.java:88) [catalina.jar:8.0.28]
	at org.apache.catalina.connector.CoyoteAdapter.service(CoyoteAdapter.java:518) [catalina.jar:8.0.28]
	at org.apache.coyote.http11.AbstractHttp11Processor.process(AbstractHttp11Processor.java:1091) [tomcat-coyote.jar:8.0.28]
	at org.apache.coyote.AbstractProtocol$AbstractConnectionHandler.process(AbstractProtocol.java:673) [tomcat-coyote.jar:8.0.28]
	at org.apache.tomcat.util.net.NioEndpoint$SocketProcessor.doRun(NioEndpoint.java:1500) [tomcat-coyote.jar:8.0.28]
	at org.apache.tomcat.util.net.NioEndpoint$SocketProcessor.run(NioEndpoint.java:1456) [tomcat-coyote.jar:8.0.28]
	at java.util.concurrent.ThreadPoolExecutor.runWorker(ThreadPoolExecutor.java:1142) [?:1.8.0_66]
	at java.util.concurrent.ThreadPoolExecutor$Worker.run(ThreadPoolExecutor.java:617) [?:1.8.0_66]
	at org.apache.tomcat.util.threads.TaskThread$WrappingRunnable.run(TaskThread.java:61) [tomcat-util.jar:8.0.28]
	at java.lang.Thread.run(Thread.java:745) [?:1.8.0_66]
2016-02-16 09:22:40,097   [ERROR] org.apache.catalina.core.ContainerBase.[Catalina].[localhost].[/ssc].[controller] - Servlet.service() for servlet [controller] in context with path [&#x2F;ssc] threw exception [Request processing failed; nested exception is java.lang.IllegalStateException: Cannot call sendError() after the response has been committed] with root cause
java.lang.IllegalStateException: Cannot call sendError() after the response has been committed
	at org.apache.catalina.connector.ResponseFacade.sendError(ResponseFacade.java:462) ~[catalina.jar:8.0.28]
	at javax.servlet.http.HttpServletResponseWrapper.sendError(HttpServletResponseWrapper.java:120) ~[servlet-api.jar:?]
	at javax.servlet.http.HttpServletResponseWrapper.sendError(HttpServletResponseWrapper.java:120) ~[servlet-api.jar:?]
	at org.springframework.security.web.context.SaveContextOnUpdateOrErrorResponseWrapper.sendError(SaveContextOnUpdateOrErrorResponseWrapper.java:81) ~[spring-security-web-3.1.3.RELEASE.jar:3.1.3.RELEASE]
	at com.fortify.manager.controller.RulepackDistributorController.handleRequest(RulepackDistributorController.java:44) ~[ssc-web.jar:?]
	at sun.reflect.GeneratedMethodAccessor2304.invoke(Unknown Source) ~[?:?]
	at sun.reflect.DelegatingMethodAccessorImpl.invoke(DelegatingMethodAccessorImpl.java:43) ~[?:1.8.0_66]
	at java.lang.reflect.Method.invoke(Method.java:497) ~[?:1.8.0_66]
	at org.springframework.web.method.support.InvocableHandlerMethod.invoke(InvocableHandlerMethod.java:215) ~[spring-web-3.2.10.RELEASE.jar:3.2.10.RELEASE]
	at org.springframework.web.method.support.InvocableHandlerMethod.invokeForRequest(InvocableHandlerMethod.java:132) ~[spring-web-3.2.10.RELEASE.jar:3.2.10.RELEASE]
	at org.springframework.web.servlet.mvc.method.annotation.ServletInvocableHandlerMethod.invokeAndHandle(ServletInvocableHandlerMethod.java:104) ~[spring-webmvc-3.2.10.RELEASE.jar:3.2.10.RELEASE]
	at org.springframework.web.servlet.mvc.method.annotation.RequestMappingHandlerAdapter.invokeHandleMethod(RequestMappingHandlerAdapter.java:745) ~[spring-webmvc-3.2.10.RELEASE.jar:3.2.10.RELEASE]
	at org.springframework.web.servlet.mvc.method.annotation.RequestMappingHandlerAdapter.handleInternal(RequestMappingHandlerAdapter.java:685) ~[spring-webmvc-3.2.10.RELEASE.jar:3.2.10.RELEASE]
	at org.springframework.web.servlet.mvc.method.AbstractHandlerMethodAdapter.handle(AbstractHandlerMethodAdapter.java:80) ~[spring-webmvc-3.2.10.RELEASE.jar:3.2.10.RELEASE]
	at org.springframework.web.servlet.DispatcherServlet.doDispatch(DispatcherServlet.java:919) ~[spring-webmvc-3.2.10.RELEASE.jar:3.2.10.RELEASE]
	at org.springframework.web.servlet.DispatcherServlet.doService(DispatcherServlet.java:851) ~[spring-webmvc-3.2.10.RELEASE.jar:3.2.10.RELEASE]
	at org.springframework.web.servlet.FrameworkServlet.processRequest(FrameworkServlet.java:953) ~[spring-webmvc-3.2.10.RELEASE.jar:3.2.10.RELEASE]
	at org.springframework.web.servlet.FrameworkServlet.doPost(FrameworkServlet.java:855) ~[spring-webmvc-3.2.10.RELEASE.jar:3.2.10.RELEASE]
	at javax.servlet.http.HttpServlet.service(HttpServlet.java:648) ~[servlet-api.jar:?]
	at org.springframework.web.servlet.FrameworkServlet.service(FrameworkServlet.java:829) ~[spring-webmvc-3.2.10.RELEASE.jar:3.2.10.RELEASE]
	at javax.servlet.http.HttpServlet.service(HttpServlet.java:729) ~[servlet-api.jar:?]
	at org.apache.catalina.core.ApplicationFilterChain.internalDoFilter(ApplicationFilterChain.java:291) ~[catalina.jar:8.0.28]
	at org.apache.catalina.core.ApplicationFilterChain.doFilter(ApplicationFilterChain.java:206) ~[catalina.jar:8.0.28]
	at org.apache.tomcat.websocket.server.WsFilter.doFilter(WsFilter.java:52) ~[tomcat-websocket.jar:8.0.28]
	at org.apache.catalina.core.ApplicationFilterChain.internalDoFilter(ApplicationFilterChain.java:239) ~[catalina.jar:8.0.28]
	at org.apache.catalina.core.ApplicationFilterChain.doFilter(ApplicationFilterChain.java:206) ~[catalina.jar:8.0.28]
	at org.springframework.security.web.FilterChainProxy$VirtualFilterChain.doFilter(FilterChainProxy.java:330) ~[spring-security-web-3.1.3.RELEASE.jar:3.1.3.RELEASE]
	at org.springframework.security.web.access.intercept.FilterSecurityInterceptor.invoke(FilterSecurityInterceptor.java:118) ~[spring-security-web-3.1.3.RELEASE.jar:3.1.3.RELEASE]
	at org.springframework.security.web.access.intercept.FilterSecurityInterceptor.doFilter(FilterSecurityInterceptor.java:84) ~[spring-security-web-3.1.3.RELEASE.jar:3.1.3.RELEASE]
	at org.springframework.security.web.FilterChainProxy$VirtualFilterChain.doFilter(FilterChainProxy.java:342) ~[spring-security-web-3.1.3.RELEASE.jar:3.1.3.RELEASE]
	at org.springframework.security.web.access.ExceptionTranslationFilter.doFilter(ExceptionTranslationFilter.java:113) ~[spring-security-web-3.1.3.RELEASE.jar:3.1.3.RELEASE]
	at org.springframework.security.web.FilterChainProxy$VirtualFilterChain.doFilter(FilterChainProxy.java:342) ~[spring-security-web-3.1.3.RELEASE.jar:3.1.3.RELEASE]
	at org.springframework.security.web.authentication.AnonymousAuthenticationFilter.doFilter(AnonymousAuthenticationFilter.java:113) ~[spring-security-web-3.1.3.RELEASE.jar:3.1.3.RELEASE]
	at org.springframework.security.web.FilterChainProxy$VirtualFilterChain.doFilter(FilterChainProxy.java:342) ~[spring-security-web-3.1.3.RELEASE.jar:3.1.3.RELEASE]
	at org.springframework.security.web.authentication.AbstractAuthenticationProcessingFilter.doFilter(AbstractAuthenticationProcessingFilter.java:183) ~[spring-security-web-3.1.3.RELEASE.jar:3.1.3.RELEASE]
	at org.springframework.security.web.FilterChainProxy$VirtualFilterChain.doFilter(FilterChainProxy.java:342) ~[spring-security-web-3.1.3.RELEASE.jar:3.1.3.RELEASE]
	at com.fortify.manager.web.security.auth.FmWebUiAuthenticationMethodSettingFilter.doFilter(FmWebUiAuthenticationMethodSettingFilter.java:19) ~[ssc-web.jar:?]
	at org.springframework.security.web.FilterChainProxy$VirtualFilterChain.doFilter(FilterChainProxy.java:342) ~[spring-security-web-3.1.3.RELEASE.jar:3.1.3.RELEASE]
	at com.fortify.manager.web.filters.ChangePasswordFilter.doFilterInternal(ChangePasswordFilter.java:129) ~[ssc-web.jar:?]
	at org.springframework.web.filter.OncePerRequestFilter.doFilter(OncePerRequestFilter.java:106) ~[spring-web-3.2.10.RELEASE.jar:3.2.10.RELEASE]
	at org.springframework.security.web.FilterChainProxy$VirtualFilterChain.doFilter(FilterChainProxy.java:342) ~[spring-security-web-3.1.3.RELEASE.jar:3.1.3.RELEASE]
	at org.springframework.security.web.authentication.AbstractAuthenticationProcessingFilter.doFilter(AbstractAuthenticationProcessingFilter.java:183) ~[spring-security-web-3.1.3.RELEASE.jar:3.1.3.RELEASE]
	at org.springframework.security.web.FilterChainProxy$VirtualFilterChain.doFilter(FilterChainProxy.java:342) ~[spring-security-web-3.1.3.RELEASE.jar:3.1.3.RELEASE]
	at com.fortify.manager.web.security.auth.SamlMetadataGeneratorFilter.doFilter(SamlMetadataGeneratorFilter.java:42) ~[ssc-web.jar:?]
	at org.springframework.security.web.FilterChainProxy$VirtualFilterChain.doFilter(FilterChainProxy.java:342) ~[spring-security-web-3.1.3.RELEASE.jar:3.1.3.RELEASE]
	at org.springframework.security.web.context.SecurityContextPersistenceFilter.doFilter(SecurityContextPersistenceFilter.java:87) ~[spring-security-web-3.1.3.RELEASE.jar:3.1.3.RELEASE]
	at org.springframework.security.web.FilterChainProxy$VirtualFilterChain.doFilter(FilterChainProxy.java:342) ~[spring-security-web-3.1.3.RELEASE.jar:3.1.3.RELEASE]
	at org.springframework.security.web.session.ConcurrentSessionFilter.doFilter(ConcurrentSessionFilter.java:125) ~[spring-security-web-3.1.3.RELEASE.jar:3.1.3.RELEASE]
	at org.springframework.security.web.FilterChainProxy$VirtualFilterChain.doFilter(FilterChainProxy.java:342) ~[spring-security-web-3.1.3.RELEASE.jar:3.1.3.RELEASE]
	at org.springframework.security.web.FilterChainProxy.doFilterInternal(FilterChainProxy.java:192) ~[spring-security-web-3.1.3.RELEASE.jar:3.1.3.RELEASE]
	at org.springframework.security.web.FilterChainProxy.doFilter(FilterChainProxy.java:160) ~[spring-security-web-3.1.3.RELEASE.jar:3.1.3.RELEASE]
	at org.springframework.web.filter.DelegatingFilterProxy.invokeDelegate(DelegatingFilterProxy.java:343) ~[spring-web-3.2.10.RELEASE.jar:3.2.10.RELEASE]
	at org.springframework.web.filter.DelegatingFilterProxy.doFilter(DelegatingFilterProxy.java:260) ~[spring-web-3.2.10.RELEASE.jar:3.2.10.RELEASE]
	at org.apache.catalina.core.ApplicationFilterChain.internalDoFilter(ApplicationFilterChain.java:239) ~[catalina.jar:8.0.28]
	at org.apache.catalina.core.ApplicationFilterChain.doFilter(ApplicationFilterChain.java:206) ~[catalina.jar:8.0.28]
	at com.fortify.manager.web.filters.WebRequestFilter.doFilter(WebRequestFilter.java:54) ~[ssc-web.jar:?]
	at org.apache.catalina.core.ApplicationFilterChain.internalDoFilter(ApplicationFilterChain.java:239) ~[catalina.jar:8.0.28]
	at org.apache.catalina.core.ApplicationFilterChain.doFilter(ApplicationFilterChain.java:206) ~[catalina.jar:8.0.28]
	at org.springframework.web.filter.RequestContextFilter.doFilterInternal(RequestContextFilter.java:99) ~[spring-web-3.2.10.RELEASE.jar:3.2.10.RELEASE]
	at org.springframework.web.filter.OncePerRequestFilter.doFilter(OncePerRequestFilter.java:106) ~[spring-web-3.2.10.RELEASE.jar:3.2.10.RELEASE]
	at org.apache.catalina.core.ApplicationFilterChain.internalDoFilter(ApplicationFilterChain.java:239) ~[catalina.jar:8.0.28]
	at org.apache.catalina.core.ApplicationFilterChain.doFilter(ApplicationFilterChain.java:206) ~[catalina.jar:8.0.28]
	at com.fortify.manager.web.filters.SessionTimeoutFilter.doFilterInternal(SessionTimeoutFilter.java:65) ~[ssc-web.jar:?]
	at org.springframework.web.filter.OncePerRequestFilter.doFilter(OncePerRequestFilter.java:106) ~[spring-web-3.2.10.RELEASE.jar:3.2.10.RELEASE]
	at org.springframework.web.filter.DelegatingFilterProxy.invokeDelegate(DelegatingFilterProxy.java:343) ~[spring-web-3.2.10.RELEASE.jar:3.2.10.RELEASE]
	at org.springframework.web.filter.DelegatingFilterProxy.doFilter(DelegatingFilterProxy.java:260) ~[spring-web-3.2.10.RELEASE.jar:3.2.10.RELEASE]
	at org.apache.catalina.core.ApplicationFilterChain.internalDoFilter(ApplicationFilterChain.java:239) ~[catalina.jar:8.0.28]
	at org.apache.catalina.core.ApplicationFilterChain.doFilter(ApplicationFilterChain.java:206) ~[catalina.jar:8.0.28]
	at org.apache.catalina.core.StandardWrapperValve.invoke(StandardWrapperValve.java:217) [catalina.jar:8.0.28]
	at org.apache.catalina.core.StandardContextValve.invoke(StandardContextValve.java:106) [catalina.jar:8.0.28]
	at org.apache.catalina.authenticator.AuthenticatorBase.invoke(AuthenticatorBase.java:502) [catalina.jar:8.0.28]
	at org.apache.catalina.core.StandardHostValve.invoke(StandardHostValve.java:142) [catalina.jar:8.0.28]
	at org.apache.catalina.valves.ErrorReportValve.invoke(ErrorReportValve.java:79) [catalina.jar:8.0.28]
	at org.apache.catalina.valves.AbstractAccessLogValve.invoke(AbstractAccessLogValve.java:616) [catalina.jar:8.0.28]
	at org.apache.catalina.core.StandardEngineValve.invoke(StandardEngineValve.java:88) [catalina.jar:8.0.28]
	at org.apache.catalina.connector.CoyoteAdapter.service(CoyoteAdapter.java:518) [catalina.jar:8.0.28]
	at org.apache.coyote.http11.AbstractHttp11Processor.process(AbstractHttp11Processor.java:1091) [tomcat-coyote.jar:8.0.28]
	at org.apache.coyote.AbstractProtocol$AbstractConnectionHandler.process(AbstractProtocol.java:673) [tomcat-coyote.jar:8.0.28]
	at org.apache.tomcat.util.net.NioEndpoint$SocketProcessor.doRun(NioEndpoint.java:1500) [tomcat-coyote.jar:8.0.28]
	at org.apache.tomcat.util.net.NioEndpoint$SocketProcessor.run(NioEndpoint.java:1456) [tomcat-coyote.jar:8.0.28]
	at java.util.concurrent.ThreadPoolExecutor.runWorker(ThreadPoolExecutor.java:1142) [?:1.8.0_66]
	at java.util.concurrent.ThreadPoolExecutor$Worker.run(ThreadPoolExecutor.java:617) [?:1.8.0_66]
	at org.apache.tomcat.util.threads.TaskThread$WrappingRunnable.run(TaskThread.java:61) [tomcat-util.jar:8.0.28]
	at java.lang.Thread.run(Thread.java:745) [?:1.8.0_66]
2016-02-16 09:22:40,120   [ERROR] org.apache.catalina.core.ContainerBase.[Catalina].[localhost].[/ssc].[jsp] - Servlet.service() for servlet jsp threw exception
java.lang.IllegalStateException: Cannot create a session after the response has been committed
	at org.apache.catalina.connector.Request.doGetSession(Request.java:2886) ~[catalina.jar:8.0.28]
	at org.apache.catalina.connector.Request.getSession(Request.java:2256) ~[catalina.jar:8.0.28]
	at org.apache.catalina.connector.RequestFacade.getSession(RequestFacade.java:895) ~[catalina.jar:8.0.28]
	at javax.servlet.http.HttpServletRequestWrapper.getSession(HttpServletRequestWrapper.java:231) ~[servlet-api.jar:?]
	at org.apache.catalina.core.ApplicationHttpRequest.getSession(ApplicationHttpRequest.java:568) ~[catalina.jar:8.0.28]
	at org.apache.catalina.core.ApplicationHttpRequest.getSession(ApplicationHttpRequest.java:513) ~[catalina.jar:8.0.28]
	at org.apache.jasper.runtime.PageContextImpl.initialize(PageContextImpl.java:137) ~[jasper.jar:8.0.28]
	at org.apache.jasper.runtime.JspFactoryImpl.internalGetPageContext(JspFactoryImpl.java:109) ~[jasper.jar:8.0.28]
	at org.apache.jasper.runtime.JspFactoryImpl.getPageContext(JspFactoryImpl.java:60) ~[jasper.jar:8.0.28]
	at org.apache.jsp.error_jsp._jspService(error_jsp.java:125) ~[?:?]
	at org.apache.jasper.runtime.HttpJspBase.service(HttpJspBase.java:70) ~[jasper.jar:8.0.28]
	at javax.servlet.http.HttpServlet.service(HttpServlet.java:729) ~[servlet-api.jar:?]
	at org.apache.jasper.servlet.JspServletWrapper.service(JspServletWrapper.java:438) ~[jasper.jar:8.0.28]
	at org.apache.jasper.servlet.JspServlet.serviceJspFile(JspServlet.java:396) ~[jasper.jar:8.0.28]
	at org.apache.jasper.servlet.JspServlet.service(JspServlet.java:340) ~[jasper.jar:8.0.28]
	at javax.servlet.http.HttpServlet.service(HttpServlet.java:729) ~[servlet-api.jar:?]
	at org.apache.catalina.core.ApplicationFilterChain.internalDoFilter(ApplicationFilterChain.java:291) ~[catalina.jar:8.0.28]
	at org.apache.catalina.core.ApplicationFilterChain.doFilter(ApplicationFilterChain.java:206) ~[catalina.jar:8.0.28]
	at org.apache.catalina.core.ApplicationDispatcher.invoke(ApplicationDispatcher.java:720) [catalina.jar:8.0.28]
	at org.apache.catalina.core.ApplicationDispatcher.doInclude(ApplicationDispatcher.java:584) [catalina.jar:8.0.28]
	at org.apache.catalina.core.ApplicationDispatcher.include(ApplicationDispatcher.java:523) [catalina.jar:8.0.28]
	at org.apache.catalina.core.StandardHostValve.custom(StandardHostValve.java:433) [catalina.jar:8.0.28]
	at org.apache.catalina.core.StandardHostValve.throwable(StandardHostValve.java:382) [catalina.jar:8.0.28]
	at org.apache.catalina.core.StandardHostValve.invoke(StandardHostValve.java:180) [catalina.jar:8.0.28]
	at org.apache.catalina.valves.ErrorReportValve.invoke(ErrorReportValve.java:79) [catalina.jar:8.0.28]
	at org.apache.catalina.valves.AbstractAccessLogValve.invoke(AbstractAccessLogValve.java:616) [catalina.jar:8.0.28]
	at org.apache.catalina.core.StandardEngineValve.invoke(StandardEngineValve.java:88) [catalina.jar:8.0.28]
	at org.apache.catalina.connector.CoyoteAdapter.service(CoyoteAdapter.java:518) [catalina.jar:8.0.28]
	at org.apache.coyote.http11.AbstractHttp11Processor.process(AbstractHttp11Processor.java:1091) [tomcat-coyote.jar:8.0.28]
	at org.apache.coyote.AbstractProtocol$AbstractConnectionHandler.process(AbstractProtocol.java:673) [tomcat-coyote.jar:8.0.28]
	at org.apache.tomcat.util.net.NioEndpoint$SocketProcessor.doRun(NioEndpoint.java:1500) [tomcat-coyote.jar:8.0.28]
	at org.apache.tomcat.util.net.NioEndpoint$SocketProcessor.run(NioEndpoint.java:1456) [tomcat-coyote.jar:8.0.28]
	at java.util.concurrent.ThreadPoolExecutor.runWorker(ThreadPoolExecutor.java:1142) [?:1.8.0_66]
	at java.util.concurrent.ThreadPoolExecutor$Worker.run(ThreadPoolExecutor.java:617) [?:1.8.0_66]
	at org.apache.tomcat.util.threads.TaskThread$WrappingRunnable.run(TaskThread.java:61) [tomcat-util.jar:8.0.28]
	at java.lang.Thread.run(Thread.java:745) [?:1.8.0_66]
2016-02-16 11:56:02,880   [WARN] com.fortify.manager.service.SourceArchiveManagerImpl - Cross reference data have not been found in the processed FPR. Uploading raw source file data.
