May 14, 2014 3:18:20 AM org.apache.catalina.startup.HostConfig undeploy
INFO: Undeploying context [/host-manager]
May 14, 2014 3:18:21 AM org.apache.catalina.startup.HostConfig undeploy
INFO: Undeploying context [/docs]
May 14, 2014 3:18:22 AM org.apache.coyote.AbstractProtocol pause
INFO: Pausing ProtocolHandler ["http-bio-8080"]
May 14, 2014 3:18:22 AM org.apache.coyote.AbstractProtocol pause
INFO: Pausing ProtocolHandler ["ajp-bio-8009"]
May 14, 2014 3:18:22 AM org.apache.catalina.core.StandardService stopInternal
INFO: Stopping service Catalina
May 14, 2014 3:18:22 AM org.apache.catalina.startup.HostConfig undeploy
INFO: Undeploying context []
May 14, 2014 3:18:22 AM org.apache.catalina.startup.HostConfig undeploy
INFO: Undeploying context [/ssc]
May 14, 2014 3:18:23 AM org.apache.catalina.startup.HostConfig undeploy
INFO: Undeploying context [/examples]
May 14, 2014 3:18:23 AM org.apache.catalina.startup.HostConfig undeploy
INFO: Undeploying context [/manager]
May 14, 2014 3:18:23 AM org.apache.coyote.AbstractProtocol stop
INFO: Stopping ProtocolHandler ["http-bio-8080"]
May 14, 2014 3:18:23 AM org.apache.coyote.AbstractProtocol stop
INFO: Stopping ProtocolHandler ["ajp-bio-8009"]
May 14, 2014 2:27:09 PM org.apache.catalina.core.AprLifecycleListener init
INFO: The APR based Apache Tomcat Native library which allows optimal performance in production environments was not found on the java.library.path: C:\Program Files\Apache Software Foundation\Tomcat 7.0\bin;C:\Windows\Sun\Java\bin;C:\Windows\system32;C:\Windows;C:\Windows\system32;C:\Windows;C:\Windows\System32\Wbem;C:\Windows\System32\WindowsPowerShell\v1.0\;c:\Program Files (x86)\Microsoft SQL Server\100\Tools\Binn\;c:\Program Files\Microsoft SQL Server\100\Tools\Binn\;c:\Program Files\Microsoft SQL Server\100\DTS\Binn\;c:\Program Files (x86)\Microsoft SQL Server\100\Tools\Binn\VSShell\Common7\IDE\;c:\Program Files (x86)\Microsoft SQL Server\100\DTS\Binn\;;.
May 14, 2014 2:27:10 PM org.apache.coyote.AbstractProtocol init
INFO: Initializing ProtocolHandler ["http-bio-8080"]
May 14, 2014 2:27:10 PM org.apache.coyote.AbstractProtocol init
INFO: Initializing ProtocolHandler ["ajp-bio-8009"]
May 14, 2014 2:27:10 PM org.apache.catalina.startup.Catalina load
INFO: Initialization processed in 1606 ms
May 14, 2014 2:27:10 PM org.apache.catalina.core.StandardService startInternal
INFO: Starting service Catalina
May 14, 2014 2:27:10 PM org.apache.catalina.core.StandardEngine startInternal
INFO: Starting Servlet Engine: Apache Tomcat/7.0.53
May 14, 2014 2:27:10 PM org.apache.catalina.startup.HostConfig deployDirectory
INFO: Deploying web application directory Z:\webapps\docs
May 14, 2014 2:27:10 PM org.apache.catalina.startup.HostConfig deployDirectory
INFO: Deploying web application directory Z:\webapps\examples
May 14, 2014 2:27:11 PM org.apache.catalina.startup.HostConfig deployDirectory
INFO: Deploying web application directory Z:\webapps\host-manager
May 14, 2014 2:27:11 PM org.apache.catalina.startup.HostConfig deployDirectory
INFO: Deploying web application directory Z:\webapps\manager
May 14, 2014 2:27:11 PM org.apache.catalina.startup.HostConfig deployDirectory
INFO: Deploying web application directory Z:\webapps\ROOT
May 14, 2014 2:27:12 PM org.apache.catalina.startup.HostConfig deployDirectory
INFO: Deploying web application directory Z:\webapps\ssc
May 14, 2014 2:27:39 PM org.apache.catalina.core.StandardContext startInternal
SEVERE: Error listenerStart
May 14, 2014 2:27:39 PM org.apache.catalina.core.StandardContext startInternal
SEVERE: Context [/ssc] startup failed due to previous errors
May 14, 2014 2:27:39 PM org.apache.coyote.AbstractProtocol start
INFO: Starting ProtocolHandler ["http-bio-8080"]
May 14, 2014 2:27:39 PM org.apache.coyote.AbstractProtocol start
INFO: Starting ProtocolHandler ["ajp-bio-8009"]
May 14, 2014 2:27:39 PM org.apache.catalina.startup.Catalina start
INFO: Server startup in 29787 ms
May 14, 2014 2:28:39 PM org.apache.catalina.startup.HostConfig deployDirectory
INFO: Deploying web application directory Z:\webapps\HP_Fortify_SSC_4.10_Server_WAR
May 14, 2014 2:29:20 PM org.apache.catalina.startup.HostConfig deployDirectory
INFO: Deploying web application directory Z:\webapps\HP-Fortify-Server-WAR
May 14, 2014 2:29:30 PM org.apache.catalina.startup.HostConfig undeploy
INFO: Undeploying context [/HP_Fortify_SSC_4.10_Server_WAR]
May 14, 2014 2:50:53 PM org.apache.catalina.startup.ExpandWar deleteDir
SEVERE: [Z:\webapps\ssc\WEB-INF\lib] could not be completely deleted. The presence of the remaining files may cause problems
May 14, 2014 2:50:53 PM org.apache.catalina.startup.ExpandWar deleteDir
SEVERE: [Z:\webapps\ssc\WEB-INF] could not be completely deleted. The presence of the remaining files may cause problems
May 14, 2014 2:50:53 PM org.apache.catalina.startup.ExpandWar deleteDir
SEVERE: [Z:\webapps\ssc] could not be completely deleted. The presence of the remaining files may cause problems
May 14, 2014 2:50:53 PM org.apache.catalina.startup.ExpandWar delete
SEVERE: [Z:\webapps\ssc] could not be completely deleted. The presence of the remaining files may cause problems
May 14, 2014 2:50:53 PM org.apache.catalina.startup.HostConfig undeploy
INFO: Undeploying context [/ssc]
May 14, 2014 2:50:53 PM org.apache.catalina.startup.HostConfig deployWAR
INFO: Deploying web application archive Z:\webapps\ssc.war
May 14, 2014 2:51:10 PM org.apache.coyote.AbstractProtocol pause
INFO: Pausing ProtocolHandler ["http-bio-8080"]
May 14, 2014 2:51:11 PM org.apache.coyote.AbstractProtocol pause
INFO: Pausing ProtocolHandler ["ajp-bio-8009"]
May 14, 2014 2:51:11 PM org.apache.catalina.core.StandardService stopInternal
INFO: Stopping service Catalina
May 14, 2014 2:51:11 PM org.apache.coyote.AbstractProtocol stop
INFO: Stopping ProtocolHandler ["http-bio-8080"]
May 14, 2014 2:51:11 PM org.apache.coyote.AbstractProtocol stop
INFO: Stopping ProtocolHandler ["ajp-bio-8009"]
May 14, 2014 2:52:20 PM org.apache.catalina.core.AprLifecycleListener init
INFO: The APR based Apache Tomcat Native library which allows optimal performance in production environments was not found on the java.library.path: C:\Program Files\Apache Software Foundation\Tomcat 7.0\bin;C:\Windows\Sun\Java\bin;C:\Windows\system32;C:\Windows;C:\Windows\system32;C:\Windows;C:\Windows\System32\Wbem;C:\Windows\System32\WindowsPowerShell\v1.0\;c:\Program Files (x86)\Microsoft SQL Server\100\Tools\Binn\;c:\Program Files\Microsoft SQL Server\100\Tools\Binn\;c:\Program Files\Microsoft SQL Server\100\DTS\Binn\;c:\Program Files (x86)\Microsoft SQL Server\100\Tools\Binn\VSShell\Common7\IDE\;c:\Program Files (x86)\Microsoft SQL Server\100\DTS\Binn\;;.
May 14, 2014 2:52:20 PM org.apache.coyote.AbstractProtocol init
INFO: Initializing ProtocolHandler ["http-bio-8080"]
May 14, 2014 2:52:20 PM org.apache.coyote.AbstractProtocol init
INFO: Initializing ProtocolHandler ["ajp-bio-8009"]
May 14, 2014 2:52:20 PM org.apache.catalina.startup.Catalina load
INFO: Initialization processed in 517 ms
May 14, 2014 2:52:20 PM org.apache.catalina.core.StandardService startInternal
INFO: Starting service Catalina
May 14, 2014 2:52:20 PM org.apache.catalina.core.StandardEngine startInternal
INFO: Starting Servlet Engine: Apache Tomcat/7.0.53
May 14, 2014 2:52:20 PM org.apache.catalina.startup.HostConfig deployWAR
INFO: Deploying web application archive Z:\webapps\ssc.war
May 14, 2014 2:53:30 PM org.apache.catalina.startup.HostConfig deployDirectory
INFO: Deploying web application directory Z:\webapps\docs
May 14, 2014 2:53:30 PM org.apache.catalina.startup.HostConfig deployDirectory
INFO: Deploying web application directory Z:\webapps\examples
May 14, 2014 2:53:30 PM org.apache.catalina.startup.HostConfig deployDirectory
INFO: Deploying web application directory Z:\webapps\host-manager
May 14, 2014 2:53:30 PM org.apache.catalina.startup.HostConfig deployDirectory
INFO: Deploying web application directory Z:\webapps\HP-Fortify-Server-WAR
May 14, 2014 2:53:30 PM org.apache.catalina.startup.HostConfig deployDirectory
INFO: Deploying web application directory Z:\webapps\manager
May 14, 2014 2:53:30 PM org.apache.catalina.startup.HostConfig deployDirectory
INFO: Deploying web application directory Z:\webapps\ROOT
May 14, 2014 2:53:30 PM org.apache.coyote.AbstractProtocol start
INFO: Starting ProtocolHandler ["http-bio-8080"]
May 14, 2014 2:53:30 PM org.apache.coyote.AbstractProtocol start
INFO: Starting ProtocolHandler ["ajp-bio-8009"]
May 14, 2014 2:53:30 PM org.apache.catalina.startup.Catalina start
INFO: Server startup in 70466 ms
May 14, 2014 3:03:28 PM org.apache.coyote.AbstractProtocol pause
INFO: Pausing ProtocolHandler ["http-bio-8080"]
May 14, 2014 3:03:28 PM org.apache.coyote.AbstractProtocol pause
INFO: Pausing ProtocolHandler ["ajp-bio-8009"]
May 14, 2014 3:03:28 PM org.apache.catalina.core.StandardService stopInternal
INFO: Stopping service Catalina
May 14, 2014 3:03:28 PM org.apache.catalina.loader.WebappClassLoader clearReferencesJdbc
SEVERE: The web application [/ssc] registered the JDBC driver [net.sourceforge.jtds.jdbc.Driver] but failed to unregister it when the web application was stopped. To prevent a memory leak, the JDBC Driver has been forcibly unregistered.
May 14, 2014 3:03:29 PM org.apache.catalina.loader.WebappClassLoader clearReferencesThreads
SEVERE: The web application [/ssc] appears to have started a thread named [Timer-0] but has failed to stop it. This is very likely to create a memory leak.
May 14, 2014 3:03:29 PM org.apache.catalina.loader.WebappClassLoader clearReferencesThreads
SEVERE: The web application [/ssc] appears to have started a thread named [scheduler_Worker-1] but has failed to stop it. This is very likely to create a memory leak.
May 14, 2014 3:03:29 PM org.apache.catalina.loader.WebappClassLoader clearReferencesThreads
SEVERE: The web application [/ssc] appears to have started a thread named [scheduler_Worker-2] but has failed to stop it. This is very likely to create a memory leak.
May 14, 2014 3:03:29 PM org.apache.catalina.loader.WebappClassLoader clearReferencesThreads
SEVERE: The web application [/ssc] appears to have started a thread named [scheduler_Worker-3] but has failed to stop it. This is very likely to create a memory leak.
May 14, 2014 3:03:29 PM org.apache.catalina.loader.WebappClassLoader clearReferencesThreads
SEVERE: The web application [/ssc] appears to have started a thread named [scheduler_Worker-4] but has failed to stop it. This is very likely to create a memory leak.
May 14, 2014 3:03:29 PM org.apache.catalina.loader.WebappClassLoader checkThreadLocalMapForLeaks
SEVERE: The web application [/ssc] created a ThreadLocal with key of type [java.lang.ThreadLocal] (value [java.lang.ThreadLocal@73fd5a6d]) and a value of type [flex.messaging.io.SerializationContext] (value [flex.messaging.io.SerializationContext@7e3be598]) but failed to remove it when the web application was stopped. Threads are going to be renewed over time to try and avoid a probable memory leak.
May 14, 2014 3:03:29 PM org.apache.catalina.loader.WebappClassLoader checkThreadLocalMapForLeaks
SEVERE: The web application [/ssc] created a ThreadLocal with key of type [java.lang.ThreadLocal] (value [java.lang.ThreadLocal@e5e9ee7]) and a value of type [org.springframework.security.core.context.SecurityContextImpl] (value [org.springframework.security.core.context.SecurityContextImpl@ffffffff: Null authentication]) but failed to remove it when the web application was stopped. Threads are going to be renewed over time to try and avoid a probable memory leak.
May 14, 2014 3:03:29 PM org.apache.coyote.AbstractProtocol stop
INFO: Stopping ProtocolHandler ["http-bio-8080"]
May 14, 2014 3:03:29 PM org.apache.coyote.AbstractProtocol stop
INFO: Stopping ProtocolHandler ["ajp-bio-8009"]
May 14, 2014 3:04:08 PM org.apache.catalina.core.AprLifecycleListener init
INFO: The APR based Apache Tomcat Native library which allows optimal performance in production environments was not found on the java.library.path: C:\Program Files\Apache Software Foundation\Tomcat 7.0\bin;C:\Windows\Sun\Java\bin;C:\Windows\system32;C:\Windows;C:\Windows\system32;C:\Windows;C:\Windows\System32\Wbem;C:\Windows\System32\WindowsPowerShell\v1.0\;c:\Program Files (x86)\Microsoft SQL Server\100\Tools\Binn\;c:\Program Files\Microsoft SQL Server\100\Tools\Binn\;c:\Program Files\Microsoft SQL Server\100\DTS\Binn\;c:\Program Files (x86)\Microsoft SQL Server\100\Tools\Binn\VSShell\Common7\IDE\;c:\Program Files (x86)\Microsoft SQL Server\100\DTS\Binn\;;.
May 14, 2014 3:04:08 PM org.apache.coyote.AbstractProtocol init
INFO: Initializing ProtocolHandler ["http-bio-8080"]
May 14, 2014 3:04:08 PM org.apache.coyote.AbstractProtocol init
INFO: Initializing ProtocolHandler ["ajp-bio-8009"]
May 14, 2014 3:04:08 PM org.apache.catalina.startup.Catalina load
INFO: Initialization processed in 429 ms
May 14, 2014 3:04:08 PM org.apache.catalina.core.StandardService startInternal
INFO: Starting service Catalina
May 14, 2014 3:04:08 PM org.apache.catalina.core.StandardEngine startInternal
INFO: Starting Servlet Engine: Apache Tomcat/7.0.53
May 14, 2014 3:04:08 PM org.apache.catalina.startup.HostConfig deployWAR
INFO: Deploying web application archive Z:\webapps\ssc.war
May 14, 2014 3:05:02 PM org.apache.catalina.startup.HostConfig deployDirectory
INFO: Deploying web application directory Z:\webapps\docs
May 14, 2014 3:05:02 PM org.apache.catalina.startup.HostConfig deployDirectory
INFO: Deploying web application directory Z:\webapps\examples
May 14, 2014 3:05:02 PM org.apache.catalina.startup.HostConfig deployDirectory
INFO: Deploying web application directory Z:\webapps\host-manager
May 14, 2014 3:05:02 PM org.apache.catalina.startup.HostConfig deployDirectory
INFO: Deploying web application directory Z:\webapps\HP-Fortify-Server-WAR
May 14, 2014 3:05:02 PM org.apache.catalina.startup.HostConfig deployDirectory
INFO: Deploying web application directory Z:\webapps\manager
May 14, 2014 3:05:02 PM org.apache.catalina.startup.HostConfig deployDirectory
INFO: Deploying web application directory Z:\webapps\ROOT
May 14, 2014 3:05:02 PM org.apache.coyote.AbstractProtocol start
INFO: Starting ProtocolHandler ["http-bio-8080"]
May 14, 2014 3:05:02 PM org.apache.coyote.AbstractProtocol start
INFO: Starting ProtocolHandler ["ajp-bio-8009"]
May 14, 2014 3:05:02 PM org.apache.catalina.startup.Catalina start
INFO: Server startup in 54149 ms
May 14, 2014 3:14:40 PM org.apache.coyote.AbstractProtocol pause
INFO: Pausing ProtocolHandler ["http-bio-8080"]
May 14, 2014 3:14:40 PM org.apache.coyote.AbstractProtocol pause
INFO: Pausing ProtocolHandler ["ajp-bio-8009"]
May 14, 2014 3:14:41 PM org.apache.catalina.core.StandardService stopInternal
INFO: Stopping service Catalina
May 14, 2014 3:14:42 PM org.apache.catalina.loader.WebappClassLoader clearReferencesJdbc
SEVERE: The web application [/ssc] registered the JDBC driver [net.sourceforge.jtds.jdbc.Driver] but failed to unregister it when the web application was stopped. To prevent a memory leak, the JDBC Driver has been forcibly unregistered.
May 14, 2014 3:14:42 PM org.apache.catalina.loader.WebappClassLoader clearReferencesThreads
SEVERE: The web application [/ssc] appears to have started a thread named [Timer-0] but has failed to stop it. This is very likely to create a memory leak.
May 14, 2014 3:14:42 PM org.apache.catalina.loader.WebappClassLoader clearReferencesThreads
SEVERE: The web application [/ssc] appears to have started a thread named [scheduler_Worker-1] but has failed to stop it. This is very likely to create a memory leak.
May 14, 2014 3:14:42 PM org.apache.catalina.loader.WebappClassLoader clearReferencesThreads
SEVERE: The web application [/ssc] appears to have started a thread named [scheduler_Worker-2] but has failed to stop it. This is very likely to create a memory leak.
May 14, 2014 3:14:42 PM org.apache.catalina.loader.WebappClassLoader clearReferencesThreads
SEVERE: The web application [/ssc] appears to have started a thread named [scheduler_Worker-3] but has failed to stop it. This is very likely to create a memory leak.
May 14, 2014 3:14:42 PM org.apache.catalina.loader.WebappClassLoader clearReferencesThreads
SEVERE: The web application [/ssc] appears to have started a thread named [scheduler_Worker-4] but has failed to stop it. This is very likely to create a memory leak.
May 14, 2014 3:14:42 PM org.apache.catalina.loader.WebappClassLoader checkThreadLocalMapForLeaks
SEVERE: The web application [/ssc] created a ThreadLocal with key of type [java.lang.ThreadLocal] (value [java.lang.ThreadLocal@7f861957]) and a value of type [flex.messaging.io.SerializationContext] (value [flex.messaging.io.SerializationContext@3ce9e029]) but failed to remove it when the web application was stopped. Threads are going to be renewed over time to try and avoid a probable memory leak.
May 14, 2014 3:14:42 PM org.apache.catalina.loader.WebappClassLoader checkThreadLocalMapForLeaks
SEVERE: The web application [/ssc] created a ThreadLocal with key of type [java.lang.ThreadLocal] (value [java.lang.ThreadLocal@1e7bc2fd]) and a value of type [org.springframework.security.core.context.SecurityContextImpl] (value [org.springframework.security.core.context.SecurityContextImpl@ffffffff: Null authentication]) but failed to remove it when the web application was stopped. Threads are going to be renewed over time to try and avoid a probable memory leak.
May 14, 2014 3:14:42 PM org.apache.coyote.AbstractProtocol stop
INFO: Stopping ProtocolHandler ["http-bio-8080"]
May 14, 2014 3:14:42 PM org.apache.coyote.AbstractProtocol stop
INFO: Stopping ProtocolHandler ["ajp-bio-8009"]
May 14, 2014 3:14:58 PM org.apache.catalina.core.AprLifecycleListener init
INFO: The APR based Apache Tomcat Native library which allows optimal performance in production environments was not found on the java.library.path: C:\Program Files\Apache Software Foundation\Tomcat 7.0\bin;C:\Windows\Sun\Java\bin;C:\Windows\system32;C:\Windows;C:\Windows\system32;C:\Windows;C:\Windows\System32\Wbem;C:\Windows\System32\WindowsPowerShell\v1.0\;c:\Program Files (x86)\Microsoft SQL Server\100\Tools\Binn\;c:\Program Files\Microsoft SQL Server\100\Tools\Binn\;c:\Program Files\Microsoft SQL Server\100\DTS\Binn\;c:\Program Files (x86)\Microsoft SQL Server\100\Tools\Binn\VSShell\Common7\IDE\;c:\Program Files (x86)\Microsoft SQL Server\100\DTS\Binn\;;.
May 14, 2014 3:14:58 PM org.apache.coyote.AbstractProtocol init
INFO: Initializing ProtocolHandler ["http-bio-8080"]
May 14, 2014 3:14:58 PM org.apache.coyote.AbstractProtocol init
INFO: Initializing ProtocolHandler ["ajp-bio-8009"]
May 14, 2014 3:14:58 PM org.apache.catalina.startup.Catalina load
INFO: Initialization processed in 1297 ms
May 14, 2014 3:14:58 PM org.apache.catalina.core.StandardService startInternal
INFO: Starting service Catalina
May 14, 2014 3:14:58 PM org.apache.catalina.core.StandardEngine startInternal
INFO: Starting Servlet Engine: Apache Tomcat/7.0.53
May 14, 2014 3:14:58 PM org.apache.catalina.startup.HostConfig deployWAR
INFO: Deploying web application archive Z:\webapps\ssc.war
May 14, 2014 3:15:45 PM org.apache.catalina.startup.HostConfig deployDirectory
INFO: Deploying web application directory Z:\webapps\docs
May 14, 2014 3:15:45 PM org.apache.catalina.startup.HostConfig deployDirectory
INFO: Deploying web application directory Z:\webapps\examples
May 14, 2014 3:15:45 PM org.apache.catalina.startup.HostConfig deployDirectory
INFO: Deploying web application directory Z:\webapps\host-manager
May 14, 2014 3:15:45 PM org.apache.catalina.startup.HostConfig deployDirectory
INFO: Deploying web application directory Z:\webapps\HP-Fortify-Server-WAR
May 14, 2014 3:15:45 PM org.apache.catalina.startup.HostConfig deployDirectory
INFO: Deploying web application directory Z:\webapps\manager
May 14, 2014 3:15:45 PM org.apache.catalina.startup.HostConfig deployDirectory
INFO: Deploying web application directory Z:\webapps\ROOT
May 14, 2014 3:15:45 PM org.apache.coyote.AbstractProtocol start
INFO: Starting ProtocolHandler ["http-bio-8080"]
May 14, 2014 3:15:45 PM org.apache.coyote.AbstractProtocol start
INFO: Starting ProtocolHandler ["ajp-bio-8009"]
May 14, 2014 3:15:45 PM org.apache.catalina.startup.Catalina start
INFO: Server startup in 46865 ms
May 14, 2014 3:16:30 PM org.apache.coyote.AbstractProtocol pause
INFO: Pausing ProtocolHandler ["http-bio-8080"]
May 14, 2014 3:16:30 PM org.apache.coyote.AbstractProtocol pause
INFO: Pausing ProtocolHandler ["ajp-bio-8009"]
May 14, 2014 3:16:30 PM org.apache.catalina.core.StandardService stopInternal
INFO: Stopping service Catalina
May 14, 2014 3:16:30 PM org.apache.catalina.loader.WebappClassLoader clearReferencesJdbc
SEVERE: The web application [/ssc] registered the JDBC driver [net.sourceforge.jtds.jdbc.Driver] but failed to unregister it when the web application was stopped. To prevent a memory leak, the JDBC Driver has been forcibly unregistered.
May 14, 2014 3:16:30 PM org.apache.catalina.loader.WebappClassLoader clearReferencesThreads
SEVERE: The web application [/ssc] appears to have started a thread named [Timer-0] but has failed to stop it. This is very likely to create a memory leak.
May 14, 2014 3:16:30 PM org.apache.catalina.loader.WebappClassLoader clearReferencesThreads
SEVERE: The web application [/ssc] appears to have started a thread named [scheduler_Worker-1] but has failed to stop it. This is very likely to create a memory leak.
May 14, 2014 3:16:30 PM org.apache.catalina.loader.WebappClassLoader clearReferencesThreads
SEVERE: The web application [/ssc] appears to have started a thread named [scheduler_Worker-2] but has failed to stop it. This is very likely to create a memory leak.
May 14, 2014 3:16:30 PM org.apache.catalina.loader.WebappClassLoader clearReferencesThreads
SEVERE: The web application [/ssc] appears to have started a thread named [scheduler_Worker-3] but has failed to stop it. This is very likely to create a memory leak.
May 14, 2014 3:16:30 PM org.apache.catalina.loader.WebappClassLoader clearReferencesThreads
SEVERE: The web application [/ssc] appears to have started a thread named [scheduler_Worker-4] but has failed to stop it. This is very likely to create a memory leak.
May 14, 2014 3:16:30 PM org.apache.catalina.loader.WebappClassLoader checkThreadLocalMapForLeaks
SEVERE: The web application [/ssc] created a ThreadLocal with key of type [java.lang.ThreadLocal] (value [java.lang.ThreadLocal@694eb7ca]) and a value of type [org.springframework.security.core.context.SecurityContextImpl] (value [org.springframework.security.core.context.SecurityContextImpl@ffffffff: Null authentication]) but failed to remove it when the web application was stopped. Threads are going to be renewed over time to try and avoid a probable memory leak.
May 14, 2014 3:16:30 PM org.apache.catalina.loader.WebappClassLoader checkThreadLocalMapForLeaks
SEVERE: The web application [/ssc] created a ThreadLocal with key of type [java.lang.ThreadLocal] (value [java.lang.ThreadLocal@2f0464c9]) and a value of type [flex.messaging.io.SerializationContext] (value [flex.messaging.io.SerializationContext@4974e03c]) but failed to remove it when the web application was stopped. Threads are going to be renewed over time to try and avoid a probable memory leak.
May 14, 2014 3:16:30 PM org.apache.coyote.AbstractProtocol stop
INFO: Stopping ProtocolHandler ["http-bio-8080"]
May 14, 2014 3:16:30 PM org.apache.coyote.AbstractProtocol stop
INFO: Stopping ProtocolHandler ["ajp-bio-8009"]
May 14, 2014 3:17:38 PM org.apache.catalina.core.AprLifecycleListener init
INFO: The APR based Apache Tomcat Native library which allows optimal performance in production environments was not found on the java.library.path: C:\Program Files\Apache Software Foundation\Tomcat 7.0\bin;C:\Windows\Sun\Java\bin;C:\Windows\system32;C:\Windows;C:\Windows\system32;C:\Windows;C:\Windows\System32\Wbem;C:\Windows\System32\WindowsPowerShell\v1.0\;c:\Program Files (x86)\Microsoft SQL Server\100\Tools\Binn\;c:\Program Files\Microsoft SQL Server\100\Tools\Binn\;c:\Program Files\Microsoft SQL Server\100\DTS\Binn\;c:\Program Files (x86)\Microsoft SQL Server\100\Tools\Binn\VSShell\Common7\IDE\;c:\Program Files (x86)\Microsoft SQL Server\100\DTS\Binn\;;.
May 14, 2014 3:17:38 PM org.apache.coyote.AbstractProtocol init
INFO: Initializing ProtocolHandler ["http-bio-8080"]
May 14, 2014 3:17:38 PM org.apache.coyote.AbstractProtocol init
INFO: Initializing ProtocolHandler ["ajp-bio-8009"]
May 14, 2014 3:17:38 PM org.apache.catalina.startup.Catalina load
INFO: Initialization processed in 425 ms
May 14, 2014 3:17:38 PM org.apache.catalina.core.StandardService startInternal
INFO: Starting service Catalina
May 14, 2014 3:17:38 PM org.apache.catalina.core.StandardEngine startInternal
INFO: Starting Servlet Engine: Apache Tomcat/7.0.53
May 14, 2014 3:17:38 PM org.apache.catalina.startup.HostConfig deployWAR
INFO: Deploying web application archive Z:\webapps\ssc.war
May 14, 2014 3:18:16 PM org.apache.catalina.startup.HostConfig deployDirectory
INFO: Deploying web application directory Z:\webapps\docs
May 14, 2014 3:18:16 PM org.apache.catalina.startup.HostConfig deployDirectory
INFO: Deploying web application directory Z:\webapps\examples
May 14, 2014 3:18:16 PM org.apache.catalina.startup.HostConfig deployDirectory
INFO: Deploying web application directory Z:\webapps\host-manager
May 14, 2014 3:18:16 PM org.apache.catalina.startup.HostConfig deployDirectory
INFO: Deploying web application directory Z:\webapps\HP-Fortify-Server-WAR
May 14, 2014 3:18:16 PM org.apache.catalina.startup.HostConfig deployDirectory
INFO: Deploying web application directory Z:\webapps\manager
May 14, 2014 3:18:16 PM org.apache.catalina.startup.HostConfig deployDirectory
INFO: Deploying web application directory Z:\webapps\ROOT
May 14, 2014 3:18:16 PM org.apache.coyote.AbstractProtocol start
INFO: Starting ProtocolHandler ["http-bio-8080"]
May 14, 2014 3:18:16 PM org.apache.coyote.AbstractProtocol start
INFO: Starting ProtocolHandler ["ajp-bio-8009"]
May 14, 2014 3:18:16 PM org.apache.catalina.startup.Catalina start
INFO: Server startup in 38314 ms
