com.fortify.VS.Frameworks.DotNetFrameworkv35.VSProjectVersionCode=196613
com.fortify.VS.Frameworks.DotNetFrameworkv40.DotNetFolder="v4.0.30319"
com.fortify.VS.Frameworks.DotNetFrameworkv40.SDKRegistry="SOFTWARE\Microsoft\Microsoft SDKs\Windows\v7.0A\WinSDK-NetFx40Tools-x86","InstallationFolder"
com.fortify.VS.Frameworks.DotNetFrameworkv40.VSProjectVersionCode=262144
com.fortify.VS.Frameworks.DotNetFrameworkv45.DotNetFolder="v4.0.30319"
com.fortify.VS.Frameworks.DotNetFrameworkv45.SDKPaths="Microsoft SDKs\Windows\v8.0A\bin\NETFX 4.0 Tools\";"Microsoft SDKs\Windows\v8.0A\bin\";"Microsoft SDKs\Windows\v8.0\bin\NETFX 4.0 Tools\";"Microsoft SDKs\Windows\v8.0\bin\"
com.fortify.VS.Frameworks.DotNetFrameworkv45.SDKRegistry="SOFTWARE\Microsoft\Microsoft SDKs\Windows\v8.0A\WinSDK-NetFx40Tools-x86","InstallationFolder"
com.fortify.VS.Frameworks.DotNetFrameworkv45.VSProjectVersionCode=262149
com.fortify.VS.Frameworks.DotNetFrameworkv451.DotNetFolder="v4.0.30319"
com.fortify.VS.Frameworks.DotNetFrameworkv451.SDKPaths="Microsoft SDKs\Windows\v8.1A\bin\NETFX 4.5.1 Tools\";"Microsoft SDKs\Windows\v8.1A\bin\";"Microsoft SDKs\Windows\v8.1\bin\NETFX 4.5.1 Tools\";"Microsoft SDKs\Windows\v8.1\bin\"
com.fortify.VS.Frameworks.DotNetFrameworkv451.SDKRegistry="SOFTWARE\Microsoft\Microsoft SDKs\Windows\v8.1A\WinSDK-NetFx40Tools-x86","InstallationFolder"
com.fortify.VS.Frameworks.DotNetFrameworkv451.VSProjectVersionCode=451
com.fortify.VS.Frameworks.default.SDKRegistry="SOFTWARE\Microsoft\Microsoft SDKs\Windows\v8.0A\WinSDK-NetFx35Tools-x86","InstallationFolder";"SOFTWARE\Microsoft\Microsoft SDKs\Windows\v7.0A\WinSDK-NetFx35Tools-x86","InstallationFolder";"SOFTWARE\Microsoft\Microsoft SDKs\Windows\v6.1","InstallationFolder","\bin"
com.fortify.VS.Frameworks.default.VSProjectVersionCode=-1
com.fortify.VS.RequireASPPrecompilation=true
com.fortify.WorkingDirectory=${win32.LocalAppdata}/Fortify
com.fortify.locale=en
com.fortify.search.defaultSyntaxVer=2
max.file.path.length=255

System Runtime Properties
awt.toolkit=sun.awt.X11.XToolkit
catalina.base=/usr/share/apache-tomcat-7.0.59
catalina.home=/usr/share/apache-tomcat-7.0.59
catalina.useNaming=true
com.fortify.DisableDescriptionXMLEscaping=true
com.fortify.DisableJNI=true
com.fortify.InstallRoot=/usr/share/apache-tomcat-7.0.59/webapps/ssc/WEB-INF
com.fortify.LicenseFile=/usr/share/apache-tomcat-7.0.59/webapps/ssc/WEB-INF/classes/fortify.license
com.fortify.LoadFPropsFromCP=true
com.fortify.StoreOriginalDescriptions=true
com.fortify.model.DisableProgramInfo=true
com.fortify.model.DisableSnippets=true
common.loader=${catalina.base}/lib,${catalina.base}/lib/*.jar,${catalina.home}/lib,${catalina.home}/lib/*.jar
file.encoding=UTF-8
file.encoding.pkg=sun.io
file.separator=/
java.awt.graphicsenv=sun.awt.X11GraphicsEnvironment
java.awt.printerjob=sun.print.PSPrinterJob
java.class.path=/usr/share/apache-tomcat-7.0.59/bin/bootstrap.jar:/usr/share/apache-tomcat-7.0.59/bin/tomcat-juli.jar
java.class.version=51.0
java.endorsed.dirs=/usr/share/apache-tomcat-7.0.59/endorsed
java.ext.dirs=/usr/java/jdk1.7.0_75/jre/lib/ext:/usr/java/packages/lib/ext
java.home=/usr/java/jdk1.7.0_75/jre
java.io.tmpdir=/usr/share/apache-tomcat-7.0.59/temp
java.library.path=/usr/java/packages/lib/amd64:/usr/lib64:/lib64:/lib:/usr/lib
java.naming.factory.initial=org.apache.naming.java.javaURLContextFactory
java.naming.factory.url.pkgs=org.apache.naming
java.runtime.name=Java(TM) SE Runtime Environment
java.runtime.version=1.7.0_75-b13
java.specification.name=Java Platform API Specification
java.specification.vendor=Oracle Corporation
java.specification.version=1.7
java.util.logging.config.file=/usr/share/apache-tomcat-7.0.59/conf/logging.properties
java.util.logging.manager=org.apache.juli.ClassLoaderLogManager
java.vendor=Oracle Corporation
java.vendor.url=http://java.oracle.com/
java.vendor.url.bug=http://bugreport.sun.com/bugreport/
java.version=1.7.0_75
java.vm.info=mixed mode
java.vm.name=Java HotSpot(TM) 64-Bit Server VM
java.vm.specification.name=Java Virtual Machine Specification
java.vm.specification.vendor=Oracle Corporation
java.vm.specification.version=1.7
java.vm.vendor=Oracle Corporation
java.vm.version=24.75-b04
line.separator=

org.apache.catalina.startup.ContextConfig.jarsToSkip=
org.apache.catalina.startup.TldConfig.jarsToSkip=tomcat7-websocket.jar
os.arch=amd64
os.name=Linux
os.version=2.6.32-042stab108.2
package.access=sun.,org.apache.catalina.,org.apache.coyote.,org.apache.jasper.,org.apache.naming.resources.,org.apache.tomcat.
package.definition=sun.,java.,org.apache.catalina.,org.apache.coyote.,org.apache.jasper.,org.apache.naming.,org.apache.tomcat.
path.separator=:
server.loader=
shared.loader=
sun.arch.data.model=64
sun.boot.class.path=/usr/java/jdk1.7.0_75/jre/lib/resources.jar:/usr/java/jdk1.7.0_75/jre/lib/rt.jar:/usr/java/jdk1.7.0_75/jre/lib/sunrsasign.jar:/usr/java/jdk1.7.0_75/jre/lib/jsse.jar:/usr/java/jdk1.7.0_75/jre/lib/jce.jar:/usr/java/jdk1.7.0_75/jre/lib/charsets.jar:/usr/java/jdk1.7.0_75/jre/lib/jfr.jar:/usr/java/jdk1.7.0_75/jre/classes
sun.boot.library.path=/usr/java/jdk1.7.0_75/jre/lib/amd64
sun.cpu.endian=little
sun.cpu.isalist=
sun.io.unicode.encoding=UnicodeLittle
sun.java.command=org.apache.catalina.startup.Bootstrap start
sun.java.launcher=SUN_STANDARD
sun.jnu.encoding=UTF-8
sun.management.compiler=HotSpot 64-Bit Tiered Compilers
sun.os.patch.level=unknown
tomcat.util.buf.StringCache.byte.enabled=true
tomcat.util.scan.DefaultJarScanner.jarsToSkip=bootstrap.jar,commons-daemon.jar,tomcat-juli.jar,annotations-api.jar,el-api.jar,jsp-api.jar,servlet-api.jar,websocket-api.jar,catalina.jar,catalina-ant.jar,catalina-ha.jar,catalina-tribes.jar,jasper.jar,jasper-el.jar,ecj-*.jar,tomcat-api.jar,tomcat-util.jar,tomcat-coyote.jar,tomcat-dbcp.jar,tomcat-jni.jar,tomcat-spdy.jar,tomcat-i18n-en.jar,tomcat-i18n-es.jar,tomcat-i18n-fr.jar,tomcat-i18n-ja.jar,tomcat-juli-adapters.jar,catalina-jmx-remote.jar,catalina-ws.jar,tomcat-jdbc.jar,tools.jar,commons-beanutils*.jar,commons-codec*.jar,commons-collections*.jar,commons-dbcp*.jar,commons-digester*.jar,commons-fileupload*.jar,commons-httpclient*.jar,commons-io*.jar,commons-lang*.jar,commons-logging*.jar,commons-math*.jar,commons-pool*.jar,jstl.jar,geronimo-spec-jaxrpc*.jar,wsdl4j*.jar,ant.jar,ant-junit*.jar,aspectj*.jar,jmx.jar,h2*.jar,hibernate*.jar,httpclient*.jar,jmx-tools.jar,jta*.jar,log4j.jar,log4j-1*.jar,mail*.jar,slf4j*.jar,xercesImpl.jar,xmlParserAPIs.jar,xml-apis.jar,junit.jar,junit-*.jar,hamcrest*.jar,org.hamcrest*.jar,ant-launcher.jar,cobertura-*.jar,asm-*.jar,dom4j-*.jar,icu4j-*.jar,jaxen-*.jar,jdom-*.jar,jetty-*.jar,oro-*.jar,servlet-api-*.jar,tagsoup-*.jar,xmlParserAPIs-*.jar,xom-*.jar
user.country=US
user.dir=/usr/share/apache-tomcat-7.0.59/bin
user.home=/root
user.language=en
user.name=root
user.timezone=America/New_York

VM Info
OperatingSystemMXBean: Linux
  Arch: amd64
  AvailableProcessors: 8
  CommittedVirtualMemorySize: 6405427200
  FreePhysicalMemorySize: 2807033856
  FreeSwapSpaceSize: 4294967296
  MaxFileDescriptorCount: 4096
  OpenFileDescriptorCount: 324
  ProcessCpuLoad: 1.8828694583272154E-4
  ProcessCpuTime: 34700000000
  SystemCpuLoad: 0.00579782713608827
  SystemLoadAverage: 0.56
  TotalPhysicalMemorySize: 4294967296
  TotalSwapSpaceSize: 4294967296
  Version: 2.6.32-042stab108.2
RuntimeMXBean: 2895@fortify.security.ncdc
  BootClassPath: /usr/java/jdk1.7.0_75/jre/lib/resources.jar:/usr/java/jdk1.7.0_75/jre/lib/rt.jar:/usr/java/jdk1.7.0_75/jre/lib/sunrsasign.jar:/usr/java/jdk1.7.0_75/jre/lib/jsse.jar:/usr/java/jdk1.7.0_75/jre/lib/jce.jar:/usr/java/jdk1.7.0_75/jre/lib/charsets.jar:/usr/java/jdk1.7.0_75/jre/lib/jfr.jar:/usr/java/jdk1.7.0_75/jre/classes
  BootClassPathSupported: true
  ClassPath: /usr/share/apache-tomcat-7.0.59/bin/bootstrap.jar:/usr/share/apache-tomcat-7.0.59/bin/tomcat-juli.jar
  LibraryPath: /usr/java/packages/lib/amd64:/usr/lib64:/lib64:/lib:/usr/lib
  ManagementSpecVersion: 1.2
  SpecName: Java Virtual Machine Specification
  SpecVendor: Oracle Corporation
  SpecVersion: 1.7
  StartTime: 1432234220337
  Uptime: 17880
  VmName: Java HotSpot(TM) 64-Bit Server VM
  VmVendor: Oracle Corporation
  VmVersion: 24.75-b04
-----------------------------------------------------------------------------
2015-05-21 14:50:44,724   [WARN] com.fortify.manager.service.EmailServiceImpl - Exception loading certificates keystore as JKS: /usr/share/apache-tomcat-7.0.59/webapps/ssc/WEB-INF/Core/config/certificates/keystore (No such file or directory)
2015-05-21 14:50:44,724   [WARN] com.fortify.manager.service.EmailServiceImpl - Exception loading certificates keystore as PKCS12: /usr/share/apache-tomcat-7.0.59/webapps/ssc/WEB-INF/Core/config/certificates/keystore (No such file or directory)
2015-05-21 14:50:44,724   [WARN] com.fortify.manager.service.EmailServiceImpl - S/MIME messages cannot be sent from this server
2015-05-21 14:51:04,480   [INFO] com.fortify.manager.service.runtime.RuntimeControllerConnectionConfiguration - Initializing runtime event handlers: [10234]
2015-05-21 14:51:04,481   [WARN] com.fortify.manager.service.runtime.RuntimeControllerConnectionConfiguration - Runtime integration disabled
2015-05-21 14:51:34,593   [WARN] org.springframework.security.authentication.event.LoggerListener - Authentication event AuthenticationSuccessEvent: will.chatham
2015-05-21 14:51:34,625   [WARN] org.springframework.security.authentication.event.LoggerListener - Authentication event InteractiveAuthenticationSuccessEvent: will.chatham
2015-05-21 14:55:53,655   [WARN] org.springframework.security.config.http.MatcherType - 'path-type' is deprecated. Please use 'request-matcher' instead.
2015-05-21 14:55:53,671   [WARN] org.springframework.security.config.http.MatcherType - 'path-type' is deprecated. Please use 'request-matcher' instead.
2015-05-21 14:55:55,189   [WARN] com.fortify.systemspec - ========================== Fortify Context Startup =============================
2015-05-21 14:55:55,197   [DEBUG] com.fortify.systemspec - 
Version:4.30.0086
------------------------- Runtime Information -------------------------------
Fortify Runtime Properties
com.fortify.AuthenticationKey=${win32.LocalAppdata}/Fortify/config/tools
com.fortify.Core=/usr/share/apache-tomcat-7.0.59/webapps/ssc/WEB-INF/Core
com.fortify.InstallationUserName=root
com.fortify.SCAExecutablePath=
com.fortify.VS.DefaultFramework.10.0=DotNetFrameworkv40
com.fortify.VS.DefaultFramework.11.0=DotNetFrameworkv45
com.fortify.VS.DefaultFramework.12.0=DotNetFrameworkv451
com.fortify.VS.DefaultFramework.14.0=DotNetFrameworkv451
com.fortify.VS.Frameworks.DotNetFrameworkv11.SDKRegistry="SOFTWARE\Microsoft\.NETFramework","sdkInstallRootv1.1","\bin"
com.fortify.VS.Frameworks.DotNetFrameworkv11.VSProjectVersionCode=1;
com.fortify.VS.Frameworks.DotNetFrameworkv20.SDKRegistry="SOFTWARE\Microsoft\.NETFramework","sdkInstallRootv2.0","\bin"
com.fortify.VS.Frameworks.DotNetFrameworkv20.VSProjectVersionCode=131072
com.fortify.VS.Frameworks.DotNetFrameworkv30.SDKRegistry="SOFTWARE\Microsoft\Microsoft SDKs\Windows\v6.0A","InstallationFolder"
com.fortify.VS.Frameworks.DotNetFrameworkv30.VSProjectVersionCode=196608
com.fortify.VS.Frameworks.DotNetFrameworkv35.SDKRegistry="SOFTWARE\Microsoft\Microsoft SDKs\Windows\v6.0A","InstallationFolder"
com.fortify.VS.Frameworks.DotNetFrameworkv35.VSProjectVersionCode=196613
com.fortify.VS.Frameworks.DotNetFrameworkv40.DotNetFolder="v4.0.30319"
com.fortify.VS.Frameworks.DotNetFrameworkv40.SDKRegistry="SOFTWARE\Microsoft\Microsoft SDKs\Windows\v7.0A\WinSDK-NetFx40Tools-x86","InstallationFolder"
com.fortify.VS.Frameworks.DotNetFrameworkv40.VSProjectVersionCode=262144
com.fortify.VS.Frameworks.DotNetFrameworkv45.DotNetFolder="v4.0.30319"
com.fortify.VS.Frameworks.DotNetFrameworkv45.SDKPaths="Microsoft SDKs\Windows\v8.0A\bin\NETFX 4.0 Tools\";"Microsoft SDKs\Windows\v8.0A\bin\";"Microsoft SDKs\Windows\v8.0\bin\NETFX 4.0 Tools\";"Microsoft SDKs\Windows\v8.0\bin\"
com.fortify.VS.Frameworks.DotNetFrameworkv45.SDKRegistry="SOFTWARE\Microsoft\Microsoft SDKs\Windows\v8.0A\WinSDK-NetFx40Tools-x86","InstallationFolder"
com.fortify.VS.Frameworks.DotNetFrameworkv45.VSProjectVersionCode=262149
com.fortify.VS.Frameworks.DotNetFrameworkv451.DotNetFolder="v4.0.30319"
com.fortify.VS.Frameworks.DotNetFrameworkv451.SDKPaths="Microsoft SDKs\Windows\v8.1A\bin\NETFX 4.5.1 Tools\";"Microsoft SDKs\Windows\v8.1A\bin\";"Microsoft SDKs\Windows\v8.1\bin\NETFX 4.5.1 Tools\";"Microsoft SDKs\Windows\v8.1\bin\"
com.fortify.VS.Frameworks.DotNetFrameworkv451.SDKRegistry="SOFTWARE\Microsoft\Microsoft SDKs\Windows\v8.1A\WinSDK-NetFx40Tools-x86","InstallationFolder"
com.fortify.VS.Frameworks.DotNetFrameworkv451.VSProjectVersionCode=451
com.fortify.VS.Frameworks.default.SDKRegistry="SOFTWARE\Microsoft\Microsoft SDKs\Windows\v8.0A\WinSDK-NetFx35Tools-x86","InstallationFolder";"SOFTWARE\Microsoft\Microsoft SDKs\Windows\v7.0A\WinSDK-NetFx35Tools-x86","InstallationFolder";"SOFTWARE\Microsoft\Microsoft SDKs\Windows\v6.1","InstallationFolder","\bin"
com.fortify.VS.Frameworks.default.VSProjectVersionCode=-1
com.fortify.VS.RequireASPPrecompilation=true
com.fortify.WorkingDirectory=${win32.LocalAppdata}/Fortify
com.fortify.locale=en
com.fortify.search.defaultSyntaxVer=2
max.file.path.length=255

System Runtime Properties
awt.toolkit=sun.awt.X11.XToolkit
catalina.base=/usr/share/apache-tomcat-7.0.59
catalina.home=/usr/share/apache-tomcat-7.0.59
catalina.useNaming=true
com.fortify.DisableDescriptionXMLEscaping=true
com.fortify.DisableJNI=true
com.fortify.InstallRoot=/usr/share/apache-tomcat-7.0.59/webapps/ssc/WEB-INF
com.fortify.LicenseFile=/usr/share/apache-tomcat-7.0.59/webapps/ssc/WEB-INF/classes/fortify.license
com.fortify.LoadFPropsFromCP=true
com.fortify.StoreOriginalDescriptions=true
com.fortify.model.DisableProgramInfo=true
com.fortify.model.DisableSnippets=true
common.loader=${catalina.base}/lib,${catalina.base}/lib/*.jar,${catalina.home}/lib,${catalina.home}/lib/*.jar
file.encoding=UTF-8
file.encoding.pkg=sun.io
file.separator=/
java.awt.graphicsenv=sun.awt.X11GraphicsEnvironment
java.awt.printerjob=sun.print.PSPrinterJob
java.class.path=/usr/share/apache-tomcat-7.0.59/bin/bootstrap.jar:/usr/share/apache-tomcat-7.0.59/bin/tomcat-juli.jar
java.class.version=51.0
java.endorsed.dirs=/usr/share/apache-tomcat-7.0.59/endorsed
java.ext.dirs=/usr/java/jdk1.7.0_75/jre/lib/ext:/usr/java/packages/lib/ext
java.home=/usr/java/jdk1.7.0_75/jre
java.io.tmpdir=/usr/share/apache-tomcat-7.0.59/temp
java.library.path=/usr/java/packages/lib/amd64:/usr/lib64:/lib64:/lib:/usr/lib
java.naming.factory.initial=org.apache.naming.java.javaURLContextFactory
java.naming.factory.url.pkgs=org.apache.naming
java.runtime.name=Java(TM) SE Runtime Environment
java.runtime.version=1.7.0_75-b13
java.specification.name=Java Platform API Specification
java.specification.vendor=Oracle Corporation
java.specification.version=1.7
java.util.logging.config.file=/usr/share/apache-tomcat-7.0.59/conf/logging.properties
java.util.logging.manager=org.apache.juli.ClassLoaderLogManager
java.vendor=Oracle Corporation
java.vendor.url=http://java.oracle.com/
java.vendor.url.bug=http://bugreport.sun.com/bugreport/
java.version=1.7.0_75
java.vm.info=mixed mode
java.vm.name=Java HotSpot(TM) 64-Bit Server VM
java.vm.specification.name=Java Virtual Machine Specification
java.vm.specification.vendor=Oracle Corporation
java.vm.specification.version=1.7
java.vm.vendor=Oracle Corporation
java.vm.version=24.75-b04
jboss.i18n.generate-proxies=true
line.separator=

org.apache.catalina.startup.ContextConfig.jarsToSkip=
org.apache.catalina.startup.TldConfig.jarsToSkip=tomcat7-websocket.jar
os.arch=amd64
os.name=Linux
os.version=2.6.32-042stab108.2
package.access=sun.,org.apache.catalina.,org.apache.coyote.,org.apache.jasper.,org.apache.naming.resources.,org.apache.tomcat.
package.definition=sun.,java.,org.apache.catalina.,org.apache.coyote.,org.apache.jasper.,org.apache.naming.,org.apache.tomcat.
path.separator=:
server.loader=
shared.loader=
sun.arch.data.model=64
sun.boot.class.path=/usr/java/jdk1.7.0_75/jre/lib/resources.jar:/usr/java/jdk1.7.0_75/jre/lib/rt.jar:/usr/java/jdk1.7.0_75/jre/lib/sunrsasign.jar:/usr/java/jdk1.7.0_75/jre/lib/jsse.jar:/usr/java/jdk1.7.0_75/jre/lib/jce.jar:/usr/java/jdk1.7.0_75/jre/lib/charsets.jar:/usr/java/jdk1.7.0_75/jre/lib/jfr.jar:/usr/java/jdk1.7.0_75/jre/classes
sun.boot.library.path=/usr/java/jdk1.7.0_75/jre/lib/amd64
sun.cpu.endian=little
sun.cpu.isalist=
sun.io.unicode.encoding=UnicodeLittle
sun.java.command=org.apache.catalina.startup.Bootstrap start
sun.java.launcher=SUN_STANDARD
sun.jnu.encoding=UTF-8
sun.management.compiler=HotSpot 64-Bit Tiered Compilers
sun.os.patch.level=unknown
tomcat.util.buf.StringCache.byte.enabled=true
tomcat.util.scan.DefaultJarScanner.jarsToSkip=bootstrap.jar,commons-daemon.jar,tomcat-juli.jar,annotations-api.jar,el-api.jar,jsp-api.jar,servlet-api.jar,websocket-api.jar,catalina.jar,catalina-ant.jar,catalina-ha.jar,catalina-tribes.jar,jasper.jar,jasper-el.jar,ecj-*.jar,tomcat-api.jar,tomcat-util.jar,tomcat-coyote.jar,tomcat-dbcp.jar,tomcat-jni.jar,tomcat-spdy.jar,tomcat-i18n-en.jar,tomcat-i18n-es.jar,tomcat-i18n-fr.jar,tomcat-i18n-ja.jar,tomcat-juli-adapters.jar,catalina-jmx-remote.jar,catalina-ws.jar,tomcat-jdbc.jar,tools.jar,commons-beanutils*.jar,commons-codec*.jar,commons-collections*.jar,commons-dbcp*.jar,commons-digester*.jar,commons-fileupload*.jar,commons-httpclient*.jar,commons-io*.jar,commons-lang*.jar,commons-logging*.jar,commons-math*.jar,commons-pool*.jar,jstl.jar,geronimo-spec-jaxrpc*.jar,wsdl4j*.jar,ant.jar,ant-junit*.jar,aspectj*.jar,jmx.jar,h2*.jar,hibernate*.jar,httpclient*.jar,jmx-tools.jar,jta*.jar,log4j.jar,log4j-1*.jar,mail*.jar,slf4j*.jar,xercesImpl.jar,xmlParserAPIs.jar,xml-apis.jar,junit.jar,junit-*.jar,hamcrest*.jar,org.hamcrest*.jar,ant-launcher.jar,cobertura-*.jar,asm-*.jar,dom4j-*.jar,icu4j-*.jar,jaxen-*.jar,jdom-*.jar,jetty-*.jar,oro-*.jar,servlet-api-*.jar,tagsoup-*.jar,xmlParserAPIs-*.jar,xom-*.jar
user.country=US
user.dir=/usr/share/apache-tomcat-7.0.59/bin
user.home=/root
user.language=en
user.name=root
user.timezone=America/New_York

VM Info
OperatingSystemMXBean: Linux
  Arch: amd64
  AvailableProcessors: 8
  CommittedVirtualMemorySize: 8385429504
  FreePhysicalMemorySize: 2197975040
  FreeSwapSpaceSize: 4294967296
  MaxFileDescriptorCount: 4096
  OpenFileDescriptorCount: 337
  ProcessCpuLoad: 0.03916551315008898
  ProcessCpuTime: 133730000000
  SystemCpuLoad: 0.05089183310263002
  SystemLoadAverage: 0.43
  TotalPhysicalMemorySize: 4294967296
  TotalSwapSpaceSize: 4294967296
  Version: 2.6.32-042stab108.2
RuntimeMXBean: 2895@fortify.security.ncdc
  BootClassPath: /usr/java/jdk1.7.0_75/jre/lib/resources.jar:/usr/java/jdk1.7.0_75/jre/lib/rt.jar:/usr/java/jdk1.7.0_75/jre/lib/sunrsasign.jar:/usr/java/jdk1.7.0_75/jre/lib/jsse.jar:/usr/java/jdk1.7.0_75/jre/lib/jce.jar:/usr/java/jdk1.7.0_75/jre/lib/charsets.jar:/usr/java/jdk1.7.0_75/jre/lib/jfr.jar:/usr/java/jdk1.7.0_75/jre/classes
  BootClassPathSupported: true
  ClassPath: /usr/share/apache-tomcat-7.0.59/bin/bootstrap.jar:/usr/share/apache-tomcat-7.0.59/bin/tomcat-juli.jar
  LibraryPath: /usr/java/packages/lib/amd64:/usr/lib64:/lib64:/lib:/usr/lib
  ManagementSpecVersion: 1.2
  SpecName: Java Virtual Machine Specification
  SpecVendor: Oracle Corporation
  SpecVersion: 1.7
  StartTime: 1432234220337
  Uptime: 334859
  VmName: Java HotSpot(TM) 64-Bit Server VM
  VmVendor: Oracle Corporation
  VmVersion: 24.75-b04
-----------------------------------------------------------------------------
2015-05-21 14:56:00,347   [WARN] com.fortify.manager.service.EmailServiceImpl - Exception loading certificates keystore as JKS: /usr/share/apache-tomcat-7.0.59/webapps/ssc/WEB-INF/Core/config/certificates/keystore (No such file or directory)
2015-05-21 14:56:00,347   [WARN] com.fortify.manager.service.EmailServiceImpl - Exception loading certificates keystore as PKCS12: /usr/share/apache-tomcat-7.0.59/webapps/ssc/WEB-INF/Core/config/certificates/keystore (No such file or directory)
2015-05-21 14:56:00,347   [WARN] com.fortify.manager.service.EmailServiceImpl - S/MIME messages cannot be sent from this server
2015-05-21 14:56:19,544   [INFO] com.fortify.manager.service.runtime.RuntimeControllerConnectionConfiguration - Initializing runtime event handlers: [10234]
2015-05-21 14:56:19,544   [WARN] com.fortify.manager.service.runtime.RuntimeControllerConnectionConfiguration - Runtime integration disabled
2015-05-21 14:56:27,517   [WARN] org.springframework.security.authentication.event.LoggerListener - Authentication event AuthenticationSuccessEvent: will.chatham
2015-05-21 14:56:27,530   [WARN] org.springframework.security.authentication.event.LoggerListener - Authentication event InteractiveAuthenticationSuccessEvent: will.chatham
2015-05-21 14:57:05,011   [WARN] org.hibernate.engine.jdbc.spi.SqlExceptionHelper - SQL Error: 1449, SQLState: HY000
2015-05-21 14:57:05,011   [ERROR] org.hibernate.engine.jdbc.spi.SqlExceptionHelper - The user specified as a definer (''@'') does not exist
2015-05-21 14:57:05,019   [ERROR] com.fortify.manager.logging.ExceptionInterceptor - Intercepted exception of type [com.fortify.manager.exception.FMDALGeneralException] thrown by target class [com.fortify.manager.BLL.impl.core.AttributeDefinitionCoreBLLImpl] and method [public java.util.List com.fortify.manager.BLL.impl.core.AttributeDefinitionCoreBLLImpl.getAll(com.fortify.server.platform.shared.util.ApiRequestInfo)]
com.fortify.manager.exception.FMDALGeneralException: An unexpected error occurred.
	at com.fortify.manager.DAL.support.FMDALExceptionTranslationInterceptor.translateException(FMDALExceptionTranslationInterceptor.java:45)
	at com.fortify.manager.DAL.support.FMDALExceptionTranslationInterceptor.aroundRepositoryMethod(FMDALExceptionTranslationInterceptor.java:23)
	at sun.reflect.GeneratedMethodAccessor189.invoke(Unknown Source)
	at sun.reflect.DelegatingMethodAccessorImpl.invoke(DelegatingMethodAccessorImpl.java:43)
	at java.lang.reflect.Method.invoke(Method.java:606)
	at org.springframework.aop.aspectj.AbstractAspectJAdvice.invokeAdviceMethodWithGivenArgs(AbstractAspectJAdvice.java:621)
	at org.springframework.aop.aspectj.AbstractAspectJAdvice.invokeAdviceMethod(AbstractAspectJAdvice.java:610)
	at org.springframework.aop.aspectj.AspectJAroundAdvice.invoke(AspectJAroundAdvice.java:65)
	at org.springframework.aop.framework.ReflectiveMethodInvocation.proceed(ReflectiveMethodInvocation.java:161)
	at org.springframework.transaction.interceptor.TransactionInterceptor$1.proceedWithInvocation(TransactionInterceptor.java:96)
	at org.springframework.transaction.interceptor.TransactionAspectSupport.invokeWithinTransaction(TransactionAspectSupport.java:260)
	at org.springframework.transaction.interceptor.TransactionInterceptor.invoke(TransactionInterceptor.java:94)
	at org.springframework.aop.framework.ReflectiveMethodInvocation.proceed(ReflectiveMethodInvocation.java:172)
	at org.springframework.aop.interceptor.ExposeInvocationInterceptor.invoke(ExposeInvocationInterceptor.java:91)
	at org.springframework.aop.framework.ReflectiveMethodInvocation.proceed(ReflectiveMethodInvocation.java:172)
	at org.springframework.aop.framework.CglibAopProxy$DynamicAdvisedInterceptor.intercept(CglibAopProxy.java:631)
	at com.fortify.manager.DAL.impl.ProjectMetaDataManagerImpl$$EnhancerByCGLIB$$91afbaa.getProjectMetaDataDefinitions(<generated>)
	at com.fortify.manager.BLL.impl.ProjectMetaDataBLLImpl.getProjectMetaDataDefinitions(ProjectMetaDataBLLImpl.java:275)
	at com.fortify.manager.BLL.impl.ProjectMetaDataBLLImpl.getProjectMetaDataDefinitionsForSearch(ProjectMetaDataBLLImpl.java:269)
	at com.fortify.manager.BLL.impl.ProjectMetaDataBLLImpl$$FastClassByCGLIB$$9a8951b1.invoke(<generated>)
	at org.springframework.cglib.proxy.MethodProxy.invoke(MethodProxy.java:204)
	at org.springframework.aop.framework.CglibAopProxy$CglibMethodInvocation.invokeJoinpoint(CglibAopProxy.java:698)
	at org.springframework.aop.framework.ReflectiveMethodInvocation.proceed(ReflectiveMethodInvocation.java:150)
	at org.springframework.aop.aspectj.MethodInvocationProceedingJoinPoint.proceed(MethodInvocationProceedingJoinPoint.java:80)
	at com.fortify.manager.logging.ExceptionInterceptor.aroundBll(ExceptionInterceptor.java:49)
	at sun.reflect.GeneratedMethodAccessor289.invoke(Unknown Source)
	at sun.reflect.DelegatingMethodAccessorImpl.invoke(DelegatingMethodAccessorImpl.java:43)
	at java.lang.reflect.Method.invoke(Method.java:606)
	at org.springframework.aop.aspectj.AbstractAspectJAdvice.invokeAdviceMethodWithGivenArgs(AbstractAspectJAdvice.java:621)
	at org.springframework.aop.aspectj.AbstractAspectJAdvice.invokeAdviceMethod(AbstractAspectJAdvice.java:610)
	at org.springframework.aop.aspectj.AspectJAroundAdvice.invoke(AspectJAroundAdvice.java:65)
	at org.springframework.aop.framework.ReflectiveMethodInvocation.proceed(ReflectiveMethodInvocation.java:172)
	at org.springframework.security.access.intercept.aopalliance.MethodSecurityInterceptor.invoke(MethodSecurityInterceptor.java:64)
	at com.fortify.manager.security.FmMethodSecurityInteceptor.invoke(FmMethodSecurityInteceptor.java:29)
	at org.springframework.aop.framework.ReflectiveMethodInvocation.proceed(ReflectiveMethodInvocation.java:172)
	at org.springframework.transaction.interceptor.TransactionInterceptor$1.proceedWithInvocation(TransactionInterceptor.java:96)
	at org.springframework.transaction.interceptor.TransactionAspectSupport.invokeWithinTransaction(TransactionAspectSupport.java:260)
	at org.springframework.transaction.interceptor.TransactionInterceptor.invoke(TransactionInterceptor.java:94)
	at org.springframework.aop.framework.ReflectiveMethodInvocation.proceed(ReflectiveMethodInvocation.java:172)
	at org.springframework.aop.interceptor.ExposeInvocationInterceptor.invoke(ExposeInvocationInterceptor.java:91)
	at org.springframework.aop.framework.ReflectiveMethodInvocation.proceed(ReflectiveMethodInvocation.java:172)
	at org.springframework.aop.framework.CglibAopProxy$DynamicAdvisedInterceptor.intercept(CglibAopProxy.java:631)
	at com.fortify.manager.BLL.impl.ProjectMetaDataBLLImpl$$EnhancerByCGLIB$$c6b61602.getProjectMetaDataDefinitionsForSearch(<generated>)
	at com.fortify.manager.BLL.impl.core.AttributeDefinitionCoreBLLImpl.getAll(AttributeDefinitionCoreBLLImpl.java:54)
	at com.fortify.manager.BLL.impl.core.AttributeDefinitionCoreBLLImpl$$FastClassByCGLIB$$ca798c.invoke(<generated>)
	at org.springframework.cglib.proxy.MethodProxy.invoke(MethodProxy.java:204)
	at org.springframework.aop.framework.CglibAopProxy$CglibMethodInvocation.invokeJoinpoint(CglibAopProxy.java:698)
	at org.springframework.aop.framework.ReflectiveMethodInvocation.proceed(ReflectiveMethodInvocation.java:150)
	at org.springframework.aop.aspectj.MethodInvocationProceedingJoinPoint.proceed(MethodInvocationProceedingJoinPoint.java:80)
	at com.fortify.manager.logging.ExceptionInterceptor.aroundBll(ExceptionInterceptor.java:49)
	at sun.reflect.GeneratedMethodAccessor289.invoke(Unknown Source)
	at sun.reflect.DelegatingMethodAccessorImpl.invoke(DelegatingMethodAccessorImpl.java:43)
	at java.lang.reflect.Method.invoke(Method.java:606)
	at org.springframework.aop.aspectj.AbstractAspectJAdvice.invokeAdviceMethodWithGivenArgs(AbstractAspectJAdvice.java:621)
	at org.springframework.aop.aspectj.AbstractAspectJAdvice.invokeAdviceMethod(AbstractAspectJAdvice.java:610)
	at org.springframework.aop.aspectj.AspectJAroundAdvice.invoke(AspectJAroundAdvice.java:65)
	at org.springframework.aop.framework.ReflectiveMethodInvocation.proceed(ReflectiveMethodInvocation.java:172)
	at org.springframework.security.access.intercept.aopalliance.MethodSecurityInterceptor.invoke(MethodSecurityInterceptor.java:64)
	at com.fortify.manager.security.FmMethodSecurityInteceptor.invoke(FmMethodSecurityInteceptor.java:29)
	at org.springframework.aop.framework.ReflectiveMethodInvocation.proceed(ReflectiveMethodInvocation.java:172)
	at org.springframework.aop.interceptor.ExposeInvocationInterceptor.invoke(ExposeInvocationInterceptor.java:91)
	at org.springframework.aop.framework.ReflectiveMethodInvocation.proceed(ReflectiveMethodInvocation.java:172)
	at org.springframework.aop.framework.CglibAopProxy$DynamicAdvisedInterceptor.intercept(CglibAopProxy.java:631)
	at com.fortify.manager.BLL.impl.core.AttributeDefinitionCoreBLLImpl$$EnhancerByCGLIB$$1e3894cb.getAll(<generated>)
	at com.fortify.server.platform.endpoints.rest.AttributeDefinitionController.getAll(AttributeDefinitionController.java:52)
	at com.fortify.server.platform.shared.controller.ApiResourceController.controllerSpecificGetAll(ApiResourceController.java:86)
	at com.fortify.server.platform.shared.controller.ApiResourceController.controllerSpecificGetAll(ApiResourceController.java:29)
	at com.fortify.server.platform.shared.controller.ApiResourceBaseController.getResourcesCommon(ApiResourceBaseController.java:94)
	at com.fortify.server.platform.shared.controller.ApiResourceBaseController.getResourceCollectionCommon(ApiResourceBaseController.java:54)
	at com.fortify.server.platform.shared.controller.ApiResourceController.getResourceCollection(ApiResourceController.java:51)
	at sun.reflect.NativeMethodAccessorImpl.invoke0(Native Method)
	at sun.reflect.NativeMethodAccessorImpl.invoke(NativeMethodAccessorImpl.java:57)
	at sun.reflect.DelegatingMethodAccessorImpl.invoke(DelegatingMethodAccessorImpl.java:43)
	at java.lang.reflect.Method.invoke(Method.java:606)
	at org.springframework.web.method.support.InvocableHandlerMethod.invoke(InvocableHandlerMethod.java:219)
	at org.springframework.web.method.support.InvocableHandlerMethod.invokeForRequest(InvocableHandlerMethod.java:132)
	at org.springframework.web.servlet.mvc.method.annotation.ServletInvocableHandlerMethod.invokeAndHandle(ServletInvocableHandlerMethod.java:104)
	at org.springframework.web.servlet.mvc.method.annotation.RequestMappingHandlerAdapter.invokeHandleMethod(RequestMappingHandlerAdapter.java:745)
	at org.springframework.web.servlet.mvc.method.annotation.RequestMappingHandlerAdapter.handleInternal(RequestMappingHandlerAdapter.java:686)
	at org.springframework.web.servlet.mvc.method.AbstractHandlerMethodAdapter.handle(AbstractHandlerMethodAdapter.java:80)
	at org.springframework.web.servlet.DispatcherServlet.doDispatch(DispatcherServlet.java:925)
	at org.springframework.web.servlet.DispatcherServlet.doService(DispatcherServlet.java:856)
	at org.springframework.web.servlet.FrameworkServlet.processRequest(FrameworkServlet.java:936)
	at org.springframework.web.servlet.FrameworkServlet.doGet(FrameworkServlet.java:827)
	at javax.servlet.http.HttpServlet.service(HttpServlet.java:620)
	at org.springframework.web.servlet.FrameworkServlet.service(FrameworkServlet.java:812)
	at javax.servlet.http.HttpServlet.service(HttpServlet.java:727)
	at org.apache.catalina.core.ApplicationFilterChain.internalDoFilter(ApplicationFilterChain.java:303)
	at org.apache.catalina.core.ApplicationFilterChain.doFilter(ApplicationFilterChain.java:208)
	at org.apache.tomcat.websocket.server.WsFilter.doFilter(WsFilter.java:52)
	at org.apache.catalina.core.ApplicationFilterChain.internalDoFilter(ApplicationFilterChain.java:241)
	at org.apache.catalina.core.ApplicationFilterChain.doFilter(ApplicationFilterChain.java:208)
	at net.sf.ehcache.constructs.web.filter.GzipFilter.doFilter(GzipFilter.java:95)
	at net.sf.ehcache.constructs.web.filter.Filter.doFilter(Filter.java:86)
	at org.apache.catalina.core.ApplicationFilterChain.internalDoFilter(ApplicationFilterChain.java:241)
	at org.apache.catalina.core.ApplicationFilterChain.doFilter(ApplicationFilterChain.java:208)
	at org.springframework.security.web.FilterChainProxy$VirtualFilterChain.doFilter(FilterChainProxy.java:330)
	at org.springframework.security.web.access.intercept.FilterSecurityInterceptor.invoke(FilterSecurityInterceptor.java:118)
	at org.springframework.security.web.access.intercept.FilterSecurityInterceptor.doFilter(FilterSecurityInterceptor.java:84)
	at org.springframework.security.web.FilterChainProxy$VirtualFilterChain.doFilter(FilterChainProxy.java:342)
	at org.springframework.security.web.access.ExceptionTranslationFilter.doFilter(ExceptionTranslationFilter.java:113)
	at org.springframework.security.web.FilterChainProxy$VirtualFilterChain.doFilter(FilterChainProxy.java:342)
	at org.springframework.security.web.authentication.AnonymousAuthenticationFilter.doFilter(AnonymousAuthenticationFilter.java:113)
	at org.springframework.security.web.FilterChainProxy$VirtualFilterChain.doFilter(FilterChainProxy.java:342)
	at org.springframework.security.web.authentication.www.BasicAuthenticationFilter.doFilter(BasicAuthenticationFilter.java:150)
	at org.springframework.security.web.FilterChainProxy$VirtualFilterChain.doFilter(FilterChainProxy.java:342)
	at com.fortify.manager.web.security.auth.FmApiTokenAuthenticationFilter.doFilter(FmApiTokenAuthenticationFilter.java:88)
	at org.springframework.security.web.FilterChainProxy$VirtualFilterChain.doFilter(FilterChainProxy.java:342)
	at com.fortify.manager.web.security.auth.SecurityContextIsolationFilter.doFilter(SecurityContextIsolationFilter.java:68)
	at org.springframework.security.web.FilterChainProxy$VirtualFilterChain.doFilter(FilterChainProxy.java:342)
	at org.springframework.security.web.FilterChainProxy.doFilterInternal(FilterChainProxy.java:192)
	at org.springframework.security.web.FilterChainProxy.doFilter(FilterChainProxy.java:160)
	at org.springframework.web.filter.DelegatingFilterProxy.invokeDelegate(DelegatingFilterProxy.java:346)
	at org.springframework.web.filter.DelegatingFilterProxy.doFilter(DelegatingFilterProxy.java:259)
	at org.apache.catalina.core.ApplicationFilterChain.internalDoFilter(ApplicationFilterChain.java:241)
	at org.apache.catalina.core.ApplicationFilterChain.doFilter(ApplicationFilterChain.java:208)
	at com.fortify.manager.web.filters.WebRequestFilter.doFilter(WebRequestFilter.java:77)
	at org.apache.catalina.core.ApplicationFilterChain.internalDoFilter(ApplicationFilterChain.java:241)
	at org.apache.catalina.core.ApplicationFilterChain.doFilter(ApplicationFilterChain.java:208)
	at org.springframework.web.filter.RequestContextFilter.doFilterInternal(RequestContextFilter.java:99)
	at org.springframework.web.filter.OncePerRequestFilter.doFilter(OncePerRequestFilter.java:107)
	at org.apache.catalina.core.ApplicationFilterChain.internalDoFilter(ApplicationFilterChain.java:241)
	at org.apache.catalina.core.ApplicationFilterChain.doFilter(ApplicationFilterChain.java:208)
	at com.fortify.manager.web.filters.SessionTimeoutFilter.doFilterInternal(SessionTimeoutFilter.java:57)
	at org.springframework.web.filter.OncePerRequestFilter.doFilter(OncePerRequestFilter.java:107)
	at org.apache.catalina.core.ApplicationFilterChain.internalDoFilter(ApplicationFilterChain.java:241)
	at org.apache.catalina.core.ApplicationFilterChain.doFilter(ApplicationFilterChain.java:208)
	at org.apache.catalina.core.StandardWrapperValve.invoke(StandardWrapperValve.java:220)
	at org.apache.catalina.core.StandardContextValve.invoke(StandardContextValve.java:122)
	at org.apache.catalina.authenticator.AuthenticatorBase.invoke(AuthenticatorBase.java:504)
	at org.apache.catalina.authenticator.AuthenticatorBase.invoke(AuthenticatorBase.java:504)
	at org.apache.catalina.authenticator.AuthenticatorBase.invoke(AuthenticatorBase.java:504)
	at org.apache.catalina.core.StandardHostValve.invoke(StandardHostValve.java:170)
	at org.apache.catalina.valves.ErrorReportValve.invoke(ErrorReportValve.java:103)
	at org.apache.catalina.valves.AccessLogValve.invoke(AccessLogValve.java:950)
	at org.apache.catalina.core.StandardEngineValve.invoke(StandardEngineValve.java:116)
	at org.apache.catalina.connector.CoyoteAdapter.service(CoyoteAdapter.java:421)
	at org.apache.coyote.http11.AbstractHttp11Processor.process(AbstractHttp11Processor.java:1074)
	at org.apache.coyote.AbstractProtocol$AbstractConnectionHandler.process(AbstractProtocol.java:611)
	at org.apache.tomcat.util.net.JIoEndpoint$SocketProcessor.run(JIoEndpoint.java:316)
	at java.util.concurrent.ThreadPoolExecutor.runWorker(ThreadPoolExecutor.java:1145)
	at java.util.concurrent.ThreadPoolExecutor$Worker.run(ThreadPoolExecutor.java:615)
	at org.apache.tomcat.util.threads.TaskThread$WrappingRunnable.run(TaskThread.java:61)
	at java.lang.Thread.run(Thread.java:745)
Caused by: org.springframework.orm.hibernate4.HibernateJdbcException: JDBC exception on Hibernate data access: SQLException for SQL [n/a]; SQL state [HY000]; error code [1449]; could not extract ResultSet; nested exception is org.hibernate.exception.GenericJDBCException: could not extract ResultSet
	at org.springframework.orm.hibernate4.SessionFactoryUtils.convertHibernateAccessException(SessionFactoryUtils.java:146)
	at org.springframework.orm.hibernate4.HibernateExceptionTranslator.convertHibernateAccessException(HibernateExceptionTranslator.java:56)
	at org.springframework.orm.hibernate4.HibernateExceptionTranslator.translateExceptionIfPossible(HibernateExceptionTranslator.java:43)
	at org.springframework.dao.support.ChainedPersistenceExceptionTranslator.translateExceptionIfPossible(ChainedPersistenceExceptionTranslator.java:58)
	at org.springframework.dao.support.DataAccessUtils.translateIfNecessary(DataAccessUtils.java:213)
	at org.springframework.dao.support.PersistenceExceptionTranslationInterceptor.invoke(PersistenceExceptionTranslationInterceptor.java:163)
	at org.springframework.aop.framework.ReflectiveMethodInvocation.proceed(ReflectiveMethodInvocation.java:172)
	at org.springframework.aop.aspectj.MethodInvocationProceedingJoinPoint.proceed(MethodInvocationProceedingJoinPoint.java:80)
	at com.fortify.manager.DAL.support.FMDALExceptionTranslationInterceptor.aroundRepositoryMethod(FMDALExceptionTranslationInterceptor.java:21)
	... 142 more
Caused by: org.hibernate.exception.GenericJDBCException: could not extract ResultSet
	at org.hibernate.exception.internal.StandardSQLExceptionConverter.convert(StandardSQLExceptionConverter.java:54)
	at org.hibernate.engine.jdbc.spi.SqlExceptionHelper.convert(SqlExceptionHelper.java:125)
	at org.hibernate.engine.jdbc.spi.SqlExceptionHelper.convert(SqlExceptionHelper.java:110)
	at org.hibernate.engine.jdbc.internal.ResultSetReturnImpl.extract(ResultSetReturnImpl.java:61)
	at org.hibernate.loader.Loader.getResultSet(Loader.java:2040)
	at org.hibernate.loader.Loader.executeQueryStatement(Loader.java:1837)
	at org.hibernate.loader.Loader.executeQueryStatement(Loader.java:1816)
	at org.hibernate.loader.Loader.doQuery(Loader.java:900)
	at org.hibernate.loader.Loader.doQueryAndInitializeNonLazyCollections(Loader.java:342)
	at org.hibernate.loader.Loader.doList(Loader.java:2526)
	at org.hibernate.loader.Loader.doList(Loader.java:2512)
	at org.hibernate.loader.Loader.listIgnoreQueryCache(Loader.java:2342)
	at org.hibernate.loader.Loader.list(Loader.java:2337)
	at org.hibernate.loader.criteria.CriteriaLoader.list(CriteriaLoader.java:124)
	at org.hibernate.internal.SessionImpl.list(SessionImpl.java:1662)
	at org.hibernate.internal.CriteriaImpl.list(CriteriaImpl.java:374)
	at com.fortify.manager.DAL.HibernateDatabaseInterface$ListCallback.doInHibernate(HibernateDatabaseInterface.java:564)
	at com.fortify.manager.DAL.HibernateDatabaseInterface$ListCallback.doInHibernate(HibernateDatabaseInterface.java:521)
	at com.fortify.manager.DAL.HibernateDatabaseInterface.list(HibernateDatabaseInterface.java:368)
	at com.fortify.manager.DAL.SimpleAbstractEntityManager.getEntities(SimpleAbstractEntityManager.java:339)
	at com.fortify.manager.DAL.impl.ProjectMetaDataManagerImpl.getProjectMetaDataDefinitions(ProjectMetaDataManagerImpl.java:218)
	at com.fortify.manager.DAL.impl.ProjectMetaDataManagerImpl$$FastClassByCGLIB$$68e4bd29.invoke(<generated>)
	at org.springframework.cglib.proxy.MethodProxy.invoke(MethodProxy.java:204)
	at org.springframework.aop.framework.CglibAopProxy$CglibMethodInvocation.invokeJoinpoint(CglibAopProxy.java:698)
	at org.springframework.aop.framework.ReflectiveMethodInvocation.proceed(ReflectiveMethodInvocation.java:150)
	at org.springframework.dao.support.PersistenceExceptionTranslationInterceptor.invoke(PersistenceExceptionTranslationInterceptor.java:155)
	... 145 more
Caused by: java.sql.SQLException: The user specified as a definer (''@'') does not exist
	at com.mysql.jdbc.SQLError.createSQLException(SQLError.java:996)
	at com.mysql.jdbc.MysqlIO.checkErrorPacket(MysqlIO.java:3887)
	at com.mysql.jdbc.MysqlIO.checkErrorPacket(MysqlIO.java:3823)
	at com.mysql.jdbc.MysqlIO.sendCommand(MysqlIO.java:2435)
	at com.mysql.jdbc.MysqlIO.sqlQueryDirect(MysqlIO.java:2582)
	at com.mysql.jdbc.ConnectionImpl.execSQL(ConnectionImpl.java:2530)
	at com.mysql.jdbc.PreparedStatement.executeInternal(PreparedStatement.java:1907)
	at com.mysql.jdbc.PreparedStatement.executeQuery(PreparedStatement.java:2030)
	at org.apache.commons.dbcp.DelegatingPreparedStatement.executeQuery(DelegatingPreparedStatement.java:96)
	at org.apache.commons.dbcp.DelegatingPreparedStatement.executeQuery(DelegatingPreparedStatement.java:96)
	at org.hibernate.engine.jdbc.internal.ResultSetReturnImpl.extract(ResultSetReturnImpl.java:56)
	... 167 more
2015-05-21 14:57:05,041   [ERROR] com.fortify.server.platform.endpoints.rest.AttributeDefinitionController - FMDALGeneralException: 'An unexpected error occurred.' [url: /ssc/api/v1/attributeDefinitions]
2015-05-21 15:07:49,807   [WARN] org.springframework.security.authentication.event.LoggerListener - Authentication event AuthenticationSuccessEvent: will.chatham
2015-05-21 15:07:49,808   [WARN] org.springframework.security.authentication.event.LoggerListener - Authentication event InteractiveAuthenticationSuccessEvent: will.chatham
2015-05-22 08:17:08,689   [WARN] org.springframework.security.authentication.event.LoggerListener - Authentication event AuthenticationSuccessEvent: will.chatham
2015-05-22 08:17:08,689   [WARN] org.springframework.security.authentication.event.LoggerListener - Authentication event InteractiveAuthenticationSuccessEvent: will.chatham
