2015-04-14 14:56:30,448   [WARN] org.springframework.security.config.http.MatcherType - 'path-type' is deprecated. Please use 'request-matcher' instead.
2015-04-14 14:56:30,521   [WARN] org.springframework.security.config.http.MatcherType - 'path-type' is deprecated. Please use 'request-matcher' instead.
2015-04-14 14:56:34,336   [WARN] com.fortify.systemspec - ========================== Fortify Context Startup =============================
2015-04-14 14:56:34,364   [DEBUG] com.fortify.systemspec - 
Version:4.10.0120
------------------------- Runtime Information -------------------------------
Fortify Runtime Properties
com.fortify.AuthenticationKey=${win32.LocalAppdata}/Fortify/config/tools
com.fortify.Core=C:\apache-tomcat-7.0.16\webapps\ssc\WEB-INF\Core
com.fortify.InstallationUserName=SPO-FORTIFY-APP$
com.fortify.SCAExecutablePath=
com.fortify.VS.RequireASPPrecompilation=true
com.fortify.WorkingDirectory=${win32.LocalAppdata}/Fortify
com.fortify.locale=en
com.fortify.search.defaultSyntaxVer=2
max.file.path.length=255

System Runtime Properties
awt.toolkit=sun.awt.windows.WToolkit
catalina.base=c:\apache-tomcat-7.0.16
catalina.home=c:\apache-tomcat-7.0.16
catalina.useNaming=true
com.fortify.DisableDescriptionXMLEscaping=true
com.fortify.DisableJNI=true
com.fortify.InstallRoot=C:\apache-tomcat-7.0.16\webapps\ssc\WEB-INF
com.fortify.LicenseFile=C:\apache-tomcat-7.0.16\webapps\ssc\WEB-INF\classes\fortify.license
com.fortify.LoadFPropsFromCP=true
com.fortify.StoreOriginalDescriptions=true
com.fortify.model.DisableProgramInfo=true
com.fortify.model.DisableSnippets=true
common.loader=${catalina.base}/lib,${catalina.base}/lib/*.jar,${catalina.home}/lib,${catalina.home}/lib/*.jar
file.encoding=Cp1252
file.encoding.pkg=sun.io
file.separator=\
java.awt.graphicsenv=sun.awt.Win32GraphicsEnvironment
java.awt.headless=true
java.awt.printerjob=sun.awt.windows.WPrinterJob
java.class.path=c:\apache-tomcat-7.0.16\bin\bootstrap.jar;c:\apache-tomcat-7.0.16\bin\tomcat-juli.jar;c:\apache-tomcat-7.0.16\bin\tomcat-juli.jar
java.class.version=52.0
java.endorsed.dirs=c:\apache-tomcat-7.0.16\endorsed
java.ext.dirs=C:\Program Files\Java\jre1.8.0_45\lib\ext;C:\Windows\Sun\Java\lib\ext
java.home=C:\Program Files\Java\jre1.8.0_45
java.io.tmpdir=c:\apache-tomcat-7.0.16\temp
java.library.path=c:\apache-tomcat-7.0.16\bin;C:\Windows\Sun\Java\bin;C:\Windows\system32;C:\Windows;C:\ProgramData\Oracle\Java\javapath;C:\Program Files\Fortify Software\HP Fortify v3.50\bin;C:\Program Files\Fortify Software\HP Fortify v3.20\bin;C:\Windows\system32;C:\Windows;C:\Windows\System32\Wbem;C:\Windows\System32\WindowsPowerShell\v1.0\;c:\Program Files (x86)\Microsoft SQL Server\90\Tools\binn\;C:\Program Files\Microsoft\Web Platform Installer\;;.
java.naming.factory.initial=org.apache.naming.java.javaURLContextFactory
java.naming.factory.url.pkgs=org.apache.naming
java.runtime.name=Java(TM) SE Runtime Environment
java.runtime.version=1.8.0_45-b14
java.specification.name=Java Platform API Specification
java.specification.vendor=Oracle Corporation
java.specification.version=1.8
java.util.logging.config.file=c:\apache-tomcat-7.0.16\conf\logging.properties
java.util.logging.manager=org.apache.juli.ClassLoaderLogManager
java.vendor=Oracle Corporation
java.vendor.url=http://java.oracle.com/
java.vendor.url.bug=http://bugreport.sun.com/bugreport/
java.version=1.8.0_45
java.vm.info=mixed mode
java.vm.name=Java HotSpot(TM) 64-Bit Server VM
java.vm.specification.name=Java Virtual Machine Specification
java.vm.specification.vendor=Oracle Corporation
java.vm.specification.version=1.8
java.vm.vendor=Oracle Corporation
java.vm.version=25.45-b02
line.separator=

os.arch=amd64
os.name=Windows Server 2008 R2
os.version=6.1
package.access=sun.,org.apache.catalina.,org.apache.coyote.,org.apache.tomcat.,org.apache.jasper.
package.definition=sun.,java.,org.apache.catalina.,org.apache.coyote.,org.apache.tomcat.,org.apache.jasper.
path.separator=;
server.loader=
shared.loader=
sun.arch.data.model=64
sun.boot.class.path=C:\Program Files\Java\jre1.8.0_45\lib\resources.jar;C:\Program Files\Java\jre1.8.0_45\lib\rt.jar;C:\Program Files\Java\jre1.8.0_45\lib\sunrsasign.jar;C:\Program Files\Java\jre1.8.0_45\lib\jsse.jar;C:\Program Files\Java\jre1.8.0_45\lib\jce.jar;C:\Program Files\Java\jre1.8.0_45\lib\charsets.jar;C:\Program Files\Java\jre1.8.0_45\lib\jfr.jar;C:\Program Files\Java\jre1.8.0_45\classes
sun.boot.library.path=C:\Program Files\Java\jre1.8.0_45\bin
sun.cpu.endian=little
sun.cpu.isalist=amd64
sun.desktop=windows
sun.io.unicode.encoding=UnicodeLittle
sun.jnu.encoding=Cp1252
sun.management.compiler=HotSpot 64-Bit Tiered Compilers
sun.os.patch.level=Service Pack 1
tomcat.util.buf.StringCache.byte.enabled=true
tomcat.util.scan.DefaultJarScanner.jarsToSkip=bootstrap.jar,commons-daemon.jar,tomcat-juli.jar,annotations-api.jar,el-api.jar,jsp-api.jar,servlet-api.jar,catalina.jar,catalina-ant.jar,catalina-ha.jar,catalina-tribes.jar,jasper.jar,jasper-el.jar,ecj-*.jar,tomcat-api.jar,tomcat-util.jar,tomcat-coyote.jar,tomcat-dbcp.jar,tomcat-i18n-en.jar,tomcat-i18n-es.jar,tomcat-i18n-fr.jar,tomcat-i18n-ja.jar,commons-beanutils*.jar,commons-codec*.jar,commons-collections*.jar,commons-dbcp*.jar,commons-digester*.jar,commons-fileupload*.jar,commons-httpclient*.jar,commons-io*.jar,commons-lang*.jar,commons-logging*.jar,commons-math*.jar,commons-pool*.jar,jstl.jar,geronimo-spec-jaxrpc*.jar,wsdl4j*.jar,ant.jar,aspectj*.jar,jmx.jar,h2*.jar,hibernate*.jar,httpclient*.jar,jmx-tools.jar,jta*.jar,log4j*.jar,mail*.jar,slf4j*.jar,xercesImpl.jar,xmlParserAPIs.jar,xml-apis.jar,dnsns.jar,ldapsec.jar,localedata.jar,sunjce_provider.jar,sunpkcs11.jar,tools.jar,apple_provider.jar,AppleScriptEngine.jar,CoreAudio.jar,dns_sd.jar,j3daudio.jar,j3dcore.jar,j3dutils.jar,jai_core.jar,jai_codec.jar,mlibwrapper_jai.jar,MRJToolkit.jar,vecmath.jar
user.country=US
user.dir=C:\Windows\system32
user.home=C:\Windows\system32\config\systemprofile
user.language=en
user.name=SPO-FORTIFY-APP$
user.script=
user.timezone=America/Los_Angeles
user.variant=

VM Info
OperatingSystemMXBean: Windows Server 2008 R2
  Arch: amd64
  AvailableProcessors: 2
  CommittedVirtualMemorySize: 3200761856
  FreePhysicalMemorySize: 5500166144
  FreeSwapSpaceSize: 12893757440
  ProcessCpuLoad: 0.6362763695001104
  ProcessCpuTime: 294124285400
  SystemCpuLoad: 0.804793894046043
  SystemLoadAverage: -1.0
  TotalPhysicalMemorySize: 8589467648
  TotalSwapSpaceSize: 17177026560
  Version: 6.1
RuntimeMXBean: 1984@spo-fortify-app
  BootClassPath: C:\Program Files\Java\jre1.8.0_45\lib\resources.jar;C:\Program Files\Java\jre1.8.0_45\lib\rt.jar;C:\Program Files\Java\jre1.8.0_45\lib\sunrsasign.jar;C:\Program Files\Java\jre1.8.0_45\lib\jsse.jar;C:\Program Files\Java\jre1.8.0_45\lib\jce.jar;C:\Program Files\Java\jre1.8.0_45\lib\charsets.jar;C:\Program Files\Java\jre1.8.0_45\lib\jfr.jar;C:\Program Files\Java\jre1.8.0_45\classes
  BootClassPathSupported: true
  ClassPath: c:\apache-tomcat-7.0.16\bin\bootstrap.jar;c:\apache-tomcat-7.0.16\bin\tomcat-juli.jar;c:\apache-tomcat-7.0.16\bin\tomcat-juli.jar
  LibraryPath: c:\apache-tomcat-7.0.16\bin;C:\Windows\Sun\Java\bin;C:\Windows\system32;C:\Windows;C:\ProgramData\Oracle\Java\javapath;C:\Program Files\Fortify Software\HP Fortify v3.50\bin;C:\Program Files\Fortify Software\HP Fortify v3.20\bin;C:\Windows\system32;C:\Windows;C:\Windows\System32\Wbem;C:\Windows\System32\WindowsPowerShell\v1.0\;c:\Program Files (x86)\Microsoft SQL Server\90\Tools\binn\;C:\Program Files\Microsoft\Web Platform Installer\;;.
  ManagementSpecVersion: 1.2
  SpecName: Java Virtual Machine Specification
  SpecVendor: Oracle Corporation
  SpecVersion: 1.8
  StartTime: 1429048349128
  Uptime: 249446
  VmName: Java HotSpot(TM) 64-Bit Server VM
  VmVendor: Oracle Corporation
  VmVersion: 25.45-b02
-----------------------------------------------------------------------------
2015-04-14 14:56:51,296   [WARN] com.fortify.manager.service.EmailServiceImpl - Exception loading certificates keystore as JKS: C:\apache-tomcat-7.0.16\webapps\ssc\WEB-INF\Core\config\certificates\keystore (The system cannot find the path specified)
2015-04-14 14:56:51,296   [WARN] com.fortify.manager.service.EmailServiceImpl - Exception loading certificates keystore as PKCS12: C:\apache-tomcat-7.0.16\webapps\ssc\WEB-INF\Core\config\certificates\keystore (The system cannot find the path specified)
2015-04-14 14:56:51,296   [WARN] com.fortify.manager.service.EmailServiceImpl - S/MIME messages cannot be sent from this server
2015-04-14 14:56:52,623   [WARN] com.fortify.manager.security.FmMethodSecurityInteceptor - Could not validate configuration attributes as the SecurityMetadataSource did not return any attributes from getAllConfigAttributes()
2015-04-14 14:56:53,014   [WARN] org.springframework.aop.framework.Cglib2AopProxy - Unable to proxy method [public final void org.springframework.jdbc.core.support.JdbcDaoSupport.setJdbcTemplate(org.springframework.jdbc.core.JdbcTemplate)] because it is final: All calls to this method via a proxy will be routed directly to the proxy.
2015-04-14 14:56:53,014   [WARN] org.springframework.aop.framework.Cglib2AopProxy - Unable to proxy method [public final org.springframework.jdbc.core.JdbcTemplate org.springframework.jdbc.core.support.JdbcDaoSupport.getJdbcTemplate()] because it is final: All calls to this method via a proxy will be routed directly to the proxy.
2015-04-14 14:56:53,014   [WARN] org.springframework.aop.framework.Cglib2AopProxy - Unable to proxy method [public final javax.sql.DataSource org.springframework.jdbc.core.support.JdbcDaoSupport.getDataSource()] because it is final: All calls to this method via a proxy will be routed directly to the proxy.
2015-04-14 14:56:53,014   [WARN] org.springframework.aop.framework.Cglib2AopProxy - Unable to proxy method [public final void org.springframework.jdbc.core.support.JdbcDaoSupport.setDataSource(javax.sql.DataSource)] because it is final: All calls to this method via a proxy will be routed directly to the proxy.
2015-04-14 14:56:53,014   [WARN] org.springframework.aop.framework.Cglib2AopProxy - Unable to proxy method [public final void org.springframework.dao.support.DaoSupport.afterPropertiesSet() throws java.lang.IllegalArgumentException,org.springframework.beans.factory.BeanInitializationException] because it is final: All calls to this method via a proxy will be routed directly to the proxy.
2015-04-14 14:57:20,652   [WARN] org.springframework.aop.framework.Cglib2AopProxy - Unable to proxy method [public final void org.springframework.jdbc.core.support.JdbcDaoSupport.setJdbcTemplate(org.springframework.jdbc.core.JdbcTemplate)] because it is final: All calls to this method via a proxy will be routed directly to the proxy.
2015-04-14 14:57:20,652   [WARN] org.springframework.aop.framework.Cglib2AopProxy - Unable to proxy method [public final org.springframework.jdbc.core.JdbcTemplate org.springframework.jdbc.core.support.JdbcDaoSupport.getJdbcTemplate()] because it is final: All calls to this method via a proxy will be routed directly to the proxy.
2015-04-14 14:57:20,652   [WARN] org.springframework.aop.framework.Cglib2AopProxy - Unable to proxy method [public final javax.sql.DataSource org.springframework.jdbc.core.support.JdbcDaoSupport.getDataSource()] because it is final: All calls to this method via a proxy will be routed directly to the proxy.
2015-04-14 14:57:20,652   [WARN] org.springframework.aop.framework.Cglib2AopProxy - Unable to proxy method [public final void org.springframework.jdbc.core.support.JdbcDaoSupport.setDataSource(javax.sql.DataSource)] because it is final: All calls to this method via a proxy will be routed directly to the proxy.
2015-04-14 14:57:20,652   [WARN] org.springframework.aop.framework.Cglib2AopProxy - Unable to proxy method [public final void org.springframework.dao.support.DaoSupport.afterPropertiesSet() throws java.lang.IllegalArgumentException,org.springframework.beans.factory.BeanInitializationException] because it is final: All calls to this method via a proxy will be routed directly to the proxy.
2015-04-14 14:57:20,918   [WARN] org.springframework.aop.framework.Cglib2AopProxy - Unable to proxy method [public final void org.springframework.jdbc.core.support.JdbcDaoSupport.setJdbcTemplate(org.springframework.jdbc.core.JdbcTemplate)] because it is final: All calls to this method via a proxy will be routed directly to the proxy.
2015-04-14 14:57:20,918   [WARN] org.springframework.aop.framework.Cglib2AopProxy - Unable to proxy method [public final org.springframework.jdbc.core.JdbcTemplate org.springframework.jdbc.core.support.JdbcDaoSupport.getJdbcTemplate()] because it is final: All calls to this method via a proxy will be routed directly to the proxy.
2015-04-14 14:57:20,918   [WARN] org.springframework.aop.framework.Cglib2AopProxy - Unable to proxy method [public final javax.sql.DataSource org.springframework.jdbc.core.support.JdbcDaoSupport.getDataSource()] because it is final: All calls to this method via a proxy will be routed directly to the proxy.
2015-04-14 14:57:20,918   [WARN] org.springframework.aop.framework.Cglib2AopProxy - Unable to proxy method [public final void org.springframework.jdbc.core.support.JdbcDaoSupport.setDataSource(javax.sql.DataSource)] because it is final: All calls to this method via a proxy will be routed directly to the proxy.
2015-04-14 14:57:20,918   [WARN] org.springframework.aop.framework.Cglib2AopProxy - Unable to proxy method [public final void org.springframework.dao.support.DaoSupport.afterPropertiesSet() throws java.lang.IllegalArgumentException,org.springframework.beans.factory.BeanInitializationException] because it is final: All calls to this method via a proxy will be routed directly to the proxy.
2015-04-14 14:57:24,103   [WARN] org.springframework.aop.framework.Cglib2AopProxy - Unable to proxy method [public final void org.springframework.ws.server.endpoint.adapter.MarshallingMethodEndpointAdapter.setMarshaller(org.springframework.oxm.Marshaller)] because it is final: All calls to this method via a proxy will be routed directly to the proxy.
2015-04-14 14:57:24,103   [WARN] org.springframework.aop.framework.Cglib2AopProxy - Unable to proxy method [public final void org.springframework.ws.server.endpoint.adapter.MarshallingMethodEndpointAdapter.setUnmarshaller(org.springframework.oxm.Unmarshaller)] because it is final: All calls to this method via a proxy will be routed directly to the proxy.
2015-04-14 14:57:24,103   [WARN] org.springframework.aop.framework.Cglib2AopProxy - Unable to proxy method [public final void org.springframework.ws.server.endpoint.adapter.AbstractMethodEndpointAdapter.invoke(org.springframework.ws.context.MessageContext,java.lang.Object) throws java.lang.Exception] because it is final: All calls to this method via a proxy will be routed directly to the proxy.
2015-04-14 14:57:24,103   [WARN] org.springframework.aop.framework.Cglib2AopProxy - Unable to proxy method [public final boolean org.springframework.ws.server.endpoint.adapter.AbstractMethodEndpointAdapter.supports(java.lang.Object)] because it is final: All calls to this method via a proxy will be routed directly to the proxy.
2015-04-14 14:57:24,135   [WARN] org.springframework.aop.framework.Cglib2AopProxy - Unable to proxy method [public final void org.springframework.ws.server.endpoint.adapter.MarshallingMethodEndpointAdapter.setMarshaller(org.springframework.oxm.Marshaller)] because it is final: All calls to this method via a proxy will be routed directly to the proxy.
2015-04-14 14:57:24,135   [WARN] org.springframework.aop.framework.Cglib2AopProxy - Unable to proxy method [public final void org.springframework.ws.server.endpoint.adapter.MarshallingMethodEndpointAdapter.setUnmarshaller(org.springframework.oxm.Unmarshaller)] because it is final: All calls to this method via a proxy will be routed directly to the proxy.
2015-04-14 14:57:24,135   [WARN] org.springframework.aop.framework.Cglib2AopProxy - Unable to proxy method [public final void org.springframework.ws.server.endpoint.adapter.AbstractMethodEndpointAdapter.invoke(org.springframework.ws.context.MessageContext,java.lang.Object) throws java.lang.Exception] because it is final: All calls to this method via a proxy will be routed directly to the proxy.
2015-04-14 14:57:24,135   [WARN] org.springframework.aop.framework.Cglib2AopProxy - Unable to proxy method [public final boolean org.springframework.ws.server.endpoint.adapter.AbstractMethodEndpointAdapter.supports(java.lang.Object)] because it is final: All calls to this method via a proxy will be routed directly to the proxy.
2015-04-14 14:57:31,161   [INFO] com.fortify.manager.service.runtime.RuntimeControllerConnectionConfiguration - Initializing runtime event handlers: [10234]
2015-04-14 14:57:31,161   [WARN] com.fortify.manager.service.runtime.RuntimeControllerConnectionConfiguration - Runtime integration disabled
2015-04-14 14:57:36,486   [ERROR] org.springframework.ws.transport.http.MessageDispatcherServlet - Context initialization failed
org.springframework.beans.factory.BeanCreationException: Error creating bean with name 'schemaCollection' defined in ServletContext resource [/WEB-INF/internal/fm-ws-servlet.xml]: Invocation of init method failed; nested exception is org.springframework.xml.xsd.commons.CommonsXsdSchemaException: Schema [ServletContext resource [/WEB-INF/schema/manager.xsd]] could not be loaded; nested exception is java.lang.RuntimeException: org.apache.ws.commons.schema.XmlSchemaException: jndi:/localhost/ssc4.1%20-%20Copy/WEB-INF/schema/ActivityTemplate.xsd
	at org.springframework.beans.factory.support.AbstractAutowireCapableBeanFactory.initializeBean(AbstractAutowireCapableBeanFactory.java:1455)
	at org.springframework.beans.factory.support.AbstractAutowireCapableBeanFactory.doCreateBean(AbstractAutowireCapableBeanFactory.java:519)
	at org.springframework.beans.factory.support.AbstractAutowireCapableBeanFactory.createBean(AbstractAutowireCapableBeanFactory.java:456)
	at org.springframework.beans.factory.support.AbstractBeanFactory$1.getObject(AbstractBeanFactory.java:294)
	at org.springframework.beans.factory.support.DefaultSingletonBeanRegistry.getSingleton(DefaultSingletonBeanRegistry.java:225)
	at org.springframework.beans.factory.support.AbstractBeanFactory.doGetBean(AbstractBeanFactory.java:291)
	at org.springframework.beans.factory.support.AbstractBeanFactory.getBean(AbstractBeanFactory.java:193)
	at org.springframework.beans.factory.support.DefaultListableBeanFactory.preInstantiateSingletons(DefaultListableBeanFactory.java:605)
	at org.springframework.context.support.AbstractApplicationContext.finishBeanFactoryInitialization(AbstractApplicationContext.java:925)
	at org.springframework.context.support.AbstractApplicationContext.refresh(AbstractApplicationContext.java:472)
	at org.springframework.web.servlet.FrameworkServlet.configureAndRefreshWebApplicationContext(FrameworkServlet.java:631)
	at org.springframework.web.servlet.FrameworkServlet.createWebApplicationContext(FrameworkServlet.java:588)
	at org.springframework.web.servlet.FrameworkServlet.createWebApplicationContext(FrameworkServlet.java:645)
	at org.springframework.web.servlet.FrameworkServlet.initWebApplicationContext(FrameworkServlet.java:508)
	at org.springframework.web.servlet.FrameworkServlet.initServletBean(FrameworkServlet.java:449)
	at org.springframework.web.servlet.HttpServletBean.init(HttpServletBean.java:133)
	at javax.servlet.GenericServlet.init(GenericServlet.java:160)
	at org.apache.catalina.core.StandardWrapper.initServlet(StandardWrapper.java:1201)
	at org.apache.catalina.core.StandardWrapper.loadServlet(StandardWrapper.java:1114)
	at org.apache.catalina.core.StandardWrapper.load(StandardWrapper.java:1021)
	at org.apache.catalina.core.StandardContext.loadOnStartup(StandardContext.java:4957)
	at org.apache.catalina.core.StandardContext$3.call(StandardContext.java:5284)
	at org.apache.catalina.core.StandardContext$3.call(StandardContext.java:5279)
	at java.util.concurrent.FutureTask.run(Unknown Source)
	at java.util.concurrent.ThreadPoolExecutor.runWorker(Unknown Source)
	at java.util.concurrent.ThreadPoolExecutor$Worker.run(Unknown Source)
	at java.lang.Thread.run(Unknown Source)
Caused by: org.springframework.xml.xsd.commons.CommonsXsdSchemaException: Schema [ServletContext resource [/WEB-INF/schema/manager.xsd]] could not be loaded; nested exception is java.lang.RuntimeException: org.apache.ws.commons.schema.XmlSchemaException: jndi:/localhost/ssc4.1%20-%20Copy/WEB-INF/schema/ActivityTemplate.xsd
	at com.fortify.manager.web.schema.FortifyXsdSchemaCollection.afterPropertiesSet(FortifyXsdSchemaCollection.java:158)
	at org.springframework.beans.factory.support.AbstractAutowireCapableBeanFactory.invokeInitMethods(AbstractAutowireCapableBeanFactory.java:1514)
	at org.springframework.beans.factory.support.AbstractAutowireCapableBeanFactory.initializeBean(AbstractAutowireCapableBeanFactory.java:1452)
	... 26 more
Caused by: java.lang.RuntimeException: org.apache.ws.commons.schema.XmlSchemaException: jndi:/localhost/ssc4.1%20-%20Copy/WEB-INF/schema/ActivityTemplate.xsd
	at org.apache.ws.commons.schema.SchemaBuilder.resolveXmlSchema(SchemaBuilder.java:1904)
	at org.apache.ws.commons.schema.SchemaBuilder.handleImport(SchemaBuilder.java:1612)
	at org.apache.ws.commons.schema.SchemaBuilder.handleXmlSchemaElement(SchemaBuilder.java:224)
	at org.apache.ws.commons.schema.SchemaBuilder.build(SchemaBuilder.java:121)
	at org.apache.ws.commons.schema.XmlSchemaCollection.read(XmlSchemaCollection.java:445)
	at org.apache.ws.commons.schema.XmlSchemaCollection.read(XmlSchemaCollection.java:368)
	at org.apache.ws.commons.schema.XmlSchemaCollection.read(XmlSchemaCollection.java:400)
	at com.fortify.manager.web.schema.FortifyXsdSchemaCollection.afterPropertiesSet(FortifyXsdSchemaCollection.java:148)
	... 28 more
Caused by: org.apache.ws.commons.schema.XmlSchemaException: jndi:/localhost/ssc4.1%20-%20Copy/WEB-INF/schema/ActivityTemplate.xsd
	at org.apache.ws.commons.schema.XmlSchemaCollection.read(XmlSchemaCollection.java:372)
	at org.apache.ws.commons.schema.SchemaBuilder.resolveXmlSchema(SchemaBuilder.java:1898)
	... 35 more
2015-04-14 14:57:36,491   [ERROR] org.apache.catalina.core.ContainerBase.[Catalina].[localhost].[/ssc4.1 - Copy] - StandardWrapper.Throwable
org.springframework.beans.factory.BeanCreationException: Error creating bean with name 'schemaCollection' defined in ServletContext resource [/WEB-INF/internal/fm-ws-servlet.xml]: Invocation of init method failed; nested exception is org.springframework.xml.xsd.commons.CommonsXsdSchemaException: Schema [ServletContext resource [/WEB-INF/schema/manager.xsd]] could not be loaded; nested exception is java.lang.RuntimeException: org.apache.ws.commons.schema.XmlSchemaException: jndi:/localhost/ssc4.1%20-%20Copy/WEB-INF/schema/ActivityTemplate.xsd
	at org.springframework.beans.factory.support.AbstractAutowireCapableBeanFactory.initializeBean(AbstractAutowireCapableBeanFactory.java:1455)
	at org.springframework.beans.factory.support.AbstractAutowireCapableBeanFactory.doCreateBean(AbstractAutowireCapableBeanFactory.java:519)
	at org.springframework.beans.factory.support.AbstractAutowireCapableBeanFactory.createBean(AbstractAutowireCapableBeanFactory.java:456)
	at org.springframework.beans.factory.support.AbstractBeanFactory$1.getObject(AbstractBeanFactory.java:294)
	at org.springframework.beans.factory.support.DefaultSingletonBeanRegistry.getSingleton(DefaultSingletonBeanRegistry.java:225)
	at org.springframework.beans.factory.support.AbstractBeanFactory.doGetBean(AbstractBeanFactory.java:291)
	at org.springframework.beans.factory.support.AbstractBeanFactory.getBean(AbstractBeanFactory.java:193)
	at org.springframework.beans.factory.support.DefaultListableBeanFactory.preInstantiateSingletons(DefaultListableBeanFactory.java:605)
	at org.springframework.context.support.AbstractApplicationContext.finishBeanFactoryInitialization(AbstractApplicationContext.java:925)
	at org.springframework.context.support.AbstractApplicationContext.refresh(AbstractApplicationContext.java:472)
	at org.springframework.web.servlet.FrameworkServlet.configureAndRefreshWebApplicationContext(FrameworkServlet.java:631)
	at org.springframework.web.servlet.FrameworkServlet.createWebApplicationContext(FrameworkServlet.java:588)
	at org.springframework.web.servlet.FrameworkServlet.createWebApplicationContext(FrameworkServlet.java:645)
	at org.springframework.web.servlet.FrameworkServlet.initWebApplicationContext(FrameworkServlet.java:508)
	at org.springframework.web.servlet.FrameworkServlet.initServletBean(FrameworkServlet.java:449)
	at org.springframework.web.servlet.HttpServletBean.init(HttpServletBean.java:133)
	at javax.servlet.GenericServlet.init(GenericServlet.java:160)
	at org.apache.catalina.core.StandardWrapper.initServlet(StandardWrapper.java:1201)
	at org.apache.catalina.core.StandardWrapper.loadServlet(StandardWrapper.java:1114)
	at org.apache.catalina.core.StandardWrapper.load(StandardWrapper.java:1021)
	at org.apache.catalina.core.StandardContext.loadOnStartup(StandardContext.java:4957)
	at org.apache.catalina.core.StandardContext$3.call(StandardContext.java:5284)
	at org.apache.catalina.core.StandardContext$3.call(StandardContext.java:5279)
	at java.util.concurrent.FutureTask.run(Unknown Source)
	at java.util.concurrent.ThreadPoolExecutor.runWorker(Unknown Source)
	at java.util.concurrent.ThreadPoolExecutor$Worker.run(Unknown Source)
	at java.lang.Thread.run(Unknown Source)
Caused by: org.springframework.xml.xsd.commons.CommonsXsdSchemaException: Schema [ServletContext resource [/WEB-INF/schema/manager.xsd]] could not be loaded; nested exception is java.lang.RuntimeException: org.apache.ws.commons.schema.XmlSchemaException: jndi:/localhost/ssc4.1%20-%20Copy/WEB-INF/schema/ActivityTemplate.xsd
	at com.fortify.manager.web.schema.FortifyXsdSchemaCollection.afterPropertiesSet(FortifyXsdSchemaCollection.java:158)
	at org.springframework.beans.factory.support.AbstractAutowireCapableBeanFactory.invokeInitMethods(AbstractAutowireCapableBeanFactory.java:1514)
	at org.springframework.beans.factory.support.AbstractAutowireCapableBeanFactory.initializeBean(AbstractAutowireCapableBeanFactory.java:1452)
	... 26 more
Caused by: java.lang.RuntimeException: org.apache.ws.commons.schema.XmlSchemaException: jndi:/localhost/ssc4.1%20-%20Copy/WEB-INF/schema/ActivityTemplate.xsd
	at org.apache.ws.commons.schema.SchemaBuilder.resolveXmlSchema(SchemaBuilder.java:1904)
	at org.apache.ws.commons.schema.SchemaBuilder.handleImport(SchemaBuilder.java:1612)
	at org.apache.ws.commons.schema.SchemaBuilder.handleXmlSchemaElement(SchemaBuilder.java:224)
	at org.apache.ws.commons.schema.SchemaBuilder.build(SchemaBuilder.java:121)
	at org.apache.ws.commons.schema.XmlSchemaCollection.read(XmlSchemaCollection.java:445)
	at org.apache.ws.commons.schema.XmlSchemaCollection.read(XmlSchemaCollection.java:368)
	at org.apache.ws.commons.schema.XmlSchemaCollection.read(XmlSchemaCollection.java:400)
	at com.fortify.manager.web.schema.FortifyXsdSchemaCollection.afterPropertiesSet(FortifyXsdSchemaCollection.java:148)
	... 28 more
Caused by: org.apache.ws.commons.schema.XmlSchemaException: jndi:/localhost/ssc4.1%20-%20Copy/WEB-INF/schema/ActivityTemplate.xsd
	at org.apache.ws.commons.schema.XmlSchemaCollection.read(XmlSchemaCollection.java:372)
	at org.apache.ws.commons.schema.SchemaBuilder.resolveXmlSchema(SchemaBuilder.java:1898)
	... 35 more
2015-04-14 14:57:36,492   [ERROR] org.apache.catalina.core.ContainerBase.[Catalina].[localhost].[/ssc4.1 - Copy] - Servlet /ssc4.1 - Copy threw load() exception
org.apache.ws.commons.schema.XmlSchemaException: jndi:/localhost/ssc4.1%20-%20Copy/WEB-INF/schema/ActivityTemplate.xsd
	at org.apache.ws.commons.schema.XmlSchemaCollection.read(XmlSchemaCollection.java:372)
	at org.apache.ws.commons.schema.SchemaBuilder.resolveXmlSchema(SchemaBuilder.java:1898)
	at org.apache.ws.commons.schema.SchemaBuilder.handleImport(SchemaBuilder.java:1612)
	at org.apache.ws.commons.schema.SchemaBuilder.handleXmlSchemaElement(SchemaBuilder.java:224)
	at org.apache.ws.commons.schema.SchemaBuilder.build(SchemaBuilder.java:121)
	at org.apache.ws.commons.schema.XmlSchemaCollection.read(XmlSchemaCollection.java:445)
	at org.apache.ws.commons.schema.XmlSchemaCollection.read(XmlSchemaCollection.java:368)
	at org.apache.ws.commons.schema.XmlSchemaCollection.read(XmlSchemaCollection.java:400)
	at com.fortify.manager.web.schema.FortifyXsdSchemaCollection.afterPropertiesSet(FortifyXsdSchemaCollection.java:148)
	at org.springframework.beans.factory.support.AbstractAutowireCapableBeanFactory.invokeInitMethods(AbstractAutowireCapableBeanFactory.java:1514)
	at org.springframework.beans.factory.support.AbstractAutowireCapableBeanFactory.initializeBean(AbstractAutowireCapableBeanFactory.java:1452)
	at org.springframework.beans.factory.support.AbstractAutowireCapableBeanFactory.doCreateBean(AbstractAutowireCapableBeanFactory.java:519)
	at org.springframework.beans.factory.support.AbstractAutowireCapableBeanFactory.createBean(AbstractAutowireCapableBeanFactory.java:456)
	at org.springframework.beans.factory.support.AbstractBeanFactory$1.getObject(AbstractBeanFactory.java:294)
	at org.springframework.beans.factory.support.DefaultSingletonBeanRegistry.getSingleton(DefaultSingletonBeanRegistry.java:225)
	at org.springframework.beans.factory.support.AbstractBeanFactory.doGetBean(AbstractBeanFactory.java:291)
	at org.springframework.beans.factory.support.AbstractBeanFactory.getBean(AbstractBeanFactory.java:193)
	at org.springframework.beans.factory.support.DefaultListableBeanFactory.preInstantiateSingletons(DefaultListableBeanFactory.java:605)
	at org.springframework.context.support.AbstractApplicationContext.finishBeanFactoryInitialization(AbstractApplicationContext.java:925)
	at org.springframework.context.support.AbstractApplicationContext.refresh(AbstractApplicationContext.java:472)
	at org.springframework.web.servlet.FrameworkServlet.configureAndRefreshWebApplicationContext(FrameworkServlet.java:631)
	at org.springframework.web.servlet.FrameworkServlet.createWebApplicationContext(FrameworkServlet.java:588)
	at org.springframework.web.servlet.FrameworkServlet.createWebApplicationContext(FrameworkServlet.java:645)
	at org.springframework.web.servlet.FrameworkServlet.initWebApplicationContext(FrameworkServlet.java:508)
	at org.springframework.web.servlet.FrameworkServlet.initServletBean(FrameworkServlet.java:449)
	at org.springframework.web.servlet.HttpServletBean.init(HttpServletBean.java:133)
	at javax.servlet.GenericServlet.init(GenericServlet.java:160)
	at org.apache.catalina.core.StandardWrapper.initServlet(StandardWrapper.java:1201)
	at org.apache.catalina.core.StandardWrapper.loadServlet(StandardWrapper.java:1114)
	at org.apache.catalina.core.StandardWrapper.load(StandardWrapper.java:1021)
	at org.apache.catalina.core.StandardContext.loadOnStartup(StandardContext.java:4957)
	at org.apache.catalina.core.StandardContext$3.call(StandardContext.java:5284)
	at org.apache.catalina.core.StandardContext$3.call(StandardContext.java:5279)
	at java.util.concurrent.FutureTask.run(Unknown Source)
	at java.util.concurrent.ThreadPoolExecutor.runWorker(Unknown Source)
	at java.util.concurrent.ThreadPoolExecutor$Worker.run(Unknown Source)
	at java.lang.Thread.run(Unknown Source)
