2014-03-24 13:53:56,952   - System;HISTORICAL_SNAPSHOT_COLLECTION_STARTED;Project: eDocsVersion: Website
2014-03-24 13:53:57,136   - System;HISTORICAL_SNAPSHOT_COLLECTION_STARTED;Project: Laserfiche Web ServiceVersion: web service
2014-03-24 13:53:57,393   - System;HISTORICAL_SNAPSHOT_COLLECTION_STARTED;Project: eCertsVersion: Website
2014-03-24 13:53:57,868   - System;HISTORICAL_SNAPSHOT_COLLECTION_STARTED;Project: ESPVersion: Website
2014-03-24 13:54:06,200   - System;HISTORICAL_SNAPSHOT_COLLECTION_ITERATION_COMPLETED;Project: Laserfiche Web ServiceVersion: web service
2014-03-24 13:54:07,255   - System;HISTORICAL_SNAPSHOT_COLLECTION_STARTED;Project: Laserfiche Windows ServiceVersion: windows service
2014-03-24 13:54:09,434   - System;HISTORICAL_SNAPSHOT_COLLECTION_ITERATION_COMPLETED;Project: eCertsVersion: Website
2014-03-24 13:54:13,362   - System;HISTORICAL_SNAPSHOT_COLLECTION_STARTED;Project: eTaxDataVersion: Website
2014-03-24 13:54:23,850   - System;HISTORICAL_SNAPSHOT_COLLECTION_ITERATION_COMPLETED;Project: Laserfiche Windows ServiceVersion: windows service
2014-03-24 13:54:25,399   - System;HISTORICAL_SNAPSHOT_COLLECTION_STARTED;Project: ADR Customer Support Tracking SystemVersion: Website
2014-03-24 13:54:25,839   - System;HISTORICAL_SNAPSHOT_COLLECTION_ITERATION_COMPLETED;Project: ADR Customer Support Tracking SystemVersion: Website
2014-03-24 13:54:26,998   - System;HISTORICAL_SNAPSHOT_COLLECTION_STARTED;Project: eClaimsVersion: eClaims
2014-03-24 13:54:30,663   - System;HISTORICAL_SNAPSHOT_COLLECTION_ITERATION_COMPLETED;Project: eTaxDataVersion: Website
2014-03-24 13:54:52,776   - System;HISTORICAL_SNAPSHOT_COLLECTION_STARTED;Project: GCRP Web PortalVersion: GCRP Web Portal
2014-03-24 13:54:54,458   - System;HISTORICAL_SNAPSHOT_COLLECTION_ITERATION_FAILED;Project: ESPVersion: Website
2014-03-24 13:54:58,948   - System;HISTORICAL_SNAPSHOT_COLLECTION_ITERATION_COMPLETED;Project: eDocsVersion: Website
2014-03-24 13:54:59,037   - System;HISTORICAL_SNAPSHOT_COLLECTION_STARTED;Project: e1099Version: e1099
2014-03-24 13:54:59,371   - System;HISTORICAL_SNAPSHOT_COLLECTION_ITERATION_COMPLETED;Project: e1099Version: e1099
2014-03-24 13:54:59,531   - System;HISTORICAL_SNAPSHOT_COLLECTION_STARTED;Project: TIRVersion: Website
2014-03-24 13:54:59,562   - System;HISTORICAL_SNAPSHOT_COLLECTION_ITERATION_COMPLETED;Project: TIRVersion: Website
2014-03-24 13:55:00,030   - System;HISTORICAL_SNAPSHOT_COLLECTION_STARTED;Project: ESP ReportsVersion: ESP Reports
2014-03-24 13:55:00,810   - System;HISTORICAL_SNAPSHOT_COLLECTION_ITERATION_COMPLETED;Project: eClaimsVersion: eClaims
2014-03-24 13:55:01,060   - System;HISTORICAL_SNAPSHOT_COLLECTION_ITERATION_COMPLETED;Project: GCRP Web PortalVersion: GCRP Web Portal
2014-03-24 13:55:02,205   - System;HISTORICAL_SNAPSHOT_COLLECTION_ITERATION_COMPLETED;Project: ESP ReportsVersion: ESP Reports
2014-03-24 14:13:29,089   - hshlom;WEBUI_LOGIN_FAILED;[Security Event]
2014-03-24 14:13:41,982   - gtsdomain\hshlom;WEBUI_LOGIN_FAILED;[Security Event]
2014-03-24 14:20:14,045   - gtsdomain\hshlom;WEBUI_LOGIN_FAILED;[Security Event]
2014-03-24 14:23:54,609   - hshlom;WEBUI_LOGIN_FAILED;[Security Event]
2014-03-24 14:24:01,688   - hshlom;WEBUI_LOGIN_FAILED;[Security Event]
2014-03-25 10:10:33,096   - System;HISTORICAL_SNAPSHOT_COLLECTION_STARTED;Project: Laserfiche Windows ServiceVersion: windows service
2014-03-25 10:10:33,197   - System;HISTORICAL_SNAPSHOT_COLLECTION_NO_UPDATES;Project: Laserfiche Windows ServiceVersion: windows service
2014-03-25 10:10:33,384   - System;HISTORICAL_SNAPSHOT_COLLECTION_STARTED;Project: eClaimsVersion: eClaims
2014-03-25 10:10:33,408   - System;HISTORICAL_SNAPSHOT_COLLECTION_NO_UPDATES;Project: eClaimsVersion: eClaims
2014-03-25 10:10:33,571   - System;HISTORICAL_SNAPSHOT_COLLECTION_STARTED;Project: ADR Customer Support Tracking SystemVersion: Website
2014-03-25 10:10:33,597   - System;HISTORICAL_SNAPSHOT_COLLECTION_NO_UPDATES;Project: ADR Customer Support Tracking SystemVersion: Website
2014-03-25 10:10:33,851   - System;HISTORICAL_SNAPSHOT_COLLECTION_STARTED;Project: eTaxDataVersion: Website
2014-03-25 10:10:33,891   - System;HISTORICAL_SNAPSHOT_COLLECTION_NO_UPDATES;Project: eTaxDataVersion: Website
2014-03-25 10:10:34,112   - System;HISTORICAL_SNAPSHOT_COLLECTION_STARTED;Project: TIRVersion: Website
2014-03-25 10:10:34,141   - System;HISTORICAL_SNAPSHOT_COLLECTION_NO_UPDATES;Project: TIRVersion: Website
2014-03-25 10:10:34,421   - System;HISTORICAL_SNAPSHOT_COLLECTION_STARTED;Project: e1099Version: e1099
2014-03-25 10:10:34,467   - System;HISTORICAL_SNAPSHOT_COLLECTION_NO_UPDATES;Project: e1099Version: e1099
2014-03-25 10:10:34,707   - System;HISTORICAL_SNAPSHOT_COLLECTION_STARTED;Project: GCRP Web PortalVersion: GCRP Web Portal
2014-03-25 10:10:34,732   - System;HISTORICAL_SNAPSHOT_COLLECTION_NO_UPDATES;Project: GCRP Web PortalVersion: GCRP Web Portal
2014-03-25 10:10:34,907   - System;HISTORICAL_SNAPSHOT_COLLECTION_STARTED;Project: ESP ReportsVersion: ESP Reports
2014-03-25 10:10:34,925   - System;HISTORICAL_SNAPSHOT_COLLECTION_NO_UPDATES;Project: ESP ReportsVersion: ESP Reports
2014-03-25 10:34:24,033   - bnickson;WEBUI_LOGIN_SUCCESS;[Security Event]
2014-03-25 10:39:58,899   - bnickson;WEBUI_LOGIN_SUCCESS;[Security Event]
2014-03-25 11:12:08,728   - bnickson;WEBUI_LOGOUT;[Security Event]
2014-03-25 11:38:08,398   - gtsdomain\hshlom;WEBUI_LOGIN_FAILED;[Security Event]
2014-03-25 11:38:15,195   - hshlom;WEBUI_LOGIN_SUCCESS;[Security Event]
2014-03-25 12:09:08,978   - hshlom;WEBUI_LOGOUT;[Security Event]
2014-03-26 00:00:00,735   - System;HISTORICAL_SNAPSHOT_COLLECTION_STARTED;Project: eDocsVersion: Website
2014-03-26 00:00:00,794   - System;HISTORICAL_SNAPSHOT_COLLECTION_NO_UPDATES;Project: eDocsVersion: Website
2014-03-26 00:00:00,923   - System;HISTORICAL_SNAPSHOT_COLLECTION_STARTED;Project: Laserfiche Web ServiceVersion: web service
2014-03-26 00:00:00,943   - System;HISTORICAL_SNAPSHOT_COLLECTION_NO_UPDATES;Project: Laserfiche Web ServiceVersion: web service
2014-03-26 00:00:01,583   - System;HISTORICAL_SNAPSHOT_COLLECTION_STARTED;Project: eCertsVersion: Website
2014-03-26 00:00:01,600   - System;HISTORICAL_SNAPSHOT_COLLECTION_NO_UPDATES;Project: eCertsVersion: Website
2014-03-26 00:00:01,751   - System;HISTORICAL_SNAPSHOT_COLLECTION_STARTED;Project: ESPVersion: Website
2014-03-26 00:00:01,936   - System;HISTORICAL_SNAPSHOT_COLLECTION_STARTED;Project: ADR Customer Support Tracking SystemVersion: Website
2014-03-26 00:00:01,956   - System;HISTORICAL_SNAPSHOT_COLLECTION_NO_UPDATES;Project: ADR Customer Support Tracking SystemVersion: Website
2014-03-26 00:00:02,122   - System;HISTORICAL_SNAPSHOT_COLLECTION_STARTED;Project: eTaxDataVersion: Website
2014-03-26 00:00:02,138   - System;HISTORICAL_SNAPSHOT_COLLECTION_NO_UPDATES;Project: eTaxDataVersion: Website
2014-03-26 00:00:02,600   - System;HISTORICAL_SNAPSHOT_COLLECTION_STARTED;Project: Laserfiche Windows ServiceVersion: windows service
2014-03-26 00:00:02,617   - System;HISTORICAL_SNAPSHOT_COLLECTION_NO_UPDATES;Project: Laserfiche Windows ServiceVersion: windows service
2014-03-26 00:00:02,777   - System;HISTORICAL_SNAPSHOT_COLLECTION_STARTED;Project: GCRP Web PortalVersion: GCRP Web Portal
2014-03-26 00:00:02,801   - System;HISTORICAL_SNAPSHOT_COLLECTION_NO_UPDATES;Project: GCRP Web PortalVersion: GCRP Web Portal
2014-03-26 00:00:02,933   - System;HISTORICAL_SNAPSHOT_COLLECTION_STARTED;Project: eClaimsVersion: eClaims
2014-03-26 00:00:02,950   - System;HISTORICAL_SNAPSHOT_COLLECTION_NO_UPDATES;Project: eClaimsVersion: eClaims
2014-03-26 00:00:03,391   - System;HISTORICAL_SNAPSHOT_COLLECTION_STARTED;Project: TIRVersion: Website
2014-03-26 00:00:03,407   - System;HISTORICAL_SNAPSHOT_COLLECTION_NO_UPDATES;Project: TIRVersion: Website
2014-03-26 00:00:03,568   - System;HISTORICAL_SNAPSHOT_COLLECTION_STARTED;Project: e1099Version: e1099
2014-03-26 00:00:03,582   - System;HISTORICAL_SNAPSHOT_COLLECTION_NO_UPDATES;Project: e1099Version: e1099
2014-03-26 00:00:04,138   - System;HISTORICAL_SNAPSHOT_COLLECTION_STARTED;Project: ESP ReportsVersion: ESP Reports
2014-03-26 00:00:04,154   - System;HISTORICAL_SNAPSHOT_COLLECTION_NO_UPDATES;Project: ESP ReportsVersion: ESP Reports
2014-03-26 00:00:11,191   - System;HISTORICAL_SNAPSHOT_COLLECTION_ITERATION_FAILED;Project: ESPVersion: Website
2014-03-27 17:01:24,503   - System;HISTORICAL_SNAPSHOT_COLLECTION_STARTED;Project: eDocsVersion: Website
2014-03-27 17:01:24,612   - System;HISTORICAL_SNAPSHOT_COLLECTION_NO_UPDATES;Project: eDocsVersion: Website
2014-03-27 17:01:24,800   - System;HISTORICAL_SNAPSHOT_COLLECTION_STARTED;Project: ESPVersion: Website
2014-03-27 17:01:25,096   - System;HISTORICAL_SNAPSHOT_COLLECTION_STARTED;Project: Laserfiche Windows ServiceVersion: windows service
2014-03-27 17:01:25,128   - System;HISTORICAL_SNAPSHOT_COLLECTION_NO_UPDATES;Project: Laserfiche Windows ServiceVersion: windows service
2014-03-27 17:01:25,393   - System;HISTORICAL_SNAPSHOT_COLLECTION_STARTED;Project: Laserfiche Web ServiceVersion: web service
2014-03-27 17:01:25,456   - System;HISTORICAL_SNAPSHOT_COLLECTION_NO_UPDATES;Project: Laserfiche Web ServiceVersion: web service
2014-03-27 17:01:25,784   - System;HISTORICAL_SNAPSHOT_COLLECTION_STARTED;Project: eCertsVersion: Website
2014-03-27 17:01:25,815   - System;HISTORICAL_SNAPSHOT_COLLECTION_NO_UPDATES;Project: eCertsVersion: Website
2014-03-27 17:01:25,971   - System;HISTORICAL_SNAPSHOT_COLLECTION_STARTED;Project: ADR Customer Support Tracking SystemVersion: Website
2014-03-27 17:01:25,987   - System;HISTORICAL_SNAPSHOT_COLLECTION_NO_UPDATES;Project: ADR Customer Support Tracking SystemVersion: Website
2014-03-27 17:01:26,159   - System;HISTORICAL_SNAPSHOT_COLLECTION_STARTED;Project: eTaxDataVersion: Website
2014-03-27 17:01:26,174   - System;HISTORICAL_SNAPSHOT_COLLECTION_NO_UPDATES;Project: eTaxDataVersion: Website
2014-03-27 17:01:26,440   - System;HISTORICAL_SNAPSHOT_COLLECTION_STARTED;Project: GCRP Web PortalVersion: GCRP Web Portal
2014-03-27 17:01:26,518   - System;HISTORICAL_SNAPSHOT_COLLECTION_NO_UPDATES;Project: GCRP Web PortalVersion: GCRP Web Portal
2014-03-27 17:01:27,674   - System;HISTORICAL_SNAPSHOT_COLLECTION_STARTED;Project: eClaimsVersion: eClaims
2014-03-27 17:01:27,690   - System;HISTORICAL_SNAPSHOT_COLLECTION_NO_UPDATES;Project: eClaimsVersion: eClaims
2014-03-27 17:01:27,893   - System;HISTORICAL_SNAPSHOT_COLLECTION_STARTED;Project: TIRVersion: Website
2014-03-27 17:01:27,908   - System;HISTORICAL_SNAPSHOT_COLLECTION_NO_UPDATES;Project: TIRVersion: Website
2014-03-27 17:01:28,752   - System;HISTORICAL_SNAPSHOT_COLLECTION_STARTED;Project: e1099Version: e1099
2014-03-27 17:01:28,783   - System;HISTORICAL_SNAPSHOT_COLLECTION_NO_UPDATES;Project: e1099Version: e1099
2014-03-27 17:01:29,033   - System;HISTORICAL_SNAPSHOT_COLLECTION_STARTED;Project: ESP ReportsVersion: ESP Reports
2014-03-27 17:01:29,049   - System;HISTORICAL_SNAPSHOT_COLLECTION_NO_UPDATES;Project: ESP ReportsVersion: ESP Reports
2014-03-27 17:01:52,996   - System;HISTORICAL_SNAPSHOT_COLLECTION_ITERATION_COMPLETED;Project: ESPVersion: Website
2014-03-27 17:02:14,944   - hshlom;WEBUI_LOGIN_SUCCESS;[Security Event]
2014-03-27 17:37:50,837   - Marking session 'F58298DB1AECCDDD223192520532626D' belonging to user 'hshlom' as invalid
path = /messagebroker, isUploading = false, currentTime = 1395956237346, firstTime = 1395954089017, lastTime = 1395954141458, REL_SESSION_TIMEOUT = 1800000, ABS_SESSION_TIMEOUT = 14400000
2014-03-28 09:30:22,542   - Marking session 'F58298DB1AECCDDD223192520532626D' belonging to user 'hshlom' as invalid
path = /messagebroker, isUploading = false, currentTime = 1396013402984, firstTime = 1395954089017, lastTime = 1395954141458, REL_SESSION_TIMEOUT = 1800000, ABS_SESSION_TIMEOUT = 14400000
2014-03-28 09:36:30,912   - Marking session 'F58298DB1AECCDDD223192520532626D' belonging to user 'hshlom' as invalid
path = /flex/modules/ProjectModule.swf, isUploading = false, currentTime = 1396013774587, firstTime = 1395954089017, lastTime = 1395954141458, REL_SESSION_TIMEOUT = 1800000, ABS_SESSION_TIMEOUT = 14400000
2014-03-28 10:17:15,026   - System;HISTORICAL_SNAPSHOT_COLLECTION_STARTED;Project: eDocsVersion: Website
2014-03-28 10:17:15,119   - System;HISTORICAL_SNAPSHOT_COLLECTION_NO_UPDATES;Project: eDocsVersion: Website
2014-03-28 10:17:15,432   - System;HISTORICAL_SNAPSHOT_COLLECTION_STARTED;Project: Laserfiche Web ServiceVersion: web service
2014-03-28 10:17:15,447   - System;HISTORICAL_SNAPSHOT_COLLECTION_NO_UPDATES;Project: Laserfiche Web ServiceVersion: web service
2014-03-28 10:17:15,791   - System;HISTORICAL_SNAPSHOT_COLLECTION_STARTED;Project: eCertsVersion: Website
2014-03-28 10:17:15,822   - System;HISTORICAL_SNAPSHOT_COLLECTION_NO_UPDATES;Project: eCertsVersion: Website
2014-03-28 10:17:15,963   - System;HISTORICAL_SNAPSHOT_COLLECTION_STARTED;Project: ESPVersion: Website
2014-03-28 10:17:15,994   - System;HISTORICAL_SNAPSHOT_COLLECTION_NO_UPDATES;Project: ESPVersion: Website
2014-03-28 10:17:16,244   - System;HISTORICAL_SNAPSHOT_COLLECTION_STARTED;Project: ADR Customer Support Tracking SystemVersion: Website
2014-03-28 10:17:16,260   - System;HISTORICAL_SNAPSHOT_COLLECTION_NO_UPDATES;Project: ADR Customer Support Tracking SystemVersion: Website
2014-03-28 10:17:16,416   - System;HISTORICAL_SNAPSHOT_COLLECTION_STARTED;Project: eTaxDataVersion: Website
2014-03-28 10:17:16,463   - System;HISTORICAL_SNAPSHOT_COLLECTION_NO_UPDATES;Project: eTaxDataVersion: Website
2014-03-28 10:17:17,400   - System;HISTORICAL_SNAPSHOT_COLLECTION_STARTED;Project: Laserfiche Windows ServiceVersion: windows service
2014-03-28 10:17:17,462   - System;HISTORICAL_SNAPSHOT_COLLECTION_NO_UPDATES;Project: Laserfiche Windows ServiceVersion: windows service
2014-03-28 10:17:17,587   - System;HISTORICAL_SNAPSHOT_COLLECTION_STARTED;Project: e1099Version: e1099
2014-03-28 10:17:17,603   - System;HISTORICAL_SNAPSHOT_COLLECTION_NO_UPDATES;Project: e1099Version: e1099
2014-03-28 10:17:17,806   - System;HISTORICAL_SNAPSHOT_COLLECTION_STARTED;Project: GCRP Web PortalVersion: GCRP Web Portal
2014-03-28 10:17:17,822   - System;HISTORICAL_SNAPSHOT_COLLECTION_NO_UPDATES;Project: GCRP Web PortalVersion: GCRP Web Portal
2014-03-28 10:17:18,681   - System;HISTORICAL_SNAPSHOT_COLLECTION_STARTED;Project: eClaimsVersion: eClaims
2014-03-28 10:17:18,712   - System;HISTORICAL_SNAPSHOT_COLLECTION_NO_UPDATES;Project: eClaimsVersion: eClaims
2014-03-28 10:17:18,993   - System;HISTORICAL_SNAPSHOT_COLLECTION_STARTED;Project: ESP ReportsVersion: ESP Reports
2014-03-28 10:17:19,353   - System;HISTORICAL_SNAPSHOT_COLLECTION_NO_UPDATES;Project: ESP ReportsVersion: ESP Reports
2014-03-28 10:17:19,493   - System;HISTORICAL_SNAPSHOT_COLLECTION_STARTED;Project: TIRVersion: Website
2014-03-28 10:17:19,524   - System;HISTORICAL_SNAPSHOT_COLLECTION_NO_UPDATES;Project: TIRVersion: Website
2014-03-28 10:17:33,490   - gtsdomain\bnickson;WEBUI_LOGIN_FAILED;[Security Event]
2014-03-28 10:17:40,238   - bnickson;WEBUI_LOGIN_SUCCESS;[Security Event]
2014-03-28 13:10:31,897   - bnickson;WEBUI_LOGIN_SUCCESS;[Security Event]
2014-03-28 14:45:52,284   - hshlom;WEBUI_LOGIN_SUCCESS;[Security Event]
2014-03-28 14:49:26,376   - hshlom;WEBUI_LOGOUT;[Security Event]
2014-03-28 14:49:26,391   - hshlom;WEBUI_LOGOUT;[Security Event]
2014-03-28 14:49:36,983   - hshlom;WEBUI_LOGIN_SUCCESS;[Security Event]
2014-03-28 14:49:42,888   - hshlom;WEBUI_LOGOUT;[Security Event]
2014-03-28 14:49:42,903   - hshlom;WEBUI_LOGOUT;[Security Event]
2014-03-28 16:53:57,484   - hshlom;WEBUI_LOGIN_SUCCESS;[Security Event]
2014-03-28 17:24:02,252   - Marking session '956293D44CA856E75799397CC78598F7' belonging to user 'hshlom' as invalid
path = /messagebroker, isUploading = false, currentTime = 1396041842248, firstTime = 1396040028680, lastTime = 1396040041854, REL_SESSION_TIMEOUT = 1800000, ABS_SESSION_TIMEOUT = 14400000
2014-03-28 17:24:06,334   - hshlom;WEBUI_LOGOUT;[Security Event]
2014-03-28 17:24:06,387   - anonymousUser;WEBUI_LOGOUT;[Security Event]
2014-03-29 00:00:00,410   - System;HISTORICAL_SNAPSHOT_COLLECTION_STARTED;Project: eDocsVersion: Website
2014-03-29 00:00:00,486   - System;HISTORICAL_SNAPSHOT_COLLECTION_NO_UPDATES;Project: eDocsVersion: Website
2014-03-29 00:00:00,603   - System;HISTORICAL_SNAPSHOT_COLLECTION_STARTED;Project: Laserfiche Web ServiceVersion: web service
2014-03-29 00:00:00,623   - System;HISTORICAL_SNAPSHOT_COLLECTION_NO_UPDATES;Project: Laserfiche Web ServiceVersion: web service
2014-03-29 00:00:00,805   - System;HISTORICAL_SNAPSHOT_COLLECTION_STARTED;Project: eCertsVersion: Website
2014-03-29 00:00:00,829   - System;HISTORICAL_SNAPSHOT_COLLECTION_NO_UPDATES;Project: eCertsVersion: Website
2014-03-29 00:00:01,517   - System;HISTORICAL_SNAPSHOT_COLLECTION_STARTED;Project: ESPVersion: Website
2014-03-29 00:00:01,537   - System;HISTORICAL_SNAPSHOT_COLLECTION_NO_UPDATES;Project: ESPVersion: Website
2014-03-29 00:00:01,698   - System;HISTORICAL_SNAPSHOT_COLLECTION_STARTED;Project: ADR Customer Support Tracking SystemVersion: Website
2014-03-29 00:00:01,719   - System;HISTORICAL_SNAPSHOT_COLLECTION_NO_UPDATES;Project: ADR Customer Support Tracking SystemVersion: Website
2014-03-29 00:00:01,874   - System;HISTORICAL_SNAPSHOT_COLLECTION_STARTED;Project: eTaxDataVersion: Website
2014-03-29 00:00:01,895   - System;HISTORICAL_SNAPSHOT_COLLECTION_NO_UPDATES;Project: eTaxDataVersion: Website
2014-03-29 00:00:02,051   - System;HISTORICAL_SNAPSHOT_COLLECTION_STARTED;Project: Laserfiche Windows ServiceVersion: windows service
2014-03-29 00:00:02,080   - System;HISTORICAL_SNAPSHOT_COLLECTION_NO_UPDATES;Project: Laserfiche Windows ServiceVersion: windows service
2014-03-29 00:00:02,234   - System;HISTORICAL_SNAPSHOT_COLLECTION_STARTED;Project: e1099Version: e1099
2014-03-29 00:00:02,253   - System;HISTORICAL_SNAPSHOT_COLLECTION_NO_UPDATES;Project: e1099Version: e1099
2014-03-29 00:00:02,405   - System;HISTORICAL_SNAPSHOT_COLLECTION_STARTED;Project: GCRP Web PortalVersion: GCRP Web Portal
2014-03-29 00:00:02,426   - System;HISTORICAL_SNAPSHOT_COLLECTION_NO_UPDATES;Project: GCRP Web PortalVersion: GCRP Web Portal
2014-03-29 00:00:02,915   - System;HISTORICAL_SNAPSHOT_COLLECTION_STARTED;Project: eClaimsVersion: eClaims
2014-03-29 00:00:02,934   - System;HISTORICAL_SNAPSHOT_COLLECTION_NO_UPDATES;Project: eClaimsVersion: eClaims
2014-03-29 00:00:03,088   - System;HISTORICAL_SNAPSHOT_COLLECTION_STARTED;Project: ESP ReportsVersion: ESP Reports
2014-03-29 00:00:03,107   - System;HISTORICAL_SNAPSHOT_COLLECTION_NO_UPDATES;Project: ESP ReportsVersion: ESP Reports
2014-03-29 00:00:03,250   - System;HISTORICAL_SNAPSHOT_COLLECTION_STARTED;Project: TIRVersion: Website
2014-03-29 00:00:03,271   - System;HISTORICAL_SNAPSHOT_COLLECTION_NO_UPDATES;Project: TIRVersion: Website
2014-03-30 00:00:00,215   - System;HISTORICAL_SNAPSHOT_COLLECTION_STARTED;Project: eDocsVersion: Website
2014-03-30 00:00:00,241   - System;HISTORICAL_SNAPSHOT_COLLECTION_NO_UPDATES;Project: eDocsVersion: Website
2014-03-30 00:00:00,376   - System;HISTORICAL_SNAPSHOT_COLLECTION_STARTED;Project: Laserfiche Web ServiceVersion: web service
2014-03-30 00:00:00,393   - System;HISTORICAL_SNAPSHOT_COLLECTION_NO_UPDATES;Project: Laserfiche Web ServiceVersion: web service
2014-03-30 00:00:00,864   - System;HISTORICAL_SNAPSHOT_COLLECTION_STARTED;Project: eCertsVersion: Website
2014-03-30 00:00:00,878   - System;HISTORICAL_SNAPSHOT_COLLECTION_NO_UPDATES;Project: eCertsVersion: Website
2014-03-31 13:41:09,177   - gtsdomain\hshlom;WEBUI_LOGIN_FAILED;[Security Event]
2014-03-31 14:29:21,432   - System;HISTORICAL_SNAPSHOT_COLLECTION_STARTED;Project: eClaimsVersion: eClaims
2014-03-31 14:29:21,510   - System;HISTORICAL_SNAPSHOT_COLLECTION_NO_UPDATES;Project: eClaimsVersion: eClaims
2014-03-31 14:29:21,745   - System;HISTORICAL_SNAPSHOT_COLLECTION_STARTED;Project: TIRVersion: Website
2014-03-31 14:29:21,776   - System;HISTORICAL_SNAPSHOT_COLLECTION_NO_UPDATES;Project: TIRVersion: Website
2014-03-31 14:29:22,026   - System;HISTORICAL_SNAPSHOT_COLLECTION_STARTED;Project: e1099Version: e1099
2014-03-31 14:29:22,042   - System;HISTORICAL_SNAPSHOT_COLLECTION_NO_UPDATES;Project: e1099Version: e1099
2014-03-31 14:29:22,417   - System;HISTORICAL_SNAPSHOT_COLLECTION_STARTED;Project: GCRP Web PortalVersion: GCRP Web Portal
2014-03-31 14:29:22,448   - System;HISTORICAL_SNAPSHOT_COLLECTION_NO_UPDATES;Project: GCRP Web PortalVersion: GCRP Web Portal
2014-03-31 14:29:22,651   - System;HISTORICAL_SNAPSHOT_COLLECTION_STARTED;Project: ESP ReportsVersion: ESP Reports
2014-03-31 14:29:22,714   - System;HISTORICAL_SNAPSHOT_COLLECTION_NO_UPDATES;Project: ESP ReportsVersion: ESP Reports
2014-03-31 14:29:22,901   - System;HISTORICAL_SNAPSHOT_COLLECTION_STARTED;Project: ESPVersion: Website
2014-03-31 14:29:22,917   - System;HISTORICAL_SNAPSHOT_COLLECTION_NO_UPDATES;Project: ESPVersion: Website
2014-03-31 14:29:23,104   - System;HISTORICAL_SNAPSHOT_COLLECTION_STARTED;Project: eDocsVersion: Website
2014-03-31 14:29:23,120   - System;HISTORICAL_SNAPSHOT_COLLECTION_NO_UPDATES;Project: eDocsVersion: Website
2014-03-31 14:29:24,214   - System;HISTORICAL_SNAPSHOT_COLLECTION_STARTED;Project: Laserfiche Windows ServiceVersion: windows service
2014-03-31 14:29:24,229   - System;HISTORICAL_SNAPSHOT_COLLECTION_NO_UPDATES;Project: Laserfiche Windows ServiceVersion: windows service
2014-03-31 14:29:24,370   - System;HISTORICAL_SNAPSHOT_COLLECTION_STARTED;Project: Laserfiche Web ServiceVersion: web service
2014-03-31 14:29:24,401   - System;HISTORICAL_SNAPSHOT_COLLECTION_NO_UPDATES;Project: Laserfiche Web ServiceVersion: web service
2014-03-31 14:29:24,604   - System;HISTORICAL_SNAPSHOT_COLLECTION_STARTED;Project: eCertsVersion: Website
2014-03-31 14:29:24,635   - System;HISTORICAL_SNAPSHOT_COLLECTION_NO_UPDATES;Project: eCertsVersion: Website
2014-03-31 14:29:25,526   - System;HISTORICAL_SNAPSHOT_COLLECTION_STARTED;Project: ADR Customer Support Tracking SystemVersion: Website
2014-03-31 14:29:25,542   - System;HISTORICAL_SNAPSHOT_COLLECTION_NO_UPDATES;Project: ADR Customer Support Tracking SystemVersion: Website
2014-03-31 14:29:25,714   - System;HISTORICAL_SNAPSHOT_COLLECTION_STARTED;Project: eTaxDataVersion: Website
2014-03-31 14:29:25,729   - System;HISTORICAL_SNAPSHOT_COLLECTION_NO_UPDATES;Project: eTaxDataVersion: Website
2014-03-31 14:29:34,948   - hshlom;WEBUI_LOGIN_SUCCESS;[Security Event]
2014-03-31 14:30:03,074   - hshlom;WS_LOGIN_SUCCESS;[Security Event]
2014-03-31 14:30:06,496   - hshlom;WS_LOGIN_SUCCESS;[Security Event]
2014-03-31 14:35:42,665   - anonymousUser;WEBUI_LOGOUT;[Security Event]
2014-03-31 14:35:42,707   - anonymousUser;WEBUI_LOGOUT;[Security Event]
2014-03-31 14:36:04,169   - hshlom;WEBUI_LOGIN_SUCCESS;[Security Event]
2014-03-31 14:50:28,622   - iframpolsky;WEBUI_LOGIN_SUCCESS;[Security Event]
2014-03-31 14:52:03,821   - adorfman;WEBUI_LOGIN_SUCCESS;[Security Event]
2014-03-31 15:21:40,853   - iframpolsky;WEBUI_LOGOUT;[Security Event]
2014-03-31 15:22:43,803   - rtodd;WS_LOGIN_SUCCESS;[Security Event]
2014-03-31 15:22:46,177   - rtodd;ARTIFACT_UPLOAD_REQUESTED;Project: ESP ReportsVersion: ESP ReportsFilename: EspReports.fpr
2014-03-31 15:22:47,208   - rtodd;ARTIFACT_UPLOAD_STARTED;Project: ESP ReportsVersion: ESP ReportsFilename: EspReports.fpr
2014-03-31 15:56:16,639   - rtodd;ARTIFACT_UPLOAD_REQUIRES_AUTH;Project: ESP ReportsVersion: ESP ReportsFilename: EspReports.fpr
2014-03-31 16:02:28,631   - hshlom;WEBUI_LOGIN_SUCCESS;[Security Event]
2014-03-31 16:12:01,533   - rtodd;WS_LOGIN_SUCCESS;[Security Event]
2014-03-31 16:12:03,845   - rtodd;ARTIFACT_UPLOAD_REQUESTED;Project: ESP ReportsVersion: ESP ReportsFilename: EspReports.fpr
2014-03-31 16:28:55,714   - anonymousUser;WEBUI_LOGOUT;[Security Event]
2014-03-31 16:28:55,789   - anonymousUser;WEBUI_LOGOUT;[Security Event]
2014-03-31 16:29:04,997   - hshlom;WEBUI_LOGIN_SUCCESS;[Security Event]
2014-03-31 16:29:58,911   - rtodd;WS_LOGIN_SUCCESS;[Security Event]
2014-03-31 16:30:00,292   - rtodd;ARTIFACT_UPLOAD_REQUESTED;Project: ESP ReportsVersion: ESP ReportsFilename: EspReports.fpr
2014-03-31 16:30:05,724   - rtodd;ARTIFACT_UPLOAD_STARTED;Project: ESP ReportsVersion: ESP ReportsFilename: EspReports.fpr
2014-03-31 16:35:30,914   - rtodd;ARTIFACT_UPLOAD_REQUIRES_AUTH;Project: ESP ReportsVersion: ESP ReportsFilename: EspReports.fpr
2014-03-31 16:35:41,852   - hshlom;WEBUI_LOGIN_SUCCESS;[Security Event]
2014-04-01 00:00:00,628   - System;HISTORICAL_SNAPSHOT_COLLECTION_STARTED;Project: eDocsVersion: Website
2014-04-01 00:00:00,710   - System;HISTORICAL_SNAPSHOT_COLLECTION_NO_UPDATES;Project: eDocsVersion: Website
2014-04-01 00:00:00,826   - System;HISTORICAL_SNAPSHOT_COLLECTION_STARTED;Project: Laserfiche Web ServiceVersion: web service
2014-04-01 00:00:00,853   - System;HISTORICAL_SNAPSHOT_COLLECTION_NO_UPDATES;Project: Laserfiche Web ServiceVersion: web service
2014-04-01 00:00:01,019   - System;HISTORICAL_SNAPSHOT_COLLECTION_STARTED;Project: eCertsVersion: Website
2014-04-01 00:00:01,048   - System;HISTORICAL_SNAPSHOT_COLLECTION_NO_UPDATES;Project: eCertsVersion: Website
2014-04-01 00:00:01,186   - System;HISTORICAL_SNAPSHOT_COLLECTION_STARTED;Project: ESPVersion: Website
2014-04-01 00:00:01,210   - System;HISTORICAL_SNAPSHOT_COLLECTION_NO_UPDATES;Project: ESPVersion: Website
2014-04-01 00:00:01,361   - System;HISTORICAL_SNAPSHOT_COLLECTION_STARTED;Project: ADR Customer Support Tracking SystemVersion: Website
2014-04-01 00:00:01,384   - System;HISTORICAL_SNAPSHOT_COLLECTION_NO_UPDATES;Project: ADR Customer Support Tracking SystemVersion: Website
2014-04-01 00:00:01,547   - System;HISTORICAL_SNAPSHOT_COLLECTION_STARTED;Project: eTaxDataVersion: Website
2014-04-01 00:00:01,575   - System;HISTORICAL_SNAPSHOT_COLLECTION_NO_UPDATES;Project: eTaxDataVersion: Website
2014-04-01 00:00:01,710   - System;HISTORICAL_SNAPSHOT_COLLECTION_STARTED;Project: Laserfiche Windows ServiceVersion: windows service
2014-04-01 00:00:01,731   - System;HISTORICAL_SNAPSHOT_COLLECTION_NO_UPDATES;Project: Laserfiche Windows ServiceVersion: windows service
2014-04-01 00:00:01,890   - System;HISTORICAL_SNAPSHOT_COLLECTION_STARTED;Project: e1099Version: e1099
2014-04-01 00:00:01,912   - System;HISTORICAL_SNAPSHOT_COLLECTION_NO_UPDATES;Project: e1099Version: e1099
2014-04-01 00:00:02,085   - System;HISTORICAL_SNAPSHOT_COLLECTION_STARTED;Project: GCRP Web PortalVersion: GCRP Web Portal
2014-04-01 00:00:02,113   - System;HISTORICAL_SNAPSHOT_COLLECTION_NO_UPDATES;Project: GCRP Web PortalVersion: GCRP Web Portal
2014-04-01 00:00:02,284   - System;HISTORICAL_SNAPSHOT_COLLECTION_STARTED;Project: eClaimsVersion: eClaims
2014-04-01 00:00:02,306   - System;HISTORICAL_SNAPSHOT_COLLECTION_NO_UPDATES;Project: eClaimsVersion: eClaims
2014-04-01 00:00:02,506   - System;HISTORICAL_SNAPSHOT_COLLECTION_STARTED;Project: ESP ReportsVersion: ESP Reports
2014-04-01 00:00:02,527   - System;HISTORICAL_SNAPSHOT_COLLECTION_NO_UPDATES;Project: ESP ReportsVersion: ESP Reports
2014-04-01 00:00:02,664   - System;HISTORICAL_SNAPSHOT_COLLECTION_STARTED;Project: TIRVersion: Website
2014-04-01 00:00:02,684   - System;HISTORICAL_SNAPSHOT_COLLECTION_NO_UPDATES;Project: TIRVersion: Website
