[2015-04-08 12:45:01.170 Thread-12 Master INFO]
Fortify Static Code Analyzer 6.21.0005
[2015-04-08 12:45:01.171 Thread-12 Master INFO]
Args:
["-b", "rths", "-logfile", "debug_sca.log", "xcodebuild", "-project", "rths.xcodeproj", "-sdk", "iphonesimulator"]
[2015-04-08 12:45:01.171 Thread-12 Master INFO]
VM Args:
"-Djava.awt.headless=true -Dcom.sun.management.jmxremote=true -XX:SoftRefLRUPolicyMSPerMB=3000 -Xmx2G -Xss8M -Xms16M -server -d64"
[2015-04-08 12:45:01.864 Thread-12 Master INFO]
Front End complete
[2015-04-08 12:48:32.515 Thread-12 Master FINE]
------------------------- Runtime Information -------------------------------
SCA Runtime Properties
com.fortify.Debug=true
com.fortify.sca.AddImpliedMethods=true
com.fortify.sca.AntCompilerClass=com.fortify.dev.ant.SCACompiler
com.fortify.sca.BuildID=rths
com.fortify.sca.BundleControlflowIssues=true
com.fortify.sca.CollectPerformanceData=true
com.fortify.sca.CustomRulesDir=/Applications/HP_Fortify/HP_Fortify_SCA_and_Apps_4.21/Core/config/customrules
com.fortify.sca.DaemonCompilers=com.fortify.sca.util.compilers.GppCompiler,com.fortify.sca.util.compilers.GccCompiler,com.fortify.sca.util.compilers.AppleGppCompiler,com.fortify.sca.util.compilers.AppleGccCompiler,com.fortify.sca.util.compilers.MicrosoftCompiler,com.fortify.sca.util.compilers.MicrosoftLinker,com.fortify.sca.util.compilers.LdCompiler,com.fortify.sca.util.compilers.ArUtil,com.fortify.sca.util.compilers.SunCCompiler,com.fortify.sca.util.compilers.SunCppCompiler,com.fortify.sca.util.compilers.IntelCompiler,com.fortify.sca.util.compilers.ExternalCppAdapter,com.fortify.sca.util.compilers.ClangCompiler
com.fortify.sca.DeadCodeFilter=true
com.fortify.sca.DeadCodeIgnoreTrivialPredicates=true
com.fortify.sca.Debug=true
com.fortify.sca.DefaultAnalyzers=semantic:dataflow:controlflow:nullptr:configuration:content:structural:buffer
com.fortify.sca.DefaultFileTypes=java,rb,jsp,jspx,tag,tagx,tld,sql,cfm,php,phtml,ctp,pks,pkh,pkb,xml,config,settings,properties,dll,exe,inc,asp,vbscript,js,ini,bas,cls,vbs,frm,ctl,html,htm,xsd,wsdd,xmi,py,cfml,cfc,abap,xhtml,cpx,xcfg,jsff,as,mxml,cbl,cscfg,csdef,wadcfg,appxmanifest,wsdl,plist
com.fortify.sca.DefaultJarsDirs=default_jars
com.fortify.sca.DefaultRulesDir=/Applications/HP_Fortify/HP_Fortify_SCA_and_Apps_4.21/Core/config/rules
com.fortify.sca.DisableDeadCodeElimination=false
com.fortify.sca.DisableFunctionPointers=false
com.fortify.sca.DisableGlobals=false
com.fortify.sca.DisableInferredConstants=false
com.fortify.sca.DisplayProgress=true
com.fortify.sca.EnableInterproceduralConstantResolution=true
com.fortify.sca.EnableNestedWrappers=true
com.fortify.sca.EnableStructuralMatchCache=true
com.fortify.sca.EnableWrapperDetection=true
com.fortify.sca.FVDLDisableDescriptions=false
com.fortify.sca.FVDLDisableProgramData=false
com.fortify.sca.FVDLDisableSnippets=false
com.fortify.sca.FVDLStylesheet=/Applications/HP_Fortify/HP_Fortify_SCA_and_Apps_4.21/Core/resources/sca/fvdl2html.xsl
com.fortify.sca.IndirectCallGraphBuilders=WinFormsAdHocFunctionBuilder,VirtualCGBuilder,J2EEIndirectCGBuilder,JNICGBuilder,StoredProcedureResolver,JavaWSCGBuilder,StrutsCGBuilder,DotNetWSCGBuilder,SqlServerSPResolver,ASPCGBuilder,ScriptedCGBuilder,NewJspCustomTagCGBuilder,DotNetCABCGBuilder,StateInjectionCGBuilder,SqlServerSPResolver2,PHPLambdaResolver,JavaWebCGBuilder
com.fortify.sca.JavaNewBeta=true
com.fortify.sca.JdkVersion=1.5
com.fortify.sca.LogFile=debug_sca.log
com.fortify.sca.LowSeverityCutoff=1.0
com.fortify.sca.NoNestedOutTagOutput=org.apache.taglibs.standard.tag.rt.core.RemoveTag,org.apache.taglibs.standard.tag.rt.core.SetTag
com.fortify.sca.Phase0HigherOrder.Languages=javascript,python,ruby
com.fortify.sca.Phase0HigherOrder.Level=1
com.fortify.sca.Phase0HigherOrder.Limiter.Values=128
com.fortify.sca.PrintPerformanceDataAfterScan=false
com.fortify.sca.ProjectRoot=/Users/sca/.fortify
com.fortify.sca.RequireMapKeys=classrule
com.fortify.sca.SolverTimeout=15
com.fortify.sca.SqlLanguage=PLSQL
com.fortify.sca.SuppressLowSeverity=true
com.fortify.sca.ThreadCount.NameTableLoading=1
com.fortify.sca.TypeInferenceFunctionTimeout=60
com.fortify.sca.TypeInferenceLanguages=javascript,python
com.fortify.sca.TypeInferencePhase0Timeout=300
com.fortify.sca.UnicodeInputFile=true
com.fortify.sca.UniversalBlacklist=yyparse:base_yyparse
com.fortify.sca.WrapperHeuristic=moderate
com.fortify.sca.analyzer.controlflow.EnableLivenessOptimization=false
com.fortify.sca.analyzer.controlflow.EnableMachineFiltering=false
com.fortify.sca.analyzer.controlflow.EnableRefRuleOptimization=false
com.fortify.sca.analyzer.controlflow.EnableTimeOut=true
com.fortify.sca.clang.AddParams=-gdeclaration-descriptor
com.fortify.sca.clang.PreserveBitcode=true
com.fortify.sca.compilers.ant=com.fortify.sca.util.compilers.AntAdapter
com.fortify.sca.compilers.ar=com.fortify.sca.util.compilers.ArUtil
com.fortify.sca.compilers.armcc=com.fortify.sca.util.compilers.ArmCcCompiler
com.fortify.sca.compilers.armcpp=com.fortify.sca.util.compilers.ArmCppCompiler
com.fortify.sca.compilers.c++=com.fortify.sca.util.compilers.AppleGppCompiler
com.fortify.sca.compilers.cc=com.fortify.sca.util.compilers.AppleGccCompiler
com.fortify.sca.compilers.clang=com.fortify.sca.util.compilers.ClangCompiler
com.fortify.sca.compilers.clearmake=com.fortify.sca.util.compilers.TouchlessCompiler
com.fortify.sca.compilers.fortify=com.fortify.sca.util.compilers.FortifyCompiler
com.fortify.sca.compilers.g++=com.fortify.sca.util.compilers.AppleGppCompiler
com.fortify.sca.compilers.g++-*=com.fortify.sca.util.compilers.AppleGppCompiler
com.fortify.sca.compilers.g++2*=com.fortify.sca.util.compilers.AppleGppCompiler
com.fortify.sca.compilers.g++3*=com.fortify.sca.util.compilers.AppleGppCompiler
com.fortify.sca.compilers.g++4*=com.fortify.sca.util.compilers.AppleGppCompiler
com.fortify.sca.compilers.gcc=com.fortify.sca.util.compilers.AppleGccCompiler
com.fortify.sca.compilers.gcc-*=com.fortify.sca.util.compilers.AppleGccCompiler
com.fortify.sca.compilers.gcc2*=com.fortify.sca.util.compilers.AppleGccCompiler
com.fortify.sca.compilers.gcc3*=com.fortify.sca.util.compilers.AppleGccCompiler
com.fortify.sca.compilers.gcc4*=com.fortify.sca.util.compilers.AppleGccCompiler
com.fortify.sca.compilers.gmake=com.fortify.sca.util.compilers.TouchlessCompiler
com.fortify.sca.compilers.icc=com.fortify.sca.util.compilers.IntelCompiler
com.fortify.sca.compilers.icpc=com.fortify.sca.util.compilers.IntelCompiler
com.fortify.sca.compilers.jam=com.fortify.sca.util.compilers.TouchlessCompiler
com.fortify.sca.compilers.javac=com.fortify.sca.util.compilers.JavacCompiler
com.fortify.sca.compilers.ld=com.fortify.sca.util.compilers.LdCompiler
com.fortify.sca.compilers.llvm-gcc=com.fortify.sca.util.compilers.ClangCompiler
com.fortify.sca.compilers.llvm-gcc-4.2=com.fortify.sca.util.compilers.ClangCompiler
com.fortify.sca.compilers.make=com.fortify.sca.util.compilers.TouchlessCompiler
com.fortify.sca.compilers.mvn=com.fortify.sca.util.compilers.MavenAdapter
com.fortify.sca.compilers.swift=com.fortify.sca.util.compilers.SwiftCompiler
com.fortify.sca.compilers.tcc=com.fortify.sca.util.compilers.ArmCcCompiler
com.fortify.sca.compilers.tcpp=com.fortify.sca.util.compilers.ArmCppCompiler
com.fortify.sca.compilers.touchless=com.fortify.sca.util.compilers.FortifyCompiler
com.fortify.sca.compilers.xcodebuild=com.fortify.sca.util.compilers.XcodebuildAdapter
com.fortify.sca.cpfe.441.command=/Applications/HP_Fortify/HP_Fortify_SCA_and_Apps_4.21/Core/private-bin/sca/cpfe441.rfct
com.fortify.sca.cpfe.command=/Applications/HP_Fortify/HP_Fortify_SCA_and_Apps_4.21/Core/private-bin/sca/cpfe48
com.fortify.sca.cpfe.file.option=--gen_c_file_name
com.fortify.sca.cpfe.options=--remove_unneeded_entities --suppress_vtbl -tused
com.fortify.sca.fileextensions.ABAP=ABAP
com.fortify.sca.fileextensions.abap=ABAP
com.fortify.sca.fileextensions.appxmanifest=XML
com.fortify.sca.fileextensions.as=ACTIONSCRIPT
com.fortify.sca.fileextensions.asp=ASP
com.fortify.sca.fileextensions.bas=VB6
com.fortify.sca.fileextensions.cfc=CFML
com.fortify.sca.fileextensions.cfm=CFML
com.fortify.sca.fileextensions.cfml=CFML
com.fortify.sca.fileextensions.cls=VB6
com.fortify.sca.fileextensions.config=XML
com.fortify.sca.fileextensions.cpx=XML
com.fortify.sca.fileextensions.cscfg=XML
com.fortify.sca.fileextensions.csdef=XML
com.fortify.sca.fileextensions.ctl=VB6
com.fortify.sca.fileextensions.ctp=PHP
com.fortify.sca.fileextensions.erb=RUBY_ERB
com.fortify.sca.fileextensions.faces=JSPX
com.fortify.sca.fileextensions.frm=VB6
com.fortify.sca.fileextensions.htm=HTML
com.fortify.sca.fileextensions.html=HTML
com.fortify.sca.fileextensions.ini=JAVA_PROPERTIES
com.fortify.sca.fileextensions.java=JAVA
com.fortify.sca.fileextensions.js=JAVASCRIPT
com.fortify.sca.fileextensions.jsff=JSPX
com.fortify.sca.fileextensions.jsp=JSP
com.fortify.sca.fileextensions.jspx=JSPX
com.fortify.sca.fileextensions.mxml=MXML
com.fortify.sca.fileextensions.php=PHP
com.fortify.sca.fileextensions.phtml=PHP
com.fortify.sca.fileextensions.pkb=PLSQL
com.fortify.sca.fileextensions.pkh=PLSQL
com.fortify.sca.fileextensions.pks=PLSQL
com.fortify.sca.fileextensions.plist=XML
com.fortify.sca.fileextensions.properties=JAVA_PROPERTIES
com.fortify.sca.fileextensions.py=PYTHON
com.fortify.sca.fileextensions.rb=RUBY
com.fortify.sca.fileextensions.settings=XML
com.fortify.sca.fileextensions.sql=SQL
com.fortify.sca.fileextensions.tag=JSP
com.fortify.sca.fileextensions.tagx=JSP
com.fortify.sca.fileextensions.tld=TLD
com.fortify.sca.fileextensions.vbs=VB6
com.fortify.sca.fileextensions.vbscript=VBSCRIPT
com.fortify.sca.fileextensions.wadcfg=XML
com.fortify.sca.fileextensions.wsdd=XML
com.fortify.sca.fileextensions.wsdl=XML
com.fortify.sca.fileextensions.xcfg=XML
com.fortify.sca.fileextensions.xhtml=JSPX
com.fortify.sca.fileextensions.xmi=XML
com.fortify.sca.fileextensions.xml=XML
com.fortify.sca.fileextensions.xsd=XML
com.fortify.sca.jsp.UseNativeParser=true
com.fortify.sca.llvmtonst.command=/Applications/HP_Fortify/HP_Fortify_SCA_and_Apps_4.21/Core/toolchains/sca/clang.translator/3.5/bin/llvmtonst
com.fortify.sca.parser.python.ignore.module.1=test.badsyntax_future3
com.fortify.sca.parser.python.ignore.module.2=test.badsyntax_future4
com.fortify.sca.parser.python.ignore.module.3=test.badsyntax_future5
com.fortify.sca.parser.python.ignore.module.4=test.badsyntax_future6
com.fortify.sca.parser.python.ignore.module.5=test.badsyntax_future7
com.fortify.sca.parser.python.ignore.module.6=test.badsyntax_future8
com.fortify.sca.parser.python.ignore.module.7=test.badsyntax_future9
com.fortify.sca.parser.python.ignore.module.8=test.badsyntax_nocaret
com.fortify.sca.pretranslate.command=/Applications/HP_Fortify/HP_Fortify_SCA_and_Apps_4.21/Core/toolchains/sca/clang.translator/3.5/bin/clang
com.fortify.sca.taint.SkipVirtual=true
com.fortify.sca.xcodebuild.ClangOnlyParams=-mios-simulator-version* | -W*implicit-atomic-properties | -W*receiver-is-weak | -W*constant-conversion | -W*int-conversion | -W*enum-conversion | -W*deprecated-implementations | -W*sign-conversion | -fobjc-arc | -fserialize-diagnostics

Fortify Runtime Properties
com.fortify.AuthenticationKey=/Users/sca/.fortify/config/tools
com.fortify.Core=/Applications/HP_Fortify/HP_Fortify_SCA_and_Apps_4.21/Core
com.fortify.InstallationUserName=sca
com.fortify.SCAExecutablePath=
com.fortify.VS.RequireASPPrecompilation=true
com.fortify.WorkingDirectory=/Users/sca/.fortify
com.fortify.locale=en
com.fortify.rules.SkipRulePacks=core_abap_preview.bin
com.fortify.search.defaultSyntaxVer=2
max.file.path.length=255

System Runtime Properties
awt.toolkit=sun.lwawt.macosx.LWCToolkit
com.fortify.InstallRoot=/Applications/HP_Fortify/HP_Fortify_SCA_and_Apps_4.21
com.fortify.TotalPhysicalMemory=68719476736
com.fortify.sca.JVMArgs=-Djava.awt.headless=true -Dcom.sun.management.jmxremote=true -XX:SoftRefLRUPolicyMSPerMB=3000 -Xmx2G -Xss8M -Xms16M -server -d64
com.fortify.sca.PID=1629
com.fortify.sca.ProjectRoot=/Users/sca/.fortify
com.fortify.sca.cpfe.options=--remove_unneeded_entities --suppress_vtbl -tused
com.fortify.sca.env.exesearchpath=/usr/bin:/bin:/usr/sbin:/sbin:/usr/local/bin:/Applications/HP_Fortify/HP_Fortify_SCA_and_Apps_4.10/bin:/Applications/HP_Fortify/HP_Fortify_SCA_and_Apps_4.21/bin
com.sun.management.jmxremote=true
file.encoding=UTF-8
file.encoding.pkg=sun.io
file.separator=/
ftp.nonProxyHosts=local|*.local|169.254/16|*.169.254/16
gopherProxySet=false
http.nonProxyHosts=local|*.local|169.254/16|*.169.254/16
java.awt.graphicsenv=sun.awt.CGraphicsEnvironment
java.awt.headless=true
java.awt.printerjob=sun.lwawt.macosx.CPrinterJob
java.class.path=/Applications/HP_Fortify/HP_Fortify_SCA_and_Apps_4.21/Core/lib/exe/sca-exe.jar
java.class.version=51.0
java.endorsed.dirs=/Applications/HP_Fortify/HP_Fortify_SCA_and_Apps_4.21/jre/lib/endorsed
java.ext.dirs=/Users/sca/Library/Java/Extensions:/Applications/HP_Fortify/HP_Fortify_SCA_and_Apps_4.21/jre/lib/ext:/Library/Java/Extensions:/Network/Library/Java/Extensions:/System/Library/Java/Extensions:/usr/lib/java
java.home=/Applications/HP_Fortify/HP_Fortify_SCA_and_Apps_4.21/jre
java.io.tmpdir=/var/folders/w4/s1lbg8bj3bg9lspm082rchgr0000gn/T/
java.library.path=/Users/sca/Library/Java/Extensions:/Library/Java/Extensions:/Network/Library/Java/Extensions:/System/Library/Java/Extensions:/usr/lib/java:.
java.rmi.server.randomIDs=true
java.runtime.name=Java(TM) SE Runtime Environment
java.runtime.version=1.7.0_45-b18
java.specification.name=Java Platform API Specification
java.specification.vendor=Oracle Corporation
java.specification.version=1.7
java.vendor=Oracle Corporation
java.vendor.url=http://java.oracle.com/
java.vendor.url.bug=http://bugreport.sun.com/bugreport/
java.version=1.7.0_45
java.vm.info=mixed mode
java.vm.name=Java HotSpot(TM) 64-Bit Server VM
java.vm.specification.name=Java Virtual Machine Specification
java.vm.specification.vendor=Oracle Corporation
java.vm.specification.version=1.7
java.vm.vendor=Oracle Corporation
java.vm.version=24.45-b08
line.separator=

os.arch=x86_64
os.name=Mac OS X
os.version=10.9.5
path.separator=:
socksNonProxyHosts=local|*.local|169.254/16|*.169.254/16
stderr.isatty=true
stdout.isatty=true
sun.arch.data.model=64
sun.boot.class.path=/Applications/HP_Fortify/HP_Fortify_SCA_and_Apps_4.21/jre/lib/resources.jar:/Applications/HP_Fortify/HP_Fortify_SCA_and_Apps_4.21/jre/lib/rt.jar:/Applications/HP_Fortify/HP_Fortify_SCA_and_Apps_4.21/jre/lib/sunrsasign.jar:/Applications/HP_Fortify/HP_Fortify_SCA_and_Apps_4.21/jre/lib/jsse.jar:/Applications/HP_Fortify/HP_Fortify_SCA_and_Apps_4.21/jre/lib/jce.jar:/Applications/HP_Fortify/HP_Fortify_SCA_and_Apps_4.21/jre/lib/charsets.jar:/Applications/HP_Fortify/HP_Fortify_SCA_and_Apps_4.21/jre/lib/jfr.jar:/Applications/HP_Fortify/HP_Fortify_SCA_and_Apps_4.21/jre/lib/JObjC.jar:/Applications/HP_Fortify/HP_Fortify_SCA_and_Apps_4.21/jre/classes
sun.boot.library.path=/Applications/HP_Fortify/HP_Fortify_SCA_and_Apps_4.21/jre/lib
sun.cpu.endian=little
sun.cpu.isalist=
sun.io.unicode.encoding=UnicodeBig
sun.java.command=/Applications/HP_Fortify/HP_Fortify_SCA_and_Apps_4.21/Core/lib/exe/sca-exe.jar -b rths -logfile debug_sca.log xcodebuild -project rths.xcodeproj -sdk iphonesimulator
sun.java.launcher=SUN_STANDARD
sun.jnu.encoding=UTF-8
sun.management.compiler=HotSpot 64-Bit Tiered Compilers
sun.os.patch.level=unknown
user.country=US
user.dir=/Users/sca/Desktop/Srilakshmi/himss-ios
user.home=/Users/sca
user.language=en
user.name=sca
user.timezone=America/Los_Angeles

VM Info
OperatingSystemMXBean: Mac OS X
  Arch: x86_64
  AvailableProcessors: 8
  CommittedVirtualMemorySize: 5073371136
  FreePhysicalMemorySize: 62603116544
  FreeSwapSpaceSize: 1073741824
  MaxFileDescriptorCount: 10240
  OpenFileDescriptorCount: 92
  ProcessCpuLoad: 0.0
  ProcessCpuTime: 566441000
  SystemCpuLoad: 0.0
  SystemLoadAverage: 1.083984375
  TotalPhysicalMemorySize: 68719476736
  TotalSwapSpaceSize: 1073741824
  Version: 10.9.5
RuntimeMXBean: 1629@mac-pro.americas.hpqcorp.net
  BootClassPath: /Applications/HP_Fortify/HP_Fortify_SCA_and_Apps_4.21/jre/lib/resources.jar:/Applications/HP_Fortify/HP_Fortify_SCA_and_Apps_4.21/jre/lib/rt.jar:/Applications/HP_Fortify/HP_Fortify_SCA_and_Apps_4.21/jre/lib/sunrsasign.jar:/Applications/HP_Fortify/HP_Fortify_SCA_and_Apps_4.21/jre/lib/jsse.jar:/Applications/HP_Fortify/HP_Fortify_SCA_and_Apps_4.21/jre/lib/jce.jar:/Applications/HP_Fortify/HP_Fortify_SCA_and_Apps_4.21/jre/lib/charsets.jar:/Applications/HP_Fortify/HP_Fortify_SCA_and_Apps_4.21/jre/lib/jfr.jar:/Applications/HP_Fortify/HP_Fortify_SCA_and_Apps_4.21/jre/lib/JObjC.jar:/Applications/HP_Fortify/HP_Fortify_SCA_and_Apps_4.21/jre/classes
  BootClassPathSupported: true
  ClassPath: /Applications/HP_Fortify/HP_Fortify_SCA_and_Apps_4.21/Core/lib/exe/sca-exe.jar
  LibraryPath: /Users/sca/Library/Java/Extensions:/Library/Java/Extensions:/Network/Library/Java/Extensions:/System/Library/Java/Extensions:/usr/lib/java:.
  ManagementSpecVersion: 1.2
  SpecName: Java Virtual Machine Specification
  SpecVendor: Oracle Corporation
  SpecVersion: 1.7
  StartTime: 1428522512202
  Uptime: 312
  VmName: Java HotSpot(TM) 64-Bit Server VM
  VmVendor: Oracle Corporation
  VmVersion: 24.45-b08
-----------------------------------------------------------------------------
[2015-04-08 12:48:32.766 Thread-12 Master FINE]
Compiler: xcodebuild
[2015-04-08 12:48:32.806 com.fortify.sca.Main$Sourceanalyzer.runSourceanalyzer() Thread-12 Master INFO]
Fortify Static Code Analyzer 6.21.0005
[2015-04-08 12:48:32.807 com.fortify.sca.Main$Sourceanalyzer.runSourceanalyzer() Thread-12 Master INFO]
Args:
["-b", "rths", "-logfile", "debug_sca.log", "xcodebuild", "-project", "rths.xcodeproj", "-sdk", "iphonesimulator"]
[2015-04-08 12:48:32.807 com.fortify.sca.Main$Sourceanalyzer.runSourceanalyzer() Thread-12 Master INFO]
VM Args:
"-Djava.awt.headless=true -Dcom.sun.management.jmxremote=true -XX:SoftRefLRUPolicyMSPerMB=3000 -Xmx2G -Xss8M -Xms16M -server -d64"
[2015-04-08 12:48:32.927 com.fortify.sca.util.compilers.TouchlessCompiler.runCompiler() Thread-12 Master FINE]
Running compiler command: xcodebuild -xcconfig /Applications/HP_Fortify/HP_Fortify_SCA_and_Apps_4.21/Core/config/XcodeOverrides.xcconfig -project rths.xcodeproj -sdk iphonesimulator
[2015-04-08 12:48:33.499 com.fortify.sca.frontend.FrontEndSession.runFrontEnd() Thread-12 Master INFO]
Front End complete
[2015-04-08 12:48:33.500 com.fortify.sca.metadata.BuildSession.storeIncrement() Thread-12 Master FINE]
Nothing to store.
