[2015-09-16 14:42:26.191 Thread-13 Master FINE]
------------------------- Runtime Information -------------------------------
SCA Runtime Properties
WinForms.CollectionMutationMonitor.Label=WinFormsDataSource
WinForms.ExtractEventHandlers=true
WinForms.TransformChangeNotificationPattern=true
WinForms.TransformDataBindings=true
WinForms.TransformMessageLoops=true
com.fortify.sca.AddImpliedMethods=true
com.fortify.sca.AntCompilerClass=com.fortify.dev.ant.SCACompiler
com.fortify.sca.BuildID=kdj
com.fortify.sca.BundleControlflowIssues=true
com.fortify.sca.BytecodePreview=true
com.fortify.sca.CollectPerformanceData=true
com.fortify.sca.CustomRulesDir=C:\Program Files\HP_Fortify\HP_Fortify_SCA_and_Apps_4.30\Core\config\customrules
com.fortify.sca.DaemonCompilers=com.fortify.sca.util.compilers.GppCompiler,com.fortify.sca.util.compilers.GccCompiler,com.fortify.sca.util.compilers.AppleGppCompiler,com.fortify.sca.util.compilers.AppleGccCompiler,com.fortify.sca.util.compilers.MicrosoftCompiler,com.fortify.sca.util.compilers.MicrosoftLinker,com.fortify.sca.util.compilers.LdCompiler,com.fortify.sca.util.compilers.ArUtil,com.fortify.sca.util.compilers.SunCCompiler,com.fortify.sca.util.compilers.SunCppCompiler,com.fortify.sca.util.compilers.IntelCompiler,com.fortify.sca.util.compilers.ExternalCppAdapter,com.fortify.sca.util.compilers.ClangCompiler
com.fortify.sca.DeadCodeFilter=true
com.fortify.sca.DeadCodeIgnoreTrivialPredicates=true
com.fortify.sca.Debug=
com.fortify.sca.DefaultAnalyzers=semantic:dataflow:controlflow:nullptr:configuration:content:structural:buffer
com.fortify.sca.DefaultFileTypes=java,rb,jsp,jspx,tag,tagx,tld,sql,cfm,php,phtml,ctp,pks,pkh,pkb,xml,config,settings,properties,dll,exe,inc,asp,vbscript,js,ini,bas,cls,vbs,frm,ctl,html,htm,xsd,wsdd,xmi,py,cfml,cfc,abap,xhtml,cpx,xcfg,jsff,as,mxml,cbl,cscfg,csdef,wadcfg,appxmanifest,wsdl,plist
com.fortify.sca.DefaultJarsDirs=default_jars
com.fortify.sca.DefaultRulesDir=C:\Program Files\HP_Fortify\HP_Fortify_SCA_and_Apps_4.30\Core\config\rules
com.fortify.sca.DisableDeadCodeElimination=false
com.fortify.sca.DisableFunctionPointers=false
com.fortify.sca.DisableGlobals=false
com.fortify.sca.DisableInferredConstants=false
com.fortify.sca.DisplayProgress=true
com.fortify.sca.EnableInterproceduralConstantResolution=true
com.fortify.sca.EnableNestedWrappers=true
com.fortify.sca.EnableStructuralMatchCache=true
com.fortify.sca.EnableWrapperDetection=true
com.fortify.sca.FVDLDisableDescriptions=false
com.fortify.sca.FVDLDisableProgramData=false
com.fortify.sca.FVDLDisableSnippets=false
com.fortify.sca.FVDLStylesheet=C:\Program Files\HP_Fortify\HP_Fortify_SCA_and_Apps_4.30\Core/resources/sca/fvdl2html.xsl
com.fortify.sca.IldasmPath=C:\Program Files (x86)\Microsoft SDKs\Windows\v8.1A\bin\NETFX 4.5.1 Tools\ildasm.exe
com.fortify.sca.IndirectCallGraphBuilders=WinFormsAdHocFunctionBuilder,VirtualCGBuilder,J2EEIndirectCGBuilder,JNICGBuilder,StoredProcedureResolver,JavaWSCGBuilder,StrutsCGBuilder,DotNetWSCGBuilder,SqlServerSPResolver,ASPCGBuilder,ScriptedCGBuilder,NewJspCustomTagCGBuilder,DotNetCABCGBuilder,StateInjectionCGBuilder,SqlServerSPResolver2,PHPLambdaResolver,JavaWebCGBuilder
com.fortify.sca.JavaNewBeta=true
com.fortify.sca.JdkVersion=1.5
com.fortify.sca.LogFile=trans.log
com.fortify.sca.LowSeverityCutoff=1.0
com.fortify.sca.NoNestedOutTagOutput=org.apache.taglibs.standard.tag.rt.core.RemoveTag,org.apache.taglibs.standard.tag.rt.core.SetTag
com.fortify.sca.Phase0HigherOrder.Languages=python,ruby
com.fortify.sca.Phase0HigherOrder.Level=1
com.fortify.sca.Phase0HigherOrder.Limiter.Values=16
com.fortify.sca.PrintPerformanceDataAfterScan=false
com.fortify.sca.ProjectRoot=C:\Users\Sourabh\AppData\Local/Fortify
com.fortify.sca.RequireMapKeys=classrule
com.fortify.sca.SolverTimeout=15
com.fortify.sca.SqlLanguage=TSQL
com.fortify.sca.SuppressLowSeverity=true
com.fortify.sca.ThreadCount.NameTableLoading=1
com.fortify.sca.ThreadCount.PreTransform=1
com.fortify.sca.TypeInferenceFunctionTimeout=60
com.fortify.sca.TypeInferenceLanguages=javascript,python,ruby
com.fortify.sca.TypeInferencePhase0Timeout=300
com.fortify.sca.UnicodeInputFile=true
com.fortify.sca.UniversalBlacklist=.*yyparse.*
com.fortify.sca.Verbose=
com.fortify.sca.WrapperHeuristic=moderate
com.fortify.sca.analyzer.controlflow.EnableLivenessOptimization=false
com.fortify.sca.analyzer.controlflow.EnableMachineFiltering=false
com.fortify.sca.analyzer.controlflow.EnableRefRuleOptimization=false
com.fortify.sca.analyzer.controlflow.EnableTimeOut=true
com.fortify.sca.compilers.ant=com.fortify.sca.util.compilers.AntAdapter
com.fortify.sca.compilers.ar=com.fortify.sca.util.compilers.ArUtil
com.fortify.sca.compilers.armcc=com.fortify.sca.util.compilers.ArmCcCompiler
com.fortify.sca.compilers.armcpp=com.fortify.sca.util.compilers.ArmCppCompiler
com.fortify.sca.compilers.c++=com.fortify.sca.util.compilers.GppCompiler
com.fortify.sca.compilers.c89=com.fortify.sca.util.compilers.C89Compiler
com.fortify.sca.compilers.cc=com.fortify.sca.util.compilers.GccCompiler
com.fortify.sca.compilers.cl=com.fortify.sca.util.compilers.MicrosoftCompiler
com.fortify.sca.compilers.clearmake=com.fortify.sca.util.compilers.TouchlessCompiler
com.fortify.sca.compilers.devenv=com.fortify.sca.util.compilers.DevenvNetAdapter
com.fortify.sca.compilers.fortify=com.fortify.sca.util.compilers.FortifyCompiler
com.fortify.sca.compilers.g++=com.fortify.sca.util.compilers.GppCompiler
com.fortify.sca.compilers.g++-*=com.fortify.sca.util.compilers.GppCompiler
com.fortify.sca.compilers.g++2*=com.fortify.sca.util.compilers.GppCompiler
com.fortify.sca.compilers.g++3*=com.fortify.sca.util.compilers.GppCompiler
com.fortify.sca.compilers.g++4*=com.fortify.sca.util.compilers.GppCompiler
com.fortify.sca.compilers.gcc=com.fortify.sca.util.compilers.GccCompiler
com.fortify.sca.compilers.gcc-*=com.fortify.sca.util.compilers.GccCompiler
com.fortify.sca.compilers.gcc2*=com.fortify.sca.util.compilers.GccCompiler
com.fortify.sca.compilers.gcc3*=com.fortify.sca.util.compilers.GccCompiler
com.fortify.sca.compilers.gcc4*=com.fortify.sca.util.compilers.GccCompiler
com.fortify.sca.compilers.gmake=com.fortify.sca.util.compilers.TouchlessCompiler
com.fortify.sca.compilers.icc=com.fortify.sca.util.compilers.IntelCompiler
com.fortify.sca.compilers.icl=com.fortify.sca.util.compilers.MicrosoftCompiler
com.fortify.sca.compilers.icpc=com.fortify.sca.util.compilers.IntelCompiler
com.fortify.sca.compilers.jam=com.fortify.sca.util.compilers.TouchlessCompiler
com.fortify.sca.compilers.javac=com.fortify.sca.util.compilers.JavacCompiler
com.fortify.sca.compilers.ld=com.fortify.sca.util.compilers.LdCompiler
com.fortify.sca.compilers.link=com.fortify.sca.util.compilers.MicrosoftLinker
com.fortify.sca.compilers.make=com.fortify.sca.util.compilers.TouchlessCompiler
com.fortify.sca.compilers.msbuild=com.fortify.sca.util.compilers.MSBuildAdapter
com.fortify.sca.compilers.msdev=com.fortify.sca.util.compilers.DevenvAdapter
com.fortify.sca.compilers.mvn=com.fortify.sca.util.compilers.MavenAdapter
com.fortify.sca.compilers.nmake=com.fortify.sca.util.compilers.TouchlessCompiler
com.fortify.sca.compilers.tcc=com.fortify.sca.util.compilers.ArmCcCompiler
com.fortify.sca.compilers.tcpp=com.fortify.sca.util.compilers.ArmCppCompiler
com.fortify.sca.compilers.touchless=com.fortify.sca.util.compilers.FortifyCompiler
com.fortify.sca.compilers.xilink=com.fortify.sca.util.compilers.MicrosoftLinker
com.fortify.sca.cpfe.441.command=C:\Program Files\HP_Fortify\HP_Fortify_SCA_and_Apps_4.30\Core/private-bin/sca/cpfe441.rfct
com.fortify.sca.cpfe.command=C:\Program Files\HP_Fortify\HP_Fortify_SCA_and_Apps_4.30\Core/private-bin/sca/cpfe48.exe
com.fortify.sca.cpfe.file.option=--gen_c_file_name
com.fortify.sca.cpfe.options=--remove_unneeded_entities --suppress_vtbl -tused
com.fortify.sca.fileextensions.ABAP=ABAP
com.fortify.sca.fileextensions.abap=ABAP
com.fortify.sca.fileextensions.appxmanifest=XML
com.fortify.sca.fileextensions.as=ACTIONSCRIPT
com.fortify.sca.fileextensions.asp=ASP
com.fortify.sca.fileextensions.bas=VB6
com.fortify.sca.fileextensions.cfc=CFML
com.fortify.sca.fileextensions.cfm=CFML
com.fortify.sca.fileextensions.cfml=CFML
com.fortify.sca.fileextensions.cls=VB6
com.fortify.sca.fileextensions.config=XML
com.fortify.sca.fileextensions.cpx=XML
com.fortify.sca.fileextensions.cs=CSHARP
com.fortify.sca.fileextensions.cscfg=XML
com.fortify.sca.fileextensions.csdef=XML
com.fortify.sca.fileextensions.ctl=VB6
com.fortify.sca.fileextensions.ctp=PHP
com.fortify.sca.fileextensions.dll=MSIL
com.fortify.sca.fileextensions.erb=RUBY_ERB
com.fortify.sca.fileextensions.exe=MSIL
com.fortify.sca.fileextensions.faces=JSPX
com.fortify.sca.fileextensions.frm=VB6
com.fortify.sca.fileextensions.htm=HTML
com.fortify.sca.fileextensions.html=HTML
com.fortify.sca.fileextensions.ini=JAVA_PROPERTIES
com.fortify.sca.fileextensions.java=JAVA
com.fortify.sca.fileextensions.js=JAVASCRIPT
com.fortify.sca.fileextensions.jsff=JSPX
com.fortify.sca.fileextensions.jsp=JSP
com.fortify.sca.fileextensions.jspx=JSPX
com.fortify.sca.fileextensions.mdl=MSIL
com.fortify.sca.fileextensions.mod=MSIL
com.fortify.sca.fileextensions.mxml=MXML
com.fortify.sca.fileextensions.php=PHP
com.fortify.sca.fileextensions.phtml=PHP
com.fortify.sca.fileextensions.pkb=PLSQL
com.fortify.sca.fileextensions.pkh=PLSQL
com.fortify.sca.fileextensions.pks=PLSQL
com.fortify.sca.fileextensions.plist=XML
com.fortify.sca.fileextensions.properties=JAVA_PROPERTIES
com.fortify.sca.fileextensions.py=PYTHON
com.fortify.sca.fileextensions.rb=RUBY
com.fortify.sca.fileextensions.settings=XML
com.fortify.sca.fileextensions.sql=SQL
com.fortify.sca.fileextensions.tag=JSP
com.fortify.sca.fileextensions.tagx=JSP
com.fortify.sca.fileextensions.tld=TLD
com.fortify.sca.fileextensions.vb=VB
com.fortify.sca.fileextensions.vbs=VBSCRIPT
com.fortify.sca.fileextensions.vbscript=VBSCRIPT
com.fortify.sca.fileextensions.wadcfg=XML
com.fortify.sca.fileextensions.wsdd=XML
com.fortify.sca.fileextensions.wsdl=XML
com.fortify.sca.fileextensions.xcfg=XML
com.fortify.sca.fileextensions.xhtml=JSPX
com.fortify.sca.fileextensions.xmi=XML
com.fortify.sca.fileextensions.xml=XML
com.fortify.sca.fileextensions.xsd=XML
com.fortify.sca.jsp.UseNativeParser=true
com.fortify.sca.parser.python.ignore.module.1=test.badsyntax_future3
com.fortify.sca.parser.python.ignore.module.2=test.badsyntax_future4
com.fortify.sca.parser.python.ignore.module.3=test.badsyntax_future5
com.fortify.sca.parser.python.ignore.module.4=test.badsyntax_future6
com.fortify.sca.parser.python.ignore.module.5=test.badsyntax_future7
com.fortify.sca.parser.python.ignore.module.6=test.badsyntax_future8
com.fortify.sca.parser.python.ignore.module.7=test.badsyntax_future9
com.fortify.sca.parser.python.ignore.module.8=test.badsyntax_nocaret

Fortify Runtime Properties
com.fortify.AuthenticationKey=C:\Users\Sourabh\AppData\Local/Fortify/config/tools
com.fortify.Core=C:\Program Files\HP_Fortify\HP_Fortify_SCA_and_Apps_4.30\Core
com.fortify.Debug=true
com.fortify.InstallationUserName=Sourabh
com.fortify.SCAExecutablePath=C:Program FilesHP_FortifyHP_Fortify_SCA_and_Apps_4.30binsourceanalyzer.exe
com.fortify.VS.DefaultFramework.10.0=DotNetFrameworkv40
com.fortify.VS.DefaultFramework.11.0=DotNetFrameworkv45
com.fortify.VS.DefaultFramework.12.0=DotNetFrameworkv451
com.fortify.VS.DefaultFramework.14.0=DotNetFrameworkv451
com.fortify.VS.Frameworks.DotNetFrameworkv11.SDKRegistry="SOFTWARE\Microsoft\.NETFramework","sdkInstallRootv1.1","\bin"
com.fortify.VS.Frameworks.DotNetFrameworkv11.VSProjectVersionCode=1;
com.fortify.VS.Frameworks.DotNetFrameworkv20.SDKRegistry="SOFTWARE\Microsoft\.NETFramework","sdkInstallRootv2.0","\bin"
com.fortify.VS.Frameworks.DotNetFrameworkv20.VSProjectVersionCode=131072
com.fortify.VS.Frameworks.DotNetFrameworkv30.SDKRegistry="SOFTWARE\Microsoft\Microsoft SDKs\Windows\v6.0A","InstallationFolder"
com.fortify.VS.Frameworks.DotNetFrameworkv30.VSProjectVersionCode=196608
com.fortify.VS.Frameworks.DotNetFrameworkv35.SDKRegistry="SOFTWARE\Microsoft\Microsoft SDKs\Windows\v6.0A","InstallationFolder"
com.fortify.VS.Frameworks.DotNetFrameworkv35.VSProjectVersionCode=196613
com.fortify.VS.Frameworks.DotNetFrameworkv40.DotNetFolder="v4.0.30319"
com.fortify.VS.Frameworks.DotNetFrameworkv40.SDKRegistry="SOFTWARE\Microsoft\Microsoft SDKs\Windows\v7.0A\WinSDK-NetFx40Tools-x86","InstallationFolder"
com.fortify.VS.Frameworks.DotNetFrameworkv40.VSProjectVersionCode=262144
com.fortify.VS.Frameworks.DotNetFrameworkv45.DotNetFolder="v4.0.30319"
com.fortify.VS.Frameworks.DotNetFrameworkv45.SDKPaths="Microsoft SDKs\Windows\v8.0A\bin\NETFX 4.0 Tools\";"Microsoft SDKs\Windows\v8.0A\bin\";"Microsoft SDKs\Windows\v8.0\bin\NETFX 4.0 Tools\";"Microsoft SDKs\Windows\v8.0\bin\"
com.fortify.VS.Frameworks.DotNetFrameworkv45.SDKRegistry="SOFTWARE\Microsoft\Microsoft SDKs\Windows\v8.0A\WinSDK-NetFx40Tools-x86","InstallationFolder"
com.fortify.VS.Frameworks.DotNetFrameworkv45.VSProjectVersionCode=262149
com.fortify.VS.Frameworks.DotNetFrameworkv451.DotNetFolder="v4.0.30319"
com.fortify.VS.Frameworks.DotNetFrameworkv451.SDKPaths="Microsoft SDKs\Windows\v8.1A\bin\NETFX 4.5.1 Tools\";"Microsoft SDKs\Windows\v8.1A\bin\";"Microsoft SDKs\Windows\v8.1\bin\NETFX 4.5.1 Tools\";"Microsoft SDKs\Windows\v8.1\bin\"
com.fortify.VS.Frameworks.DotNetFrameworkv451.SDKRegistry="SOFTWARE\Microsoft\Microsoft SDKs\Windows\v8.1A\WinSDK-NetFx40Tools-x86","InstallationFolder"
com.fortify.VS.Frameworks.DotNetFrameworkv451.VSProjectVersionCode=451
com.fortify.VS.Frameworks.default.SDKRegistry="SOFTWARE\Microsoft\Microsoft SDKs\Windows\v8.0A\WinSDK-NetFx35Tools-x86","InstallationFolder";"SOFTWARE\Microsoft\Microsoft SDKs\Windows\v7.0A\WinSDK-NetFx35Tools-x86","InstallationFolder";"SOFTWARE\Microsoft\Microsoft SDKs\Windows\v6.1","InstallationFolder","\bin"
com.fortify.VS.Frameworks.default.VSProjectVersionCode=-1
com.fortify.VS.RequireASPPrecompilation=true
com.fortify.VS.SkipASPPrecompilation=false
com.fortify.WorkingDirectory=C:\Users\Sourabh\AppData\Local/Fortify
com.fortify.locale=en
com.fortify.search.defaultSyntaxVer=2
max.file.path.length=255

System Runtime Properties
awt.toolkit=sun.awt.windows.WToolkit
com.fortify.InstallRoot=C:\Program Files\HP_Fortify\HP_Fortify_SCA_and_Apps_4.30
com.fortify.TotalPhysicalMemory=12867305472
com.fortify.sca.JVMArgs=-Djava.awt.headless=true -Dcom.sun.management.jmxremote=true -XX:SoftRefLRUPolicyMSPerMB=3000 -Xss16M -Xmx1800M -Xms16M -server
com.fortify.sca.PID=7040
com.fortify.sca.ProjectRoot=C:\Users\Sourabh\AppData\Local/Fortify
com.fortify.sca.cpfe.options=--remove_unneeded_entities --suppress_vtbl -tused
com.fortify.sca.env.exesearchpath=G:\Program Files\HP_Fortify\HP_Fortify_SCA_and_Apps_4.20\Samples\advanced\csharp\VS2012\Sample1;G:\Program Files (x86)\Microsoft Visual Studio 14.0\Common7\IDE\CommonExtensions\Microsoft\TestWindow;C:\Program Files (x86)\Microsoft SDKs\TypeScript\1.5;C:\Program Files (x86)\MSBuild\14.0\bin;G:\Program Files (x86)\Microsoft Visual Studio 14.0\Common7\IDE\;G:\Program Files (x86)\Microsoft Visual Studio 14.0\VC\BIN;G:\Program Files (x86)\Microsoft Visual Studio 14.0\Common7\Tools;C:\Windows\Microsoft.NET\Framework\v4.0.30319;G:\Program Files (x86)\Microsoft Visual Studio 14.0\VC\VCPackages;C:\Program Files (x86)\HTML Help Workshop;G:\Program Files (x86)\Microsoft Visual Studio 14.0\Team Tools\Performance Tools;C:\Program Files (x86)\Windows Kits\8.1\bin\x86;C:\Program Files (x86)\Microsoft SDKs\Windows\v10.0A\bin\NETFX 4.6 Tools\;C:\Python27\Lib\site-packages\PyQt4;C:\Program Files\HP_Fortify\HP_Fortify_SCA_and_Apps_4.30\bin;C:\Program Files (x86)\MSBuild\12.0\Bin;C:\Windows\system32;G:\Files\apache-ant-1.9.6-bin\apache-ant-1.9.6\bin;C:\Program Files\OpenVPN\bin;C:\Program Files (x86)\Skype\Phone\;C:\Python27;C:\Python27\DLLs;C:\Python27\Scripts;C:\Python27\gnuplot\binary;G:\Program Files (x86)\Pythonxy\SciTE-3.5.1-4;G:\Program Files (x86)\Pythonxy\console;C:\Windows\system32\config\systemprofile\.dnx\bin;C:\Program Files\Microsoft DNX\Dnvm\;C:\Program Files (x86)\Windows Kits\8.1\Windows Performance Toolkit\;C:\Users\Sourabh\AppData\Local\Programs\Python\Python35\Scripts\;C:\Users\Sourabh\AppData\Local\Programs\Python\Python35\
com.fortify.sca.env.include=G:\Program Files (x86)\Microsoft Visual Studio 14.0\VC\INCLUDE;C:\Program Files (x86)\Windows Kits\NETFXSDK\4.6\include\um;C:\Program Files (x86)\Windows Kits\8.1\include\shared;C:\Program Files (x86)\Windows Kits\8.1\include\um;C:\Program Files (x86)\Windows Kits\8.1\include\winrt;
com.sun.management.jmxremote=true
dotnet.install.dir=C:\Windows\Microsoft.NET\Framework64
dotnet.v30.referenceAssemblies=C:\Program Files\Reference Assemblies\Microsoft\Framework\v3.0
dotnet.v35.referenceAssemblies=C:\Program Files\Reference Assemblies\Microsoft\Framework\v3.5
file.encoding=Cp1252
file.encoding.pkg=sun.io
file.separator=\
java.awt.graphicsenv=sun.awt.Win32GraphicsEnvironment
java.awt.headless=true
java.awt.printerjob=sun.awt.windows.WPrinterJob
java.class.path=C:\Program Files\HP_Fortify\HP_Fortify_SCA_and_Apps_4.30\Core\lib\exe\sca-exe.jar
java.class.version=51.0
java.endorsed.dirs=C:\Program Files\HP_Fortify\HP_Fortify_SCA_and_Apps_4.30\jre\lib\endorsed
java.ext.dirs=C:\Program Files\HP_Fortify\HP_Fortify_SCA_and_Apps_4.30\jre\lib\ext;C:\Windows\Sun\Java\lib\ext
java.home=C:\Program Files\HP_Fortify\HP_Fortify_SCA_and_Apps_4.30\jre
java.io.tmpdir=C:\Users\Sourabh\AppData\Local\Temp\
java.library.path=C:\Program Files\HP_Fortify\HP_Fortify_SCA_and_Apps_4.30\jre\bin;C:\Windows\Sun\Java\bin;C:\Windows\system32;C:\Windows;G:\Program Files (x86)\Microsoft Visual Studio 14.0\Common7\IDE\CommonExtensions\Microsoft\TestWindow;C:\Program Files (x86)\Microsoft SDKs\TypeScript\1.5;C:\Program Files (x86)\MSBuild\14.0\bin;G:\Program Files (x86)\Microsoft Visual Studio 14.0\Common7\IDE\;G:\Program Files (x86)\Microsoft Visual Studio 14.0\VC\BIN;G:\Program Files (x86)\Microsoft Visual Studio 14.0\Common7\Tools;C:\Windows\Microsoft.NET\Framework\v4.0.30319;G:\Program Files (x86)\Microsoft Visual Studio 14.0\VC\VCPackages;C:\Program Files (x86)\HTML Help Workshop;G:\Program Files (x86)\Microsoft Visual Studio 14.0\Team Tools\Performance Tools;C:\Program Files (x86)\Windows Kits\8.1\bin\x86;C:\Program Files (x86)\Microsoft SDKs\Windows\v10.0A\bin\NETFX 4.6 Tools\;C:\Python27\Lib\site-packages\PyQt4;C:\Program Files\HP_Fortify\HP_Fortify_SCA_and_Apps_4.30\bin;C:\Program Files (x86)\MSBuild\12.0\Bin;C:\Windows\system32;G:\Files\apache-ant-1.9.6-bin\apache-ant-1.9.6\bin;C:\Program Files\OpenVPN\bin;C:\Program Files (x86)\Skype\Phone\;C:\Python27;C:\Python27\DLLs;C:\Python27\Scripts;C:\Python27\gnuplot\binary;G:\Program Files (x86)\Pythonxy\SciTE-3.5.1-4;G:\Program Files (x86)\Pythonxy\console;C:\Windows\system32\config\systemprofile\.dnx\bin;C:\Program Files\Microsoft DNX\Dnvm\;C:\Program Files (x86)\Windows Kits\8.1\Windows Performance Toolkit\;C:\Users\Sourabh\AppData\Local\Programs\Python\Python35\Scripts\;C:\Users\Sourabh\AppData\Local\Programs\Python\Python35\;.
java.rmi.server.randomIDs=true
java.runtime.name=Java(TM) SE Runtime Environment
java.runtime.version=1.7.0_45-b18
java.specification.name=Java Platform API Specification
java.specification.vendor=Oracle Corporation
java.specification.version=1.7
java.vendor=Oracle Corporation
java.vendor.url=http://java.oracle.com/
java.vendor.url.bug=http://bugreport.sun.com/bugreport/
java.version=1.7.0_45
java.vm.info=mixed mode
java.vm.name=Java HotSpot(TM) 64-Bit Server VM
java.vm.specification.name=Java Virtual Machine Specification
java.vm.specification.vendor=Oracle Corporation
java.vm.specification.version=1.7
java.vm.vendor=Oracle Corporation
java.vm.version=24.45-b08
line.separator=

os.arch=amd64
os.name=Windows 8
os.version=6.2
path.separator=;
stderr.isatty=true
stdout.isatty=true
sun.arch.data.model=64
sun.boot.class.path=C:\Program Files\HP_Fortify\HP_Fortify_SCA_and_Apps_4.30\jre\lib\resources.jar;C:\Program Files\HP_Fortify\HP_Fortify_SCA_and_Apps_4.30\jre\lib\rt.jar;C:\Program Files\HP_Fortify\HP_Fortify_SCA_and_Apps_4.30\jre\lib\sunrsasign.jar;C:\Program Files\HP_Fortify\HP_Fortify_SCA_and_Apps_4.30\jre\lib\jsse.jar;C:\Program Files\HP_Fortify\HP_Fortify_SCA_and_Apps_4.30\jre\lib\jce.jar;C:\Program Files\HP_Fortify\HP_Fortify_SCA_and_Apps_4.30\jre\lib\charsets.jar;C:\Program Files\HP_Fortify\HP_Fortify_SCA_and_Apps_4.30\jre\lib\jfr.jar;C:\Program Files\HP_Fortify\HP_Fortify_SCA_and_Apps_4.30\jre\classes
sun.boot.library.path=C:\Program Files\HP_Fortify\HP_Fortify_SCA_and_Apps_4.30\jre\bin
sun.cpu.endian=little
sun.cpu.isalist=amd64
sun.desktop=windows
sun.io.unicode.encoding=UnicodeLittle
sun.java.command=C:\Program Files\HP_Fortify\HP_Fortify_SCA_and_Apps_4.30\Core\lib\exe\sca-exe.jar -b kdj -debug -verbose -logfile trans.log devenv Sample1.sln /REBUILD debug
sun.java.launcher=SUN_STANDARD
sun.jnu.encoding=Cp1252
sun.management.compiler=HotSpot 64-Bit Tiered Compilers
sun.os.patch.level=
user.country=US
user.dir=G:\Program Files\HP_Fortify\HP_Fortify_SCA_and_Apps_4.20\Samples\advanced\csharp\VS2012\Sample1
user.home=C:\Users\Sourabh
user.language=en
user.name=Sourabh
user.script=
user.timezone=America/Los_Angeles
user.variant=
vs.140.dotnet.clr.version=v4.0.30319
win32.LocalAppdata=C:\Users\Sourabh\AppData\Local

VM Info
OperatingSystemMXBean: Windows 8
  Arch: amd64
  AvailableProcessors: 8
  CommittedVirtualMemorySize: 157073408
  FreePhysicalMemorySize: 5743906816
  FreeSwapSpaceSize: 11578241024
  ProcessCpuLoad: -1.0
  ProcessCpuTime: 1000000000
  SystemCpuLoad: -1.0
  SystemLoadAverage: -1.0
  TotalPhysicalMemorySize: 12867305472
  TotalSwapSpaceSize: 21994110976
  Version: 6.2
RuntimeMXBean: 7424@Sourabh
  BootClassPath: C:\Program Files\HP_Fortify\HP_Fortify_SCA_and_Apps_4.30\jre\lib\resources.jar;C:\Program Files\HP_Fortify\HP_Fortify_SCA_and_Apps_4.30\jre\lib\rt.jar;C:\Program Files\HP_Fortify\HP_Fortify_SCA_and_Apps_4.30\jre\lib\sunrsasign.jar;C:\Program Files\HP_Fortify\HP_Fortify_SCA_and_Apps_4.30\jre\lib\jsse.jar;C:\Program Files\HP_Fortify\HP_Fortify_SCA_and_Apps_4.30\jre\lib\jce.jar;C:\Program Files\HP_Fortify\HP_Fortify_SCA_and_Apps_4.30\jre\lib\charsets.jar;C:\Program Files\HP_Fortify\HP_Fortify_SCA_and_Apps_4.30\jre\lib\jfr.jar;C:\Program Files\HP_Fortify\HP_Fortify_SCA_and_Apps_4.30\jre\classes
  BootClassPathSupported: true
  ClassPath: C:\Program Files\HP_Fortify\HP_Fortify_SCA_and_Apps_4.30\Core\lib\exe\sca-exe.jar
  LibraryPath: C:\Program Files\HP_Fortify\HP_Fortify_SCA_and_Apps_4.30\jre\bin;C:\Windows\Sun\Java\bin;C:\Windows\system32;C:\Windows;G:\Program Files (x86)\Microsoft Visual Studio 14.0\Common7\IDE\CommonExtensions\Microsoft\TestWindow;C:\Program Files (x86)\Microsoft SDKs\TypeScript\1.5;C:\Program Files (x86)\MSBuild\14.0\bin;G:\Program Files (x86)\Microsoft Visual Studio 14.0\Common7\IDE\;G:\Program Files (x86)\Microsoft Visual Studio 14.0\VC\BIN;G:\Program Files (x86)\Microsoft Visual Studio 14.0\Common7\Tools;C:\Windows\Microsoft.NET\Framework\v4.0.30319;G:\Program Files (x86)\Microsoft Visual Studio 14.0\VC\VCPackages;C:\Program Files (x86)\HTML Help Workshop;G:\Program Files (x86)\Microsoft Visual Studio 14.0\Team Tools\Performance Tools;C:\Program Files (x86)\Windows Kits\8.1\bin\x86;C:\Program Files (x86)\Microsoft SDKs\Windows\v10.0A\bin\NETFX 4.6 Tools\;C:\Python27\Lib\site-packages\PyQt4;C:\Program Files\HP_Fortify\HP_Fortify_SCA_and_Apps_4.30\bin;C:\Program Files (x86)\MSBuild\12.0\Bin;C:\Windows\system32;G:\Files\apache-ant-1.9.6-bin\apache-ant-1.9.6\bin;C:\Program Files\OpenVPN\bin;C:\Program Files (x86)\Skype\Phone\;C:\Python27;C:\Python27\DLLs;C:\Python27\Scripts;C:\Python27\gnuplot\binary;G:\Program Files (x86)\Pythonxy\SciTE-3.5.1-4;G:\Program Files (x86)\Pythonxy\console;C:\Windows\system32\config\systemprofile\.dnx\bin;C:\Program Files\Microsoft DNX\Dnvm\;C:\Program Files (x86)\Windows Kits\8.1\Windows Performance Toolkit\;C:\Users\Sourabh\AppData\Local\Programs\Python\Python35\Scripts\;C:\Users\Sourabh\AppData\Local\Programs\Python\Python35\;.
  ManagementSpecVersion: 1.2
  SpecName: Java Virtual Machine Specification
  SpecVendor: Oracle Corporation
  SpecVersion: 1.7
  StartTime: 1442439745549
  Uptime: 642
  VmName: Java HotSpot(TM) 64-Bit Server VM
  VmVendor: Oracle Corporation
  VmVersion: 24.45-b08
-----------------------------------------------------------------------------
[2015-09-16 14:42:26.195 Thread-13 Master FINE]
Compiler: devenv
[2015-09-16 14:42:26.245 com.fortify.sca.Main$Sourceanalyzer.runSourceanalyzer() Thread-13 Master INFO]
Fortify Static Code Analyzer 6.30.0086
[2015-09-16 14:42:26.249 com.fortify.sca.Main$Sourceanalyzer.runSourceanalyzer() Thread-13 Master INFO]
Args:
["-b", "kdj", "-debug", "-verbose", "-logfile", "trans.log", "devenv", "Sample1.sln", "/REBUILD", "debug"]
[2015-09-16 14:42:26.249 com.fortify.sca.Main$Sourceanalyzer.runSourceanalyzer() Thread-13 Master INFO]
VM Args:
"-Djava.awt.headless=true -Dcom.sun.management.jmxremote=true -XX:SoftRefLRUPolicyMSPerMB=3000 -Xss16M -Xmx1800M -Xms16M -server"
[2015-09-16 14:42:26.300 com.fortify.sca.cmd.BaseSCAConfiguration.initialize() Thread-13 Master FINE]
Enabling code generation: Data binding
[2015-09-16 14:42:26.316 com.fortify.sca.cmd.BaseSCAConfiguration.initialize() Thread-13 Master FINE]
Enabling code generation: Event loops
[2015-09-16 14:42:26.318 com.fortify.sca.cmd.BaseSCAConfiguration.initialize() Thread-13 Master FINE]
Enabling change notification transformer.
[2015-09-16 14:42:26.483 com.fortify.sca.util.compilers.DevenvNetAdapter.runCompiler() Thread-13 Master FINE]
Running compiler command: cmd /S /C "devenv Sample1.sln /REBUILD debug"
[2015-09-16 14:42:33.037 com.fortify.sca.util.compilers.DevenvNetAdapter.runCompiler() Thread-13 Master SEVERE 1442]
The Fortify add-in for Visual Studio did not execute; therefore, no files were translated. Ensure that the Fortify add-in
is installed. If you are running Visual Studio 2005 SP1, you must also install the hotfix indicated by KB934517.
[2015-09-16 14:42:33.223 com.fortify.frontend.translator.dotnet.DotNetRegistryEntries.<clinit>() Thread-13 Master FINE]
Visual Studio install: null
CLR version: null
[2015-09-16 14:42:33.331 com.fortify.sca.frontend.FrontEndSession.runFrontEnd() Thread-13 Master INFO]
Front End complete
[2015-09-16 14:42:33.332 com.fortify.sca.metadata.BuildSession.storeIncrement() Thread-13 Master FINE]
Nothing to store.
