2015-07-28 13:43:40,176   [WARN] org.springframework.security.config.http.MatcherType - 'path-type' is deprecated. Please please please use 'request-matcher' instead.
2015-07-28 13:43:40,186   [WARN] org.springframework.security.config.http.MatcherType - 'path-type' is deprecated. Please  Please Please Please Pleaseuse 'request-matcher' instead.
2015-07-28 13:43:41,956   [WARN] com.fortify.systemspec - ========================== Fortify Context Startup =============================
2015-07-28 13:43:42,061   [DEBUG] com.fortify.systemspec - 
Version:4.20.0098
------------------------- Runtime Information -------------------------------
Fortify Runtime Properties
com.fortify.AuthenticationKey=${win32.LocalAppdata}/Fortify/config/tools
com.fortify.Core=C:\Program Files\Apache Software Foundation\Tomcat 8.0\webapps\ssc\WEB-INF\Core
com.fortify.InstallationUserName=VMSSC01$
com.fortify.SCAExecutablePath=
com.fortify.VS.RequireASPPrecompilation=true
com.fortify.WorkingDirectory=${win32.LocalAppdata}/Fortify
com.fortify.locale=en
com.fortify.search.defaultSyntaxVer=2
max.file.path.length=255

System Runtime Properties
awt.toolkit=sun.awt.windows.WToolkit
catalina.base=C:\Program Files\Apache Software Foundation\Tomcat 8.0
catalina.home=C:\Program Files\Apache Software Foundation\Tomcat 8.0
catalina.useNaming=true
com.fortify.DisableDescriptionXMLEscaping=true
com.fortify.DisableJNI=true
com.fortify.InstallRoot=C:\Program Files\Apache Software Foundation\Tomcat 8.0\webapps\ssc\WEB-INF
com.fortify.LicenseFile=C:\Program Files\Apache Software Foundation\Tomcat 8.0\webapps\ssc\WEB-INF\classes\fortify.license
com.fortify.LoadFPropsFromCP=true
com.fortify.StoreOriginalDescriptions=true
com.fortify.model.DisableProgramInfo=true
com.fortify.model.DisableSnippets=true
common.loader="${catalina.base}/lib","${catalina.base}/lib/*.jar","${catalina.home}/lib","${catalina.home}/lib/*.jar"
file.encoding=Cp1252
file.encoding.pkg=sun.io
file.separator=\
java.awt.graphicsenv=sun.awt.Win32GraphicsEnvironment
java.awt.headless=true
java.awt.printerjob=sun.awt.windows.WPrinterJob
java.class.path=C:\Program Files\Apache Software Foundation\Tomcat 8.0\bin\bootstrap.jar;C:\Program Files\Apache Software Foundation\Tomcat 8.0\bin\tomcat-juli.jar
java.class.version=51.0
java.endorsed.dirs=C:\Program Files\Apache Software Foundation\Tomcat 8.0\endorsed
java.ext.dirs=D:\jdk1.7.0_40\jre\lib\ext;C:\Windows\Sun\Java\lib\ext
java.home=D:\jdk1.7.0_40\jre
java.io.tmpdir=C:\Program Files\Apache Software Foundation\Tomcat 8.0\temp
java.library.path=C:\Program Files\Apache Software Foundation\Tomcat 8.0\bin;C:\Windows\Sun\Java\bin;C:\Windows\system32;C:\Windows;C:\Windows\system32;C:\Windows;C:\Windows\System32\Wbem;C:\Windows\System32\WindowsPowerShell\v1.0\;D:\Program Files\System Center Operations Manager 2007\;D:\jdk1.7.0_40\bin;;.
java.naming.factory.initial=org.apache.naming.java.javaURLContextFactory
java.naming.factory.url.pkgs=org.apache.naming
java.runtime.name=Java(TM) SE Runtime Environment
java.runtime.version=1.7.0_40-b43
java.specification.name=Java Platform API Specification
java.specification.vendor=Oracle Corporation
java.specification.version=1.7
java.util.logging.config.file=C:\Program Files\Apache Software Foundation\Tomcat 8.0\conf\logging.properties
java.util.logging.manager=org.apache.juli.ClassLoaderLogManager
java.vendor=Oracle Corporation
java.vendor.url=http://java.oracle.com/
java.vendor.url.bug=http://bugreport.sun.com/bugreport/
java.version=1.7.0_40
java.vm.info=mixed mode
java.vm.name=Java HotSpot(TM) 64-Bit Server VM
java.vm.specification.name=Java Virtual Machine Specification
java.vm.specification.vendor=Oracle Corporation
java.vm.specification.version=1.7
java.vm.vendor=Oracle Corporation
java.vm.version=24.0-b56
line.separator=

os.arch=amd64
os.name=Windows Server 2008 R2
os.version=6.1
package.access=sun.,org.apache.catalina.,org.apache.coyote.,org.apache.jasper.,org.apache.tomcat.
package.definition=sun.,java.,org.apache.catalina.,org.apache.coyote.,org.apache.jasper.,org.apache.naming.,org.apache.tomcat.
path.separator=;
server.loader=
shared.loader=
sun.arch.data.model=64
sun.boot.class.path=D:\jdk1.7.0_40\jre\lib\resources.jar;D:\jdk1.7.0_40\jre\lib\rt.jar;D:\jdk1.7.0_40\jre\lib\sunrsasign.jar;D:\jdk1.7.0_40\jre\lib\jsse.jar;D:\jdk1.7.0_40\jre\lib\jce.jar;D:\jdk1.7.0_40\jre\lib\charsets.jar;D:\jdk1.7.0_40\jre\lib\jfr.jar;D:\jdk1.7.0_40\jre\classes
sun.boot.library.path=D:\jdk1.7.0_40\jre\bin
sun.cpu.endian=little
sun.cpu.isalist=amd64
sun.desktop=windows
sun.io.unicode.encoding=UnicodeLittle
sun.jnu.encoding=Cp1252
sun.management.compiler=HotSpot 64-Bit Tiered Compilers
sun.os.patch.level=Service Pack 1
tomcat.util.buf.StringCache.byte.enabled=true
tomcat.util.scan.StandardJarScanFilter.jarsToScan=log4j-core*.jar,log4j-taglib*.jar
tomcat.util.scan.StandardJarScanFilter.jarsToSkip=bootstrap.jar,commons-daemon.jar,tomcat-juli.jar,annotations-api.jar,el-api.jar,jsp-api.jar,servlet-api.jar,websocket-api.jar,catalina.jar,catalina-ant.jar,catalina-ha.jar,catalina-storeconfig.jar,catalina-tribes.jar,jasper.jar,jasper-el.jar,ecj-*.jar,tomcat-api.jar,tomcat-util.jar,tomcat-util-scan.jar,tomcat-coyote.jar,tomcat-dbcp.jar,tomcat-jni.jar,tomcat-websocket.jar,tomcat-i18n-en.jar,tomcat-i18n-es.jar,tomcat-i18n-fr.jar,tomcat-i18n-ja.jar,tomcat-juli-adapters.jar,catalina-jmx-remote.jar,catalina-ws.jar,tomcat-jdbc.jar,tools.jar,commons-beanutils*.jar,commons-codec*.jar,commons-collections*.jar,commons-dbcp*.jar,commons-digester*.jar,commons-fileupload*.jar,commons-httpclient*.jar,commons-io*.jar,commons-lang*.jar,commons-logging*.jar,commons-math*.jar,commons-pool*.jar,jstl.jar,taglibs-standard-spec-*.jar,geronimo-spec-jaxrpc*.jar,wsdl4j*.jar,ant.jar,ant-junit*.jar,aspectj*.jar,jmx.jar,h2*.jar,hibernate*.jar,httpclient*.jar,jmx-tools.jar,jta*.jar,log4j*.jar,mail*.jar,slf4j*.jar,xercesImpl.jar,xmlParserAPIs.jar,xml-apis.jar,junit.jar,junit-*.jar,ant-launcher.jar,cobertura-*.jar,asm-*.jar,dom4j-*.jar,icu4j-*.jar,jaxen-*.jar,jdom-*.jar,jetty-*.jar,oro-*.jar,servlet-api-*.jar,tagsoup-*.jar,xmlParserAPIs-*.jar,xom-*.jar
user.country=US
user.dir=C:\Program Files\Apache Software Foundation\Tomcat 8.0
user.home=C:\
user.language=en
user.name=VMSSC01$
user.script=
user.timezone=America/New_York
user.variant=

VM Info
OperatingSystemMXBean: Windows Server 2008 R2
  Arch: amd64
  AvailableProcessors: 2
  CommittedVirtualMemorySize: 2710171648
  FreePhysicalMemorySize: 4713877504
  FreeSwapSpaceSize: 12459065344
  ProcessCpuLoad: -1.0
  ProcessCpuTime: 31387401200
  SystemCpuLoad: 0.0
  SystemLoadAverage: -1.0
  TotalPhysicalMemorySize: 8589402112
  TotalSwapSpaceSize: 17176924160
  Version: 6.1
RuntimeMXBean: 4736@VMSSC01
  BootClassPath: D:\jdk1.7.0_40\jre\lib\resources.jar;D:\jdk1.7.0_40\jre\lib\rt.jar;D:\jdk1.7.0_40\jre\lib\sunrsasign.jar;D:\jdk1.7.0_40\jre\lib\jsse.jar;D:\jdk1.7.0_40\jre\lib\jce.jar;D:\jdk1.7.0_40\jre\lib\charsets.jar;D:\jdk1.7.0_40\jre\lib\jfr.jar;D:\jdk1.7.0_40\jre\classes
  BootClassPathSupported: true
  ClassPath: C:\Program Files\Apache Software Foundation\Tomcat 8.0\bin\bootstrap.jar;C:\Program Files\Apache Software Foundation\Tomcat 8.0\bin\tomcat-juli.jar
  LibraryPath: C:\Program Files\Apache Software Foundation\Tomcat 8.0\bin;C:\Windows\Sun\Java\bin;C:\Windows\system32;C:\Windows;C:\Windows\system32;C:\Windows;C:\Windows\System32\Wbem;C:\Windows\System32\WindowsPowerShell\v1.0\;D:\Program Files\System Center Operations Manager 2007\;D:\jdk1.7.0_40\bin;;.
  ManagementSpecVersion: 1.2
  SpecName: Java Virtual Machine Specification
  SpecVendor: Oracle Corporation
  SpecVersion: 1.7
  StartTime: 1438105392285
  Uptime: 29776
  VmName: Java HotSpot(TM) 64-Bit Server VM
  VmVendor: Oracle Corporation
  VmVersion: 24.0-b56
-----------------------------------------------------------------------------
2015-07-28 13:43:48,906   [WARN] com.fortify.manager.service.EmailServiceImpl - Exception loading certificates keystore as JKS: C:\Program Files\Apache Software Foundation\Tomcat 8.0\webapps\ssc\WEB-INF\Core\config\certificates\keystore (The system cannot find the path specified)
2015-07-28 13:43:48,906   [WARN] com.fortify.manager.service.EmailServiceImpl - Exception loading certificates keystore as PKCS12: C:\Program Files\Apache Software Foundation\Tomcat 8.0\webapps\ssc\WEB-INF\Core\config\certificates\keystore (The system cannot find the path specified)
2015-07-28 13:43:48,906   [WARN] com.fortify.manager.service.EmailServiceImpl - S/MIME messages cannot be sent from this server
2015-07-28 13:44:08,826   [INFO] com.fortify.manager.service.runtime.RuntimeControllerConnectionConfiguration - Initializing runtime event handlers: [10234]
2015-07-28 13:44:08,826   [WARN] com.fortify.manager.service.runtime.RuntimeControllerConnectionConfiguration - Runtime integration disabled
2015-07-28 13:44:11,511   [ERROR] com.fortify.manager.service.scheduler.SchedulerService - Unable to start the Quartz scheduler
org.quartz.SchedulerConfigException: Failure occured during job recovery. [See nested exception: org.quartz.JobPersistenceException: Couldn't store trigger 'RECURRING_LDAP_REFRESH.RECURRING_LDAP_REFRESH' for 'RECURRING_LDAP_REFRESH.RECURRING_LDAP_REFRESH' job:com.fortify.manager.BLL.jobs.cron.RecurringLdapRefreshJob [See nested exception: java.lang.ClassNotFoundException: com.fortify.manager.BLL.jobs.cron.RecurringLdapRefreshJob]]
	at org.quartz.impl.jdbcjobstore.JobStoreSupport.schedulerStarted(JobStoreSupport.java:683)
	at org.quartz.core.QuartzScheduler.start(QuartzScheduler.java:526)
	at org.quartz.impl.StdScheduler.start(StdScheduler.java:143)
	at com.fortify.manager.service.scheduler.SchedulerService.startScheduler(SchedulerService.java:263)
	at com.fortify.manager.web.listeners.AppInitializer.startScheduler(AppInitializer.java:93)
	at com.fortify.manager.web.listeners.AppInitializer.start(AppInitializer.java:37)
	at org.springframework.context.support.DefaultLifecycleProcessor.doStart(DefaultLifecycleProcessor.java:167)
	at org.springframework.context.support.DefaultLifecycleProcessor.access$200(DefaultLifecycleProcessor.java:51)
	at org.springframework.context.support.DefaultLifecycleProcessor$LifecycleGroup.start(DefaultLifecycleProcessor.java:339)
	at org.springframework.context.support.DefaultLifecycleProcessor.startBeans(DefaultLifecycleProcessor.java:143)
	at org.springframework.context.support.DefaultLifecycleProcessor.onRefresh(DefaultLifecycleProcessor.java:108)
	at org.springframework.context.support.AbstractApplicationContext.finishRefresh(AbstractApplicationContext.java:945)
	at org.springframework.context.support.AbstractApplicationContext.refresh(AbstractApplicationContext.java:482)
	at org.springframework.web.context.ContextLoader.configureAndRefreshWebApplicationContext(ContextLoader.java:389)
	at org.springframework.web.context.ContextLoader.initWebApplicationContext(ContextLoader.java:294)
	at org.springframework.web.context.ContextLoaderListener.contextInitialized(ContextLoaderListener.java:112)
	at org.apache.catalina.core.StandardContext.listenerStart(StandardContext.java:4729)
	at org.apache.catalina.core.StandardContext.startInternal(StandardContext.java:5167)
	at org.apache.catalina.util.LifecycleBase.start(LifecycleBase.java:150)
	at org.apache.catalina.core.ContainerBase.addChildInternal(ContainerBase.java:725)
	at org.apache.catalina.core.ContainerBase.addChild(ContainerBase.java:701)
	at org.apache.catalina.core.StandardHost.addChild(StandardHost.java:717)
	at org.apache.catalina.startup.HostConfig.deployWAR(HostConfig.java:945)
	at org.apache.catalina.startup.HostConfig$DeployWar.run(HostConfig.java:1768)
	at java.util.concurrent.Executors$RunnableAdapter.call(Executors.java:471)
	at java.util.concurrent.FutureTask.run(FutureTask.java:262)
	at java.util.concurrent.ThreadPoolExecutor.runWorker(ThreadPoolExecutor.java:1145)
	at java.util.concurrent.ThreadPoolExecutor$Worker.run(ThreadPoolExecutor.java:615)
	at java.lang.Thread.run(Thread.java:724)
Caused by: org.quartz.JobPersistenceException: Couldn't store trigger 'RECURRING_LDAP_REFRESH.RECURRING_LDAP_REFRESH' for 'RECURRING_LDAP_REFRESH.RECURRING_LDAP_REFRESH' job:com.fortify.manager.BLL.jobs.cron.RecurringLdapRefreshJob [See nested exception: java.lang.ClassNotFoundException: com.fortify.manager.BLL.jobs.cron.RecurringLdapRefreshJob]
	at org.quartz.impl.jdbcjobstore.JobStoreSupport.storeTrigger(JobStoreSupport.java:1212)
	at org.quartz.impl.jdbcjobstore.JobStoreSupport.doUpdateOfMisfiredTrigger(JobStoreSupport.java:1026)
	at org.quartz.impl.jdbcjobstore.JobStoreSupport.recoverMisfiredJobs(JobStoreSupport.java:975)
	at org.quartz.impl.jdbcjobstore.JobStoreSupport.recoverJobs(JobStoreSupport.java:855)
	at org.quartz.impl.jdbcjobstore.JobStoreSupport$1.execute(JobStoreSupport.java:827)
	at org.quartz.impl.jdbcjobstore.JobStoreSupport$46.execute(JobStoreSupport.java:3777)
	at org.quartz.impl.jdbcjobstore.JobStoreSupport.executeInNonManagedTXLock(JobStoreSupport.java:3811)
	at org.quartz.impl.jdbcjobstore.JobStoreSupport.executeInNonManagedTXLock(JobStoreSupport.java:3773)
	at org.quartz.impl.jdbcjobstore.JobStoreSupport.recoverJobs(JobStoreSupport.java:823)
	at org.quartz.impl.jdbcjobstore.JobStoreSupport.schedulerStarted(JobStoreSupport.java:681)
	... 28 more
Caused by: java.lang.ClassNotFoundException: com.fortify.manager.BLL.jobs.cron.RecurringLdapRefreshJob
	at org.apache.catalina.loader.WebappClassLoaderBase.loadClass(WebappClassLoaderBase.java:1313)
	at org.apache.catalina.loader.WebappClassLoaderBase.loadClass(WebappClassLoaderBase.java:1164)
	at org.springframework.scheduling.quartz.ResourceLoaderClassLoadHelper.loadClass(ResourceLoaderClassLoadHelper.java:75)
	at org.springframework.scheduling.quartz.ResourceLoaderClassLoadHelper.loadClass(ResourceLoaderClassLoadHelper.java:80)
	at org.quartz.impl.jdbcjobstore.StdJDBCDelegate.selectJobDetail(StdJDBCDelegate.java:873)
	at org.quartz.impl.jdbcjobstore.JobStoreSupport.storeTrigger(JobStoreSupport.java:1194)
	... 37 more
2015-07-28 13:44:11,601   [ERROR] org.springframework.web.context.ContextLoader - Context initialization failed
org.springframework.context.ApplicationContextException: Failed to start bean 'appInitializer'; nested exception is com.fortify.manager.service.scheduler.FmSchedulerException: Unable to start job scheduler
	at org.springframework.context.support.DefaultLifecycleProcessor.doStart(DefaultLifecycleProcessor.java:170)
	at org.springframework.context.support.DefaultLifecycleProcessor.access$200(DefaultLifecycleProcessor.java:51)
	at org.springframework.context.support.DefaultLifecycleProcessor$LifecycleGroup.start(DefaultLifecycleProcessor.java:339)
	at org.springframework.context.support.DefaultLifecycleProcessor.startBeans(DefaultLifecycleProcessor.java:143)
	at org.springframework.context.support.DefaultLifecycleProcessor.onRefresh(DefaultLifecycleProcessor.java:108)
	at org.springframework.context.support.AbstractApplicationContext.finishRefresh(AbstractApplicationContext.java:945)
	at org.springframework.context.support.AbstractApplicationContext.refresh(AbstractApplicationContext.java:482)
	at org.springframework.web.context.ContextLoader.configureAndRefreshWebApplicationContext(ContextLoader.java:389)
	at org.springframework.web.context.ContextLoader.initWebApplicationContext(ContextLoader.java:294)
	at org.springframework.web.context.ContextLoaderListener.contextInitialized(ContextLoaderListener.java:112)
	at org.apache.catalina.core.StandardContext.listenerStart(StandardContext.java:4729)
	at org.apache.catalina.core.StandardContext.startInternal(StandardContext.java:5167)
	at org.apache.catalina.util.LifecycleBase.start(LifecycleBase.java:150)
	at org.apache.catalina.core.ContainerBase.addChildInternal(ContainerBase.java:725)
	at org.apache.catalina.core.ContainerBase.addChild(ContainerBase.java:701)
	at org.apache.catalina.core.StandardHost.addChild(StandardHost.java:717)
	at org.apache.catalina.startup.HostConfig.deployWAR(HostConfig.java:945)
	at org.apache.catalina.startup.HostConfig$DeployWar.run(HostConfig.java:1768)
	at java.util.concurrent.Executors$RunnableAdapter.call(Executors.java:471)
	at java.util.concurrent.FutureTask.run(FutureTask.java:262)
	at java.util.concurrent.ThreadPoolExecutor.runWorker(ThreadPoolExecutor.java:1145)
	at java.util.concurrent.ThreadPoolExecutor$Worker.run(ThreadPoolExecutor.java:615)
	at java.lang.Thread.run(Thread.java:724)
Caused by: com.fortify.manager.service.scheduler.FmSchedulerException: Unable to start job scheduler
	at com.fortify.manager.service.scheduler.SchedulerService.startScheduler(SchedulerService.java:266)
	at com.fortify.manager.web.listeners.AppInitializer.startScheduler(AppInitializer.java:93)
	at com.fortify.manager.web.listeners.AppInitializer.start(AppInitializer.java:37)
	at org.springframework.context.support.DefaultLifecycleProcessor.doStart(DefaultLifecycleProcessor.java:167)
	... 22 more
Caused by: org.quartz.SchedulerConfigException: Failure occured during job recovery. [See nested exception: org.quartz.JobPersistenceException: Couldn't store trigger 'RECURRING_LDAP_REFRESH.RECURRING_LDAP_REFRESH' for 'RECURRING_LDAP_REFRESH.RECURRING_LDAP_REFRESH' job:com.fortify.manager.BLL.jobs.cron.RecurringLdapRefreshJob [See nested exception: java.lang.ClassNotFoundException: com.fortify.manager.BLL.jobs.cron.RecurringLdapRefreshJob]]
	at org.quartz.impl.jdbcjobstore.JobStoreSupport.schedulerStarted(JobStoreSupport.java:683)
	at org.quartz.core.QuartzScheduler.start(QuartzScheduler.java:526)
	at org.quartz.impl.StdScheduler.start(StdScheduler.java:143)
	at com.fortify.manager.service.scheduler.SchedulerService.startScheduler(SchedulerService.java:263)
	... 25 more
Caused by: org.quartz.JobPersistenceException: Couldn't store trigger 'RECURRING_LDAP_REFRESH.RECURRING_LDAP_REFRESH' for 'RECURRING_LDAP_REFRESH.RECURRING_LDAP_REFRESH' job:com.fortify.manager.BLL.jobs.cron.RecurringLdapRefreshJob [See nested exception: java.lang.ClassNotFoundException: com.fortify.manager.BLL.jobs.cron.RecurringLdapRefreshJob]
	at org.quartz.impl.jdbcjobstore.JobStoreSupport.storeTrigger(JobStoreSupport.java:1212)
	at org.quartz.impl.jdbcjobstore.JobStoreSupport.doUpdateOfMisfiredTrigger(JobStoreSupport.java:1026)
	at org.quartz.impl.jdbcjobstore.JobStoreSupport.recoverMisfiredJobs(JobStoreSupport.java:975)
	at org.quartz.impl.jdbcjobstore.JobStoreSupport.recoverJobs(JobStoreSupport.java:855)
	at org.quartz.impl.jdbcjobstore.JobStoreSupport$1.execute(JobStoreSupport.java:827)
	at org.quartz.impl.jdbcjobstore.JobStoreSupport$46.execute(JobStoreSupport.java:3777)
	at org.quartz.impl.jdbcjobstore.JobStoreSupport.executeInNonManagedTXLock(JobStoreSupport.java:3811)
	at org.quartz.impl.jdbcjobstore.JobStoreSupport.executeInNonManagedTXLock(JobStoreSupport.java:3773)
	at org.quartz.impl.jdbcjobstore.JobStoreSupport.recoverJobs(JobStoreSupport.java:823)
	at org.quartz.impl.jdbcjobstore.JobStoreSupport.schedulerStarted(JobStoreSupport.java:681)
	... 28 more
Caused by: java.lang.ClassNotFoundException: com.fortify.manager.BLL.jobs.cron.RecurringLdapRefreshJob
	at org.apache.catalina.loader.WebappClassLoaderBase.loadClass(WebappClassLoaderBase.java:1313)
	at org.apache.catalina.loader.WebappClassLoaderBase.loadClass(WebappClassLoaderBase.java:1164)
	at org.springframework.scheduling.quartz.ResourceLoaderClassLoadHelper.loadClass(ResourceLoaderClassLoadHelper.java:75)
	at org.springframework.scheduling.quartz.ResourceLoaderClassLoadHelper.loadClass(ResourceLoaderClassLoadHelper.java:80)
	at org.quartz.impl.jdbcjobstore.StdJDBCDelegate.selectJobDetail(StdJDBCDelegate.java:873)
	at org.quartz.impl.jdbcjobstore.JobStoreSupport.storeTrigger(JobStoreSupport.java:1194)
	... 37 more
2015-07-28 13:44:11,601   [ERROR] org.apache.catalina.core.ContainerBase.[Catalina].[localhost].[/ssc] - Exception sending context initialized event to listener instance of class org.springframework.web.context.ContextLoaderListener
org.springframework.context.ApplicationContextException: Failed to start bean 'appInitializer'; nested exception is com.fortify.manager.service.scheduler.FmSchedulerException: Unable to start job scheduler
	at org.springframework.context.support.DefaultLifecycleProcessor.doStart(DefaultLifecycleProcessor.java:170)
	at org.springframework.context.support.DefaultLifecycleProcessor.access$200(DefaultLifecycleProcessor.java:51)
	at org.springframework.context.support.DefaultLifecycleProcessor$LifecycleGroup.start(DefaultLifecycleProcessor.java:339)
	at org.springframework.context.support.DefaultLifecycleProcessor.startBeans(DefaultLifecycleProcessor.java:143)
	at org.springframework.context.support.DefaultLifecycleProcessor.onRefresh(DefaultLifecycleProcessor.java:108)
	at org.springframework.context.support.AbstractApplicationContext.finishRefresh(AbstractApplicationContext.java:945)
	at org.springframework.context.support.AbstractApplicationContext.refresh(AbstractApplicationContext.java:482)
	at org.springframework.web.context.ContextLoader.configureAndRefreshWebApplicationContext(ContextLoader.java:389)
	at org.springframework.web.context.ContextLoader.initWebApplicationContext(ContextLoader.java:294)
	at org.springframework.web.context.ContextLoaderListener.contextInitialized(ContextLoaderListener.java:112)
	at org.apache.catalina.core.StandardContext.listenerStart(StandardContext.java:4729)
	at org.apache.catalina.core.StandardContext.startInternal(StandardContext.java:5167)
	at org.apache.catalina.util.LifecycleBase.start(LifecycleBase.java:150)
	at org.apache.catalina.core.ContainerBase.addChildInternal(ContainerBase.java:725)
	at org.apache.catalina.core.ContainerBase.addChild(ContainerBase.java:701)
	at org.apache.catalina.core.StandardHost.addChild(StandardHost.java:717)
	at org.apache.catalina.startup.HostConfig.deployWAR(HostConfig.java:945)
	at org.apache.catalina.startup.HostConfig$DeployWar.run(HostConfig.java:1768)
	at java.util.concurrent.Executors$RunnableAdapter.call(Executors.java:471)
	at java.util.concurrent.FutureTask.run(FutureTask.java:262)
	at java.util.concurrent.ThreadPoolExecutor.runWorker(ThreadPoolExecutor.java:1145)
	at java.util.concurrent.ThreadPoolExecutor$Worker.run(ThreadPoolExecutor.java:615)
	at java.lang.Thread.run(Thread.java:724)
Caused by: com.fortify.manager.service.scheduler.FmSchedulerException: Unable to start job scheduler
	at com.fortify.manager.service.scheduler.SchedulerService.startScheduler(SchedulerService.java:266)
	at com.fortify.manager.web.listeners.AppInitializer.startScheduler(AppInitializer.java:93)
	at com.fortify.manager.web.listeners.AppInitializer.start(AppInitializer.java:37)
	at org.springframework.context.support.DefaultLifecycleProcessor.doStart(DefaultLifecycleProcessor.java:167)
	... 22 more
Caused by: org.quartz.SchedulerConfigException: Failure occured during job recovery. [See nested exception: org.quartz.JobPersistenceException: Couldn't store trigger 'RECURRING_LDAP_REFRESH.RECURRING_LDAP_REFRESH' for 'RECURRING_LDAP_REFRESH.RECURRING_LDAP_REFRESH' job:com.fortify.manager.BLL.jobs.cron.RecurringLdapRefreshJob [See nested exception: java.lang.ClassNotFoundException: com.fortify.manager.BLL.jobs.cron.RecurringLdapRefreshJob]]
	at org.quartz.impl.jdbcjobstore.JobStoreSupport.schedulerStarted(JobStoreSupport.java:683)
	at org.quartz.core.QuartzScheduler.start(QuartzScheduler.java:526)
	at org.quartz.impl.StdScheduler.start(StdScheduler.java:143)
	at com.fortify.manager.service.scheduler.SchedulerService.startScheduler(SchedulerService.java:263)
	... 25 more
Caused by: org.quartz.JobPersistenceException: Couldn't store trigger 'RECURRING_LDAP_REFRESH.RECURRING_LDAP_REFRESH' for 'RECURRING_LDAP_REFRESH.RECURRING_LDAP_REFRESH' job:com.fortify.manager.BLL.jobs.cron.RecurringLdapRefreshJob [See nested exception: java.lang.ClassNotFoundException: com.fortify.manager.BLL.jobs.cron.RecurringLdapRefreshJob]
	at org.quartz.impl.jdbcjobstore.JobStoreSupport.storeTrigger(JobStoreSupport.java:1212)
	at org.quartz.impl.jdbcjobstore.JobStoreSupport.doUpdateOfMisfiredTrigger(JobStoreSupport.java:1026)
	at org.quartz.impl.jdbcjobstore.JobStoreSupport.recoverMisfiredJobs(JobStoreSupport.java:975)
	at org.quartz.impl.jdbcjobstore.JobStoreSupport.recoverJobs(JobStoreSupport.java:855)
	at org.quartz.impl.jdbcjobstore.JobStoreSupport$1.execute(JobStoreSupport.java:827)
	at org.quartz.impl.jdbcjobstore.JobStoreSupport$46.execute(JobStoreSupport.java:3777)
	at org.quartz.impl.jdbcjobstore.JobStoreSupport.executeInNonManagedTXLock(JobStoreSupport.java:3811)
	at org.quartz.impl.jdbcjobstore.JobStoreSupport.executeInNonManagedTXLock(JobStoreSupport.java:3773)
	at org.quartz.impl.jdbcjobstore.JobStoreSupport.recoverJobs(JobStoreSupport.java:823)
	at org.quartz.impl.jdbcjobstore.JobStoreSupport.schedulerStarted(JobStoreSupport.java:681)
	... 28 more
Caused by: java.lang.ClassNotFoundException: com.fortify.manager.BLL.jobs.cron.RecurringLdapRefreshJob
	at org.apache.catalina.loader.WebappClassLoaderBase.loadClass(WebappClassLoaderBase.java:1313)
	at org.apache.catalina.loader.WebappClassLoaderBase.loadClass(WebappClassLoaderBase.java:1164)
	at org.springframework.scheduling.quartz.ResourceLoaderClassLoadHelper.loadClass(ResourceLoaderClassLoadHelper.java:75)
	at org.springframework.scheduling.quartz.ResourceLoaderClassLoadHelper.loadClass(ResourceLoaderClassLoadHelper.java:80)
	at org.quartz.impl.jdbcjobstore.StdJDBCDelegate.selectJobDetail(StdJDBCDelegate.java:873)
	at org.quartz.impl.jdbcjobstore.JobStoreSupport.storeTrigger(JobStoreSupport.java:1194)
	... 37 more
2015-07-28 13:44:27,707   [WARN] org.springframework.security.config.http.MatcherType - 'path-type' is deprecated. Please use 'request-matcher' instead.
2015-07-28 13:44:27,717   [WARN] org.springframework.security.config.http.MatcherType - 'path-type' is deprecated. Please use 'request-matcher' instead.
2015-07-28 13:44:30,337   [WARN] com.fortify.systemspec - ========================== Fortify Context Startup =============================
2015-07-28 13:44:30,347   [DEBUG] com.fortify.systemspec - 
Version:4.20.0098
------------------------- Runtime Information -------------------------------
Fortify Runtime Properties
com.fortify.AuthenticationKey=${win32.LocalAppdata}/Fortify/config/tools
com.fortify.Core=C:\Program Files\Apache Software Foundation\Tomcat 8.0\webapps\ssc\WEB-INF\Core
com.fortify.InstallationUserName=VMSSC01$
com.fortify.SCAExecutablePath=
com.fortify.VS.RequireASPPrecompilation=true
com.fortify.WorkingDirectory=${win32.LocalAppdata}/Fortify
com.fortify.locale=en
com.fortify.search.defaultSyntaxVer=2
max.file.path.length=255

System Runtime Properties
awt.toolkit=sun.awt.windows.WToolkit
catalina.base=C:\Program Files\Apache Software Foundation\Tomcat 8.0
catalina.home=C:\Program Files\Apache Software Foundation\Tomcat 8.0
catalina.useNaming=true
com.fortify.DisableDescriptionXMLEscaping=true
com.fortify.DisableJNI=true
com.fortify.InstallRoot=C:\Program Files\Apache Software Foundation\Tomcat 8.0\webapps\ssc\WEB-INF
com.fortify.LicenseFile=C:\Program Files\Apache Software Foundation\Tomcat 8.0\webapps\ssc\WEB-INF\classes\fortify.license
com.fortify.LoadFPropsFromCP=true
com.fortify.StoreOriginalDescriptions=true
com.fortify.model.DisableProgramInfo=true
com.fortify.model.DisableSnippets=true
common.loader="${catalina.base}/lib","${catalina.base}/lib/*.jar","${catalina.home}/lib","${catalina.home}/lib/*.jar"
file.encoding=Cp1252
file.encoding.pkg=sun.io
file.separator=\
java.awt.graphicsenv=sun.awt.Win32GraphicsEnvironment
java.awt.headless=true
java.awt.printerjob=sun.awt.windows.WPrinterJob
java.class.path=C:\Program Files\Apache Software Foundation\Tomcat 8.0\bin\bootstrap.jar;C:\Program Files\Apache Software Foundation\Tomcat 8.0\bin\tomcat-juli.jar
java.class.version=51.0
java.endorsed.dirs=C:\Program Files\Apache Software Foundation\Tomcat 8.0\endorsed
java.ext.dirs=D:\jdk1.7.0_40\jre\lib\ext;C:\Windows\Sun\Java\lib\ext
java.home=D:\jdk1.7.0_40\jre
java.io.tmpdir=C:\Program Files\Apache Software Foundation\Tomcat 8.0\temp
java.library.path=C:\Program Files\Apache Software Foundation\Tomcat 8.0\bin;C:\Windows\Sun\Java\bin;C:\Windows\system32;C:\Windows;C:\Windows\system32;C:\Windows;C:\Windows\System32\Wbem;C:\Windows\System32\WindowsPowerShell\v1.0\;D:\Program Files\System Center Operations Manager 2007\;D:\jdk1.7.0_40\bin;;.
java.naming.factory.initial=org.apache.naming.java.javaURLContextFactory
java.naming.factory.url.pkgs=org.apache.naming
java.runtime.name=Java(TM) SE Runtime Environment
java.runtime.version=1.7.0_40-b43
java.specification.name=Java Platform API Specification
java.specification.vendor=Oracle Corporation
java.specification.version=1.7
java.util.logging.config.file=C:\Program Files\Apache Software Foundation\Tomcat 8.0\conf\logging.properties
java.util.logging.manager=org.apache.juli.ClassLoaderLogManager
java.vendor=Oracle Corporation
java.vendor.url=http://java.oracle.com/
java.vendor.url.bug=http://bugreport.sun.com/bugreport/
java.version=1.7.0_40
java.vm.info=mixed mode
java.vm.name=Java HotSpot(TM) 64-Bit Server VM
java.vm.specification.name=Java Virtual Machine Specification
java.vm.specification.vendor=Oracle Corporation
java.vm.specification.version=1.7
java.vm.vendor=Oracle Corporation
java.vm.version=24.0-b56
jboss.i18n.generate-proxies=true
line.separator=

os.arch=amd64
os.name=Windows Server 2008 R2
os.version=6.1
package.access=sun.,org.apache.catalina.,org.apache.coyote.,org.apache.jasper.,org.apache.tomcat.
package.definition=sun.,java.,org.apache.catalina.,org.apache.coyote.,org.apache.jasper.,org.apache.naming.,org.apache.tomcat.
path.separator=;
server.loader=
shared.loader=
sun.arch.data.model=64
sun.boot.class.path=D:\jdk1.7.0_40\jre\lib\resources.jar;D:\jdk1.7.0_40\jre\lib\rt.jar;D:\jdk1.7.0_40\jre\lib\sunrsasign.jar;D:\jdk1.7.0_40\jre\lib\jsse.jar;D:\jdk1.7.0_40\jre\lib\jce.jar;D:\jdk1.7.0_40\jre\lib\charsets.jar;D:\jdk1.7.0_40\jre\lib\jfr.jar;D:\jdk1.7.0_40\jre\classes
sun.boot.library.path=D:\jdk1.7.0_40\jre\bin
sun.cpu.endian=little
sun.cpu.isalist=amd64
sun.desktop=windows
sun.io.unicode.encoding=UnicodeLittle
sun.jnu.encoding=Cp1252
sun.management.compiler=HotSpot 64-Bit Tiered Compilers
sun.os.patch.level=Service Pack 1
tomcat.util.buf.StringCache.byte.enabled=true
tomcat.util.scan.StandardJarScanFilter.jarsToScan=log4j-core*.jar,log4j-taglib*.jar
tomcat.util.scan.StandardJarScanFilter.jarsToSkip=bootstrap.jar,commons-daemon.jar,tomcat-juli.jar,annotations-api.jar,el-api.jar,jsp-api.jar,servlet-api.jar,websocket-api.jar,catalina.jar,catalina-ant.jar,catalina-ha.jar,catalina-storeconfig.jar,catalina-tribes.jar,jasper.jar,jasper-el.jar,ecj-*.jar,tomcat-api.jar,tomcat-util.jar,tomcat-util-scan.jar,tomcat-coyote.jar,tomcat-dbcp.jar,tomcat-jni.jar,tomcat-websocket.jar,tomcat-i18n-en.jar,tomcat-i18n-es.jar,tomcat-i18n-fr.jar,tomcat-i18n-ja.jar,tomcat-juli-adapters.jar,catalina-jmx-remote.jar,catalina-ws.jar,tomcat-jdbc.jar,tools.jar,commons-beanutils*.jar,commons-codec*.jar,commons-collections*.jar,commons-dbcp*.jar,commons-digester*.jar,commons-fileupload*.jar,commons-httpclient*.jar,commons-io*.jar,commons-lang*.jar,commons-logging*.jar,commons-math*.jar,commons-pool*.jar,jstl.jar,taglibs-standard-spec-*.jar,geronimo-spec-jaxrpc*.jar,wsdl4j*.jar,ant.jar,ant-junit*.jar,aspectj*.jar,jmx.jar,h2*.jar,hibernate*.jar,httpclient*.jar,jmx-tools.jar,jta*.jar,log4j*.jar,mail*.jar,slf4j*.jar,xercesImpl.jar,xmlParserAPIs.jar,xml-apis.jar,junit.jar,junit-*.jar,ant-launcher.jar,cobertura-*.jar,asm-*.jar,dom4j-*.jar,icu4j-*.jar,jaxen-*.jar,jdom-*.jar,jetty-*.jar,oro-*.jar,servlet-api-*.jar,tagsoup-*.jar,xmlParserAPIs-*.jar,xom-*.jar
user.country=US
user.dir=C:\Program Files\Apache Software Foundation\Tomcat 8.0
user.home=C:\
user.language=en
user.name=VMSSC01$
user.script=
user.timezone=America/New_York
user.variant=

VM Info
OperatingSystemMXBean: Windows Server 2008 R2
  Arch: amd64
  AvailableProcessors: 2
  CommittedVirtualMemorySize: 3389566976
  FreePhysicalMemorySize: 3652472832
  FreeSwapSpaceSize: 11773140992
  ProcessCpuLoad: 0.6797546642004926
  ProcessCpuTime: 97126222600
  SystemCpuLoad: 0.7200824941877637
  SystemLoadAverage: -1.0
  TotalPhysicalMemorySize: 8589402112
  TotalSwapSpaceSize: 17176924160
  Version: 6.1
RuntimeMXBean: 4736@VMSSC01
  BootClassPath: D:\jdk1.7.0_40\jre\lib\resources.jar;D:\jdk1.7.0_40\jre\lib\rt.jar;D:\jdk1.7.0_40\jre\lib\sunrsasign.jar;D:\jdk1.7.0_40\jre\lib\jsse.jar;D:\jdk1.7.0_40\jre\lib\jce.jar;D:\jdk1.7.0_40\jre\lib\charsets.jar;D:\jdk1.7.0_40\jre\lib\jfr.jar;D:\jdk1.7.0_40\jre\classes
  BootClassPathSupported: true
  ClassPath: C:\Program Files\Apache Software Foundation\Tomcat 8.0\bin\bootstrap.jar;C:\Program Files\Apache Software Foundation\Tomcat 8.0\bin\tomcat-juli.jar
  LibraryPath: C:\Program Files\Apache Software Foundation\Tomcat 8.0\bin;C:\Windows\Sun\Java\bin;C:\Windows\system32;C:\Windows;C:\Windows\system32;C:\Windows;C:\Windows\System32\Wbem;C:\Windows\System32\WindowsPowerShell\v1.0\;D:\Program Files\System Center Operations Manager 2007\;D:\jdk1.7.0_40\bin;;.
  ManagementSpecVersion: 1.2
  SpecName: Java Virtual Machine Specification
  SpecVendor: Oracle Corporation
  SpecVersion: 1.7
  StartTime: 1438105392285
  Uptime: 78062
  VmName: Java HotSpot(TM) 64-Bit Server VM
  VmVendor: Oracle Corporation
  VmVersion: 24.0-b56
-----------------------------------------------------------------------------
2015-07-28 13:44:36,222   [WARN] com.fortify.manager.service.EmailServiceImpl - Exception loading certificates keystore as JKS: C:\Program Files\Apache Software Foundation\Tomcat 8.0\webapps\ssc\WEB-INF\Core\config\certificates\keystore (The system cannot find the path specified)
2015-07-28 13:44:36,232   [WARN] com.fortify.manager.service.EmailServiceImpl - Exception loading certificates keystore as PKCS12: C:\Program Files\Apache Software Foundation\Tomcat 8.0\webapps\ssc\WEB-INF\Core\config\certificates\keystore (The system cannot find the path specified)
2015-07-28 13:44:36,232   [WARN] com.fortify.manager.service.EmailServiceImpl - S/MIME messages cannot be sent from this server
2015-07-28 13:44:53,397   [INFO] com.fortify.manager.service.runtime.RuntimeControllerConnectionConfiguration - Initializing runtime event handlers: [10234]
2015-07-28 13:44:53,397   [WARN] com.fortify.manager.service.runtime.RuntimeControllerConnectionConfiguration - Runtime integration disabled
2015-07-28 13:44:55,377   [ERROR] com.fortify.manager.service.scheduler.SchedulerService - Unable to start the Quartz scheduler
org.quartz.SchedulerConfigException: Failure occured during job recovery. [See nested exception: org.quartz.JobPersistenceException: Couldn't store trigger 'RECURRING_LDAP_REFRESH.RECURRING_LDAP_REFRESH' for 'RECURRING_LDAP_REFRESH.RECURRING_LDAP_REFRESH' job:com.fortify.manager.BLL.jobs.cron.RecurringLdapRefreshJob [See nested exception: java.lang.ClassNotFoundException: com.fortify.manager.BLL.jobs.cron.RecurringLdapRefreshJob]]
	at org.quartz.impl.jdbcjobstore.JobStoreSupport.schedulerStarted(JobStoreSupport.java:683)
	at org.quartz.core.QuartzScheduler.start(QuartzScheduler.java:526)
	at org.quartz.impl.StdScheduler.start(StdScheduler.java:143)
	at com.fortify.manager.service.scheduler.SchedulerService.startScheduler(SchedulerService.java:263)
	at com.fortify.manager.web.listeners.AppInitializer.startScheduler(AppInitializer.java:93)
	at com.fortify.manager.web.listeners.AppInitializer.start(AppInitializer.java:37)
	at org.springframework.context.support.DefaultLifecycleProcessor.doStart(DefaultLifecycleProcessor.java:167)
	at org.springframework.context.support.DefaultLifecycleProcessor.access$200(DefaultLifecycleProcessor.java:51)
	at org.springframework.context.support.DefaultLifecycleProcessor$LifecycleGroup.start(DefaultLifecycleProcessor.java:339)
	at org.springframework.context.support.DefaultLifecycleProcessor.startBeans(DefaultLifecycleProcessor.java:143)
	at org.springframework.context.support.DefaultLifecycleProcessor.onRefresh(DefaultLifecycleProcessor.java:108)
	at org.springframework.context.support.AbstractApplicationContext.finishRefresh(AbstractApplicationContext.java:945)
	at org.springframework.context.support.AbstractApplicationContext.refresh(AbstractApplicationContext.java:482)
	at org.springframework.web.context.ContextLoader.configureAndRefreshWebApplicationContext(ContextLoader.java:389)
	at org.springframework.web.context.ContextLoader.initWebApplicationContext(ContextLoader.java:294)
	at org.springframework.web.context.ContextLoaderListener.contextInitialized(ContextLoaderListener.java:112)
	at org.apache.catalina.core.StandardContext.listenerStart(StandardContext.java:4729)
	at org.apache.catalina.core.StandardContext.startInternal(StandardContext.java:5167)
	at org.apache.catalina.util.LifecycleBase.start(LifecycleBase.java:150)
	at org.apache.catalina.manager.ManagerServlet.start(ManagerServlet.java:1293)
	at org.apache.catalina.manager.HTMLManagerServlet.start(HTMLManagerServlet.java:673)
	at org.apache.catalina.manager.HTMLManagerServlet.doPost(HTMLManagerServlet.java:221)
	at javax.servlet.http.HttpServlet.service(HttpServlet.java:648)
	at javax.servlet.http.HttpServlet.service(HttpServlet.java:729)
	at org.apache.catalina.core.ApplicationFilterChain.internalDoFilter(ApplicationFilterChain.java:291)
	at org.apache.catalina.core.ApplicationFilterChain.doFilter(ApplicationFilterChain.java:206)
	at org.apache.catalina.filters.CsrfPreventionFilter.doFilter(CsrfPreventionFilter.java:213)
	at org.apache.catalina.core.ApplicationFilterChain.internalDoFilter(ApplicationFilterChain.java:239)
	at org.apache.catalina.core.ApplicationFilterChain.doFilter(ApplicationFilterChain.java:206)
	at org.apache.tomcat.websocket.server.WsFilter.doFilter(WsFilter.java:52)
	at org.apache.catalina.core.ApplicationFilterChain.internalDoFilter(ApplicationFilterChain.java:239)
	at org.apache.catalina.core.ApplicationFilterChain.doFilter(ApplicationFilterChain.java:206)
	at org.apache.catalina.filters.SetCharacterEncodingFilter.doFilter(SetCharacterEncodingFilter.java:108)
	at org.apache.catalina.core.ApplicationFilterChain.internalDoFilter(ApplicationFilterChain.java:239)
	at org.apache.catalina.core.ApplicationFilterChain.doFilter(ApplicationFilterChain.java:206)
	at org.apache.catalina.core.StandardWrapperValve.invoke(StandardWrapperValve.java:219)
	at org.apache.catalina.core.StandardContextValve.invoke(StandardContextValve.java:106)
	at org.apache.catalina.authenticator.AuthenticatorBase.invoke(AuthenticatorBase.java:614)
	at org.apache.catalina.core.StandardHostValve.invoke(StandardHostValve.java:142)
	at org.apache.catalina.valves.ErrorReportValve.invoke(ErrorReportValve.java:79)
	at org.apache.catalina.valves.AbstractAccessLogValve.invoke(AbstractAccessLogValve.java:617)
	at org.apache.catalina.core.StandardEngineValve.invoke(StandardEngineValve.java:88)
	at org.apache.catalina.connector.CoyoteAdapter.service(CoyoteAdapter.java:518)
	at org.apache.coyote.http11.AbstractHttp11Processor.process(AbstractHttp11Processor.java:1091)
	at org.apache.coyote.AbstractProtocol$AbstractConnectionHandler.process(AbstractProtocol.java:668)
	at org.apache.tomcat.util.net.NioEndpoint$SocketProcessor.doRun(NioEndpoint.java:1527)
	at org.apache.tomcat.util.net.NioEndpoint$SocketProcessor.run(NioEndpoint.java:1484)
	at java.util.concurrent.ThreadPoolExecutor.runWorker(ThreadPoolExecutor.java:1145)
	at java.util.concurrent.ThreadPoolExecutor$Worker.run(ThreadPoolExecutor.java:615)
	at org.apache.tomcat.util.threads.TaskThread$WrappingRunnable.run(TaskThread.java:61)
	at java.lang.Thread.run(Thread.java:724)
Caused by: org.quartz.JobPersistenceException: Couldn't store trigger 'RECURRING_LDAP_REFRESH.RECURRING_LDAP_REFRESH' for 'RECURRING_LDAP_REFRESH.RECURRING_LDAP_REFRESH' job:com.fortify.manager.BLL.jobs.cron.RecurringLdapRefreshJob [See nested exception: java.lang.ClassNotFoundException: com.fortify.manager.BLL.jobs.cron.RecurringLdapRefreshJob]
	at org.quartz.impl.jdbcjobstore.JobStoreSupport.storeTrigger(JobStoreSupport.java:1212)
	at org.quartz.impl.jdbcjobstore.JobStoreSupport.doUpdateOfMisfiredTrigger(JobStoreSupport.java:1026)
	at org.quartz.impl.jdbcjobstore.JobStoreSupport.recoverMisfiredJobs(JobStoreSupport.java:975)
	at org.quartz.impl.jdbcjobstore.JobStoreSupport.recoverJobs(JobStoreSupport.java:855)
	at org.quartz.impl.jdbcjobstore.JobStoreSupport$1.execute(JobStoreSupport.java:827)
	at org.quartz.impl.jdbcjobstore.JobStoreSupport$46.execute(JobStoreSupport.java:3777)
	at org.quartz.impl.jdbcjobstore.JobStoreSupport.executeInNonManagedTXLock(JobStoreSupport.java:3811)
	at org.quartz.impl.jdbcjobstore.JobStoreSupport.executeInNonManagedTXLock(JobStoreSupport.java:3773)
	at org.quartz.impl.jdbcjobstore.JobStoreSupport.recoverJobs(JobStoreSupport.java:823)
	at org.quartz.impl.jdbcjobstore.JobStoreSupport.schedulerStarted(JobStoreSupport.java:681)
	... 50 more
Caused by: java.lang.ClassNotFoundException: com.fortify.manager.BLL.jobs.cron.RecurringLdapRefreshJob
	at org.apache.catalina.loader.WebappClassLoaderBase.loadClass(WebappClassLoaderBase.java:1313)
	at org.apache.catalina.loader.WebappClassLoaderBase.loadClass(WebappClassLoaderBase.java:1164)
	at org.springframework.scheduling.quartz.ResourceLoaderClassLoadHelper.loadClass(ResourceLoaderClassLoadHelper.java:75)
	at org.springframework.scheduling.quartz.ResourceLoaderClassLoadHelper.loadClass(ResourceLoaderClassLoadHelper.java:80)
	at org.quartz.impl.jdbcjobstore.StdJDBCDelegate.selectJobDetail(StdJDBCDelegate.java:873)
	at org.quartz.impl.jdbcjobstore.JobStoreSupport.storeTrigger(JobStoreSupport.java:1194)
	... 59 more
2015-07-28 13:44:55,432   [ERROR] org.springframework.web.context.ContextLoader - Context initialization failed
org.springframework.context.ApplicationContextException: Failed to start bean 'appInitializer'; nested exception is com.fortify.manager.service.scheduler.FmSchedulerException: Unable to start job scheduler
	at org.springframework.context.support.DefaultLifecycleProcessor.doStart(DefaultLifecycleProcessor.java:170)
	at org.springframework.context.support.DefaultLifecycleProcessor.access$200(DefaultLifecycleProcessor.java:51)
	at org.springframework.context.support.DefaultLifecycleProcessor$LifecycleGroup.start(DefaultLifecycleProcessor.java:339)
	at org.springframework.context.support.DefaultLifecycleProcessor.startBeans(DefaultLifecycleProcessor.java:143)
	at org.springframework.context.support.DefaultLifecycleProcessor.onRefresh(DefaultLifecycleProcessor.java:108)
	at org.springframework.context.support.AbstractApplicationContext.finishRefresh(AbstractApplicationContext.java:945)
	at org.springframework.context.support.AbstractApplicationContext.refresh(AbstractApplicationContext.java:482)
	at org.springframework.web.context.ContextLoader.configureAndRefreshWebApplicationContext(ContextLoader.java:389)
	at org.springframework.web.context.ContextLoader.initWebApplicationContext(ContextLoader.java:294)
	at org.springframework.web.context.ContextLoaderListener.contextInitialized(ContextLoaderListener.java:112)
	at org.apache.catalina.core.StandardContext.listenerStart(StandardContext.java:4729)
	at org.apache.catalina.core.StandardContext.startInternal(StandardContext.java:5167)
	at org.apache.catalina.util.LifecycleBase.start(LifecycleBase.java:150)
	at org.apache.catalina.manager.ManagerServlet.start(ManagerServlet.java:1293)
	at org.apache.catalina.manager.HTMLManagerServlet.start(HTMLManagerServlet.java:673)
	at org.apache.catalina.manager.HTMLManagerServlet.doPost(HTMLManagerServlet.java:221)
	at javax.servlet.http.HttpServlet.service(HttpServlet.java:648)
	at javax.servlet.http.HttpServlet.service(HttpServlet.java:729)
	at org.apache.catalina.core.ApplicationFilterChain.internalDoFilter(ApplicationFilterChain.java:291)
	at org.apache.catalina.core.ApplicationFilterChain.doFilter(ApplicationFilterChain.java:206)
	at org.apache.catalina.filters.CsrfPreventionFilter.doFilter(CsrfPreventionFilter.java:213)
	at org.apache.catalina.core.ApplicationFilterChain.internalDoFilter(ApplicationFilterChain.java:239)
	at org.apache.catalina.core.ApplicationFilterChain.doFilter(ApplicationFilterChain.java:206)
	at org.apache.tomcat.websocket.server.WsFilter.doFilter(WsFilter.java:52)
	at org.apache.catalina.core.ApplicationFilterChain.internalDoFilter(ApplicationFilterChain.java:239)
	at org.apache.catalina.core.ApplicationFilterChain.doFilter(ApplicationFilterChain.java:206)
	at org.apache.catalina.filters.SetCharacterEncodingFilter.doFilter(SetCharacterEncodingFilter.java:108)
	at org.apache.catalina.core.ApplicationFilterChain.internalDoFilter(ApplicationFilterChain.java:239)
	at org.apache.catalina.core.ApplicationFilterChain.doFilter(ApplicationFilterChain.java:206)
	at org.apache.catalina.core.StandardWrapperValve.invoke(StandardWrapperValve.java:219)
	at org.apache.catalina.core.StandardContextValve.invoke(StandardContextValve.java:106)
	at org.apache.catalina.authenticator.AuthenticatorBase.invoke(AuthenticatorBase.java:614)
	at org.apache.catalina.core.StandardHostValve.invoke(StandardHostValve.java:142)
	at org.apache.catalina.valves.ErrorReportValve.invoke(ErrorReportValve.java:79)
	at org.apache.catalina.valves.AbstractAccessLogValve.invoke(AbstractAccessLogValve.java:617)
	at org.apache.catalina.core.StandardEngineValve.invoke(StandardEngineValve.java:88)
	at org.apache.catalina.connector.CoyoteAdapter.service(CoyoteAdapter.java:518)
	at org.apache.coyote.http11.AbstractHttp11Processor.process(AbstractHttp11Processor.java:1091)
	at org.apache.coyote.AbstractProtocol$AbstractConnectionHandler.process(AbstractProtocol.java:668)
	at org.apache.tomcat.util.net.NioEndpoint$SocketProcessor.doRun(NioEndpoint.java:1527)
	at org.apache.tomcat.util.net.NioEndpoint$SocketProcessor.run(NioEndpoint.java:1484)
	at java.util.concurrent.ThreadPoolExecutor.runWorker(ThreadPoolExecutor.java:1145)
	at java.util.concurrent.ThreadPoolExecutor$Worker.run(ThreadPoolExecutor.java:615)
	at org.apache.tomcat.util.threads.TaskThread$WrappingRunnable.run(TaskThread.java:61)
	at java.lang.Thread.run(Thread.java:724)
Caused by: com.fortify.manager.service.scheduler.FmSchedulerException: Unable to start job scheduler
	at com.fortify.manager.service.scheduler.SchedulerService.startScheduler(SchedulerService.java:266)
	at com.fortify.manager.web.listeners.AppInitializer.startScheduler(AppInitializer.java:93)
	at com.fortify.manager.web.listeners.AppInitializer.start(AppInitializer.java:37)
	at org.springframework.context.support.DefaultLifecycleProcessor.doStart(DefaultLifecycleProcessor.java:167)
	... 44 more
Caused by: org.quartz.SchedulerConfigException: Failure occured during job recovery. [See nested exception: org.quartz.JobPersistenceException: Couldn't store trigger 'RECURRING_LDAP_REFRESH.RECURRING_LDAP_REFRESH' for 'RECURRING_LDAP_REFRESH.RECURRING_LDAP_REFRESH' job:com.fortify.manager.BLL.jobs.cron.RecurringLdapRefreshJob [See nested exception: java.lang.ClassNotFoundException: com.fortify.manager.BLL.jobs.cron.RecurringLdapRefreshJob]]
	at org.quartz.impl.jdbcjobstore.JobStoreSupport.schedulerStarted(JobStoreSupport.java:683)
	at org.quartz.core.QuartzScheduler.start(QuartzScheduler.java:526)
	at org.quartz.impl.StdScheduler.start(StdScheduler.java:143)
	at com.fortify.manager.service.scheduler.SchedulerService.startScheduler(SchedulerService.java:263)
	... 47 more
Caused by: org.quartz.JobPersistenceException: Couldn't store trigger 'RECURRING_LDAP_REFRESH.RECURRING_LDAP_REFRESH' for 'RECURRING_LDAP_REFRESH.RECURRING_LDAP_REFRESH' job:com.fortify.manager.BLL.jobs.cron.RecurringLdapRefreshJob [See nested exception: java.lang.ClassNotFoundException: com.fortify.manager.BLL.jobs.cron.RecurringLdapRefreshJob]
	at org.quartz.impl.jdbcjobstore.JobStoreSupport.storeTrigger(JobStoreSupport.java:1212)
	at org.quartz.impl.jdbcjobstore.JobStoreSupport.doUpdateOfMisfiredTrigger(JobStoreSupport.java:1026)
	at org.quartz.impl.jdbcjobstore.JobStoreSupport.recoverMisfiredJobs(JobStoreSupport.java:975)
	at org.quartz.impl.jdbcjobstore.JobStoreSupport.recoverJobs(JobStoreSupport.java:855)
	at org.quartz.impl.jdbcjobstore.JobStoreSupport$1.execute(JobStoreSupport.java:827)
	at org.quartz.impl.jdbcjobstore.JobStoreSupport$46.execute(JobStoreSupport.java:3777)
	at org.quartz.impl.jdbcjobstore.JobStoreSupport.executeInNonManagedTXLock(JobStoreSupport.java:3811)
	at org.quartz.impl.jdbcjobstore.JobStoreSupport.executeInNonManagedTXLock(JobStoreSupport.java:3773)
	at org.quartz.impl.jdbcjobstore.JobStoreSupport.recoverJobs(JobStoreSupport.java:823)
	at org.quartz.impl.jdbcjobstore.JobStoreSupport.schedulerStarted(JobStoreSupport.java:681)
	... 50 more
Caused by: java.lang.ClassNotFoundException: com.fortify.manager.BLL.jobs.cron.RecurringLdapRefreshJob
	at org.apache.catalina.loader.WebappClassLoaderBase.loadClass(WebappClassLoaderBase.java:1313)
	at org.apache.catalina.loader.WebappClassLoaderBase.loadClass(WebappClassLoaderBase.java:1164)
	at org.springframework.scheduling.quartz.ResourceLoaderClassLoadHelper.loadClass(ResourceLoaderClassLoadHelper.java:75)
	at org.springframework.scheduling.quartz.ResourceLoaderClassLoadHelper.loadClass(ResourceLoaderClassLoadHelper.java:80)
	at org.quartz.impl.jdbcjobstore.StdJDBCDelegate.selectJobDetail(StdJDBCDelegate.java:873)
	at org.quartz.impl.jdbcjobstore.JobStoreSupport.storeTrigger(JobStoreSupport.java:1194)
	... 59 more
2015-07-28 13:44:55,432   [ERROR] org.apache.catalina.core.ContainerBase.[Catalina].[localhost].[/ssc] - Exception sending context initialized event to listener instance of class org.springframework.web.context.ContextLoaderListener
org.springframework.context.ApplicationContextException: Failed to start bean 'appInitializer'; nested exception is com.fortify.manager.service.scheduler.FmSchedulerException: Unable to start job scheduler
	at org.springframework.context.support.DefaultLifecycleProcessor.doStart(DefaultLifecycleProcessor.java:170)
	at org.springframework.context.support.DefaultLifecycleProcessor.access$200(DefaultLifecycleProcessor.java:51)
	at org.springframework.context.support.DefaultLifecycleProcessor$LifecycleGroup.start(DefaultLifecycleProcessor.java:339)
	at org.springframework.context.support.DefaultLifecycleProcessor.startBeans(DefaultLifecycleProcessor.java:143)
	at org.springframework.context.support.DefaultLifecycleProcessor.onRefresh(DefaultLifecycleProcessor.java:108)
	at org.springframework.context.support.AbstractApplicationContext.finishRefresh(AbstractApplicationContext.java:945)
	at org.springframework.context.support.AbstractApplicationContext.refresh(AbstractApplicationContext.java:482)
	at org.springframework.web.context.ContextLoader.configureAndRefreshWebApplicationContext(ContextLoader.java:389)
	at org.springframework.web.context.ContextLoader.initWebApplicationContext(ContextLoader.java:294)
	at org.springframework.web.context.ContextLoaderListener.contextInitialized(ContextLoaderListener.java:112)
	at org.apache.catalina.core.StandardContext.listenerStart(StandardContext.java:4729)
	at org.apache.catalina.core.StandardContext.startInternal(StandardContext.java:5167)
	at org.apache.catalina.util.LifecycleBase.start(LifecycleBase.java:150)
	at org.apache.catalina.manager.ManagerServlet.start(ManagerServlet.java:1293)
	at org.apache.catalina.manager.HTMLManagerServlet.start(HTMLManagerServlet.java:673)
	at org.apache.catalina.manager.HTMLManagerServlet.doPost(HTMLManagerServlet.java:221)
	at javax.servlet.http.HttpServlet.service(HttpServlet.java:648)
	at javax.servlet.http.HttpServlet.service(HttpServlet.java:729)
	at org.apache.catalina.core.ApplicationFilterChain.internalDoFilter(ApplicationFilterChain.java:291)
	at org.apache.catalina.core.ApplicationFilterChain.doFilter(ApplicationFilterChain.java:206)
	at org.apache.catalina.filters.CsrfPreventionFilter.doFilter(CsrfPreventionFilter.java:213)
	at org.apache.catalina.core.ApplicationFilterChain.internalDoFilter(ApplicationFilterChain.java:239)
	at org.apache.catalina.core.ApplicationFilterChain.doFilter(ApplicationFilterChain.java:206)
	at org.apache.tomcat.websocket.server.WsFilter.doFilter(WsFilter.java:52)
	at org.apache.catalina.core.ApplicationFilterChain.internalDoFilter(ApplicationFilterChain.java:239)
	at org.apache.catalina.core.ApplicationFilterChain.doFilter(ApplicationFilterChain.java:206)
	at org.apache.catalina.filters.SetCharacterEncodingFilter.doFilter(SetCharacterEncodingFilter.java:108)
	at org.apache.catalina.core.ApplicationFilterChain.internalDoFilter(ApplicationFilterChain.java:239)
	at org.apache.catalina.core.ApplicationFilterChain.doFilter(ApplicationFilterChain.java:206)
	at org.apache.catalina.core.StandardWrapperValve.invoke(StandardWrapperValve.java:219)
	at org.apache.catalina.core.StandardContextValve.invoke(StandardContextValve.java:106)
	at org.apache.catalina.authenticator.AuthenticatorBase.invoke(AuthenticatorBase.java:614)
	at org.apache.catalina.core.StandardHostValve.invoke(StandardHostValve.java:142)
	at org.apache.catalina.valves.ErrorReportValve.invoke(ErrorReportValve.java:79)
	at org.apache.catalina.valves.AbstractAccessLogValve.invoke(AbstractAccessLogValve.java:617)
	at org.apache.catalina.core.StandardEngineValve.invoke(StandardEngineValve.java:88)
	at org.apache.catalina.connector.CoyoteAdapter.service(CoyoteAdapter.java:518)
	at org.apache.coyote.http11.AbstractHttp11Processor.process(AbstractHttp11Processor.java:1091)
	at org.apache.coyote.AbstractProtocol$AbstractConnectionHandler.process(AbstractProtocol.java:668)
	at org.apache.tomcat.util.net.NioEndpoint$SocketProcessor.doRun(NioEndpoint.java:1527)
	at org.apache.tomcat.util.net.NioEndpoint$SocketProcessor.run(NioEndpoint.java:1484)
	at java.util.concurrent.ThreadPoolExecutor.runWorker(ThreadPoolExecutor.java:1145)
	at java.util.concurrent.ThreadPoolExecutor$Worker.run(ThreadPoolExecutor.java:615)
	at org.apache.tomcat.util.threads.TaskThread$WrappingRunnable.run(TaskThread.java:61)
	at java.lang.Thread.run(Thread.java:724)
Caused by: com.fortify.manager.service.scheduler.FmSchedulerException: Unable to start job scheduler
	at com.fortify.manager.service.scheduler.SchedulerService.startScheduler(SchedulerService.java:266)
	at com.fortify.manager.web.listeners.AppInitializer.startScheduler(AppInitializer.java:93)
	at com.fortify.manager.web.listeners.AppInitializer.start(AppInitializer.java:37)
	at org.springframework.context.support.DefaultLifecycleProcessor.doStart(DefaultLifecycleProcessor.java:167)
	... 44 more
Caused by: org.quartz.SchedulerConfigException: Failure occured during job recovery. [See nested exception: org.quartz.JobPersistenceException: Couldn't store trigger 'RECURRING_LDAP_REFRESH.RECURRING_LDAP_REFRESH' for 'RECURRING_LDAP_REFRESH.RECURRING_LDAP_REFRESH' job:com.fortify.manager.BLL.jobs.cron.RecurringLdapRefreshJob [See nested exception: java.lang.ClassNotFoundException: com.fortify.manager.BLL.jobs.cron.RecurringLdapRefreshJob]]
	at org.quartz.impl.jdbcjobstore.JobStoreSupport.schedulerStarted(JobStoreSupport.java:683)
	at org.quartz.core.QuartzScheduler.start(QuartzScheduler.java:526)
	at org.quartz.impl.StdScheduler.start(StdScheduler.java:143)
	at com.fortify.manager.service.scheduler.SchedulerService.startScheduler(SchedulerService.java:263)
	... 47 more
Caused by: org.quartz.JobPersistenceException: Couldn't store trigger 'RECURRING_LDAP_REFRESH.RECURRING_LDAP_REFRESH' for 'RECURRING_LDAP_REFRESH.RECURRING_LDAP_REFRESH' job:com.fortify.manager.BLL.jobs.cron.RecurringLdapRefreshJob [See nested exception: java.lang.ClassNotFoundException: com.fortify.manager.BLL.jobs.cron.RecurringLdapRefreshJob]
	at org.quartz.impl.jdbcjobstore.JobStoreSupport.storeTrigger(JobStoreSupport.java:1212)
	at org.quartz.impl.jdbcjobstore.JobStoreSupport.doUpdateOfMisfiredTrigger(JobStoreSupport.java:1026)
	at org.quartz.impl.jdbcjobstore.JobStoreSupport.recoverMisfiredJobs(JobStoreSupport.java:975)
	at org.quartz.impl.jdbcjobstore.JobStoreSupport.recoverJobs(JobStoreSupport.java:855)
	at org.quartz.impl.jdbcjobstore.JobStoreSupport$1.execute(JobStoreSupport.java:827)
	at org.quartz.impl.jdbcjobstore.JobStoreSupport$46.execute(JobStoreSupport.java:3777)
	at org.quartz.impl.jdbcjobstore.JobStoreSupport.executeInNonManagedTXLock(JobStoreSupport.java:3811)
	at org.quartz.impl.jdbcjobstore.JobStoreSupport.executeInNonManagedTXLock(JobStoreSupport.java:3773)
	at org.quartz.impl.jdbcjobstore.JobStoreSupport.recoverJobs(JobStoreSupport.java:823)
	at org.quartz.impl.jdbcjobstore.JobStoreSupport.schedulerStarted(JobStoreSupport.java:681)
	... 50 more
Caused by: java.lang.ClassNotFoundException: com.fortify.manager.BLL.jobs.cron.RecurringLdapRefreshJob
	at org.apache.catalina.loader.WebappClassLoaderBase.loadClass(WebappClassLoaderBase.java:1313)
	at org.apache.catalina.loader.WebappClassLoaderBase.loadClass(WebappClassLoaderBase.java:1164)
	at org.springframework.scheduling.quartz.ResourceLoaderClassLoadHelper.loadClass(ResourceLoaderClassLoadHelper.java:75)
	at org.springframework.scheduling.quartz.ResourceLoaderClassLoadHelper.loadClass(ResourceLoaderClassLoadHelper.java:80)
	at org.quartz.impl.jdbcjobstore.StdJDBCDelegate.selectJobDetail(StdJDBCDelegate.java:873)
	at org.quartz.impl.jdbcjobstore.JobStoreSupport.storeTrigger(JobStoreSupport.java:1194)
	... 59 more
2015-09-08 16:09:51,274   [ERROR] com.fortify.manager.logging.ExceptionInterceptor - Intercepted exception of type [org.springframework.ldap.CommunicationException] thrown by target class [com.fortify.manager.BLL.impl.UserBLLImpl] and method [public com.fortify.manager.DAO.UsernameAndEmail com.fortify.manager.BLL.impl.UserBLLImpl.getUserInfo(java.lang.String)]
org.springframework.ldap.CommunicationException: simple bind failed: ldap-prod.starbucks.net:636; nested exception is javax.naming.CommunicationException: simple bind failed: ldap-prod.starbucks.net:636 [Root exception is javax.net.ssl.SSLHandshakeException: sun.security.validator.ValidatorException: PKIX path building failed: sun.security.provider.certpath.SunCertPathBuilderException: unable to find valid certification path to requested target]
	at org.springframework.ldap.support.LdapUtils.convertLdapException(LdapUtils.java:100)
	at org.springframework.ldap.core.support.AbstractContextSource.createContext(AbstractContextSource.java:266)
	at org.springframework.ldap.core.support.AbstractContextSource.getContext(AbstractContextSource.java:106)
	at org.springframework.ldap.core.support.AbstractContextSource.getReadOnlyContext(AbstractContextSource.java:125)
	at org.springframework.ldap.core.LdapTemplate.search(LdapTemplate.java:287)
	at org.springframework.ldap.core.LdapTemplate.search(LdapTemplate.java:259)
	at org.springframework.ldap.core.LdapTemplate.search(LdapTemplate.java:606)
	at org.springframework.ldap.core.LdapTemplate.search(LdapTemplate.java:524)
	at org.springframework.ldap.core.LdapTemplate.search(LdapTemplate.java:473)
	at org.springframework.ldap.core.LdapTemplate.search(LdapTemplate.java:493)
	at org.springframework.ldap.core.LdapTemplate.search(LdapTemplate.java:513)
	at com.fortify.manager.service.ldap.impl.LdapServiceImpl.search(LdapServiceImpl.java:169)
	at com.fortify.manager.service.ldap.impl.LdapServiceImpl.search(LdapServiceImpl.java:156)
	at com.fortify.manager.service.ldap.impl.LdapCompositeServiceImpl.search(LdapCompositeServiceImpl.java:134)
	at com.fortify.manager.security.util.AuthenticationUtils.getGenericUserObject(AuthenticationUtils.java:297)
	at com.fortify.manager.security.util.AuthenticationUtils$$FastClassByCGLIB$$4b14db70.invoke(<generated>)
	at net.sf.cglib.proxy.MethodProxy.invoke(MethodProxy.java:191)
	at org.springframework.aop.framework.Cglib2AopProxy$DynamicAdvisedInterceptor.intercept(Cglib2AopProxy.java:618)
	at com.fortify.manager.security.util.AuthenticationUtils$$EnhancerByCGLIB$$ef18a3e1.getGenericUserObject(<generated>)
	at com.fortify.manager.BLL.impl.UserBLLImpl.getUserInfo(UserBLLImpl.java:469)
	at com.fortify.manager.BLL.impl.UserBLLImpl$$FastClassByCGLIB$$2eb87300.invoke(<generated>)
	at net.sf.cglib.proxy.MethodProxy.invoke(MethodProxy.java:191)
	at org.springframework.aop.framework.Cglib2AopProxy$CglibMethodInvocation.invokeJoinpoint(Cglib2AopProxy.java:689)
	at org.springframework.aop.framework.ReflectiveMethodInvocation.proceed(ReflectiveMethodInvocation.java:150)
	at org.springframework.aop.aspectj.MethodInvocationProceedingJoinPoint.proceed(MethodInvocationProceedingJoinPoint.java:80)
	at com.fortify.manager.logging.ExceptionInterceptor.aroundBll(ExceptionInterceptor.java:47)
	at sun.reflect.GeneratedMethodAccessor276.invoke(Unknown Source)
	at sun.reflect.DelegatingMethodAccessorImpl.invoke(Unknown Source)
	at java.lang.reflect.Method.invoke(Unknown Source)
	at org.springframework.aop.aspectj.AbstractAspectJAdvice.invokeAdviceMethodWithGivenArgs(AbstractAspectJAdvice.java:621)
	at org.springframework.aop.aspectj.AbstractAspectJAdvice.invokeAdviceMethod(AbstractAspectJAdvice.java:610)
	at org.springframework.aop.aspectj.AspectJAroundAdvice.invoke(AspectJAroundAdvice.java:65)
	at org.springframework.aop.framework.ReflectiveMethodInvocation.proceed(ReflectiveMethodInvocation.java:172)
	at org.springframework.security.access.intercept.aopalliance.MethodSecurityInterceptor.invoke(MethodSecurityInterceptor.java:64)
	at com.fortify.manager.security.FmMethodSecurityInteceptor.invoke(FmMethodSecurityInteceptor.java:29)
	at org.springframework.aop.framework.ReflectiveMethodInvocation.proceed(ReflectiveMethodInvocation.java:172)
	at org.springframework.transaction.interceptor.TransactionInterceptor.invoke(TransactionInterceptor.java:110)
	at org.springframework.aop.framework.ReflectiveMethodInvocation.proceed(ReflectiveMethodInvocation.java:172)
	at org.springframework.aop.interceptor.ExposeInvocationInterceptor.invoke(ExposeInvocationInterceptor.java:90)
	at org.springframework.aop.framework.ReflectiveMethodInvocation.proceed(ReflectiveMethodInvocation.java:172)
	at org.springframework.aop.framework.Cglib2AopProxy$DynamicAdvisedInterceptor.intercept(Cglib2AopProxy.java:622)
	at com.fortify.manager.BLL.impl.UserBLLImpl$$EnhancerByCGLIB$$e5cb1d2a.getUserInfo(<generated>)
	at com.fortify.manager.BlazeEndpoint.UserBlazeEndpoint.getUserInfo(UserBlazeEndpoint.java:239)
	at com.fortify.manager.BlazeEndpoint.UserBlazeEndpoint$$FastClassByCGLIB$$a165312a.invoke(<generated>)
	at net.sf.cglib.proxy.MethodProxy.invoke(MethodProxy.java:191)
	at org.springframework.aop.framework.Cglib2AopProxy$CglibMethodInvocation.invokeJoinpoint(Cglib2AopProxy.java:689)
	at org.springframework.aop.framework.ReflectiveMethodInvocation.proceed(ReflectiveMethodInvocation.java:150)
	at org.springframework.aop.aspectj.MethodInvocationProceedingJoinPoint.proceed(MethodInvocationProceedingJoinPoint.java:91)
	at com.fortify.manager.web.BlazeDsAdvisor.advise(BlazeDsAdvisor.java:70)
	at sun.reflect.GeneratedMethodAccessor284.invoke(Unknown Source)
	at sun.reflect.DelegatingMethodAccessorImpl.invoke(Unknown Source)
	at java.lang.reflect.Method.invoke(Unknown Source)
	at org.springframework.aop.aspectj.AbstractAspectJAdvice.invokeAdviceMethodWithGivenArgs(AbstractAspectJAdvice.java:621)
	at org.springframework.aop.aspectj.AbstractAspectJAdvice.invokeAdviceMethod(AbstractAspectJAdvice.java:610)
	at org.springframework.aop.aspectj.AspectJAroundAdvice.invoke(AspectJAroundAdvice.java:65)
	at org.springframework.aop.framework.ReflectiveMethodInvocation.proceed(ReflectiveMethodInvocation.java:172)
	at org.springframework.aop.aspectj.AspectJAfterThrowingAdvice.invoke(AspectJAfterThrowingAdvice.java:55)
	at org.springframework.aop.framework.ReflectiveMethodInvocation.proceed(ReflectiveMethodInvocation.java:172)
	at org.springframework.aop.interceptor.ExposeInvocationInterceptor.invoke(ExposeInvocationInterceptor.java:90)
	at org.springframework.aop.framework.ReflectiveMethodInvocation.proceed(ReflectiveMethodInvocation.java:172)
	at org.springframework.aop.framework.Cglib2AopProxy$DynamicAdvisedInterceptor.intercept(Cglib2AopProxy.java:622)
	at com.fortify.manager.BlazeEndpoint.UserBlazeEndpoint$$EnhancerByCGLIB$$32e3beaa.getUserInfo(<generated>)
	at sun.reflect.GeneratedMethodAccessor436.invoke(Unknown Source)
	at sun.reflect.DelegatingMethodAccessorImpl.invoke(Unknown Source)
	at java.lang.reflect.Method.invoke(Unknown Source)
	at flex.messaging.services.remoting.adapters.JavaAdapter.invoke(JavaAdapter.java:418)
	at flex.messaging.services.RemotingService.serviceMessage(RemotingService.java:183)
	at flex.messaging.MessageBroker.routeMessageToService(MessageBroker.java:1400)
	at flex.messaging.endpoints.AbstractEndpoint.serviceMessage(AbstractEndpoint.java:1011)
	at flex.messaging.endpoints.AbstractEndpoint$$FastClassByCGLIB$$1a3ef066.invoke(<generated>)
	at net.sf.cglib.proxy.MethodProxy.invoke(MethodProxy.java:191)
	at org.springframework.aop.framework.Cglib2AopProxy$CglibMethodInvocation.invokeJoinpoint(Cglib2AopProxy.java:689)
	at org.springframework.aop.framework.ReflectiveMethodInvocation.proceed(ReflectiveMethodInvocation.java:150)
	at org.springframework.flex.core.MessageInterceptionAdvice.invoke(MessageInterceptionAdvice.java:66)
	at org.springframework.aop.framework.ReflectiveMethodInvocation.proceed(ReflectiveMethodInvocation.java:172)
	at org.springframework.aop.framework.adapter.ThrowsAdviceInterceptor.invoke(ThrowsAdviceInterceptor.java:124)
	at org.springframework.aop.framework.ReflectiveMethodInvocation.proceed(ReflectiveMethodInvocation.java:172)
	at org.springframework.aop.framework.Cglib2AopProxy$FixedChainStaticTargetInterceptor.intercept(Cglib2AopProxy.java:573)
	at flex.messaging.endpoints.SecureAMFEndpoint$$EnhancerByCGLIB$$1532759f.serviceMessage(<generated>)
	at flex.messaging.endpoints.amf.MessageBrokerFilter.invoke(MessageBrokerFilter.java:103)
	at flex.messaging.endpoints.amf.LegacyFilter.invoke(LegacyFilter.java:158)
	at flex.messaging.endpoints.amf.SessionFilter.invoke(SessionFilter.java:44)
	at flex.messaging.endpoints.amf.BatchProcessFilter.invoke(BatchProcessFilter.java:67)
	at flex.messaging.endpoints.amf.SerializationFilter.invoke(SerializationFilter.java:166)
	at flex.messaging.endpoints.BaseHTTPEndpoint.service(BaseHTTPEndpoint.java:291)
	at flex.messaging.endpoints.SecureAMFEndpoint$$EnhancerByCGLIB$$1532759f.service(<generated>)
	at org.springframework.flex.servlet.MessageBrokerHandlerAdapter.handle(MessageBrokerHandlerAdapter.java:101)
	at org.springframework.web.servlet.DispatcherServlet.doDispatch(DispatcherServlet.java:923)
	at org.springframework.web.servlet.DispatcherServlet.doService(DispatcherServlet.java:852)
	at org.springframework.web.servlet.FrameworkServlet.processRequest(FrameworkServlet.java:882)
	at org.springframework.web.servlet.FrameworkServlet.doPost(FrameworkServlet.java:789)
	at javax.servlet.http.HttpServlet.service(HttpServlet.java:646)
	at javax.servlet.http.HttpServlet.service(HttpServlet.java:727)
	at org.apache.catalina.core.ApplicationFilterChain.internalDoFilter(ApplicationFilterChain.java:303)
	at org.apache.catalina.core.ApplicationFilterChain.doFilter(ApplicationFilterChain.java:208)
	at org.apache.tomcat.websocket.server.WsFilter.doFilter(WsFilter.java:52)
	at org.apache.catalina.core.ApplicationFilterChain.internalDoFilter(ApplicationFilterChain.java:241)
	at org.apache.catalina.core.ApplicationFilterChain.doFilter(ApplicationFilterChain.java:208)
	at org.springframework.security.web.FilterChainProxy$VirtualFilterChain.doFilter(FilterChainProxy.java:330)
	at org.springframework.security.web.access.intercept.FilterSecurityInterceptor.invoke(FilterSecurityInterceptor.java:118)
	at org.springframework.security.web.access.intercept.FilterSecurityInterceptor.doFilter(FilterSecurityInterceptor.java:84)
	at org.springframework.security.web.FilterChainProxy$VirtualFilterChain.doFilter(FilterChainProxy.java:342)
	at org.springframework.security.web.access.ExceptionTranslationFilter.doFilter(ExceptionTranslationFilter.java:113)
	at org.springframework.security.web.FilterChainProxy$VirtualFilterChain.doFilter(FilterChainProxy.java:342)
	at org.springframework.security.web.authentication.AnonymousAuthenticationFilter.doFilter(AnonymousAuthenticationFilter.java:113)
	at org.springframework.security.web.FilterChainProxy$VirtualFilterChain.doFilter(FilterChainProxy.java:342)
	at org.springframework.security.web.authentication.AbstractAuthenticationProcessingFilter.doFilter(AbstractAuthenticationProcessingFilter.java:183)
	at org.springframework.security.web.FilterChainProxy$VirtualFilterChain.doFilter(FilterChainProxy.java:342)
	at org.springframework.security.web.authentication.AbstractAuthenticationProcessingFilter.doFilter(AbstractAuthenticationProcessingFilter.java:183)
	at org.springframework.security.web.FilterChainProxy$VirtualFilterChain.doFilter(FilterChainProxy.java:342)
	at com.fortify.manager.web.security.auth.FmWebUiAuthenticationMethodSettingFilter.doFilter(FmWebUiAuthenticationMethodSettingFilter.java:19)
	at org.springframework.security.web.FilterChainProxy$VirtualFilterChain.doFilter(FilterChainProxy.java:342)
	at com.fortify.manager.web.filters.ChangePasswordFilter.doFilterInternal(ChangePasswordFilter.java:131)
	at org.springframework.web.filter.OncePerRequestFilter.doFilter(OncePerRequestFilter.java:76)
	at org.springframework.security.web.FilterChainProxy$VirtualFilterChain.doFilter(FilterChainProxy.java:342)
	at com.fortify.manager.web.security.sso.SsoFilter.doFilter(SsoFilter.java:72)
	at org.springframework.security.web.FilterChainProxy$VirtualFilterChain.doFilter(FilterChainProxy.java:342)
	at org.springframework.security.web.context.SecurityContextPersistenceFilter.doFilter(SecurityContextPersistenceFilter.java:87)
	at org.springframework.security.web.FilterChainProxy$VirtualFilterChain.doFilter(FilterChainProxy.java:342)
	at org.springframework.security.web.session.ConcurrentSessionFilter.doFilter(ConcurrentSessionFilter.java:125)
	at org.springframework.security.web.FilterChainProxy$VirtualFilterChain.doFilter(FilterChainProxy.java:342)
	at org.springframework.security.web.FilterChainProxy.doFilterInternal(FilterChainProxy.java:192)
	at org.springframework.security.web.FilterChainProxy.doFilter(FilterChainProxy.java:160)
	at org.springframework.web.filter.DelegatingFilterProxy.invokeDelegate(DelegatingFilterProxy.java:346)
	at org.springframework.web.filter.DelegatingFilterProxy.doFilter(DelegatingFilterProxy.java:259)
	at org.apache.catalina.core.ApplicationFilterChain.internalDoFilter(ApplicationFilterChain.java:241)
	at org.apache.catalina.core.ApplicationFilterChain.doFilter(ApplicationFilterChain.java:208)
	at com.fortify.manager.web.filters.WebRequestFilter.doFilter(WebRequestFilter.java:52)
	at org.apache.catalina.core.ApplicationFilterChain.internalDoFilter(ApplicationFilterChain.java:241)
	at org.apache.catalina.core.ApplicationFilterChain.doFilter(ApplicationFilterChain.java:208)
	at org.springframework.web.filter.RequestContextFilter.doFilterInternal(RequestContextFilter.java:83)
	at org.springframework.web.filter.OncePerRequestFilter.doFilter(OncePerRequestFilter.java:76)
	at org.apache.catalina.core.ApplicationFilterChain.internalDoFilter(ApplicationFilterChain.java:241)
	at org.apache.catalina.core.ApplicationFilterChain.doFilter(ApplicationFilterChain.java:208)
	at com.fortify.manager.web.filters.SessionTimeoutFilter.doFilterInternal(SessionTimeoutFilter.java:57)
	at org.springframework.web.filter.OncePerRequestFilter.doFilter(OncePerRequestFilter.java:76)
	at org.apache.catalina.core.ApplicationFilterChain.internalDoFilter(ApplicationFilterChain.java:241)
	at org.apache.catalina.core.ApplicationFilterChain.doFilter(ApplicationFilterChain.java:208)
	at org.apache.catalina.core.StandardWrapperValve.invoke(StandardWrapperValve.java:220)
	at org.apache.catalina.core.StandardContextValve.invoke(StandardContextValve.java:122)
	at org.apache.catalina.authenticator.AuthenticatorBase.invoke(AuthenticatorBase.java:610)
	at org.apache.catalina.core.StandardHostValve.invoke(StandardHostValve.java:171)
	at org.apache.catalina.valves.ErrorReportValve.invoke(ErrorReportValve.java:102)
	at org.apache.catalina.valves.AccessLogValve.invoke(AccessLogValve.java:950)
	at org.apache.catalina.core.StandardEngineValve.invoke(StandardEngineValve.java:116)
	at org.apache.catalina.connector.CoyoteAdapter.service(CoyoteAdapter.java:408)
	at org.apache.coyote.http11.AbstractHttp11Processor.process(AbstractHttp11Processor.java:1040)
	at org.apache.coyote.AbstractProtocol$AbstractConnectionHandler.process(AbstractProtocol.java:607)
	at org.apache.tomcat.util.net.NioEndpoint$SocketProcessor.doRun(NioEndpoint.java:1720)
	at org.apache.tomcat.util.net.NioEndpoint$SocketProcessor.run(NioEndpoint.java:1679)
	at java.util.concurrent.ThreadPoolExecutor.runWorker(Unknown Source)
	at java.util.concurrent.ThreadPoolExecutor$Worker.run(Unknown Source)
	at org.apache.tomcat.util.threads.TaskThread$WrappingRunnable.run(TaskThread.java:61)
	at java.lang.Thread.run(Unknown Source)
Caused by: javax.naming.CommunicationException: simple bind failed: ldap-prod.starbucks.net:636 [Root exception is javax.net.ssl.SSLHandshakeException: sun.security.validator.ValidatorException: PKIX path building failed: sun.security.provider.certpath.SunCertPathBuilderException: unable to find valid certification path to requested target]
	at com.sun.jndi.ldap.LdapClient.authenticate(Unknown Source)
	at com.sun.jndi.ldap.LdapCtx.connect(Unknown Source)
	at com.sun.jndi.ldap.LdapCtx.<init>(Unknown Source)
	at com.sun.jndi.ldap.LdapCtxFactory.getUsingURL(Unknown Source)
	at com.sun.jndi.ldap.LdapCtxFactory.getUsingURLs(Unknown Source)
	at com.sun.jndi.ldap.LdapCtxFactory.getLdapCtxInstance(Unknown Source)
	at com.sun.jndi.ldap.LdapCtxFactory.getInitialContext(Unknown Source)
	at javax.naming.spi.NamingManager.getInitialContext(Unknown Source)
	at javax.naming.InitialContext.getDefaultInitCtx(Unknown Source)
	at javax.naming.InitialContext.init(Unknown Source)
	at javax.naming.ldap.InitialLdapContext.<init>(Unknown Source)
	at org.springframework.ldap.core.support.LdapContextSource.getDirContextInstance(LdapContextSource.java:43)
	at org.springframework.ldap.core.support.AbstractContextSource.createContext(AbstractContextSource.java:254)
	... 152 more
Caused by: javax.net.ssl.SSLHandshakeException: sun.security.validator.ValidatorException: PKIX path building failed: sun.security.provider.certpath.SunCertPathBuilderException: unable to find valid certification path to requested target
	at sun.security.ssl.Alerts.getSSLException(Unknown Source)
	at sun.security.ssl.SSLSocketImpl.fatal(Unknown Source)
	at sun.security.ssl.Handshaker.fatalSE(Unknown Source)
	at sun.security.ssl.Handshaker.fatalSE(Unknown Source)
	at sun.security.ssl.ClientHandshaker.serverCertificate(Unknown Source)
	at sun.security.ssl.ClientHandshaker.processMessage(Unknown Source)
	at sun.security.ssl.Handshaker.processLoop(Unknown Source)
	at sun.security.ssl.Handshaker.process_record(Unknown Source)
	at sun.security.ssl.SSLSocketImpl.readRecord(Unknown Source)
	at sun.security.ssl.SSLSocketImpl.performInitialHandshake(Unknown Source)
	at sun.security.ssl.SSLSocketImpl.writeRecord(Unknown Source)
	at sun.security.ssl.AppOutputStream.write(Unknown Source)
	at java.io.BufferedOutputStream.flushBuffer(Unknown Source)
	at java.io.BufferedOutputStream.flush(Unknown Source)
	at com.sun.jndi.ldap.Connection.writeRequest(Unknown Source)
	at com.sun.jndi.ldap.Connection.writeRequest(Unknown Source)
	at com.sun.jndi.ldap.LdapClient.ldapBind(Unknown Source)
	... 165 more
Caused by: sun.security.validator.ValidatorException: PKIX path building failed: sun.security.provider.certpath.SunCertPathBuilderException: unable to find valid certification path to requested target
	at sun.security.validator.PKIXValidator.doBuild(Unknown Source)
	at sun.security.validator.PKIXValidator.engineValidate(Unknown Source)
	at sun.security.validator.Validator.validate(Unknown Source)
	at sun.security.ssl.X509TrustManagerImpl.validate(Unknown Source)
	at sun.security.ssl.X509TrustManagerImpl.checkTrusted(Unknown Source)
	at sun.security.ssl.X509TrustManagerImpl.checkServerTrusted(Unknown Source)
	... 178 more
Caused by: sun.security.provider.certpath.SunCertPathBuilderException: unable to find valid certification path to requested target
	at sun.security.provider.certpath.SunCertPathBuilder.engineBuild(Unknown Source)
	at java.security.cert.CertPathBuilder.build(Unknown Source)
	... 184 more
2015-09-08 16:09:51,274   [WARN] com.fortify.manager.logging.ExceptionInterceptor - Intercepted exception of type [org.springframework.ldap.CommunicationException] thrown by target class [com.fortify.manager.BLL.impl.UserBLLImpl] and method [public com.fortify.manager.DAO.UsernameAndEmail com.fortify.manager.BLL.impl.UserBLLImpl.getUserInfo(java.lang.String)]

